#
# A fatal error has been detected by the Java Runtime Environment:
#
#  EXCEPTION_ACCESS_VIOLATION (0xc0000005) at pc=0x000000006b8d4db2, pid=4012, tid=2320
#
# JRE version: Java(TM) SE Runtime Environment (8.0_11-b12) (build 1.8.0_11-b12)
# Java VM: Java HotSpot(TM) 64-Bit Server VM (25.11-b03 mixed mode windows-amd64 compressed oops)
# Problematic frame:
# V  [jvm.dll+0x424db2]
#
# Failed to write core dump. Minidumps are not enabled by default on client versions of Windows
#
# If you would like to submit a bug report, please visit:
#   http://bugreport.sun.com/bugreport/crash.jsp
#

---------------  T H R E A D  ---------------

Current thread (0x000000001720d000):  JavaThread "C2 CompilerThread1" daemon [_thread_in_native, id=2320, stack(0x00000000177b0000,0x00000000178b0000)]

siginfo: ExceptionCode=0xc0000005, reading address 0x0000000000000000

Registers:
RAX=0x0000000020376f08, RBX=0x0000000000000600, RCX=0x0000000000000000, RDX=0x000000001bcd0ba0
RSP=0x00000000178ac210, RBP=0x00000000000000c0, RSI=0x00000000000000b8, RDI=0x0000000000000000
R8 =0x000000006b4b0000, R9 =0x00000000178ac530, R10=0x00000000ffffffff, R11=0x00000000172268d0
R12=0x0000000020377610, R13=0x000000001e2a4188, R14=0x0000000000000008, R15=0x000000001e2a4188
RIP=0x000000006b8d4db2, EFLAGS=0x0000000000010206

Top of Stack: (sp=0x00000000178ac210)
0x00000000178ac210:   00000000000000da 000000001bccc280
0x00000000178ac220:   0000000000000000 0000000019350588
0x00000000178ac230:   0000000000000001 0000000000000600
0x00000000178ac240:   0000000000000180 00000000000000c0
0x00000000178ac250:   00000000193d3d30 000000001721b9b0
0x00000000178ac260:   0000000000000740 000000001bccc280
0x00000000178ac270:   00000000178ac530 0000000020373fd0
0x00000000178ac280:   0000000000000020 0000000000000009
0x00000000178ac290:   00000000203775e0 00000000000000da
0x00000000178ac2a0:   000000001e2a4188 000000006b8d598d
0x00000000178ac2b0:   00000000203775e0 000000000000001c
0x00000000178ac2c0:   00000000000000da 00000000178ac530
0x00000000178ac2d0:   000000001bcd0ba0 00000000000000da
0x00000000178ac2e0:   0000000020373fd0 0000000000000020
0x00000000178ac2f0:   000000001e519508 00000000178ae8a0
0x00000000178ac300:   0000000018072540 00000000203775e0 

Instructions: (pc=0x000000006b8d4db2)
0x000000006b8d4d92:   c6 48 63 f0 48 03 f1 eb 04 48 83 ce ff 48 8b 84
0x000000006b8d4da2:   24 a0 00 00 00 48 8b 40 08 48 8b 3c 03 48 8b cf
0x000000006b8d4db2:   48 8b 07 ff 50 28 4c 8d 05 41 b2 bd ff 48 63 50
0x000000006b8d4dc2:   10 4c 8b d8 48 8b ca 48 c1 e1 05 42 80 bc 01 c0 


Register to memory mapping:

RAX=0x0000000020376f08 is an unknown value
RBX=0x0000000000000600 is an unknown value
RCX=0x0000000000000000 is an unknown value
RDX=0x000000001bcd0ba0 is an unknown value
RSP=0x00000000178ac210 is pointing into the stack for thread: 0x000000001720d000
RBP=0x00000000000000c0 is an unknown value
RSI=0x00000000000000b8 is an unknown value
RDI=0x0000000000000000 is an unknown value
R8 =0x000000006b4b0000 is an unknown value
R9 =0x00000000178ac530 is pointing into the stack for thread: 0x000000001720d000
R10=0x00000000ffffffff is an unallocated location in the heap
R11=0x00000000172268d0 is an unknown value
R12=0x0000000020377610 is an unknown value
R13=0x000000001e2a4188 is an unknown value
R14=0x0000000000000008 is an unknown value
R15=0x000000001e2a4188 is an unknown value


Stack: [0x00000000177b0000,0x00000000178b0000],  sp=0x00000000178ac210,  free space=1008k
Native frames: (J=compiled Java code, j=interpreted, Vv=VM code, C=native code)
V  [jvm.dll+0x424db2]
V  [jvm.dll+0x42598d]
V  [jvm.dll+0x425ecf]
V  [jvm.dll+0x4c5a84]
V  [jvm.dll+0x4415bc]
V  [jvm.dll+0x443a29]
V  [jvm.dll+0x427722]
V  [jvm.dll+0x96982]
V  [jvm.dll+0x97173]
V  [jvm.dll+0x2234b4]
V  [jvm.dll+0x27bcca]
C  [msvcr100.dll+0x21d9f]
C  [msvcr100.dll+0x21e3b]
C  [KERNEL32.DLL+0x16ad]
C  [ntdll.dll+0x734a5]


Current CompileTask:
C2:  30533 8237       4       groovy.lang.MetaClassImpl::findPropertyMethod (356 bytes)


---------------  P R O C E S S  ---------------

Java Threads: ( => current thread )
  0x000000001dd49800 JavaThread "http-bio-8080-exec-6" daemon [_thread_in_vm, id=5912, stack(0x0000000024bd0000,0x0000000024cd0000)]
  0x000000001dd48000 JavaThread "http-bio-8080-exec-5" daemon [_thread_in_native, id=3536, stack(0x0000000024ad0000,0x0000000024bd0000)]
  0x000000001dd46000 JavaThread "http-bio-8080-exec-4" daemon [_thread_blocked, id=6304, stack(0x000000001d5d0000,0x000000001d6d0000)]
  0x000000001dd42000 JavaThread "http-bio-8080-exec-3" daemon [_thread_in_native, id=5296, stack(0x000000001cd40000,0x000000001ce40000)]
  0x000000001dd43000 JavaThread "DestroyJavaVM" [_thread_blocked, id=4700, stack(0x0000000002b40000,0x0000000002c40000)]
  0x000000001dd43800 JavaThread "Thread-9" [_thread_blocked, id=548, stack(0x0000000024610000,0x0000000024710000)]
  0x000000001dd45000 JavaThread "http-bio-8080-exec-2" daemon [_thread_blocked, id=3332, stack(0x0000000024510000,0x0000000024610000)]
  0x000000001dd41800 JavaThread "http-bio-8080-exec-1" daemon [_thread_blocked, id=6052, stack(0x0000000024410000,0x0000000024510000)]
  0x000000001dd44800 JavaThread "http-bio-8080-AsyncTimeout" daemon [_thread_blocked, id=1568, stack(0x0000000024310000,0x0000000024410000)]
  0x000000001dd3d800 JavaThread "http-bio-8080-Acceptor-0" daemon [_thread_in_native, id=3320, stack(0x0000000021dd0000,0x0000000021ed0000)]
  0x000000001dd40800 JavaThread "ContainerBackgroundProcessor[StandardEngine[Tomcat]]" daemon [_thread_blocked, id=4016, stack(0x0000000022180000,0x0000000022280000)]
  0x000000001dd3d000 JavaThread "com.zola.gym.Role.data" daemon [_thread_blocked, id=3748, stack(0x00000000215b0000,0x00000000216b0000)]
  0x000000001dd3c000 JavaThread "net.sf.ehcache.CacheManager@34215c4b" daemon [_thread_blocked, id=2236, stack(0x0000000020d20000,0x0000000020e20000)]
  0x0000000019e8f800 JavaThread "PoolCleaner[1850663578:1421375067515]" daemon [_thread_blocked, id=4020, stack(0x000000001c510000,0x000000001c610000)]
  0x000000001adec000 JavaThread "FileSystemWatcher: files=#615 cl=groovy.lang.GroovyClassLoader@6e4ee29a" daemon [_thread_blocked, id=5708, stack(0x000000001d0d0000,0x000000001d1d0000)]
  0x000000001a0ea800 JavaThread "Thread-4" daemon [_thread_in_native, id=3416, stack(0x000000001cc40000,0x000000001cd40000)]
  0x000000001b550800 JavaThread "localhost-startStop-1" daemon [_thread_blocked, id=6228, stack(0x000000001ca30000,0x000000001cb30000)]
  0x000000001b54f800 JavaThread "Tomcat-startStop-1" daemon [_thread_blocked, id=6212, stack(0x000000001c930000,0x000000001ca30000)]
  0x0000000019a94000 JavaThread "Thread-3" [_thread_in_native, id=3500, stack(0x000000001c630000,0x000000001c730000)]
  0x000000001a503000 JavaThread "Thread-2" [_thread_blocked, id=7040, stack(0x0000000018b80000,0x0000000018c80000)]
  0x000000001823e000 JavaThread "NonBlockingInputStreamThread" daemon [_thread_blocked, id=5876, stack(0x0000000018880000,0x0000000018980000)]
  0x0000000017353800 JavaThread "Service Thread" daemon [_thread_blocked, id=6432, stack(0x0000000017ab0000,0x0000000017bb0000)]
  0x000000001721f800 JavaThread "C1 CompilerThread3" daemon [_thread_blocked, id=4876, stack(0x00000000179b0000,0x0000000017ab0000)]
  0x000000001721c800 JavaThread "C2 CompilerThread2" daemon [_thread_in_native, id=356, stack(0x00000000178b0000,0x00000000179b0000)]
=>0x000000001720d000 JavaThread "C2 CompilerThread1" daemon [_thread_in_native, id=2320, stack(0x00000000177b0000,0x00000000178b0000)]
  0x00000000150dd000 JavaThread "C2 CompilerThread0" daemon [_thread_in_native, id=1392, stack(0x00000000176b0000,0x00000000177b0000)]
  0x00000000170e0000 JavaThread "Attach Listener" daemon [_thread_blocked, id=1752, stack(0x00000000175b0000,0x00000000176b0000)]
  0x00000000170df800 JavaThread "Signal Dispatcher" daemon [_thread_blocked, id=4628, stack(0x00000000174b0000,0x00000000175b0000)]
  0x00000000150cb800 JavaThread "Finalizer" daemon [_thread_blocked, id=2824, stack(0x0000000016fb0000,0x00000000170b0000)]
  0x00000000150ca800 JavaThread "Reference Handler" daemon [_thread_blocked, id=1900, stack(0x0000000016eb0000,0x0000000016fb0000)]

Other Threads:
  0x00000000150c6800 VMThread [stack: 0x0000000016db0000,0x0000000016eb0000] [id=2196]
  0x0000000017354800 WatcherThread [stack: 0x0000000017bb0000,0x0000000017cb0000] [id=3740]

VM state:not at safepoint (normal execution)

VM Mutex/Monitor currently owned by a thread: None

Heap:
 PSYoungGen      total 108032K, used 64887K [0x00000000f0000000, 0x00000000fd180000, 0x0000000100000000)
  eden space 96768K, 55% used [0x00000000f0000000,0x00000000f347fab0,0x00000000f5e80000)
  from space 11264K, 98% used [0x00000000f5e80000,0x00000000f695e1d0,0x00000000f6980000)
  to   space 57856K, 0% used [0x00000000f9900000,0x00000000f9900000,0x00000000fd180000)
 ParOldGen       total 218624K, used 194867K [0x00000000d0000000, 0x00000000dd580000, 0x00000000f0000000)
  object space 218624K, 89% used [0x00000000d0000000,0x00000000dbe4cc20,0x00000000dd580000)
 Metaspace       used 87824K, capacity 91330K, committed 91392K, reserved 1130496K
  class space    used 9096K, capacity 10198K, committed 10240K, reserved 1048576K

Card table byte_map: [0x00000000122d0000,0x0000000012460000] byte_map_base: 0x0000000011c50000

Marking Bits: (ParMarkBitMap*) 0x000000006bc612b0
 Begin Bits: [0x0000000012d60000, 0x0000000013960000)
 End Bits:   [0x0000000013960000, 0x0000000014560000)

Polling page: 0x0000000002af0000

CodeCache: size=245760Kb used=25939Kb max_used=25939Kb free=219820Kb
 bounds [0x0000000002f10000, 0x0000000004880000, 0x0000000011f10000]
 total_blobs=7735 nmethods=6965 adapters=680
 compilation: enabled

Compilation events (10 events):
Event: 30.516 Thread 0x000000001721f800 nmethod 8250 0x0000000004870fd0 code [0x0000000004871120, 0x00000000048712d0]
Event: 30.516 Thread 0x000000001721f800 8251       3       java.lang.Character::hashCode (2 bytes)
Event: 30.516 Thread 0x000000001721f800 nmethod 8251 0x0000000004870cd0 code [0x0000000004870e20, 0x0000000004870f50]
Event: 30.517 Thread 0x000000001721f800 8252       3       org.codehaus.groovy.grails.plugins.codecs.HTML4Encoder::escapeCharacter (68 bytes)
Event: 30.517 Thread 0x000000001721f800 nmethod 8252 0x0000000004870110 code [0x00000000048702e0, 0x00000000048709c8]
Event: 30.517 Thread 0x000000001721f800 8253       3       org.codehaus.groovy.grails.web.pages.GroovyPageOutputStack$GroovyPageProxyWriterGroup::activateWriter (18 bytes)
Event: 30.518 Thread 0x000000001721f800 nmethod 8253 0x000000000486e6d0 code [0x000000000486e840, 0x000000000486eae8]
Event: 30.518 Thread 0x000000001721f800 8254       3       org.codehaus.groovy.grails.web.pages.GroovyPageOutputStack$GroovyPageProxyWriter::getOut (13 bytes)
Event: 30.518 Thread 0x000000001721f800 nmethod 8254 0x000000000486e050 code [0x000000000486e1e0, 0x000000000486e518]
Event: 30.518 Thread 0x000000001721f800 8255   !   3       org.codehaus.groovy.grails.web.util.GrailsLazyProxyPrintWriter::getOut (38 bytes)

GC Heap History (10 events):
Event: 29.113 GC heap before
{Heap before GC invocations=108 (full 11):
 PSYoungGen      total 165888K, used 93135K [0x00000000f0000000, 0x00000000ff080000, 0x0000000100000000)
  eden space 92672K, 93% used [0x00000000f0000000,0x00000000f550c180,0x00000000f5a80000)
  from space 73216K, 8% used [0x00000000fa900000,0x00000000faee7d60,0x00000000ff080000)
  to   space 76800K, 0% used [0x00000000f5a80000,0x00000000f5a80000,0x00000000fa580000)
 ParOldGen       total 218624K, used 194835K [0x00000000d0000000, 0x00000000dd580000, 0x00000000f0000000)
  object space 218624K, 89% used [0x00000000d0000000,0x00000000dbe44c20,0x00000000dd580000)
 Metaspace       used 85609K, capacity 88952K, committed 89216K, reserved 1128448K
  class space    used 8785K, capacity 9800K, committed 9856K, reserved 1048576K
Event: 29.124 GC heap after
Heap after GC invocations=108 (full 11):
 PSYoungGen      total 99840K, used 6755K [0x00000000f0000000, 0x00000000feb80000, 0x0000000100000000)
  eden space 92672K, 0% used [0x00000000f0000000,0x00000000f0000000,0x00000000f5a80000)
  from space 7168K, 94% used [0x00000000f5a80000,0x00000000f6118ee0,0x00000000f6180000)
  to   space 73216K, 0% used [0x00000000fa400000,0x00000000fa400000,0x00000000feb80000)
 ParOldGen       total 218624K, used 194843K [0x00000000d0000000, 0x00000000dd580000, 0x00000000f0000000)
  object space 218624K, 89% used [0x00000000d0000000,0x00000000dbe46c20,0x00000000dd580000)
 Metaspace       used 85609K, capacity 88952K, committed 89216K, reserved 1128448K
  class space    used 8785K, capacity 9800K, committed 9856K, reserved 1048576K
}
Event: 29.348 GC heap before
{Heap before GC invocations=109 (full 11):
 PSYoungGen      total 99840K, used 99427K [0x00000000f0000000, 0x00000000feb80000, 0x0000000100000000)
  eden space 92672K, 100% used [0x00000000f0000000,0x00000000f5a80000,0x00000000f5a80000)
  from space 7168K, 94% used [0x00000000f5a80000,0x00000000f6118ee0,0x00000000f6180000)
  to   space 73216K, 0% used [0x00000000fa400000,0x00000000fa400000,0x00000000feb80000)
 ParOldGen       total 218624K, used 194843K [0x00000000d0000000, 0x00000000dd580000, 0x00000000f0000000)
  object space 218624K, 89% used [0x00000000d0000000,0x00000000dbe46c20,0x00000000dd580000)
 Metaspace       used 85876K, capacity 89270K, committed 89600K, reserved 1128448K
  class space    used 8820K, capacity 9878K, committed 9984K, reserved 1048576K
Event: 29.358 GC heap after
Heap after GC invocations=109 (full 11):
 PSYoungGen      total 160768K, used 7281K [0x00000000f0000000, 0x00000000fe480000, 0x0000000100000000)
  eden space 94720K, 0% used [0x00000000f0000000,0x00000000f0000000,0x00000000f5c80000)
  from space 66048K, 11% used [0x00000000fa400000,0x00000000fab1c688,0x00000000fe480000)
  to   space 69632K, 0% used [0x00000000f5c80000,0x00000000f5c80000,0x00000000fa080000)
 ParOldGen       total 218624K, used 194851K [0x00000000d0000000, 0x00000000dd580000, 0x00000000f0000000)
  object space 218624K, 89% used [0x00000000d0000000,0x00000000dbe48c20,0x00000000dd580000)
 Metaspace       used 85876K, capacity 89270K, committed 89600K, reserved 1128448K
  class space    used 8820K, capacity 9878K, committed 9984K, reserved 1048576K
}
Event: 29.634 GC heap before
{Heap before GC invocations=110 (full 11):
 PSYoungGen      total 160768K, used 98791K [0x00000000f0000000, 0x00000000fe480000, 0x0000000100000000)
  eden space 94720K, 96% used [0x00000000f0000000,0x00000000f595d760,0x00000000f5c80000)
  from space 66048K, 11% used [0x00000000fa400000,0x00000000fab1c688,0x00000000fe480000)
  to   space 69632K, 0% used [0x00000000f5c80000,0x00000000f5c80000,0x00000000fa080000)
 ParOldGen       total 218624K, used 194851K [0x00000000d0000000, 0x00000000dd580000, 0x00000000f0000000)
  object space 218624K, 89% used [0x00000000d0000000,0x00000000dbe48c20,0x00000000dd580000)
 Metaspace       used 86476K, capacity 89752K, committed 89856K, reserved 1128448K
  class space    used 8916K, capacity 9934K, committed 9984K, reserved 1048576K
Event: 29.652 GC heap after
Heap after GC invocations=110 (full 11):
 PSYoungGen      total 104448K, used 9329K [0x00000000f0000000, 0x00000000fde80000, 0x0000000100000000)
  eden space 94720K, 0% used [0x00000000f0000000,0x00000000f0000000,0x00000000f5c80000)
  from space 9728K, 95% used [0x00000000f5c80000,0x00000000f659c6a8,0x00000000f6600000)
  to   space 65536K, 0% used [0x00000000f9e80000,0x00000000f9e80000,0x00000000fde80000)
 ParOldGen       total 218624K, used 194851K [0x00000000d0000000, 0x00000000dd580000, 0x00000000f0000000)
  object space 218624K, 89% used [0x00000000d0000000,0x00000000dbe48c20,0x00000000dd580000)
 Metaspace       used 86476K, capacity 89752K, committed 89856K, reserved 1128448K
  class space    used 8916K, capacity 9934K, committed 9984K, reserved 1048576K
}
Event: 29.910 GC heap before
{Heap before GC invocations=111 (full 11):
 PSYoungGen      total 104448K, used 104049K [0x00000000f0000000, 0x00000000fde80000, 0x0000000100000000)
  eden space 94720K, 100% used [0x00000000f0000000,0x00000000f5c80000,0x00000000f5c80000)
  from space 9728K, 95% used [0x00000000f5c80000,0x00000000f659c6a8,0x00000000f6600000)
  to   space 65536K, 0% used [0x00000000f9e80000,0x00000000f9e80000,0x00000000fde80000)
 ParOldGen       total 218624K, used 194851K [0x00000000d0000000, 0x00000000dd580000, 0x00000000f0000000)
  object space 218624K, 89% used [0x00000000d0000000,0x00000000dbe48c20,0x00000000dd580000)
 Metaspace       used 87019K, capacity 90416K, committed 90752K, reserved 1130496K
  class space    used 8995K, capacity 10066K, committed 10112K, reserved 1048576K
Event: 29.922 GC heap after
Heap after GC invocations=111 (full 11):
 PSYoungGen      total 154112K, used 10487K [0x00000000f0000000, 0x00000000fd680000, 0x0000000100000000)
  eden space 96768K, 0% used [0x00000000f0000000,0x00000000f0000000,0x00000000f5e80000)
  from space 57344K, 18% used [0x00000000f9e80000,0x00000000fa8bdc30,0x00000000fd680000)
  to   space 61440K, 0% used [0x00000000f5e80000,0x00000000f5e80000,0x00000000f9a80000)
 ParOldGen       total 218624K, used 194859K [0x00000000d0000000, 0x00000000dd580000, 0x00000000f0000000)
  object space 218624K, 89% used [0x00000000d0000000,0x00000000dbe4ac20,0x00000000dd580000)
 Metaspace       used 87019K, capacity 90416K, committed 90752K, reserved 1130496K
  class space    used 8995K, capacity 10066K, committed 10112K, reserved 1048576K
}
Event: 30.300 GC heap before
{Heap before GC invocations=112 (full 11):
 PSYoungGen      total 154112K, used 107255K [0x00000000f0000000, 0x00000000fd680000, 0x0000000100000000)
  eden space 96768K, 100% used [0x00000000f0000000,0x00000000f5e80000,0x00000000f5e80000)
  from space 57344K, 18% used [0x00000000f9e80000,0x00000000fa8bdc30,0x00000000fd680000)
  to   space 61440K, 0% used [0x00000000f5e80000,0x00000000f5e80000,0x00000000f9a80000)
 ParOldGen       total 218624K, used 194859K [0x00000000d0000000, 0x00000000dd580000, 0x00000000f0000000)
  object space 218624K, 89% used [0x00000000d0000000,0x00000000dbe4ac20,0x00000000dd580000)
 Metaspace       used 87739K, capacity 91138K, committed 91392K, reserved 1130496K
  class space    used 9081K, capacity 10179K, committed 10240K, reserved 1048576K
Event: 30.308 GC heap after
Heap after GC invocations=112 (full 11):
 PSYoungGen      total 108032K, used 11128K [0x00000000f0000000, 0x00000000fd180000, 0x0000000100000000)
  eden space 96768K, 0% used [0x00000000f0000000,0x00000000f0000000,0x00000000f5e80000)
  from space 11264K, 98% used [0x00000000f5e80000,0x00000000f695e1d0,0x00000000f6980000)
  to   space 57856K, 0% used [0x00000000f9900000,0x00000000f9900000,0x00000000fd180000)
 ParOldGen       total 218624K, used 194867K [0x00000000d0000000, 0x00000000dd580000, 0x00000000f0000000)
  object space 218624K, 89% used [0x00000000d0000000,0x00000000dbe4cc20,0x00000000dd580000)
 Metaspace       used 87739K, capacity 91138K, committed 91392K, reserved 1130496K
  class space    used 9081K, capacity 10179K, committed 10240K, reserved 1048576K
}

Deoptimization events (10 events):
Event: 29.779 Thread 0x000000001dd49800 Uncommon trap: reason=class_check action=maybe_recompile pc=0x0000000003898e4c method=java.net.URLStreamHandler.equals(Ljava/net/URL;Ljava/net/URL;)Z @ 33
Event: 29.826 Thread 0x000000001dd49800 Uncommon trap: reason=bimorphic action=maybe_recompile pc=0x00000000040219fc method=java.io.BufferedInputStream.read1([BII)I @ 39
Event: 29.867 Thread 0x000000001dd49800 Uncommon trap: reason=bimorphic action=maybe_recompile pc=0x00000000040219fc method=java.io.BufferedInputStream.read1([BII)I @ 39
Event: 29.867 Thread 0x000000001dd49800 Uncommon trap: reason=bimorphic action=maybe_recompile pc=0x000000000304e050 method=java.io.BufferedInputStream.read1([BII)I @ 39
Event: 29.874 Thread 0x000000001dd49800 Uncommon trap: reason=bimorphic action=maybe_recompile pc=0x00000000040219fc method=java.io.BufferedInputStream.read1([BII)I @ 39
Event: 29.874 Thread 0x000000001dd49800 Uncommon trap: reason=bimorphic action=maybe_recompile pc=0x000000000304e050 method=java.io.BufferedInputStream.read1([BII)I @ 39
Event: 29.969 Thread 0x000000001dd49800 Uncommon trap: reason=class_check action=maybe_recompile pc=0x00000000042a3c94 method=groovyjarjarantlr.ASTPair.advanceChildToEnd()V @ 11
Event: 29.969 Thread 0x000000001dd49800 Uncommon trap: reason=class_check action=maybe_recompile pc=0x00000000042a3c94 method=groovyjarjarantlr.ASTPair.advanceChildToEnd()V @ 11
Event: 29.969 Thread 0x000000001dd49800 Uncommon trap: reason=class_check action=maybe_recompile pc=0x00000000042a3c94 method=groovyjarjarantlr.ASTPair.advanceChildToEnd()V @ 11
Event: 29.969 Thread 0x000000001dd49800 Uncommon trap: reason=class_check action=maybe_recompile pc=0x00000000042a3c94 method=groovyjarjarantlr.ASTPair.advanceChildToEnd()V @ 11

Internal exceptions (10 events):
Event: 30.512 Thread 0x000000001dd49800 Exception <a 'java/security/PrivilegedActionException'> (0x00000000f3046288) thrown at [C:\re\workspace\8-2-build-windows-amd64-cygwin\jdk8u11\648\hotspot\src\share\vm\prims\jvm.cpp, line 1248]
Event: 30.512 Thread 0x000000001dd49800 Exception <a 'java/security/PrivilegedActionException'> (0x00000000f305ed98) thrown at [C:\re\workspace\8-2-build-windows-amd64-cygwin\jdk8u11\648\hotspot\src\share\vm\prims\jvm.cpp, line 1248]
Event: 30.512 Thread 0x000000001dd49800 Exception <a 'java/security/PrivilegedActionException'> (0x00000000f3094bc0) thrown at [C:\re\workspace\8-2-build-windows-amd64-cygwin\jdk8u11\648\hotspot\src\share\vm\prims\jvm.cpp, line 1248]
Event: 30.512 Thread 0x000000001dd49800 Exception <a 'java/security/PrivilegedActionException'> (0x00000000f30974a0) thrown at [C:\re\workspace\8-2-build-windows-amd64-cygwin\jdk8u11\648\hotspot\src\share\vm\prims\jvm.cpp, line 1248]
Event: 30.513 Thread 0x000000001dd49800 Exception <a 'java/security/PrivilegedActionException'> (0x00000000f30b5e00) thrown at [C:\re\workspace\8-2-build-windows-amd64-cygwin\jdk8u11\648\hotspot\src\share\vm\prims\jvm.cpp, line 1248]
Event: 30.513 Thread 0x000000001dd49800 Exception <a 'java/security/PrivilegedActionException'> (0x00000000f30d4828) thrown at [C:\re\workspace\8-2-build-windows-amd64-cygwin\jdk8u11\648\hotspot\src\share\vm\prims\jvm.cpp, line 1248]
Event: 30.513 Thread 0x000000001dd49800 Exception <a 'java/security/PrivilegedActionException'> (0x00000000f30db4a0) thrown at [C:\re\workspace\8-2-build-windows-amd64-cygwin\jdk8u11\648\hotspot\src\share\vm\prims\jvm.cpp, line 1248]
Event: 30.514 Thread 0x000000001dd49800 Exception <a 'java/security/PrivilegedActionException'> (0x00000000f30f3c90) thrown at [C:\re\workspace\8-2-build-windows-amd64-cygwin\jdk8u11\648\hotspot\src\share\vm\prims\jvm.cpp, line 1248]
Event: 30.514 Thread 0x000000001dd49800 Exception <a 'java/security/PrivilegedActionException'> (0x00000000f3129928) thrown at [C:\re\workspace\8-2-build-windows-amd64-cygwin\jdk8u11\648\hotspot\src\share\vm\prims\jvm.cpp, line 1248]
Event: 30.514 Thread 0x000000001dd49800 Exception <a 'java/lang/ClassNotFoundException': C__Users_kegara_Documents_Netbeans_Projects_GymApp_grails_app_views_index_gsp$_run_closure2_closure20Customizer> (0x00000000f312b6c8) thrown at [C:\re\workspace\8-2-build-windows-amd64-cygwin\jdk8u11\648\hotS£ðOó‚>@

Events (10 events):
Event: 30.510 loading class C__Users_kegara_Documents_Netbeans_Projects_GymApp_grails_app_views_index_gsp$_run_closure2_closure20BeanInfo
Event: 30.510 loading class C__Users_kegara_Documents_Netbeans_Projects_GymApp_grails_app_views_index_gsp$_run_closure2_closure20BeanInfo done
Event: 30.511 loading class C__Users_kegara_Documents_Netbeans_Projects_GymApp_grails_app_views_index_gsp$_run_closure2_closure20BeanInfo
Event: 30.511 loading class C__Users_kegara_Documents_Netbeans_Projects_GymApp_grails_app_views_index_gsp$_run_closure2_closure20BeanInfo done
Event: 30.511 loading class C__Users_kegara_Documents_Netbeans_Projects_GymApp_grails_app_views_index_gsp$_run_closure2_closure20Customizer
Event: 30.511 loading class C__Users_kegara_Documents_Netbeans_Projects_GymApp_grails_app_views_index_gsp$_run_closure2_closure20Customizer done
Event: 30.513 loading class C__Users_kegara_Documents_Netbeans_Projects_GymApp_grails_app_views_index_gsp$_run_closure2_closure20Customizer
Event: 30.513 loading class C__Users_kegara_Documents_Netbeans_Projects_GymApp_grails_app_views_index_gsp$_run_closure2_closure20Customizer done
Event: 30.514 loading class C__Users_kegara_Documents_Netbeans_Projects_GymApp_grails_app_views_index_gsp$_run_closure2_closure20Customizer
Event: 30.514 loading class C__Users_kegara_Documents_Netbeans_Projects_GymApp_grails_app_views_index_gsp$_run_closure2_closure20Customizer done


Dynamic libraries:
0x00007ff737ac0000 - 0x00007ff737af4000 	C:\Program Files\Java\jdk1.8.0_11\bin\java.exe
0x00007ff8a1d20000 - 0x00007ff8a1eca000 	C:\Windows\SYSTEM32\ntdll.dll
0x00007ff89f710000 - 0x00007ff89f84a000 	C:\Windows\system32\KERNEL32.DLL
0x00007ff89f1b0000 - 0x00007ff89f2bf000 	C:\Windows\system32\KERNELBASE.dll
0x00007ff89cad0000 - 0x00007ff89cb58000 	C:\Windows\system32\apphelp.dll
0x00007ff8943d0000 - 0x00007ff89441f000 	C:\Windows\AppPatch\AppPatch64\AcGenral.DLL
0x00007ff89fc50000 - 0x00007ff89fcf7000 	C:\Windows\system32\msvcrt.dll
0x00007ff89ef40000 - 0x00007ff89ef6b000 	C:\Windows\SYSTEM32\SspiCli.dll
0x00007ff8a0150000 - 0x00007ff8a01a1000 	C:\Windows\system32\SHLWAPI.dll
0x00007ff89f850000 - 0x00007ff89f9c1000 	C:\Windows\system32\USER32.dll
0x00007ff89fa30000 - 0x00007ff89fba8000 	C:\Windows\system32\ole32.dll
0x00007ff8a0900000 - 0x00007ff8a1d20000 	C:\Windows\system32\SHELL32.dll
0x00007ff89e700000 - 0x00007ff89e71e000 	C:\Windows\SYSTEM32\USERENV.dll
0x00007ff8a0850000 - 0x00007ff8a08f5000 	C:\Windows\system32\ADVAPI32.dll
0x00007ff8985f0000 - 0x00007ff89860b000 	C:\Windows\SYSTEM32\MPR.dll
0x00007ff8a05c0000 - 0x00007ff8a06f7000 	C:\Windows\system32\RPCRT4.dll
0x00007ff89fbb0000 - 0x00007ff89fc07000 	C:\Windows\SYSTEM32\sechost.dll
0x00007ff8a01b0000 - 0x00007ff8a0386000 	C:\Windows\SYSTEM32\combase.dll
0x00007ff8a0700000 - 0x00007ff8a0844000 	C:\Windows\system32\GDI32.dll
0x00007ff89f090000 - 0x00007ff89f0a4000 	C:\Windows\SYSTEM32\profapi.dll
0x00007ff89dc90000 - 0x00007ff89dd2f000 	C:\Windows\SYSTEM32\SHCORE.dll
0x00007ff8a0390000 - 0x00007ff8a03c4000 	C:\Windows\system32\IMM32.DLL
0x00007ff89fd00000 - 0x00007ff89fe39000 	C:\Windows\system32\MSCTF.dll
0x00007ff89d5d0000 - 0x00007ff89d82a000 	C:\Windows\WinSxS\amd64_microsoft.windows.common-controls_6595b64144ccf1df_6.0.9600.17031_none_6242a4b3ecbb55a1\COMCTL32.dll
0x000000006c230000 - 0x000000006c302000 	C:\Program Files\Java\jdk1.8.0_11\jre\bin\msvcr100.dll
0x000000006b4b0000 - 0x000000006bcda000 	C:\Program Files\Java\jdk1.8.0_11\jre\bin\server\jvm.dll
0x00007ff897790000 - 0x00007ff897799000 	C:\Windows\SYSTEM32\WSOCK32.dll
0x00007ff89d830000 - 0x00007ff89d84f000 	C:\Windows\SYSTEM32\WINMM.dll
0x00007ff8a03d0000 - 0x00007ff8a03d7000 	C:\Windows\system32\PSAPI.DLL
0x00007ff89f6b0000 - 0x00007ff89f708000 	C:\Windows\system32\WS2_32.dll
0x00007ff89d570000 - 0x00007ff89d59a000 	C:\Windows\SYSTEM32\WINMMBASE.dll
0x00007ff89fc10000 - 0x00007ff89fc19000 	C:\Windows\system32\NSI.dll
0x00007ff89f2c0000 - 0x00007ff89f30a000 	C:\Windows\SYSTEM32\cfgmgr32.dll
0x00007ff89df20000 - 0x00007ff89df46000 	C:\Windows\SYSTEM32\DEVOBJ.dll
0x000000006c1e0000 - 0x000000006c1ef000 	C:\Program Files\Java\jdk1.8.0_11\jre\bin\verify.dll
0x000000006c1b0000 - 0x000000006c1d8000 	C:\Program Files\Java\jdk1.8.0_11\jre\bin\java.dll
0x000000006c4e0000 - 0x000000006c503000 	C:\Program Files\Java\jdk1.8.0_11\jre\bin\instrument.dll
0x000000006c190000 - 0x000000006c1a6000 	C:\Program Files\Java\jdk1.8.0_11\jre\bin\zip.dll
0x00007ff89e9d0000 - 0x00007ff89e9ee000 	C:\Windows\SYSTEM32\CRYPTSP.dll
0x00007ff89e5f0000 - 0x00007ff89e625000 	C:\Windows\system32\rsaenh.dll
0x00007ff89ec50000 - 0x00007ff89ec76000 	C:\Windows\SYSTEM32\bcrypt.dll
0x00007ff89ef70000 - 0x00007ff89efd0000 	C:\Windows\system32\bcryptprimitives.dll
0x00007ff89efd0000 - 0x00007ff89efda000 	C:\Windows\SYSTEM32\CRYPTBASE.dll
0x000000006c170000 - 0x000000006c18a000 	C:\Program Files\Java\jdk1.8.0_11\jre\bin\net.dll
0x00007ff89e950000 - 0x00007ff89e9a8000 	C:\Windows\system32\mswsock.dll
0x00007ff899310000 - 0x00007ff899339000 	C:\Windows\SYSTEM32\IPHLPAPI.DLL
0x00007ff8992e0000 - 0x00007ff8992ea000 	C:\Windows\SYSTEM32\WINNSI.DLL
0x00007ff8991b0000 - 0x00007ff8991c4000 	C:\Windows\SYSTEM32\dhcpcsvc6.DLL
0x00007ff899130000 - 0x00007ff899149000 	C:\Windows\SYSTEM32\dhcpcsvc.DLL
0x000000006c150000 - 0x000000006c161000 	C:\Program Files\Java\jdk1.8.0_11\jre\bin\nio.dll
0x00007ff897880000 - 0x00007ff89788a000 	C:\Users\kegara\AppData\Local\Temp\jansi-64-1567178512654843066.dll
0x000000006bf00000 - 0x000000006bf0d000 	C:\Program Files\Java\jdk1.8.0_11\jre\bin\management.dll
0x00007ff896330000 - 0x00007ff896344000 	C:\Windows\system32\napinsp.dll
0x00007ff8962d0000 - 0x00007ff8962e9000 	C:\Windows\system32\pnrpnsp.dll
0x00007ff89a220000 - 0x00007ff89a239000 	C:\Windows\system32\NLAapi.dll
0x00007ff89e760000 - 0x00007ff89e803000 	C:\Windows\SYSTEM32\DNSAPI.dll
0x00007ff896260000 - 0x00007ff89626c000 	C:\Windows\System32\winrnr.dll
0x00007ff896fb0000 - 0x00007ff896fb9000 	C:\Windows\System32\rasadhlp.dll
0x00007ff899070000 - 0x00007ff8990d8000 	C:\Windows\System32\fwpuclnt.dll
0x00007ff8965a0000 - 0x00007ff896728000 	C:\Windows\SYSTEM32\dbghelp.dll

VM Arguments:
jvm_args: -Dfile.encoding=UTF-8 -Xmx768M -Xms64M -Dgrails.fork.parent.process.port=1976 -Dgrails.fork.active=true -Dgrails.build.execution.context=C:\Users\kegara\AppData\Local\Temp\GymApp9091796988223453018grails-execution-context -Dgrails.home=C:\Users\kegara\Documents\grails-2.3.11\grails-2.3.11 -javaagent:C:\Users\kegara\Documents\grails-2.3.11\grails-2.3.11\lib\org.springframework\springloaded\jars\springloaded-1.2.0.RELEASE.jar -Xverify:none -Dspringloaded.synchronize=true -Djdk.reflect.allowGetCallerClass=true -Dspringloaded=profile=grails;cacheDir=C:\Users\kegara/.grails/2.3.11/ 
java_command: org.grails.plugins.tomcat.fork.ForkedTomcatServer
java_class_path (initial): C:\Program Files\Java\jdk1.8.0_11\lib\tools.jar;C:\Users\kegara\Documents\grails-2.3.11\grails-2.3.11\lib\org.codehaus.groovy\groovy-all\jars\groovy-all-2.1.9.jar;C:\Users\kegara\Documents\grails-2.3.11\grails-2.3.11\lib\org.slf4j\jcl-over-slf4j\jars\jcl-over-slf4j-1.7.5.jar;C:\Users\kegara\Documents\grails-2.3.11\grails-2.3.11\lib\org.codehaus.gant\gant_groovy1.8\jars\gant_groovy1.8-1.9.6.jar;C:\Users\kegara\Documents\grails-2.3.11\grails-2.3.11\lib\org.apache.tomcat.embed\tomcat-embed-logging-log4j\jars\tomcat-embed-logging-log4j-7.0.50.jar;C:\Users\kegara\Documents\grails-2.3.11\grails-2.3.11\dist\grails-plugin-log4j-2.3.11.jar;C:\Users\kegara\Documents\grails-2.3.11\grails-2.3.11\lib\log4j\log4j\jars\log4j-1.2.17.jar;C:\Users\kegara\Documents\grails-2.3.11\grails-2.3.11\dist\grails-bootstrap-2.3.11.jar;C:\Users\kegara\Documents\grails-2.3.11\grails-2.3.11\lib\org.slf4j\slf4j-api\jars\slf4j-api-1.7.5.jar;C:\Users\kegara\Documents\grails-2.3.11\grails-2.3.11\lib\jline\jline\jars\jline-2.12.jar;C:\Users\kegara\Documents\grails-2.3.11\grails-2.3.11\lib\org.apache.ant\ant\jars\ant-1.8.4.jar;C:\Users\kegara\Documents\grails-2.3.11\grails-2.3.11\lib\org.apache.ant\ant-launcher\jars\ant-launcher-1.8.4.jar;C:\Users\kegara\Documents\grails-2.3.11\grails-2.3.11\lib\org.apache.ant\ant-trax\jars\ant-trax-1.7.1.jar;C:\Users\kegara\Documents\grails-2.3.11\grails-2.3.11\lib\org.apache.ant\ant-junit\jars\ant-junit-1.8.4.jar;C:\Users\kegara\Documents\grails-2.3.11\grails-2.3.11\lib\org.apache.ivy\ivy\jars\ivy-2.3.0.jar;C:\Users\kegara\Documents\grails-2.3.11\grails-2.3.11\lib\org.fusesource.jansi\jansi\jars\jansi-1.11.jar;C:\Users\kegara\.m2\repository\org\eclipse\jdt\core\compiler\ecj\3.7.2\ecj-3.7.2.jar;C:\Users\kegara\Documents\Netbeans Projects\GymApp\target\work\plugins\tomcat-7.0.54\grails-plugin-tomcat-7.0.54.jar;C:\Users\kegara\.m2\repository\org\apache\tomcat\embed\tomcat-embed-websocket\7.0.53\tomcat-embed-websocket-7.0.53.jar;C:\Users\kegar
Launcher Type: SUN_STANDARD

Environment Variables:
JAVA_HOME=C:\Program Files\Java\jdk1.8.0_11
PATH=C:\ProgramData\Oracle\Java\javapath;C:\Program Files (x86)\Intel\iCLS Client\;C:\Program Files\Intel\iCLS Client\;C:\Windows\system32;C:\Windows;C:\Windows\System32\Wbem;C:\Windows\System32\WindowsPowerShell\v1.0\;C:\Python34\;C:\Python34\Scripts;C:\Program Files\R\R-3.1.1\bin\x64;C:\Program Files\Java\jdk1.8.0_11\bin;C:\Program Files\Intel\Intel(R) Management Engine Components\DAL;C:\Program Files\Intel\Intel(R) Management Engine Components\IPT;C:\Program Files (x86)\Intel\Intel(R) Management Engine Components\DAL;C:\Program Files (x86)\Intel\Intel(R) Management Engine Components\IPT;C:\Program Files\Common Files\Autodesk Shared\;C:\Program Files (x86)\Autodesk\Backburner\;C:\Program Files (x86)\Windows Kits\8.1\Windows Performance Toolkit\;C:\Program Files\Microsoft SQL Server\110\Tools\Binn\;C:\Program Files (x86)\Microsoft SDKs\TypeScript\1.0\;C:\Program Files (x86)\QuickTime\QTSystem\;C:\Program Files\jEdit;C:\Program Files (x86)\Rational\common;C:\Program Files\MiKTeX 2.9\miktex\bin\x64\;C:\Program Files\MATLAB(Campus)\R2014a\bin;C:\Program Files\MATLAB\R2014a\bin;c:\Program Files (x86)\Microsoft SQL Server\100\Tools\Binn\;c:\Program Files\Microsoft SQL Server\100\Tools\Binn\;c:\Program Files\Microsoft SQL Server\100\DTS\Binn\;M:\SOIProfile\My Documents\Groovy\Groovy-2.3.6\bin;C:\Users\kegara\Documents\grails-2.3.11\grails-2.3.11\bin
USERNAME=kegara
OS=Windows_NT
PROCESSOR_IDENTIFIER=Intel64 Family 6 Model 62 Stepping 4, GenuineIntel



---------------  S Y S T E M  ---------------

OS: Windows 8.1 , 64 bit Build 9600 

CPU:total 8 (4 cores per cpu, 2 threads per core) family 6 model 62 stepping 4, cmov, cx8, fxsr, mmx, sse, sse2, sse3, ssse3, sse4.1, sse4.2, popcnt, avx, aes, clmul, erms, ht, tsc, tscinvbit

Memory: 4k page, physical 16699200k(11554148k free), swap 19189568k(13697652k free)

vm_info: Java HotSpot(TM) 64-Bit Server VM (25.11-b03) for windows-amd64 JRE (1.8.0_11-b12), built on Jun 16 2014 20:57:32 by "java_re" with MS VC++ 10.0 (VS2010)

time: Fri Jan 16 02:24:46 2015
elapsed time: 30 seconds

