#
# A fatal error has been detected by the Java Runtime Environment:
#
#  EXCEPTION_ACCESS_VIOLATION (0xc0000005) at pc=0x0000000069fd4db2, pid=6688, tid=6340
#
# JRE version: Java(TM) SE Runtime Environment (8.0_11-b12) (build 1.8.0_11-b12)
# Java VM: Java HotSpot(TM) 64-Bit Server VM (25.11-b03 mixed mode windows-amd64 compressed oops)
# Problematic frame:
# V  [jvm.dll+0x424db2]
#
# Failed to write core dump. Minidumps are not enabled by default on client versions of Windows
#
# If you would like to submit a bug report, please visit:
#   http://bugreport.sun.com/bugreport/crash.jsp
#

---------------  T H R E A D  ---------------

Current thread (0x0000000016dec000):  JavaThread "C2 CompilerThread2" daemon [_thread_in_native, id=6340, stack(0x0000000017480000,0x0000000017580000)]

siginfo: ExceptionCode=0xc0000005, reading address 0x0000000000000000

Registers:
RAX=0x0000000019f5ee68, RBX=0x0000000000000600, RCX=0x0000000000000000, RDX=0x0000000019f5b8d0
RSP=0x000000001757c310, RBP=0x00000000000000c0, RSI=0x00000000000000b8, RDI=0x0000000000000000
R8 =0x0000000069bb0000, R9 =0x000000001757c630, R10=0x00000000ffffffff, R11=0x0000000016e11210
R12=0x0000000019f5f570, R13=0x000000001d49dda8, R14=0x0000000000000008, R15=0x000000001d49dda8
RIP=0x0000000069fd4db2, EFLAGS=0x0000000000010206

Top of Stack: (sp=0x000000001757c310)
0x000000001757c310:   00000000000000da 00000000000000b0
0x000000001757c320:   000000000000000a 0000000019bf5ef0
0x000000001757c330:   0000000000000001 0000000000000600
0x000000001757c340:   0000000000000180 00000000000000c0
0x000000001757c350:   000000001f73c330 0000000016deed70
0x000000001757c360:   0000000000000760 000000001b255860
0x000000001757c370:   000000001757c630 0000000019f5bf10
0x000000001757c380:   0000000000000020 0000000000000009
0x000000001757c390:   0000000019f5f540 00000000000000da
0x000000001757c3a0:   000000001d49dda8 0000000069fd598d
0x000000001757c3b0:   0000000019f5f540 000000000000001c
0x000000001757c3c0:   00000000000000da 000000001757c630
0x000000001757c3d0:   0000000019f5b8d0 00000000000000da
0x000000001757c3e0:   0000000019f5bf10 0000000000000020
0x000000001757c3f0:   00000000178aaa10 000000001757e9a0
0x000000001757c400:   00000000178ab040 0000000019f5f540 

Instructions: (pc=0x0000000069fd4db2)
0x0000000069fd4d92:   c6 48 63 f0 48 03 f1 eb 04 48 83 ce ff 48 8b 84
0x0000000069fd4da2:   24 a0 00 00 00 48 8b 40 08 48 8b 3c 03 48 8b cf
0x0000000069fd4db2:   48 8b 07 ff 50 28 4c 8d 05 41 b2 bd ff 48 63 50
0x0000000069fd4dc2:   10 4c 8b d8 48 8b ca 48 c1 e1 05 42 80 bc 01 c0 


Register to memory mapping:

RAX=0x0000000019f5ee68 is an unknown value
RBX=0x0000000000000600 is an unknown value
RCX=0x0000000000000000 is an unknown value
RDX=0x0000000019f5b8d0 is an unknown value
RSP=0x000000001757c310 is pointing into the stack for thread: 0x0000000016dec000
RBP=0x00000000000000c0 is an unknown value
RSI=0x00000000000000b8 is an unknown value
RDI=0x0000000000000000 is an unknown value
R8 =0x0000000069bb0000 is an unknown value
R9 =0x000000001757c630 is pointing into the stack for thread: 0x0000000016dec000
R10=0x00000000ffffffff is an unknown value
R11=0x0000000016e11210 is an unknown value
R12=0x0000000019f5f570 is an unknown value
R13=0x000000001d49dda8 is an unknown value
R14=0x0000000000000008 is an unknown value
R15=0x000000001d49dda8 is an unknown value


Stack: [0x0000000017480000,0x0000000017580000],  sp=0x000000001757c310,  free space=1008k
Native frames: (J=compiled Java code, j=interpreted, Vv=VM code, C=native code)
V  [jvm.dll+0x424db2]
V  [jvm.dll+0x42598d]
V  [jvm.dll+0x425ecf]
V  [jvm.dll+0x4c5a84]
V  [jvm.dll+0x4415bc]
V  [jvm.dll+0x443a29]
V  [jvm.dll+0x427722]
V  [jvm.dll+0x96982]
V  [jvm.dll+0x97173]
V  [jvm.dll+0x2234b4]
V  [jvm.dll+0x27bcca]
C  [msvcr100.dll+0x21d9f]
C  [msvcr100.dll+0x21e3b]
C  [KERNEL32.DLL+0x16ad]
C  [ntdll.dll+0x734a5]


Current CompileTask:
C2:  18491 6784       4       groovy.lang.MetaClassImpl::findPropertyMethod (356 bytes)


---------------  P R O C E S S  ---------------

Java Threads: ( => current thread )
  0x0000000016fc6000 JavaThread "com.zola.gym.Role.data" daemon [_thread_blocked, id=4460, stack(0x0000000021190000,0x0000000021290000)]
  0x0000000016fc4800 JavaThread "net.sf.ehcache.CacheManager@ede24c7" daemon [_thread_blocked, id=6852, stack(0x0000000020c50000,0x0000000020d50000)]
  0x0000000016fc1800 JavaThread "PoolCleaner[851488219:1421619428626]" daemon [_thread_blocked, id=5020, stack(0x000000001caf0000,0x000000001cbf0000)]
  0x0000000019e9d800 JavaThread "FileSystemWatcher: files=#487 cl=groovy.lang.GroovyClassLoader@32c0addb" daemon [_thread_blocked, id=5964, stack(0x000000001c360000,0x000000001c460000)]
  0x000000001a5e4800 JavaThread "Thread-4" daemon [_thread_in_native, id=2260, stack(0x000000001c260000,0x000000001c360000)]
  0x000000001ad05000 JavaThread "localhost-startStop-1" daemon [_thread_in_vm, id=6840, stack(0x000000001c7f0000,0x000000001c8f0000)]
  0x000000001ad04000 JavaThread "Tomcat-startStop-1" daemon [_thread_blocked, id=7080, stack(0x000000001c6f0000,0x000000001c7f0000)]
  0x000000001adf5800 JavaThread "Thread-3" [_thread_in_native, id=6692, stack(0x000000001be20000,0x000000001bf20000)]
  0x000000001929e800 JavaThread "Thread-2" [_thread_blocked, id=3660, stack(0x000000001bf60000,0x000000001c060000)]
  0x0000000017d1b000 JavaThread "NonBlockingInputStreamThread" daemon [_thread_blocked, id=4720, stack(0x0000000018450000,0x0000000018550000)]
  0x0000000016f34800 JavaThread "Service Thread" daemon [_thread_blocked, id=2468, stack(0x0000000017680000,0x0000000017780000)]
  0x0000000016df6000 JavaThread "C1 CompilerThread3" daemon [_thread_blocked, id=6564, stack(0x0000000017580000,0x0000000017680000)]
=>0x0000000016dec000 JavaThread "C2 CompilerThread2" daemon [_thread_in_native, id=6340, stack(0x0000000017480000,0x0000000017580000)]
  0x0000000016deb800 JavaThread "C2 CompilerThread1" daemon [_thread_in_native, id=4912, stack(0x0000000017380000,0x0000000017480000)]
  0x0000000016df3000 JavaThread "C2 CompilerThread0" daemon [_thread_in_native, id=6280, stack(0x0000000017280000,0x0000000017380000)]
  0x0000000016cb1000 JavaThread "Attach Listener" daemon [_thread_blocked, id=6096, stack(0x0000000017180000,0x0000000017280000)]
  0x0000000016cb0000 JavaThread "Signal Dispatcher" daemon [_thread_blocked, id=3188, stack(0x0000000017080000,0x0000000017180000)]
  0x0000000014cab800 JavaThread "Finalizer" daemon [_thread_blocked, id=3724, stack(0x0000000016b80000,0x0000000016c80000)]
  0x0000000014caa000 JavaThread "Reference Handler" daemon [_thread_blocked, id=1444, stack(0x0000000016a80000,0x0000000016b80000)]
  0x00000000029f5000 JavaThread "main" [_thread_blocked, id=4512, stack(0x00000000026e0000,0x00000000027e0000)]

Other Threads:
  0x0000000014ca6800 VMThread [stack: 0x0000000016980000,0x0000000016a80000] [id=7008]
  0x0000000016fb2800 WatcherThread [stack: 0x0000000017780000,0x0000000017880000] [id=3588]

VM state:not at safepoint (normal execution)

VM Mutex/Monitor currently owned by a thread: None

Heap:
 PSYoungGen      total 187392K, used 70808K [0x00000000f0000000, 0x0000000100000000, 0x0000000100000000)
  eden space 120832K, 15% used [0x00000000f0000000,0x00000000f12adda0,0x00000000f7600000)
  from space 66560K, 77% used [0x00000000fbf00000,0x00000000ff178500,0x0000000100000000)
  to   space 70656K, 0% used [0x00000000f7600000,0x00000000f7600000,0x00000000fbb00000)
 ParOldGen       total 127488K, used 109436K [0x00000000d0000000, 0x00000000d7c80000, 0x00000000f0000000)
  object space 127488K, 85% used [0x00000000d0000000,0x00000000d6adf228,0x00000000d7c80000)
 Metaspace       used 70518K, capacity 72202K, committed 72320K, reserved 1114112K
  class space    used 6927K, capacity 7460K, committed 7552K, reserved 1048576K

Card table byte_map: [0x0000000011eb0000,0x0000000012040000] byte_map_base: 0x0000000011830000

Marking Bits: (ParMarkBitMap*) 0x000000006a3612b0
 Begin Bits: [0x0000000012940000, 0x0000000013540000)
 End Bits:   [0x0000000013540000, 0x0000000014140000)

Polling page: 0x0000000000d20000

CodeCache: size=245760Kb used=22569Kb max_used=23546Kb free=223190Kb
 bounds [0x0000000002af0000, 0x0000000004200000, 0x0000000011af0000]
 total_blobs=6239 nmethods=5496 adapters=653
 compilation: enabled

Compilation events (10 events):
Event: 18.419 Thread 0x0000000016df6000 6782       2       org.codehaus.groovy.runtime.callsite.AbstractCallSite::noCoerce (54 bytes)
Event: 18.419 Thread 0x0000000016df6000 nmethod 6782 0x0000000003358a10 code [0x0000000003358ba0, 0x0000000003358e18]
Event: 18.421 Thread 0x0000000016dec000 nmethod 6777 0x0000000002d650d0 code [0x0000000002d65220, 0x0000000002d65358]
Event: 18.421 Thread 0x0000000016dec000 6757       4       groovy.lang.MetaClassImpl::checkIfStdMethod (179 bytes)
Event: 18.432 Thread 0x0000000016dec000 nmethod 6757 0x0000000002f32410 code [0x0000000002f326a0, 0x0000000002f33760]
Event: 18.432 Thread 0x0000000016dec000 6783       4       groovy.lang.MetaClassImpl$1MOPIter::processFastArray (210 bytes)
Event: 18.441 Thread 0x0000000016dec000 nmethod 6783 0x0000000002d04c50 code [0x0000000002d04e00, 0x0000000002d05928]
Event: 18.441 Thread 0x0000000016dec000 6758       4       org.codehaus.groovy.runtime.metaclass.MetaMethodIndex::addMethodToList (290 bytes)
Event: 18.455 Thread 0x0000000016dec000 nmethod 6758 0x0000000003f3c810 code [0x0000000003f3caa0, 0x0000000003f3daa8]
Event: 18.455 Thread 0x0000000016dec000 6784       4       groovy.lang.MetaClassImpl::findPropertyMethod (356 bytes)

GC Heap History (10 events):
Event: 15.860 GC heap before
{Heap before GC invocations=76 (full 7):
 PSYoungGen      total 205312K, used 196434K [0x00000000f0000000, 0x0000000100000000, 0x0000000100000000)
  eden space 155648K, 100% used [0x00000000f0000000,0x00000000f9800000,0x00000000f9800000)
  from space 49664K, 82% used [0x00000000fcf80000,0x00000000ff754890,0x0000000100000000)
  to   space 53248K, 0% used [0x00000000f9800000,0x00000000f9800000,0x00000000fcc00000)
 ParOldGen       total 109568K, used 95773K [0x00000000d0000000, 0x00000000d6b00000, 0x00000000f0000000)
  object space 109568K, 87% used [0x00000000d0000000,0x00000000d5d875c8,0x00000000d6b00000)
 Metaspace       used 66002K, capacity 67486K, committed 67712K, reserved 1110016K
  class space    used 6470K, capacity 6948K, committed 7040K, reserved 1048576K
Event: 15.879 GC heap after
Heap after GC invocations=76 (full 7):
 PSYoungGen      total 197120K, used 41220K [0x00000000f0000000, 0x0000000100000000, 0x0000000100000000)
  eden space 155648K, 0% used [0x00000000f0000000,0x00000000f0000000,0x00000000f9800000)
  from space 41472K, 99% used [0x00000000f9800000,0x00000000fc041068,0x00000000fc080000)
  to   space 56320K, 0% used [0x00000000fc900000,0x00000000fc900000,0x0000000100000000)
 ParOldGen       total 109568K, used 99625K [0x00000000d0000000, 0x00000000d6b00000, 0x00000000f0000000)
  object space 109568K, 90% used [0x00000000d0000000,0x00000000d614a518,0x00000000d6b00000)
 Metaspace       used 66002K, capacity 67486K, committed 67712K, reserved 1110016K
  class space    used 6470K, capacity 6948K, committed 7040K, reserved 1048576K
}
Event: 16.335 GC heap before
{Heap before GC invocations=77 (full 7):
 PSYoungGen      total 197120K, used 196868K [0x00000000f0000000, 0x0000000100000000, 0x0000000100000000)
  eden space 155648K, 100% used [0x00000000f0000000,0x00000000f9800000,0x00000000f9800000)
  from space 41472K, 99% used [0x00000000f9800000,0x00000000fc041068,0x00000000fc080000)
  to   space 56320K, 0% used [0x00000000fc900000,0x00000000fc900000,0x0000000100000000)
 ParOldGen       total 109568K, used 99625K [0x00000000d0000000, 0x00000000d6b00000, 0x00000000f0000000)
  object space 109568K, 90% used [0x00000000d0000000,0x00000000d614a518,0x00000000d6b00000)
 Metaspace       used 67466K, capacity 69014K, committed 69504K, reserved 1112064K
  class space    used 6684K, capacity 7177K, committed 7296K, reserved 1048576K
Event: 16.353 GC heap after
Heap after GC invocations=77 (full 7):
 PSYoungGen      total 196608K, used 47263K [0x00000000f0000000, 0x0000000100000000, 0x0000000100000000)
  eden space 140288K, 0% used [0x00000000f0000000,0x00000000f0000000,0x00000000f8900000)
  from space 56320K, 83% used [0x00000000fc900000,0x00000000ff727ce8,0x0000000100000000)
  to   space 60928K, 0% used [0x00000000f8900000,0x00000000f8900000,0x00000000fc480000)
 ParOldGen       total 109568K, used 101446K [0x00000000d0000000, 0x00000000d6b00000, 0x00000000f0000000)
  object space 109568K, 92% used [0x00000000d0000000,0x00000000d63118c0,0x00000000d6b00000)
 Metaspace       used 67466K, capacity 69014K, committed 69504K, reserved 1112064K
  class space    used 6684K, capacity 7177K, committed 7296K, reserved 1048576K
}
Event: 16.809 GC heap before
{Heap before GC invocations=78 (full 7):
 PSYoungGen      total 196608K, used 187551K [0x00000000f0000000, 0x0000000100000000, 0x0000000100000000)
  eden space 140288K, 100% used [0x00000000f0000000,0x00000000f8900000,0x00000000f8900000)
  from space 56320K, 83% used [0x00000000fc900000,0x00000000ff727ce8,0x0000000100000000)
  to   space 60928K, 0% used [0x00000000f8900000,0x00000000f8900000,0x00000000fc480000)
 ParOldGen       total 109568K, used 101446K [0x00000000d0000000, 0x00000000d6b00000, 0x00000000f0000000)
  object space 109568K, 92% used [0x00000000d0000000,0x00000000d63118c0,0x00000000d6b00000)
 Metaspace       used 69072K, capacity 70610K, committed 70784K, reserved 1112064K
  class space    used 6806K, capacity 7292K, committed 7296K, reserved 1048576K
Event: 16.838 GC heap after
Heap after GC invocations=78 (full 7):
 PSYoungGen      total 193536K, used 52930K [0x00000000f0000000, 0x0000000100000000, 0x0000000100000000)
  eden space 140288K, 0% used [0x00000000f0000000,0x00000000f0000000,0x00000000f8900000)
  from space 53248K, 99% used [0x00000000f8900000,0x00000000fbcb0988,0x00000000fbd00000)
  to   space 66560K, 0% used [0x00000000fbf00000,0x00000000fbf00000,0x0000000100000000)
 ParOldGen       total 109568K, used 103042K [0x00000000d0000000, 0x00000000d6b00000, 0x00000000f0000000)
  object space 109568K, 94% used [0x00000000d0000000,0x00000000d64a0bc0,0x00000000d6b00000)
 Metaspace       used 69072K, capacity 70610K, committed 70784K, reserved 1112064K
  class space    used 6806K, capacity 7292K, committed 7296K, reserved 1048576K
}
Event: 16.838 GC heap before
{Heap before GC invocations=79 (full 8):
 PSYoungGen      total 193536K, used 52930K [0x00000000f0000000, 0x0000000100000000, 0x0000000100000000)
  eden space 140288K, 0% used [0x00000000f0000000,0x00000000f0000000,0x00000000f8900000)
  from space 53248K, 99% used [0x00000000f8900000,0x00000000fbcb0988,0x00000000fbd00000)
  to   space 66560K, 0% used [0x00000000fbf00000,0x00000000fbf00000,0x0000000100000000)
 ParOldGen       total 109568K, used 103042K [0x00000000d0000000, 0x00000000d6b00000, 0x00000000f0000000)
  object space 109568K, 94% used [0x00000000d0000000,0x00000000d64a0bc0,0x00000000d6b00000)
 Metaspace       used 69072K, capacity 70610K, committed 70784K, reserved 1112064K
  class space    used 6806K, capacity 7292K, committed 7296K, reserved 1048576K
Event: 17.766 GC heap after
Heap after GC invocations=79 (full 8):
 PSYoungGen      total 193536K, used 45587K [0x00000000f0000000, 0x0000000100000000, 0x0000000100000000)
  eden space 140288K, 0% used [0x00000000f0000000,0x00000000f0000000,0x00000000f8900000)
  from space 53248K, 85% used [0x00000000f8900000,0x00000000fb584de0,0x00000000fbd00000)
  to   space 66560K, 0% used [0x00000000fbf00000,0x00000000fbf00000,0x0000000100000000)
 ParOldGen       total 127488K, used 109076K [0x00000000d0000000, 0x00000000d7c80000, 0x00000000f0000000)
  object space 127488K, 85% used [0x00000000d0000000,0x00000000d6a85228,0x00000000d7c80000)
 Metaspace       used 69072K, capacity 70610K, committed 70784K, reserved 1112064K
  class space    used 6806K, capacity 7292K, committed 7296K, reserved 1048576K
}
Event: 18.372 GC heap before
{Heap before GC invocations=80 (full 8):
 PSYoungGen      total 193536K, used 185875K [0x00000000f0000000, 0x0000000100000000, 0x0000000100000000)
  eden space 140288K, 100% used [0x00000000f0000000,0x00000000f8900000,0x00000000f8900000)
  from space 53248K, 85% used [0x00000000f8900000,0x00000000fb584de0,0x00000000fbd00000)
  to   space 66560K, 0% used [0x00000000fbf00000,0x00000000fbf00000,0x0000000100000000)
 ParOldGen       total 127488K, used 109076K [0x00000000d0000000, 0x00000000d7c80000, 0x00000000f0000000)
  object space 127488K, 85% used [0x00000000d0000000,0x00000000d6a85228,0x00000000d7c80000)
 Metaspace       used 70188K, capacity 71822K, committed 71936K, reserved 1114112K
  class space    used 6906K, capacity 7423K, committed 7424K, reserved 1048576K
Event: 18.409 GC heap after
Heap after GC invocations=80 (full 8):
 PSYoungGen      total 187392K, used 51681K [0x00000000f0000000, 0x0000000100000000, 0x0000000100000000)
  eden space 120832K, 0% used [0x00000000f0000000,0x00000000f0000000,0x00000000f7600000)
  from space 66560K, 77% used [0x00000000fbf00000,0x00000000ff178500,0x0000000100000000)
  to   space 70656K, 0% used [0x00000000f7600000,0x00000000f7600000,0x00000000fbb00000)
 ParOldGen       total 127488K, used 109436K [0x00000000d0000000, 0x00000000d7c80000, 0x00000000f0000000)
  object space 127488K, 85% used [0x00000000d0000000,0x00000000d6adf228,0x00000000d7c80000)
 Metaspace       used 70188K, capacity 71822K, committed 71936K, reserved 1114112K
  class space    used 6906K, capacity 7423K, committed 7424K, reserved 1048576K
}

Deoptimization events (10 events):
Event: 16.749 Thread 0x000000001ad05000 Uncommon trap: reason=class_check action=maybe_recompile pc=0x0000000003cf1e14 method=groovy.lang.MetaClassImpl.getProperty(Ljava/lang/Class;Ljava/lang/Object;Ljava/lang/String;ZZ)Ljava/lang/Object; @ 351
Event: 16.800 Thread 0x000000001ad05000 Uncommon trap: reason=class_check action=maybe_recompile pc=0x0000000003cf1e14 method=groovy.lang.MetaClassImpl.getProperty(Ljava/lang/Class;Ljava/lang/Object;Ljava/lang/String;ZZ)Ljava/lang/Object; @ 351
Event: 17.767 Thread 0x000000001ad05000 Uncommon trap: reason=class_check action=maybe_recompile pc=0x0000000003cf1e14 method=groovy.lang.MetaClassImpl.getProperty(Ljava/lang/Class;Ljava/lang/Object;Ljava/lang/String;ZZ)Ljava/lang/Object; @ 351
Event: 17.947 Thread 0x000000001ad05000 Uncommon trap: reason=unreached action=reinterpret pc=0x000000000385e670 method=sl.org.objectweb.asm.ByteVector.putByteArray([BII)Lsl/org/objectweb/asm/ByteVector; @ 20
Event: 17.949 Thread 0x000000001ad05000 Uncommon trap: reason=unreached action=reinterpret pc=0x0000000004158124 method=groovy.lang.MetaClassImpl$1MOPIter.methodNameAction(Ljava/lang/Class;Lorg/codehaus/groovy/runtime/metaclass/MetaMethodIndex$Entry;)V @ 259
Event: 18.205 Thread 0x000000001ad05000 Uncommon trap: reason=unreached action=reinterpret pc=0x0000000003f40f94 method=groovy.lang.ExpandoMetaClass.hasOverrideGetProperty(Ljava/lang/String;)Z @ 4
Event: 18.205 Thread 0x000000001ad05000 Uncommon trap: reason=unreached action=reinterpret pc=0x0000000003dff9d8 method=groovy.lang.ExpandoMetaClass.hasOverrideGetProperty(Ljava/lang/String;)Z @ 4
Event: 18.297 Thread 0x000000001ad05000 Uncommon trap: reason=class_check action=maybe_recompile pc=0x00000000041b02d8 method=org.springframework.beans.factory.support.AbstractBeanFactory.isTypeMatch(Ljava/lang/String;Ljava/lang/Class;)Z @ 155
Event: 18.432 Thread 0x000000001ad05000 Uncommon trap: reason=class_check action=maybe_recompile pc=0x0000000002f333f0 method=groovy.lang.MetaClassImpl.isGenericGetMethod(Lgroovy/lang/MetaMethod;)Z @ 14
Event: 18.432 Thread 0x000000001ad05000 Uncommon trap: reason=class_check action=maybe_recompile pc=0x0000000002f333f0 method=groovy.lang.MetaClassImpl.isGenericGetMethod(Lgroovy/lang/MetaMethod;)Z @ 14

Internal exceptions (10 events):
Event: 18.476 Thread 0x000000001ad05000 Exception <a 'java/security/PrivilegedActionException'> (0x00000000f0dcd5f8) thrown at [C:\re\workspace\8-2-build-windows-amd64-cygwin\jdk8u11\648\hotspot\src\share\vm\prims\jvm.cpp, line 1248]
Event: 18.476 Thread 0x000000001ad05000 Exception <a 'java/security/PrivilegedActionException'> (0x00000000f0ddfa60) thrown at [C:\re\workspace\8-2-build-windows-amd64-cygwin\jdk8u11\648\hotspot\src\share\vm\prims\jvm.cpp, line 1248]
Event: 18.476 Thread 0x000000001ad05000 Exception <a 'java/security/PrivilegedActionException'> (0x00000000f0de3e10) thrown at [C:\re\workspace\8-2-build-windows-amd64-cygwin\jdk8u11\648\hotspot\src\share\vm\prims\jvm.cpp, line 1248]
Event: 18.476 Thread 0x000000001ad05000 Exception <a 'java/security/PrivilegedActionException'> (0x00000000f0df2d58) thrown at [C:\re\workspace\8-2-build-windows-amd64-cygwin\jdk8u11\648\hotspot\src\share\vm\prims\jvm.cpp, line 1248]
Event: 18.477 Thread 0x000000001ad05000 Exception <a 'java/security/PrivilegedActionException'> (0x00000000f0e13150) thrown at [C:\re\workspace\8-2-build-windows-amd64-cygwin\jdk8u11\648\hotspot\src\share\vm\prims\jvm.cpp, line 1248]
Event: 18.477 Thread 0x000000001ad05000 Exception <a 'java/lang/ClassNotFoundException': SpringSecurityUIPluginResources$_run_closure1BeanInfo> (0x00000000f0e14840) thrown at [C:\re\workspace\8-2-build-windows-amd64-cygwin\jdk8u11\648\hotspot\src\share\vm\classfile\systemDictionary.cpp, line 202ıÏHdz2@
Event: 18.477 Thread 0x000000001ad05000 Exception <a 'java/security/PrivilegedActionException'> (0x00000000f0e15af0) thrown at [C:\re\workspace\8-2-build-windows-amd64-cygwin\jdk8u11\648\hotspot\src\share\vm\prims\jvm.cpp, line 1248]
Event: 18.477 Thread 0x000000001ad05000 Exception <a 'java/security/PrivilegedActionException'> (0x00000000f0e19f88) thrown at [C:\re\workspace\8-2-build-windows-amd64-cygwin\jdk8u11\648\hotspot\src\share\vm\prims\jvm.cpp, line 1248]
Event: 18.477 Thread 0x000000001ad05000 Exception <a 'java/security/PrivilegedActionException'> (0x00000000f0e29298) thrown at [C:\re\workspace\8-2-build-windows-amd64-cygwin\jdk8u11\648\hotspot\src\share\vm\prims\jvm.cpp, line 1248]
Event: 18.477 Thread 0x000000001ad05000 Exception <a 'java/security/PrivilegedActionException'> (0x00000000f0e3bf98) thrown at [C:\re\workspace\8-2-build-windows-amd64-cygwin\jdk8u11\648\hotspot\src\share\vm\prims\jvm.cpp, line 1248]

Events (10 events):
Event: 18.476 loading class SpringSecurityUIPluginResources$_run_closure1BeanInfo
Event: 18.476 loading class SpringSecurityUIPluginResources$_run_closure1BeanInfo done
Event: 18.476 loading class SpringSecurityUIPluginResources$_run_closure1BeanInfo
Event: 18.476 loading class SpringSecurityUIPluginResources$_run_closure1BeanInfo done
Event: 18.477 loading class SpringSecurityUIPluginResources$_run_closure1BeanInfo
Event: 18.477 loading class SpringSecurityUIPluginResources$_run_closure1BeanInfo done
Event: 18.477 loading class SpringSecurityUIPluginResources$_run_closure1Customizer
Event: 18.477 loading class SpringSecurityUIPluginResources$_run_closure1Customizer done
Event: 18.477 loading class SpringSecurityUIPluginResources$_run_closure1Customizer
Event: 18.477 loading class SpringSecurityUIPluginResources$_run_closure1Customizer done


Dynamic libraries:
0x00007ff6e5020000 - 0x00007ff6e5054000 	C:\Program Files\Java\jdk1.8.0_11\bin\java.exe
0x00007ffce3ad0000 - 0x00007ffce3c7a000 	C:\Windows\SYSTEM32\ntdll.dll
0x00007ffce22a0000 - 0x00007ffce23da000 	C:\Windows\system32\KERNEL32.DLL
0x00007ffce11f0000 - 0x00007ffce12ff000 	C:\Windows\system32\KERNELBASE.dll
0x00007ffcde600000 - 0x00007ffcde688000 	C:\Windows\system32\apphelp.dll
0x00007ffcdf740000 - 0x00007ffcdf78f000 	C:\Windows\AppPatch\AppPatch64\AcGenral.DLL
0x00007ffce3800000 - 0x00007ffce38a7000 	C:\Windows\system32\msvcrt.dll
0x00007ffce0cf0000 - 0x00007ffce0d1b000 	C:\Windows\SYSTEM32\SspiCli.dll
0x00007ffce2240000 - 0x00007ffce2291000 	C:\Windows\system32\SHLWAPI.dll
0x00007ffce2000000 - 0x00007ffce2171000 	C:\Windows\system32\USER32.dll
0x00007ffce19b0000 - 0x00007ffce1b28000 	C:\Windows\system32\ole32.dll
0x00007ffce23e0000 - 0x00007ffce3800000 	C:\Windows\system32\SHELL32.dll
0x00007ffce04b0000 - 0x00007ffce04ce000 	C:\Windows\SYSTEM32\USERENV.dll
0x00007ffce1630000 - 0x00007ffce16d5000 	C:\Windows\system32\ADVAPI32.dll
0x00007ffcda490000 - 0x00007ffcda4ab000 	C:\Windows\SYSTEM32\MPR.dll
0x00007ffce1740000 - 0x00007ffce1877000 	C:\Windows\system32\RPCRT4.dll
0x00007ffce1950000 - 0x00007ffce19a7000 	C:\Windows\SYSTEM32\sechost.dll
0x00007ffce1d20000 - 0x00007ffce1ef6000 	C:\Windows\SYSTEM32\combase.dll
0x00007ffce3970000 - 0x00007ffce3ab4000 	C:\Windows\system32\GDI32.dll
0x00007ffce0e40000 - 0x00007ffce0e54000 	C:\Windows\SYSTEM32\profapi.dll
0x00007ffcdfa40000 - 0x00007ffcdfadf000 	C:\Windows\SYSTEM32\SHCORE.dll
0x00007ffce1f60000 - 0x00007ffce1f94000 	C:\Windows\system32\IMM32.DLL
0x00007ffce1350000 - 0x00007ffce1489000 	C:\Windows\system32\MSCTF.dll
0x00007ffcdf380000 - 0x00007ffcdf5da000 	C:\Windows\WinSxS\amd64_microsoft.windows.common-controls_6595b64144ccf1df_6.0.9600.17031_none_6242a4b3ecbb55a1\COMCTL32.dll
0x000000006b550000 - 0x000000006b622000 	C:\Program Files\Java\jdk1.8.0_11\jre\bin\msvcr100.dll
0x0000000069bb0000 - 0x000000006a3da000 	C:\Program Files\Java\jdk1.8.0_11\jre\bin\server\jvm.dll
0x00007ffcd94d0000 - 0x00007ffcd94d9000 	C:\Windows\SYSTEM32\WSOCK32.dll
0x00007ffcdf5e0000 - 0x00007ffcdf5ff000 	C:\Windows\SYSTEM32\WINMM.dll
0x00007ffce1880000 - 0x00007ffce1887000 	C:\Windows\system32\PSAPI.DLL
0x00007ffce16e0000 - 0x00007ffce1738000 	C:\Windows\system32\WS2_32.dll
0x00007ffcdf320000 - 0x00007ffcdf34a000 	C:\Windows\SYSTEM32\WINMMBASE.dll
0x00007ffce1940000 - 0x00007ffce1949000 	C:\Windows\system32\NSI.dll
0x00007ffce11a0000 - 0x00007ffce11ea000 	C:\Windows\SYSTEM32\cfgmgr32.dll
0x00007ffcdfcd0000 - 0x00007ffcdfcf6000 	C:\Windows\SYSTEM32\DEVOBJ.dll
0x000000006b500000 - 0x000000006b50f000 	C:\Program Files\Java\jdk1.8.0_11\jre\bin\verify.dll
0x0000000069b80000 - 0x0000000069ba8000 	C:\Program Files\Java\jdk1.8.0_11\jre\bin\java.dll
0x0000000067b00000 - 0x0000000067b23000 	C:\Program Files\Java\jdk1.8.0_11\jre\bin\instrument.dll
0x0000000069b60000 - 0x0000000069b76000 	C:\Program Files\Java\jdk1.8.0_11\jre\bin\zip.dll
0x00007ffce0760000 - 0x00007ffce077e000 	C:\Windows\SYSTEM32\CRYPTSP.dll
0x00007ffce03a0000 - 0x00007ffce03d5000 	C:\Windows\system32\rsaenh.dll
0x00007ffce0990000 - 0x00007ffce09b6000 	C:\Windows\SYSTEM32\bcrypt.dll
0x00007ffce0d20000 - 0x00007ffce0d80000 	C:\Windows\system32\bcryptprimitives.dll
0x00007ffce0d80000 - 0x00007ffce0d8a000 	C:\Windows\SYSTEM32\CRYPTBASE.dll
0x0000000069b40000 - 0x0000000069b5a000 	C:\Program Files\Java\jdk1.8.0_11\jre\bin\net.dll
0x00007ffce0700000 - 0x00007ffce0758000 	C:\Windows\system32\mswsock.dll
0x00007ffcdb8e0000 - 0x00007ffcdb909000 	C:\Windows\SYSTEM32\IPHLPAPI.DLL
0x00007ffcdb0b0000 - 0x00007ffcdb0ba000 	C:\Windows\SYSTEM32\WINNSI.DLL
0x00007ffcdaf50000 - 0x00007ffcdaf64000 	C:\Windows\SYSTEM32\dhcpcsvc6.DLL
0x00007ffcdaf30000 - 0x00007ffcdaf49000 	C:\Windows\SYSTEM32\dhcpcsvc.DLL
0x0000000069b20000 - 0x0000000069b31000 	C:\Program Files\Java\jdk1.8.0_11\jre\bin\nio.dll
0x00007ffcdf710000 - 0x00007ffcdf71a000 	C:\Users\kegara\AppData\Local\Temp\jansi-64-7757793898451021339.dll
0x00000000698d0000 - 0x00000000698dd000 	C:\Program Files\Java\jdk1.8.0_11\jre\bin\management.dll
0x00007ffcd95e0000 - 0x00007ffcd95f4000 	C:\Windows\system32\napinsp.dll
0x00007ffcd95c0000 - 0x00007ffcd95d9000 	C:\Windows\system32\pnrpnsp.dll
0x00007ffcdc020000 - 0x00007ffcdc039000 	C:\Windows\system32\NLAapi.dll
0x00007ffce0510000 - 0x00007ffce05b3000 	C:\Windows\SYSTEM32\DNSAPI.dll
0x00007ffcd97f0000 - 0x00007ffcd97fc000 	C:\Windows\System32\winrnr.dll
0x00007ffcd9f20000 - 0x00007ffcd9f29000 	C:\Windows\System32\rasadhlp.dll
0x00007ffcdae70000 - 0x00007ffcdaed8000 	C:\Windows\System32\fwpuclnt.dll
0x00007ffcd82f0000 - 0x00007ffcd8478000 	C:\Windows\SYSTEM32\dbghelp.dll

VM Arguments:
jvm_args: -Dfile.encoding=UTF-8 -Xmx768M -Xms64M -Dgrails.fork.parent.process.port=3950 -Dgrails.fork.active=true -Dgrails.build.execution.context=C:\Users\kegara\AppData\Local\Temp\GymApp8773808897656046040grails-execution-context -Dgrails.home=C:\Users\kegara\Documents\grails-2.3.11\grails-2.3.11 -javaagent:C:\Users\kegara\Documents\grails-2.3.11\grails-2.3.11\lib\org.springframework\springloaded\jars\springloaded-1.2.0.RELEASE.jar -Xverify:none -Dspringloaded.synchronize=true -Djdk.reflect.allowGetCallerClass=true -Dspringloaded=profile=grails;cacheDir=C:\Users\kegara/.grails/2.3.11/ 
java_command: org.grails.plugins.tomcat.fork.ForkedTomcatServer
java_class_path (initial): C:\Program Files\Java\jdk1.8.0_11\lib\tools.jar;C:\Users\kegara\Documents\grails-2.3.11\grails-2.3.11\lib\org.codehaus.groovy\groovy-all\jars\groovy-all-2.1.9.jar;C:\Users\kegara\Documents\grails-2.3.11\grails-2.3.11\lib\org.slf4j\jcl-over-slf4j\jars\jcl-over-slf4j-1.7.5.jar;C:\Users\kegara\Documents\grails-2.3.11\grails-2.3.11\lib\org.codehaus.gant\gant_groovy1.8\jars\gant_groovy1.8-1.9.6.jar;C:\Users\kegara\Documents\grails-2.3.11\grails-2.3.11\lib\org.apache.tomcat.embed\tomcat-embed-logging-log4j\jars\tomcat-embed-logging-log4j-7.0.50.jar;C:\Users\kegara\Documents\grails-2.3.11\grails-2.3.11\dist\grails-plugin-log4j-2.3.11.jar;C:\Users\kegara\Documents\grails-2.3.11\grails-2.3.11\lib\log4j\log4j\jars\log4j-1.2.17.jar;C:\Users\kegara\Documents\grails-2.3.11\grails-2.3.11\dist\grails-bootstrap-2.3.11.jar;C:\Users\kegara\Documents\grails-2.3.11\grails-2.3.11\lib\org.slf4j\slf4j-api\jars\slf4j-api-1.7.5.jar;C:\Users\kegara\Documents\grails-2.3.11\grails-2.3.11\lib\jline\jline\jars\jline-2.12.jar;C:\Users\kegara\Documents\grails-2.3.11\grails-2.3.11\lib\org.apache.ant\ant\jars\ant-1.8.4.jar;C:\Users\kegara\Documents\grails-2.3.11\grails-2.3.11\lib\org.apache.ant\ant-launcher\jars\ant-launcher-1.8.4.jar;C:\Users\kegara\Documents\grails-2.3.11\grails-2.3.11\lib\org.apache.ant\ant-trax\jars\ant-trax-1.7.1.jar;C:\Users\kegara\Documents\grails-2.3.11\grails-2.3.11\lib\org.apache.ant\ant-junit\jars\ant-junit-1.8.4.jar;C:\Users\kegara\Documents\grails-2.3.11\grails-2.3.11\lib\org.apache.ivy\ivy\jars\ivy-2.3.0.jar;C:\Users\kegara\Documents\grails-2.3.11\grails-2.3.11\lib\org.fusesource.jansi\jansi\jars\jansi-1.11.jar;C:\Users\kegara\.m2\repository\org\eclipse\jdt\core\compiler\ecj\3.7.2\ecj-3.7.2.jar;C:\Users\kegara\Documents\Netbeans Projects\GymApp\target\work\plugins\tomcat-7.0.54\grails-plugin-tomcat-7.0.54.jar;C:\Users\kegara\.m2\repository\org\apache\tomcat\embed\tomcat-embed-websocket\7.0.53\tomcat-embed-websocket-7.0.53.jar;C:\Users\kegar
Launcher Type: SUN_STANDARD

Environment Variables:
JAVA_HOME=C:\Program Files\Java\jdk1.8.0_11
PATH=C:\ProgramData\Oracle\Java\javapath;C:\Program Files (x86)\Intel\iCLS Client\;C:\Program Files\Intel\iCLS Client\;C:\Windows\system32;C:\Windows;C:\Windows\System32\Wbem;C:\Windows\System32\WindowsPowerShell\v1.0\;C:\Python34\;C:\Python34\Scripts;C:\Program Files\R\R-3.1.1\bin\x64;C:\Program Files\Java\jdk1.8.0_11\bin;C:\Program Files\Intel\Intel(R) Management Engine Components\DAL;C:\Program Files\Intel\Intel(R) Management Engine Components\IPT;C:\Program Files (x86)\Intel\Intel(R) Management Engine Components\DAL;C:\Program Files (x86)\Intel\Intel(R) Management Engine Components\IPT;C:\Program Files\Common Files\Autodesk Shared\;C:\Program Files (x86)\Autodesk\Backburner\;C:\Program Files (x86)\Windows Kits\8.1\Windows Performance Toolkit\;C:\Program Files\Microsoft SQL Server\110\Tools\Binn\;C:\Program Files (x86)\Microsoft SDKs\TypeScript\1.0\;C:\Program Files (x86)\QuickTime\QTSystem\;C:\Program Files\jEdit;C:\Program Files (x86)\Rational\common;C:\Program Files\MiKTeX 2.9\miktex\bin\x64\;C:\Program Files\MATLAB(Campus)\R2014a\bin;C:\Program Files\MATLAB\R2014a\bin;c:\Program Files (x86)\Microsoft SQL Server\100\Tools\Binn\;c:\Program Files\Microsoft SQL Server\100\Tools\Binn\;c:\Program Files\Microsoft SQL Server\100\DTS\Binn\;M:\SOIProfile\My Documents\Groovy\Groovy-2.3.6\bin;C:\Users\kegara\Documents\grails-2.3.11\grails-2.3.11\bin
USERNAME=kegara
OS=Windows_NT
PROCESSOR_IDENTIFIER=Intel64 Family 6 Model 62 Stepping 4, GenuineIntel



---------------  S Y S T E M  ---------------

OS: Windows 8.1 , 64 bit Build 9600 

CPU:total 8 (4 cores per cpu, 2 threads per core) family 6 model 62 stepping 4, cmov, cx8, fxsr, mmx, sse, sse2, sse3, ssse3, sse4.1, sse4.2, popcnt, avx, aes, clmul, erms, ht, tsc, tscinvbit

Memory: 4k page, physical 16699200k(10815032k free), swap 19189568k(12814056k free)

vm_info: Java HotSpot(TM) 64-Bit Server VM (25.11-b03) for windows-amd64 JRE (1.8.0_11-b12), built on Jun 16 2014 20:57:32 by "java_re" with MS VC++ 10.0 (VS2010)

time: Sun Jan 18 22:17:16 2015
elapsed time: 18 seconds

