#
# A fatal error has been detected by the Java Runtime Environment:
#
#  EXCEPTION_ACCESS_VIOLATION (0xc0000005) at pc=0x000000006b8d4db2, pid=4968, tid=5864
#
# JRE version: Java(TM) SE Runtime Environment (8.0_11-b12) (build 1.8.0_11-b12)
# Java VM: Java HotSpot(TM) 64-Bit Server VM (25.11-b03 mixed mode windows-amd64 compressed oops)
# Problematic frame:
# V  [jvm.dll+0x424db2]
#
# Failed to write core dump. Minidumps are not enabled by default on client versions of Windows
#
# If you would like to submit a bug report, please visit:
#   http://bugreport.sun.com/bugreport/crash.jsp
#

---------------  T H R E A D  ---------------

Current thread (0x0000000016a39000):  JavaThread "C2 CompilerThread1" daemon [_thread_in_native, id=5864, stack(0x0000000016fe0000,0x00000000170e0000)]

siginfo: ExceptionCode=0xc0000005, reading address 0x0000000000000000

Registers:
RAX=0x000000001d658948, RBX=0x0000000000000600, RCX=0x0000000000000000, RDX=0x000000001d654070
RSP=0x00000000170dc530, RBP=0x00000000000000c0, RSI=0x00000000000000b8, RDI=0x0000000000000000
R8 =0x000000006b4b0000, R9 =0x00000000170dc850, R10=0x00000000ffffffff, R11=0x0000000016a87ce0
R12=0x000000001d659050, R13=0x000000001a468708, R14=0x0000000000000008, R15=0x000000001a468708
RIP=0x000000006b8d4db2, EFLAGS=0x0000000000010206

Top of Stack: (sp=0x00000000170dc530)
0x00000000170dc530:   00000000000000da 00000000000000b0
0x00000000170dc540:   000000000000000a 000000001d652210
0x00000000170dc550:   0000000000000001 0000000000000600
0x00000000170dc560:   0000000000000180 00000000000000c0
0x00000000170dc570:   0000000018911680 0000000016a475e0
0x00000000170dc580:   0000000000000768 000000001ad00620
0x00000000170dc590:   00000000170dc850 000000001d6559d0
0x00000000170dc5a0:   0000000000000020 0000000000000009
0x00000000170dc5b0:   000000001d659020 00000000000000da
0x00000000170dc5c0:   000000001a468708 000000006b8d598d
0x00000000170dc5d0:   000000001d659020 000000000000001c
0x00000000170dc5e0:   00000000000000da 00000000170dc850
0x00000000170dc5f0:   000000001d654070 00000000000000da
0x00000000170dc600:   000000001d6559d0 0000000000000020
0x00000000170dc610:   000000001792ef80 00000000170debc0
0x00000000170dc620:   000000001792f5b0 000000001d659020 

Instructions: (pc=0x000000006b8d4db2)
0x000000006b8d4d92:   c6 48 63 f0 48 03 f1 eb 04 48 83 ce ff 48 8b 84
0x000000006b8d4da2:   24 a0 00 00 00 48 8b 40 08 48 8b 3c 03 48 8b cf
0x000000006b8d4db2:   48 8b 07 ff 50 28 4c 8d 05 41 b2 bd ff 48 63 50
0x000000006b8d4dc2:   10 4c 8b d8 48 8b ca 48 c1 e1 05 42 80 bc 01 c0 


Register to memory mapping:

RAX=0x000000001d658948 is an unknown value
RBX=0x0000000000000600 is an unknown value
RCX=0x0000000000000000 is an unknown value
RDX=0x000000001d654070 is an unknown value
RSP=0x00000000170dc530 is pointing into the stack for thread: 0x0000000016a39000
RBP=0x00000000000000c0 is an unknown value
RSI=0x00000000000000b8 is an unknown value
RDI=0x0000000000000000 is an unknown value
R8 =0x000000006b4b0000 is an unknown value
R9 =0x00000000170dc850 is pointing into the stack for thread: 0x0000000016a39000
R10=0x00000000ffffffff is an unknown value
R11=0x0000000016a87ce0 is an unknown value
R12=0x000000001d659050 is an unknown value
R13=0x000000001a468708 is an unknown value
R14=0x0000000000000008 is an unknown value
R15=0x000000001a468708 is an unknown value


Stack: [0x0000000016fe0000,0x00000000170e0000],  sp=0x00000000170dc530,  free space=1009k
Native frames: (J=compiled Java code, j=interpreted, Vv=VM code, C=native code)
V  [jvm.dll+0x424db2]
V  [jvm.dll+0x42598d]
V  [jvm.dll+0x425ecf]
V  [jvm.dll+0x4c5a84]
V  [jvm.dll+0x4415bc]
V  [jvm.dll+0x443a29]
V  [jvm.dll+0x427722]
V  [jvm.dll+0x96982]
V  [jvm.dll+0x97173]
V  [jvm.dll+0x2234b4]
V  [jvm.dll+0x27bcca]
C  [msvcr100.dll+0x21d9f]
C  [msvcr100.dll+0x21e3b]
C  [KERNEL32.DLL+0x16ad]
C  [ntdll.dll+0x734a5]


Current CompileTask:
C2:  22570 6619       4       groovy.lang.MetaClassImpl::findPropertyMethod (356 bytes)


---------------  P R O C E S S  ---------------

Java Threads: ( => current thread )
  0x000000001a416000 JavaThread "com.zola.gym.Role.data" daemon [_thread_blocked, id=6980, stack(0x00000000181b0000,0x00000000182b0000)]
  0x000000001a417800 JavaThread "net.sf.ehcache.CacheManager@2619a2d0" daemon [_thread_blocked, id=5572, stack(0x000000001e3e0000,0x000000001e4e0000)]
  0x000000001a419000 JavaThread "PoolCleaner[100528780:1421385980208]" daemon [_thread_blocked, id=7024, stack(0x000000001c4e0000,0x000000001c5e0000)]
  0x000000001b4b2000 JavaThread "FileSystemWatcher: files=#559 cl=groovy.lang.GroovyClassLoader@5fdf28c" daemon [_thread_blocked, id=7080, stack(0x000000001c820000,0x000000001c920000)]
  0x000000001b4ae000 JavaThread "Thread-4" daemon [_thread_in_native, id=1208, stack(0x000000001c3e0000,0x000000001c4e0000)]
  0x00000000194f9800 JavaThread "localhost-startStop-1" daemon [_thread_in_native, id=1396, stack(0x000000001c2e0000,0x000000001c3e0000)]
  0x00000000194f8800 JavaThread "Tomcat-startStop-1" daemon [_thread_blocked, id=3408, stack(0x000000001ba70000,0x000000001bb70000)]
  0x000000001adef000 JavaThread "Thread-3" [_thread_in_native, id=3516, stack(0x00000000183d0000,0x00000000184d0000)]
  0x0000000019949800 JavaThread "Thread-2" [_thread_blocked, id=7164, stack(0x000000001bbe0000,0x000000001bce0000)]
  0x0000000017a79000 JavaThread "NonBlockingInputStreamThread" daemon [_thread_blocked, id=4520, stack(0x00000000180b0000,0x00000000181b0000)]
  0x0000000016bff800 JavaThread "Service Thread" daemon [_thread_blocked, id=4452, stack(0x00000000172e0000,0x00000000173e0000)]
  0x0000000016a3b800 JavaThread "C1 CompilerThread3" daemon [_thread_blocked, id=4860, stack(0x00000000171e0000,0x00000000172e0000)]
  0x0000000016a4e800 JavaThread "C2 CompilerThread2" daemon [_thread_in_native, id=5844, stack(0x00000000170e0000,0x00000000171e0000)]
=>0x0000000016a39000 JavaThread "C2 CompilerThread1" daemon [_thread_in_native, id=5864, stack(0x0000000016fe0000,0x00000000170e0000)]
  0x0000000016a38000 JavaThread "C2 CompilerThread0" daemon [_thread_in_native, id=536, stack(0x0000000016ee0000,0x0000000016fe0000)]
  0x0000000016910000 JavaThread "Attach Listener" daemon [_thread_blocked, id=3448, stack(0x0000000016de0000,0x0000000016ee0000)]
  0x000000001690f800 JavaThread "Signal Dispatcher" daemon [_thread_blocked, id=2192, stack(0x0000000016ce0000,0x0000000016de0000)]
  0x000000001490c000 JavaThread "Finalizer" daemon [_thread_blocked, id=4588, stack(0x00000000167e0000,0x00000000168e0000)]
  0x000000001490a800 JavaThread "Reference Handler" daemon [_thread_blocked, id=2200, stack(0x00000000166e0000,0x00000000167e0000)]
  0x0000000002655000 JavaThread "main" [_thread_blocked, id=6292, stack(0x00000000023d0000,0x00000000024d0000)]

Other Threads:
  0x0000000014907000 VMThread [stack: 0x00000000165e0000,0x00000000166e0000] [id=3016]
  0x0000000016c00800 WatcherThread [stack: 0x00000000173e0000,0x00000000174e0000] [id=6084]

VM state:not at safepoint (normal execution)

VM Mutex/Monitor currently owned by a thread: None

Heap:
 PSYoungGen      total 171008K, used 124230K [0x00000000f0000000, 0x0000000100000000, 0x0000000100000000)
  eden space 100352K, 53% used [0x00000000f0000000,0x00000000f34ceec0,0x00000000f6200000)
  from space 70656K, 99% used [0x00000000f6200000,0x00000000fa682bd0,0x00000000fa700000)
  to   space 87040K, 0% used [0x00000000fab00000,0x00000000fab00000,0x0000000100000000)
 ParOldGen       total 119808K, used 104552K [0x00000000d0000000, 0x00000000d7500000, 0x00000000f0000000)
  object space 119808K, 87% used [0x00000000d0000000,0x00000000d661a290,0x00000000d7500000)
 Metaspace       used 74250K, capacity 76772K, committed 77056K, reserved 1118208K
  class space    used 7294K, capacity 8075K, committed 8192K, reserved 1048576K

Card table byte_map: [0x0000000011b10000,0x0000000011ca0000] byte_map_base: 0x0000000011490000

Marking Bits: (ParMarkBitMap*) 0x000000006bc612b0
 Begin Bits: [0x00000000125a0000, 0x00000000131a0000)
 End Bits:   [0x00000000131a0000, 0x0000000013da0000)

Polling page: 0x0000000000a50000

CodeCache: size=245760Kb used=22106Kb max_used=23843Kb free=223653Kb
 bounds [0x0000000002750000, 0x0000000003ee0000, 0x0000000011750000]
 total_blobs=6534 nmethods=5791 adapters=653
 compilation: enabled

Compilation events (10 events):
Event: 22.424 Thread 0x0000000016a3b800 7008       2       org.codehaus.groovy.reflection.stdclasses.BooleanCachedClass::isAssignableFrom (30 bytes)
Event: 22.424 Thread 0x0000000016a3b800 nmethod 7008 0x0000000003181650 code [0x00000000031817a0, 0x0000000003181950]
Event: 22.426 Thread 0x0000000016a3b800 7009       2       org.codehaus.groovy.runtime.DefaultGroovyMethods::inject (48 bytes)
Event: 22.427 Thread 0x0000000016a3b800 nmethod 7009 0x0000000002d64a90 code [0x0000000002d64c20, 0x0000000002d64fc8]
Event: 22.428 Thread 0x0000000016a3b800 7010   !   2       org.codehaus.groovy.runtime.dgmimpl.NumberNumberMinus$IntegerInteger::call (42 bytes)
Event: 22.429 Thread 0x0000000016a3b800 nmethod 7010 0x000000000331e390 code [0x000000000331e540, 0x000000000331ea18]
Event: 22.451 Thread 0x0000000016a3b800 7011       2       org.grails.plugin.resource.ResourceMeta::getProperty (87 bytes)
Event: 22.452 Thread 0x0000000016a3b800 nmethod 7011 0x0000000002bbec90 code [0x0000000002bbee80, 0x0000000002bbf278]
Event: 22.521 Thread 0x0000000016a39000 nmethod 6785 0x0000000002c46b50 code [0x0000000002c46f80, 0x0000000002c4b378]
Event: 22.523 Thread 0x0000000016a39000 6619       4       groovy.lang.MetaClassImpl::findPropertyMethod (356 bytes)

GC Heap History (10 events):
Event: 18.734 GC heap before
{Heap before GC invocations=76 (full 7):
 PSYoungGen      total 204800K, used 193890K [0x00000000f0000000, 0x0000000100000000, 0x0000000100000000)
  eden space 154624K, 100% used [0x00000000f0000000,0x00000000f9700000,0x00000000f9700000)
  from space 50176K, 78% used [0x00000000fcf00000,0x00000000ff558ab8,0x0000000100000000)
  to   space 53760K, 0% used [0x00000000f9700000,0x00000000f9700000,0x00000000fcb80000)
 ParOldGen       total 119808K, used 101388K [0x00000000d0000000, 0x00000000d7500000, 0x00000000f0000000)
  object space 119808K, 84% used [0x00000000d0000000,0x00000000d6303368,0x00000000d7500000)
 Metaspace       used 67659K, capacity 69136K, committed 69504K, reserved 1112064K
  class space    used 6698K, capacity 7177K, committed 7296K, reserved 1048576K
Event: 18.759 GC heap after
Heap after GC invocations=76 (full 7):
 PSYoungGen      total 200192K, used 45296K [0x00000000f0000000, 0x0000000100000000, 0x0000000100000000)
  eden space 154624K, 0% used [0x00000000f0000000,0x00000000f0000000,0x00000000f9700000)
  from space 45568K, 99% used [0x00000000f9700000,0x00000000fc33c110,0x00000000fc380000)
  to   space 58880K, 0% used [0x00000000fc680000,0x00000000fc680000,0x0000000100000000)
 ParOldGen       total 119808K, used 103218K [0x00000000d0000000, 0x00000000d7500000, 0x00000000f0000000)
  object space 119808K, 86% used [0x00000000d0000000,0x00000000d64ccb48,0x00000000d7500000)
 Metaspace       used 67659K, capacity 69136K, committed 69504K, reserved 1112064K
  class space    used 6698K, capacity 7177K, committed 7296K, reserved 1048576K
}
Event: 19.400 GC heap before
{Heap before GC invocations=77 (full 7):
 PSYoungGen      total 200192K, used 199920K [0x00000000f0000000, 0x0000000100000000, 0x0000000100000000)
  eden space 154624K, 100% used [0x00000000f0000000,0x00000000f9700000,0x00000000f9700000)
  from space 45568K, 99% used [0x00000000f9700000,0x00000000fc33c110,0x00000000fc380000)
  to   space 58880K, 0% used [0x00000000fc680000,0x00000000fc680000,0x0000000100000000)
 ParOldGen       total 119808K, used 103218K [0x00000000d0000000, 0x00000000d7500000, 0x00000000f0000000)
  object space 119808K, 86% used [0x00000000d0000000,0x00000000d64ccb48,0x00000000d7500000)
 Metaspace       used 69222K, capacity 70738K, committed 70784K, reserved 1112064K
  class space    used 6810K, capacity 7292K, committed 7296K, reserved 1048576K
Event: 19.430 GC heap after
Heap after GC invocations=77 (full 7):
 PSYoungGen      total 189952K, used 52555K [0x00000000f0000000, 0x0000000100000000, 0x0000000100000000)
  eden space 131072K, 0% used [0x00000000f0000000,0x00000000f0000000,0x00000000f8000000)
  from space 58880K, 89% used [0x00000000fc680000,0x00000000ff9d2ef0,0x0000000100000000)
  to   space 65536K, 0% used [0x00000000f8000000,0x00000000f8000000,0x00000000fc000000)
 ParOldGen       total 119808K, used 103794K [0x00000000d0000000, 0x00000000d7500000, 0x00000000f0000000)
  object space 119808K, 86% used [0x00000000d0000000,0x00000000d655c9f8,0x00000000d7500000)
 Metaspace       used 69222K, capacity 70738K, committed 70784K, reserved 1112064K
  class space    used 6810K, capacity 7292K, committed 7296K, reserved 1048576K
}
Event: 20.026 GC heap before
{Heap before GC invocations=78 (full 7):
 PSYoungGen      total 189952K, used 183627K [0x00000000f0000000, 0x0000000100000000, 0x0000000100000000)
  eden space 131072K, 100% used [0x00000000f0000000,0x00000000f8000000,0x00000000f8000000)
  from space 58880K, 89% used [0x00000000fc680000,0x00000000ff9d2ef0,0x0000000100000000)
  to   space 65536K, 0% used [0x00000000f8000000,0x00000000f8000000,0x00000000fc000000)
 ParOldGen       total 119808K, used 103794K [0x00000000d0000000, 0x00000000d7500000, 0x00000000f0000000)
  object space 119808K, 86% used [0x00000000d0000000,0x00000000d655c9f8,0x00000000d7500000)
 Metaspace       used 70143K, capacity 71806K, committed 71936K, reserved 1114112K
  class space    used 6891K, capacity 7416K, committed 7424K, reserved 1048576K
Event: 20.055 GC heap after
Heap after GC invocations=78 (full 7):
 PSYoungGen      total 188416K, used 57159K [0x00000000f0000000, 0x0000000100000000, 0x0000000100000000)
  eden space 131072K, 0% used [0x00000000f0000000,0x00000000f0000000,0x00000000f8000000)
  from space 57344K, 99% used [0x00000000f8000000,0x00000000fb7d1f20,0x00000000fb800000)
  to   space 72704K, 0% used [0x00000000fb900000,0x00000000fb900000,0x0000000100000000)
 ParOldGen       total 119808K, used 104384K [0x00000000d0000000, 0x00000000d7500000, 0x00000000f0000000)
  object space 119808K, 87% used [0x00000000d0000000,0x00000000d65f0290,0x00000000d7500000)
 Metaspace       used 70143K, capacity 71806K, committed 71936K, reserved 1114112K
  class space    used 6891K, capacity 7416K, committed 7424K, reserved 1048576K
}
Event: 20.549 GC heap before
{Heap before GC invocations=79 (full 7):
 PSYoungGen      total 188416K, used 188231K [0x00000000f0000000, 0x0000000100000000, 0x0000000100000000)
  eden space 131072K, 100% used [0x00000000f0000000,0x00000000f8000000,0x00000000f8000000)
  from space 57344K, 99% used [0x00000000f8000000,0x00000000fb7d1f20,0x00000000fb800000)
  to   space 72704K, 0% used [0x00000000fb900000,0x00000000fb900000,0x0000000100000000)
 ParOldGen       total 119808K, used 104384K [0x00000000d0000000, 0x00000000d7500000, 0x00000000f0000000)
  object space 119808K, 87% used [0x00000000d0000000,0x00000000d65f0290,0x00000000d7500000)
 Metaspace       used 72589K, capacity 74522K, committed 74752K, reserved 1116160K
  class space    used 7069K, capacity 7660K, committed 7680K, reserved 1048576K
Event: 20.582 GC heap after
Heap after GC invocations=79 (full 7):
 PSYoungGen      total 173056K, used 65722K [0x00000000f0000000, 0x0000000100000000, 0x0000000100000000)
  eden space 100352K, 0% used [0x00000000f0000000,0x00000000f0000000,0x00000000f6200000)
  from space 72704K, 90% used [0x00000000fb900000,0x00000000ff92e8f0,0x0000000100000000)
  to   space 80896K, 0% used [0x00000000f6200000,0x00000000f6200000,0x00000000fb100000)
 ParOldGen       total 119808K, used 104464K [0x00000000d0000000, 0x00000000d7500000, 0x00000000f0000000)
  object space 119808K, 87% used [0x00000000d0000000,0x00000000d6604290,0x00000000d7500000)
 Metaspace       used 72589K, capacity 74522K, committed 74752K, reserved 1116160K
  class space    used 7069K, capacity 7660K, committed 7680K, reserved 1048576K
}
Event: 21.281 GC heap before
{Heap before GC invocations=80 (full 7):
 PSYoungGen      total 173056K, used 166074K [0x00000000f0000000, 0x0000000100000000, 0x0000000100000000)
  eden space 100352K, 100% used [0x00000000f0000000,0x00000000f6200000,0x00000000f6200000)
  from space 72704K, 90% used [0x00000000fb900000,0x00000000ff92e8f0,0x0000000100000000)
  to   space 80896K, 0% used [0x00000000f6200000,0x00000000f6200000,0x00000000fb100000)
 ParOldGen       total 119808K, used 104464K [0x00000000d0000000, 0x00000000d7500000, 0x00000000f0000000)
  object space 119808K, 87% used [0x00000000d0000000,0x00000000d6604290,0x00000000d7500000)
 Metaspace       used 73938K, capacity 76294K, committed 76416K, reserved 1118208K
  class space    used 7265K, capacity 8019K, committed 8064K, reserved 1048576K
Event: 21.318 GC heap after
Heap after GC invocations=80 (full 7):
 PSYoungGen      total 171008K, used 70154K [0x00000000f0000000, 0x0000000100000000, 0x0000000100000000)
  eden space 100352K, 0% used [0x00000000f0000000,0x00000000f0000000,0x00000000f6200000)
  from space 70656K, 99% used [0x00000000f6200000,0x00000000fa682bd0,0x00000000fa700000)
  to   space 87040K, 0% used [0x00000000fab00000,0x00000000fab00000,0x0000000100000000)
 ParOldGen       total 119808K, used 104552K [0x00000000d0000000, 0x00000000d7500000, 0x00000000f0000000)
  object space 119808K, 87% used [0x00000000d0000000,0x00000000d661a290,0x00000000d7500000)
 Metaspace       used 73938K, capacity 76294K, committed 76416K, reserved 1118208K
  class space    used 7265K, capacity 8019K, committed 8064K, reserved 1048576K
}

Deoptimization events (10 events):
Event: 19.191 Thread 0x00000000194f9800 Uncommon trap: reason=class_check action=maybe_recompile pc=0x000000000326b1b0 method=groovy.lang.MetaClassImpl.isSetPropertyMethod(Lgroovy/lang/MetaMethod;)Z @ 3
Event: 19.191 Thread 0x00000000194f9800 Uncommon trap: reason=class_check action=maybe_recompile pc=0x000000000325ae18 method=groovy.lang.MetaClassImpl.isGetPropertyMethod(Lgroovy/lang/MetaMethod;)Z @ 3
Event: 19.191 Thread 0x00000000194f9800 Uncommon trap: reason=class_check action=maybe_recompile pc=0x0000000002f68670 method=groovy.lang.MetaClassImpl.isInvokeMethod(Lgroovy/lang/MetaMethod;)Z @ 3
Event: 19.191 Thread 0x00000000194f9800 Uncommon trap: reason=class_check action=maybe_recompile pc=0x000000000326b1b0 method=groovy.lang.MetaClassImpl.isSetPropertyMethod(Lgroovy/lang/MetaMethod;)Z @ 3
Event: 19.191 Thread 0x00000000194f9800 Uncommon trap: reason=class_check action=maybe_recompile pc=0x000000000325ae18 method=groovy.lang.MetaClassImpl.isGetPropertyMethod(Lgroovy/lang/MetaMethod;)Z @ 3
Event: 19.191 Thread 0x00000000194f9800 Uncommon trap: reason=class_check action=maybe_recompile pc=0x0000000002f68670 method=groovy.lang.MetaClassImpl.isInvokeMethod(Lgroovy/lang/MetaMethod;)Z @ 3
Event: 19.191 Thread 0x00000000194f9800 Uncommon trap: reason=class_check action=maybe_recompile pc=0x000000000326b1b0 method=groovy.lang.MetaClassImpl.isSetPropertyMethod(Lgroovy/lang/MetaMethod;)Z @ 3
Event: 19.455 Thread 0x00000000194f9800 Uncommon trap: reason=unreached action=reinterpret pc=0x000000000288a9f0 method=org.codehaus.groovy.runtime.metaclass.MetaMethodIndex.addMethodToList(Ljava/lang/Object;Lgroovy/lang/MetaMethod;)Ljava/lang/Object; @ 247
Event: 19.669 Thread 0x00000000194f9800 Uncommon trap: reason=unreached action=reinterpret pc=0x0000000003b76570 method=groovy.lang.MetaClassImpl$1MOPIter.methodNameAction(Ljava/lang/Class;Lorg/codehaus/groovy/runtime/metaclass/MetaMethodIndex$Entry;)V @ 259
Event: 20.389 Thread 0x00000000194f9800 Uncommon trap: reason=bimorphic action=maybe_recompile pc=0x00000000029d66e4 method=java.util.regex.Pattern$Branch.match(Ljava/util/regex/Matcher;ILjava/lang/CharSequence;)Z @ 32

Internal exceptions (10 events):
Event: 21.682 Thread 0x00000000194f9800 Exception <a 'java/lang/ClassNotFoundException': org/grails/plugin/resource/AggregatedResourceMeta$_buildAggregateResource_closure3_closure4BeanInfo> (0x00000000f1453d80) thrown at [C:\re\workspace\8-2-build-windows-amd64-cygwin\jdk8u11\648\hotspot\src\sha'1ùÆ5@
Event: 21.682 Thread 0x00000000194f9800 Exception <a 'java/security/PrivilegedActionException'> (0x00000000f1455978) thrown at [C:\re\workspace\8-2-build-windows-amd64-cygwin\jdk8u11\648\hotspot\src\share\vm\prims\jvm.cpp, line 1248]
Event: 21.682 Thread 0x00000000194f9800 Exception <a 'java/security/PrivilegedActionException'> (0x00000000f145bea0) thrown at [C:\re\workspace\8-2-build-windows-amd64-cygwin\jdk8u11\648\hotspot\src\share\vm\prims\jvm.cpp, line 1248]
Event: 21.683 Thread 0x00000000194f9800 Exception <a 'java/security/PrivilegedActionException'> (0x00000000f14730f8) thrown at [C:\re\workspace\8-2-build-windows-amd64-cygwin\jdk8u11\648\hotspot\src\share\vm\prims\jvm.cpp, line 1248]
Event: 21.683 Thread 0x00000000194f9800 Exception <a 'java/security/PrivilegedActionException'> (0x00000000f14901e0) thrown at [C:\re\workspace\8-2-build-windows-amd64-cygwin\jdk8u11\648\hotspot\src\share\vm\prims\jvm.cpp, line 1248]
Event: 21.683 Thread 0x00000000194f9800 Exception <a 'java/security/PrivilegedActionException'> (0x00000000f14967d0) thrown at [C:\re\workspace\8-2-build-windows-amd64-cygwin\jdk8u11\648\hotspot\src\share\vm\prims\jvm.cpp, line 1248]
Event: 21.683 Thread 0x00000000194f9800 Exception <a 'java/security/PrivilegedActionException'> (0x00000000f14ada28) thrown at [C:\re\workspace\8-2-build-windows-amd64-cygwin\jdk8u11\648\hotspot\src\share\vm\prims\jvm.cpp, line 1248]
Event: 21.684 Thread 0x00000000194f9800 Exception <a 'java/security/PrivilegedActionException'> (0x00000000f14e0590) thrown at [C:\re\workspace\8-2-build-windows-amd64-cygwin\jdk8u11\648\hotspot\src\share\vm\prims\jvm.cpp, line 1248]
Event: 21.684 Thread 0x00000000194f9800 Exception <a 'java/lang/ClassNotFoundException': org/grails/plugin/resource/AggregatedResourceMeta$_buildAggregateResource_closure3_closure4Customizer> (0x00000000f14e1e70) thrown at [C:\re\workspace\8-2-build-windows-amd64-cygwin\jdk8u11\648\hotspot\src\s
Event: 21.820 Thread 0x00000000194f9800 Exception <a 'java/security/PrivilegedActionException'> (0x00000000f1b24550) thrown at [C:\re\workspace\8-2-build-windows-amd64-cygwin\jdk8u11\648\hotspot\src\share\vm\prims\jvm.cpp, line 1248]

Events (10 events):
Event: 22.428 Thread 0x0000000016a3b800 flushing nmethod 0x000000000345ccd0
Event: 22.428 Thread 0x0000000016a3b800 flushing nmethod 0x000000000345d210
Event: 22.429 Thread 0x0000000016a3b800 flushing nmethod 0x00000000034f5690
Event: 22.429 Thread 0x0000000016a3b800 flushing nmethod 0x000000000357c190
Event: 22.452 Thread 0x0000000016a3b800 flushing nmethod 0x00000000036bde90
Event: 22.452 Thread 0x0000000016a3b800 flushing nmethod 0x00000000036bf3d0
Event: 22.452 Thread 0x0000000016a3b800 flushing nmethod 0x00000000036c0310
Event: 22.453 Thread 0x0000000016a3b800 flushing nmethod 0x00000000036d2d90
Event: 22.521 Thread 0x0000000016a39000 flushing nmethod 0x0000000003759b10
Event: 22.522 Thread 0x0000000016a39000 flushing nmethod 0x00000000037fee90


Dynamic libraries:
0x00007ff737ac0000 - 0x00007ff737af4000 	C:\Program Files\Java\jdk1.8.0_11\bin\java.exe
0x00007ff8a1d20000 - 0x00007ff8a1eca000 	C:\Windows\SYSTEM32\ntdll.dll
0x00007ff89f710000 - 0x00007ff89f84a000 	C:\Windows\system32\KERNEL32.DLL
0x00007ff89f1b0000 - 0x00007ff89f2bf000 	C:\Windows\system32\KERNELBASE.dll
0x00007ff89cad0000 - 0x00007ff89cb58000 	C:\Windows\system32\apphelp.dll
0x00007ff892890000 - 0x00007ff8928df000 	C:\Windows\AppPatch\AppPatch64\AcGenral.DLL
0x00007ff89fc50000 - 0x00007ff89fcf7000 	C:\Windows\system32\msvcrt.dll
0x00007ff89ef40000 - 0x00007ff89ef6b000 	C:\Windows\SYSTEM32\SspiCli.dll
0x00007ff8a0150000 - 0x00007ff8a01a1000 	C:\Windows\system32\SHLWAPI.dll
0x00007ff89f850000 - 0x00007ff89f9c1000 	C:\Windows\system32\USER32.dll
0x00007ff89fa30000 - 0x00007ff89fba8000 	C:\Windows\system32\ole32.dll
0x00007ff8a0900000 - 0x00007ff8a1d20000 	C:\Windows\system32\SHELL32.dll
0x00007ff89e700000 - 0x00007ff89e71e000 	C:\Windows\SYSTEM32\USERENV.dll
0x00007ff8a0850000 - 0x00007ff8a08f5000 	C:\Windows\system32\ADVAPI32.dll
0x00007ff8985f0000 - 0x00007ff89860b000 	C:\Windows\SYSTEM32\MPR.dll
0x00007ff8a05c0000 - 0x00007ff8a06f7000 	C:\Windows\system32\RPCRT4.dll
0x00007ff89fbb0000 - 0x00007ff89fc07000 	C:\Windows\SYSTEM32\sechost.dll
0x00007ff8a01b0000 - 0x00007ff8a0386000 	C:\Windows\SYSTEM32\combase.dll
0x00007ff8a0700000 - 0x00007ff8a0844000 	C:\Windows\system32\GDI32.dll
0x00007ff89f090000 - 0x00007ff89f0a4000 	C:\Windows\SYSTEM32\profapi.dll
0x00007ff89dc90000 - 0x00007ff89dd2f000 	C:\Windows\SYSTEM32\SHCORE.dll
0x00007ff8a0390000 - 0x00007ff8a03c4000 	C:\Windows\system32\IMM32.DLL
0x00007ff89fd00000 - 0x00007ff89fe39000 	C:\Windows\system32\MSCTF.dll
0x00007ff89d5d0000 - 0x00007ff89d82a000 	C:\Windows\WinSxS\amd64_microsoft.windows.common-controls_6595b64144ccf1df_6.0.9600.17031_none_6242a4b3ecbb55a1\COMCTL32.dll
0x000000006c230000 - 0x000000006c302000 	C:\Program Files\Java\jdk1.8.0_11\jre\bin\msvcr100.dll
0x000000006b4b0000 - 0x000000006bcda000 	C:\Program Files\Java\jdk1.8.0_11\jre\bin\server\jvm.dll
0x00007ff897790000 - 0x00007ff897799000 	C:\Windows\SYSTEM32\WSOCK32.dll
0x00007ff89d830000 - 0x00007ff89d84f000 	C:\Windows\SYSTEM32\WINMM.dll
0x00007ff8a03d0000 - 0x00007ff8a03d7000 	C:\Windows\system32\PSAPI.DLL
0x00007ff89f6b0000 - 0x00007ff89f708000 	C:\Windows\system32\WS2_32.dll
0x00007ff89d570000 - 0x00007ff89d59a000 	C:\Windows\SYSTEM32\WINMMBASE.dll
0x00007ff89fc10000 - 0x00007ff89fc19000 	C:\Windows\system32\NSI.dll
0x00007ff89f2c0000 - 0x00007ff89f30a000 	C:\Windows\SYSTEM32\cfgmgr32.dll
0x00007ff89df20000 - 0x00007ff89df46000 	C:\Windows\SYSTEM32\DEVOBJ.dll
0x000000006c1e0000 - 0x000000006c1ef000 	C:\Program Files\Java\jdk1.8.0_11\jre\bin\verify.dll
0x000000006c1b0000 - 0x000000006c1d8000 	C:\Program Files\Java\jdk1.8.0_11\jre\bin\java.dll
0x000000006be70000 - 0x000000006be93000 	C:\Program Files\Java\jdk1.8.0_11\jre\bin\instrument.dll
0x000000006c190000 - 0x000000006c1a6000 	C:\Program Files\Java\jdk1.8.0_11\jre\bin\zip.dll
0x00007ff89e9d0000 - 0x00007ff89e9ee000 	C:\Windows\SYSTEM32\CRYPTSP.dll
0x00007ff89e5f0000 - 0x00007ff89e625000 	C:\Windows\system32\rsaenh.dll
0x00007ff89ec50000 - 0x00007ff89ec76000 	C:\Windows\SYSTEM32\bcrypt.dll
0x00007ff89ef70000 - 0x00007ff89efd0000 	C:\Windows\system32\bcryptprimitives.dll
0x00007ff89efd0000 - 0x00007ff89efda000 	C:\Windows\SYSTEM32\CRYPTBASE.dll
0x000000006c170000 - 0x000000006c18a000 	C:\Program Files\Java\jdk1.8.0_11\jre\bin\net.dll
0x00007ff89e950000 - 0x00007ff89e9a8000 	C:\Windows\system32\mswsock.dll
0x00007ff899310000 - 0x00007ff899339000 	C:\Windows\SYSTEM32\IPHLPAPI.DLL
0x00007ff8992e0000 - 0x00007ff8992ea000 	C:\Windows\SYSTEM32\WINNSI.DLL
0x00007ff8991b0000 - 0x00007ff8991c4000 	C:\Windows\SYSTEM32\dhcpcsvc6.DLL
0x00007ff899130000 - 0x00007ff899149000 	C:\Windows\SYSTEM32\dhcpcsvc.DLL
0x000000006c150000 - 0x000000006c161000 	C:\Program Files\Java\jdk1.8.0_11\jre\bin\nio.dll
0x00007ff897860000 - 0x00007ff89786a000 	C:\Users\kegara\AppData\Local\Temp\jansi-64-3091845187179344263.dll
0x000000006bf00000 - 0x000000006bf0d000 	C:\Program Files\Java\jdk1.8.0_11\jre\bin\management.dll
0x00007ff896330000 - 0x00007ff896344000 	C:\Windows\system32\napinsp.dll
0x00007ff8962d0000 - 0x00007ff8962e9000 	C:\Windows\system32\pnrpnsp.dll
0x00007ff89a220000 - 0x00007ff89a239000 	C:\Windows\system32\NLAapi.dll
0x00007ff89e760000 - 0x00007ff89e803000 	C:\Windows\SYSTEM32\DNSAPI.dll
0x00007ff896260000 - 0x00007ff89626c000 	C:\Windows\System32\winrnr.dll
0x00007ff896fb0000 - 0x00007ff896fb9000 	C:\Windows\System32\rasadhlp.dll
0x00007ff899070000 - 0x00007ff8990d8000 	C:\Windows\System32\fwpuclnt.dll
0x00007ff8965a0000 - 0x00007ff896728000 	C:\Windows\SYSTEM32\dbghelp.dll

VM Arguments:
jvm_args: -Dfile.encoding=UTF-8 -Xmx768M -Xms64M -Dgrails.fork.parent.process.port=5854 -Dgrails.fork.active=true -Dgrails.build.execution.context=C:\Users\kegara\AppData\Local\Temp\GymApp4704446097902212320grails-execution-context -Dgrails.home=C:\Users\kegara\Documents\grails-2.3.11\grails-2.3.11 -javaagent:C:\Users\kegara\Documents\grails-2.3.11\grails-2.3.11\lib\org.springframework\springloaded\jars\springloaded-1.2.0.RELEASE.jar -Xverify:none -Dspringloaded.synchronize=true -Djdk.reflect.allowGetCallerClass=true -Dspringloaded=profile=grails;cacheDir=C:\Users\kegara/.grails/2.3.11/ 
java_command: org.grails.plugins.tomcat.fork.ForkedTomcatServer
java_class_path (initial): C:\Program Files\Java\jdk1.8.0_11\lib\tools.jar;C:\Users\kegara\Documents\grails-2.3.11\grails-2.3.11\lib\org.codehaus.groovy\groovy-all\jars\groovy-all-2.1.9.jar;C:\Users\kegara\Documents\grails-2.3.11\grails-2.3.11\lib\org.slf4j\jcl-over-slf4j\jars\jcl-over-slf4j-1.7.5.jar;C:\Users\kegara\Documents\grails-2.3.11\grails-2.3.11\lib\org.codehaus.gant\gant_groovy1.8\jars\gant_groovy1.8-1.9.6.jar;C:\Users\kegara\Documents\grails-2.3.11\grails-2.3.11\lib\org.apache.tomcat.embed\tomcat-embed-logging-log4j\jars\tomcat-embed-logging-log4j-7.0.50.jar;C:\Users\kegara\Documents\grails-2.3.11\grails-2.3.11\dist\grails-plugin-log4j-2.3.11.jar;C:\Users\kegara\Documents\grails-2.3.11\grails-2.3.11\lib\log4j\log4j\jars\log4j-1.2.17.jar;C:\Users\kegara\Documents\grails-2.3.11\grails-2.3.11\dist\grails-bootstrap-2.3.11.jar;C:\Users\kegara\Documents\grails-2.3.11\grails-2.3.11\lib\org.slf4j\slf4j-api\jars\slf4j-api-1.7.5.jar;C:\Users\kegara\Documents\grails-2.3.11\grails-2.3.11\lib\jline\jline\jars\jline-2.12.jar;C:\Users\kegara\Documents\grails-2.3.11\grails-2.3.11\lib\org.apache.ant\ant\jars\ant-1.8.4.jar;C:\Users\kegara\Documents\grails-2.3.11\grails-2.3.11\lib\org.apache.ant\ant-launcher\jars\ant-launcher-1.8.4.jar;C:\Users\kegara\Documents\grails-2.3.11\grails-2.3.11\lib\org.apache.ant\ant-trax\jars\ant-trax-1.7.1.jar;C:\Users\kegara\Documents\grails-2.3.11\grails-2.3.11\lib\org.apache.ant\ant-junit\jars\ant-junit-1.8.4.jar;C:\Users\kegara\Documents\grails-2.3.11\grails-2.3.11\lib\org.apache.ivy\ivy\jars\ivy-2.3.0.jar;C:\Users\kegara\Documents\grails-2.3.11\grails-2.3.11\lib\org.fusesource.jansi\jansi\jars\jansi-1.11.jar;C:\Users\kegara\.m2\repository\org\eclipse\jdt\core\compiler\ecj\3.7.2\ecj-3.7.2.jar;C:\Users\kegara\Documents\Netbeans Projects\GymApp\target\work\plugins\tomcat-7.0.54\grails-plugin-tomcat-7.0.54.jar;C:\Users\kegara\.m2\repository\org\apache\tomcat\embed\tomcat-embed-websocket\7.0.53\tomcat-embed-websocket-7.0.53.jar;C:\Users\kegar
Launcher Type: SUN_STANDARD

Environment Variables:
JAVA_HOME=C:\Program Files\Java\jdk1.8.0_11
PATH=C:\ProgramData\Oracle\Java\javapath;C:\Program Files (x86)\Intel\iCLS Client\;C:\Program Files\Intel\iCLS Client\;C:\Windows\system32;C:\Windows;C:\Windows\System32\Wbem;C:\Windows\System32\WindowsPowerShell\v1.0\;C:\Python34\;C:\Python34\Scripts;C:\Program Files\R\R-3.1.1\bin\x64;C:\Program Files\Java\jdk1.8.0_11\bin;C:\Program Files\Intel\Intel(R) Management Engine Components\DAL;C:\Program Files\Intel\Intel(R) Management Engine Components\IPT;C:\Program Files (x86)\Intel\Intel(R) Management Engine Components\DAL;C:\Program Files (x86)\Intel\Intel(R) Management Engine Components\IPT;C:\Program Files\Common Files\Autodesk Shared\;C:\Program Files (x86)\Autodesk\Backburner\;C:\Program Files (x86)\Windows Kits\8.1\Windows Performance Toolkit\;C:\Program Files\Microsoft SQL Server\110\Tools\Binn\;C:\Program Files (x86)\Microsoft SDKs\TypeScript\1.0\;C:\Program Files (x86)\QuickTime\QTSystem\;C:\Program Files\jEdit;C:\Program Files (x86)\Rational\common;C:\Program Files\MiKTeX 2.9\miktex\bin\x64\;C:\Program Files\MATLAB(Campus)\R2014a\bin;C:\Program Files\MATLAB\R2014a\bin;c:\Program Files (x86)\Microsoft SQL Server\100\Tools\Binn\;c:\Program Files\Microsoft SQL Server\100\Tools\Binn\;c:\Program Files\Microsoft SQL Server\100\DTS\Binn\;M:\SOIProfile\My Documents\Groovy\Groovy-2.3.6\bin;C:\Users\kegara\Documents\grails-2.3.11\grails-2.3.11\bin
USERNAME=kegara
OS=Windows_NT
PROCESSOR_IDENTIFIER=Intel64 Family 6 Model 62 Stepping 4, GenuineIntel



---------------  S Y S T E M  ---------------

OS: Windows 8.1 , 64 bit Build 9600 

CPU:total 8 (4 cores per cpu, 2 threads per core) family 6 model 62 stepping 4, cmov, cx8, fxsr, mmx, sse, sse2, sse3, ssse3, sse4.1, sse4.2, popcnt, avx, aes, clmul, erms, ht, tsc, tscinvbit

Memory: 4k page, physical 16699200k(11149452k free), swap 19189568k(13158588k free)

vm_info: Java HotSpot(TM) 64-Bit Server VM (25.11-b03) for windows-amd64 JRE (1.8.0_11-b12), built on Jun 16 2014 20:57:32 by "java_re" with MS VC++ 10.0 (VS2010)

time: Fri Jan 16 05:26:30 2015
elapsed time: 22 seconds

