#
# A fatal error has been detected by the Java Runtime Environment:
#
#  EXCEPTION_ACCESS_VIOLATION (0xc0000005) at pc=0x0000000053814db2, pid=7072, tid=5304
#
# JRE version: Java(TM) SE Runtime Environment (8.0_11-b12) (build 1.8.0_11-b12)
# Java VM: Java HotSpot(TM) 64-Bit Server VM (25.11-b03 mixed mode windows-amd64 compressed oops)
# Problematic frame:
# V  [jvm.dll+0x424db2]
#
# Failed to write core dump. Minidumps are not enabled by default on client versions of Windows
#
# If you would like to submit a bug report, please visit:
#   http://bugreport.sun.com/bugreport/crash.jsp
#

---------------  T H R E A D  ---------------

Current thread (0x0000000016802000):  JavaThread "C2 CompilerThread1" daemon [_thread_in_native, id=5304, stack(0x0000000016da0000,0x0000000016ea0000)]

siginfo: ExceptionCode=0xc0000005, reading address 0x0000000000000000

Registers:
RAX=0x0000000019261b28, RBX=0x0000000000000600, RCX=0x0000000000000000, RDX=0x000000001925d3d0
RSP=0x0000000016e9c2b0, RBP=0x00000000000000c0, RSI=0x00000000000000b8, RDI=0x0000000000000000
R8 =0x00000000533f0000, R9 =0x0000000016e9c5d0, R10=0x00000000ffffffff, R11=0x0000000016826790
R12=0x0000000019262230, R13=0x000000001878dd38, R14=0x0000000000000008, R15=0x000000001878dd38
RIP=0x0000000053814db2, EFLAGS=0x0000000000010206

Top of Stack: (sp=0x0000000016e9c2b0)
0x0000000016e9c2b0:   00000000000000da 00000000000000b0
0x0000000016e9c2c0:   000000000000000a 0000000018c325e0
0x0000000016e9c2d0:   0000000000000001 0000000000000600
0x0000000016e9c2e0:   0000000000000180 00000000000000c0
0x0000000016e9c2f0:   000000001a132960 000000001680f040
0x0000000016e9c300:   0000000000000768 000000001851cfe0
0x0000000016e9c310:   0000000016e9c5d0 000000001925ebb0
0x0000000016e9c320:   0000000000000020 0000000000000009
0x0000000016e9c330:   0000000019262200 00000000000000da
0x0000000016e9c340:   000000001878dd38 000000005381598d
0x0000000016e9c350:   0000000019262200 000000000000001c
0x0000000016e9c360:   00000000000000da 0000000016e9c5d0
0x0000000016e9c370:   000000001925d3d0 00000000000000da
0x0000000016e9c380:   000000001925ebb0 0000000000000020
0x0000000016e9c390:   000000001d661920 0000000016e9e940
0x0000000016e9c3a0:   000000001d661f50 0000000019262200 

Instructions: (pc=0x0000000053814db2)
0x0000000053814d92:   c6 48 63 f0 48 03 f1 eb 04 48 83 ce ff 48 8b 84
0x0000000053814da2:   24 a0 00 00 00 48 8b 40 08 48 8b 3c 03 48 8b cf
0x0000000053814db2:   48 8b 07 ff 50 28 4c 8d 05 41 b2 bd ff 48 63 50
0x0000000053814dc2:   10 4c 8b d8 48 8b ca 48 c1 e1 05 42 80 bc 01 c0 


Register to memory mapping:

RAX=0x0000000019261b28 is an unknown value
RBX=0x0000000000000600 is an unknown value
RCX=0x0000000000000000 is an unknown value
RDX=0x000000001925d3d0 is an unknown value
RSP=0x0000000016e9c2b0 is pointing into the stack for thread: 0x0000000016802000
RBP=0x00000000000000c0 is an unknown value
RSI=0x00000000000000b8 is an unknown value
RDI=0x0000000000000000 is an unknown value
R8 =0x00000000533f0000 is an unknown value
R9 =0x0000000016e9c5d0 is pointing into the stack for thread: 0x0000000016802000
R10=0x00000000ffffffff is an unknown value
R11=0x0000000016826790 is an unknown value
R12=0x0000000019262230 is an unknown value
R13=0x000000001878dd38 is an unknown value
R14=0x0000000000000008 is an unknown value
R15=0x000000001878dd38 is an unknown value


Stack: [0x0000000016da0000,0x0000000016ea0000],  sp=0x0000000016e9c2b0,  free space=1008k
Native frames: (J=compiled Java code, j=interpreted, Vv=VM code, C=native code)
V  [jvm.dll+0x424db2]
V  [jvm.dll+0x42598d]
V  [jvm.dll+0x425ecf]
V  [jvm.dll+0x4c5a84]
V  [jvm.dll+0x4415bc]
V  [jvm.dll+0x443a29]
V  [jvm.dll+0x427722]
V  [jvm.dll+0x96982]
V  [jvm.dll+0x97173]
V  [jvm.dll+0x2234b4]
V  [jvm.dll+0x27bcca]
C  [msvcr100.dll+0x21d9f]
C  [msvcr100.dll+0x21e3b]
C  [KERNEL32.DLL+0x16ad]
C  [ntdll.dll+0x734a5]


Current CompileTask:
C2:  18437 7239       4       groovy.lang.MetaClassImpl::findPropertyMethod (356 bytes)


---------------  P R O C E S S  ---------------

Java Threads: ( => current thread )
  0x000000001a367800 JavaThread "com.zola.gym.Role.data" daemon [_thread_blocked, id=4744, stack(0x000000001c220000,0x000000001c320000)]
  0x000000001a367000 JavaThread "net.sf.ehcache.CacheManager@115c4c21" daemon [_thread_blocked, id=3660, stack(0x000000001fd10000,0x000000001fe10000)]
  0x000000001a366000 JavaThread "PoolCleaner[909074432:1421294051897]" daemon [_thread_blocked, id=4632, stack(0x000000001ccb0000,0x000000001cdb0000)]
  0x000000001af93800 JavaThread "FileSystemWatcher: files=#554 cl=groovy.lang.GroovyClassLoader@362f6000" daemon [_thread_blocked, id=7000, stack(0x000000001c5b0000,0x000000001c6b0000)]
  0x000000001afd8000 JavaThread "Thread-4" daemon [_thread_in_native, id=6764, stack(0x000000001c120000,0x000000001c220000)]
  0x0000000019828800 JavaThread "localhost-startStop-1" daemon [_thread_in_Java, id=5984, stack(0x000000001c020000,0x000000001c120000)]
  0x000000001aeb1000 JavaThread "Tomcat-startStop-1" daemon [_thread_blocked, id=5944, stack(0x000000001bf20000,0x000000001c020000)]
  0x000000001ad72800 JavaThread "Thread-3" [_thread_in_native, id=6928, stack(0x000000001bc20000,0x000000001bd20000)]
  0x00000000186ab000 JavaThread "Thread-2" [_thread_blocked, id=4360, stack(0x0000000018170000,0x0000000018270000)]
  0x0000000017795800 JavaThread "NonBlockingInputStreamThread" daemon [_thread_blocked, id=7056, stack(0x0000000017e70000,0x0000000017f70000)]
  0x0000000016982000 JavaThread "Service Thread" daemon [_thread_blocked, id=4292, stack(0x00000000170a0000,0x00000000171a0000)]
  0x0000000016805800 JavaThread "C1 CompilerThread3" daemon [_thread_in_vm, id=5412, stack(0x0000000016fa0000,0x00000000170a0000)]
  0x0000000016803000 JavaThread "C2 CompilerThread2" daemon [_thread_in_native, id=5340, stack(0x0000000016ea0000,0x0000000016fa0000)]
=>0x0000000016802000 JavaThread "C2 CompilerThread1" daemon [_thread_in_native, id=5304, stack(0x0000000016da0000,0x0000000016ea0000)]
  0x0000000016807800 JavaThread "C2 CompilerThread0" daemon [_thread_in_native, id=5276, stack(0x0000000016ca0000,0x0000000016da0000)]
  0x00000000166ca800 JavaThread "Attach Listener" daemon [_thread_blocked, id=5280, stack(0x0000000016ba0000,0x0000000016ca0000)]
  0x00000000166c9800 JavaThread "Signal Dispatcher" daemon [_thread_blocked, id=6656, stack(0x0000000016aa0000,0x0000000016ba0000)]
  0x00000000146bc000 JavaThread "Finalizer" daemon [_thread_blocked, id=3600, stack(0x00000000165a0000,0x00000000166a0000)]
  0x00000000146bb000 JavaThread "Reference Handler" daemon [_thread_blocked, id=3960, stack(0x00000000164a0000,0x00000000165a0000)]
  0x0000000002355000 JavaThread "main" [_thread_blocked, id=4960, stack(0x00000000020f0000,0x00000000021f0000)]

Other Threads:
  0x00000000146b7000 VMThread [stack: 0x00000000163a0000,0x00000000164a0000] [id=6384]
  0x0000000016985000 WatcherThread [stack: 0x00000000171a0000,0x00000000172a0000] [id=7128]

VM state:not at safepoint (normal execution)

VM Mutex/Monitor currently owned by a thread:  ([mutex/lock_event])
[0x0000000002353060] CompiledIC_lock - owner thread: 0x0000000016805800

Heap:
 PSYoungGen      total 181248K, used 163799K [0x00000000f0000000, 0x0000000100000000, 0x0000000100000000)
  eden space 120832K, 85% used [0x00000000f0000000,0x00000000f64fb9d8,0x00000000f7600000)
  from space 60416K, 99% used [0x00000000fc500000,0x00000000ffffa440,0x0000000100000000)
  to   space 70656K, 0% used [0x00000000f7600000,0x00000000f7600000,0x00000000fbb00000)
 ParOldGen       total 130048K, used 111094K [0x00000000d0000000, 0x00000000d7f00000, 0x00000000f0000000)
  object space 130048K, 85% used [0x00000000d0000000,0x00000000d6c7dbf8,0x00000000d7f00000)
 Metaspace       used 74119K, capacity 76632K, committed 76800K, reserved 1118208K
  class space    used 7305K, capacity 8093K, committed 8192K, reserved 1048576K

Card table byte_map: [0x00000000118c0000,0x0000000011a50000] byte_map_base: 0x0000000011240000

Marking Bits: (ParMarkBitMap*) 0x0000000053ba12b0
 Begin Bits: [0x0000000012350000, 0x0000000012f50000)
 End Bits:   [0x0000000012f50000, 0x0000000013b50000)

Polling page: 0x0000000000880000

CodeCache: size=245760Kb used=27199Kb max_used=27347Kb free=218560Kb
 bounds [0x0000000002500000, 0x0000000003fe0000, 0x0000000011500000]
 total_blobs=6882 nmethods=6139 adapters=653
 compilation: enabled

Compilation events (10 events):
Event: 18.387 Thread 0x0000000016807800 nmethod 7235 0x000000000260b7d0 code [0x000000000260b920, 0x000000000260ba58]
Event: 18.388 Thread 0x0000000016807800 7237       4       groovy.lang.MetaClassImpl$1MOPIter::methodNameAction (482 bytes)
Event: 18.400 Thread 0x0000000016802000 nmethod 7232 0x0000000003fd0010 code [0x0000000003fd02a0, 0x0000000003fd13e8]
Event: 18.401 Thread 0x0000000016802000 7239       4       groovy.lang.MetaClassImpl::findPropertyMethod (356 bytes)
Event: 18.401 Thread 0x0000000016805800 7242       2       groovy.lang.MetaClassImpl::searchInterfacesForMetaMethod (120 bytes)
Event: 18.402 Thread 0x0000000016805800 nmethod 7242 0x000000000269b010 code [0x000000000269b1e0, 0x000000000269b558]
Event: 18.412 Thread 0x0000000016805800 7245       1       org.codehaus.groovy.grails.commons.AbstractGrailsClass::getName (5 bytes)
Event: 18.412 Thread 0x0000000016805800 nmethod 7245 0x0000000003f10550 code [0x0000000003f106a0, 0x0000000003f107b0]
Event: 18.417 Thread 0x0000000016803000 nmethod 7230 0x00000000029e92d0 code [0x00000000029e9620, 0x00000000029eb340]
Event: 18.418 Thread 0x0000000016803000 7243       4       groovy.lang.MetaClassImpl$1MOPIter::processFastArray (210 bytes)

GC Heap History (10 events):
Event: 15.038 GC heap before
{Heap before GC invocations=87 (full 9):
 PSYoungGen      total 208896K, used 199053K [0x00000000f0000000, 0x0000000100000000, 0x0000000100000000)
  eden space 167936K, 100% used [0x00000000f0000000,0x00000000fa400000,0x00000000fa400000)
  from space 40960K, 75% used [0x00000000fa400000,0x00000000fc263598,0x00000000fcc00000)
  to   space 50176K, 0% used [0x00000000fcf00000,0x00000000fcf00000,0x0000000100000000)
 ParOldGen       total 130048K, used 103734K [0x00000000d0000000, 0x00000000d7f00000, 0x00000000f0000000)
  object space 130048K, 79% used [0x00000000d0000000,0x00000000d654d820,0x00000000d7f00000)
 Metaspace       used 66007K, capacity 67480K, committed 67968K, reserved 1110016K
  class space    used 6473K, capacity 6947K, committed 7040K, reserved 1048576K
Event: 15.068 GC heap after
Heap after GC invocations=87 (full 9):
 PSYoungGen      total 209920K, used 36407K [0x00000000f0000000, 0x0000000100000000, 0x0000000100000000)
  eden space 159744K, 0% used [0x00000000f0000000,0x00000000f0000000,0x00000000f9c00000)
  from space 50176K, 72% used [0x00000000fcf00000,0x00000000ff28df38,0x0000000100000000)
  to   space 51200K, 0% used [0x00000000f9c00000,0x00000000f9c00000,0x00000000fce00000)
 ParOldGen       total 130048K, used 103742K [0x00000000d0000000, 0x00000000d7f00000, 0x00000000f0000000)
  object space 130048K, 79% used [0x00000000d0000000,0x00000000d654f820,0x00000000d7f00000)
 Metaspace       used 66007K, capacity 67480K, committed 67968K, reserved 1110016K
  class space    used 6473K, capacity 6947K, committed 7040K, reserved 1048576K
}
Event: 15.574 GC heap before
{Heap before GC invocations=88 (full 9):
 PSYoungGen      total 209920K, used 196151K [0x00000000f0000000, 0x0000000100000000, 0x0000000100000000)
  eden space 159744K, 100% used [0x00000000f0000000,0x00000000f9c00000,0x00000000f9c00000)
  from space 50176K, 72% used [0x00000000fcf00000,0x00000000ff28df38,0x0000000100000000)
  to   space 51200K, 0% used [0x00000000f9c00000,0x00000000f9c00000,0x00000000fce00000)
 ParOldGen       total 130048K, used 103742K [0x00000000d0000000, 0x00000000d7f00000, 0x00000000f0000000)
  object space 130048K, 79% used [0x00000000d0000000,0x00000000d654f820,0x00000000d7f00000)
 Metaspace       used 67480K, capacity 68912K, committed 69120K, reserved 1112064K
  class space    used 6686K, capacity 7144K, committed 7168K, reserved 1048576K
Event: 15.593 GC heap after
Heap after GC invocations=88 (full 9):
 PSYoungGen      total 200192K, used 40115K [0x00000000f0000000, 0x0000000100000000, 0x0000000100000000)
  eden space 159744K, 0% used [0x00000000f0000000,0x00000000f0000000,0x00000000f9c00000)
  from space 40448K, 99% used [0x00000000f9c00000,0x00000000fc32cee8,0x00000000fc380000)
  to   space 53248K, 0% used [0x00000000fcc00000,0x00000000fcc00000,0x0000000100000000)
 ParOldGen       total 130048K, used 107476K [0x00000000d0000000, 0x00000000d7f00000, 0x00000000f0000000)
  object space 130048K, 82% used [0x00000000d0000000,0x00000000d68f51f8,0x00000000d7f00000)
 Metaspace       used 67480K, capacity 68912K, committed 69120K, reserved 1112064K
  class space    used 6686K, capacity 7144K, committed 7168K, reserved 1048576K
}
Event: 16.222 GC heap before
{Heap before GC invocations=89 (full 9):
 PSYoungGen      total 200192K, used 190262K [0x00000000f0000000, 0x0000000100000000, 0x0000000100000000)
  eden space 159744K, 93% used [0x00000000f0000000,0x00000000f92a0c18,0x00000000f9c00000)
  from space 40448K, 99% used [0x00000000f9c00000,0x00000000fc32cee8,0x00000000fc380000)
  to   space 53248K, 0% used [0x00000000fcc00000,0x00000000fcc00000,0x0000000100000000)
 ParOldGen       total 130048K, used 107476K [0x00000000d0000000, 0x00000000d7f00000, 0x00000000f0000000)
  object space 130048K, 82% used [0x00000000d0000000,0x00000000d68f51f8,0x00000000d7f00000)
 Metaspace       used 69326K, capacity 70954K, committed 71168K, reserved 1114112K
  class space    used 6811K, capacity 7306K, committed 7424K, reserved 1048576K
Event: 16.248 GC heap after
Heap after GC invocations=89 (full 9):
 PSYoungGen      total 200704K, used 47277K [0x00000000f0000000, 0x0000000100000000, 0x0000000100000000)
  eden space 147456K, 0% used [0x00000000f0000000,0x00000000f0000000,0x00000000f9000000)
  from space 53248K, 88% used [0x00000000fcc00000,0x00000000ffa2b618,0x0000000100000000)
  to   space 57344K, 0% used [0x00000000f9000000,0x00000000f9000000,0x00000000fc800000)
 ParOldGen       total 130048K, used 108456K [0x00000000d0000000, 0x00000000d7f00000, 0x00000000f0000000)
  object space 130048K, 83% used [0x00000000d0000000,0x00000000d69ea3a8,0x00000000d7f00000)
 Metaspace       used 69326K, capacity 70954K, committed 71168K, reserved 1114112K
  class space    used 6811K, capacity 7306K, committed 7424K, reserved 1048576K
}
Event: 16.806 GC heap before
{Heap before GC invocations=90 (full 9):
 PSYoungGen      total 200704K, used 194733K [0x00000000f0000000, 0x0000000100000000, 0x0000000100000000)
  eden space 147456K, 100% used [0x00000000f0000000,0x00000000f9000000,0x00000000f9000000)
  from space 53248K, 88% used [0x00000000fcc00000,0x00000000ffa2b618,0x0000000100000000)
  to   space 57344K, 0% used [0x00000000f9000000,0x00000000f9000000,0x00000000fc800000)
 ParOldGen       total 130048K, used 108456K [0x00000000d0000000, 0x00000000d7f00000, 0x00000000f0000000)
  object space 130048K, 83% used [0x00000000d0000000,0x00000000d69ea3a8,0x00000000d7f00000)
 Metaspace       used 71186K, capacity 72816K, committed 73088K, reserved 1114112K
  class space    used 6950K, capacity 7491K, committed 7552K, reserved 1048576K
Event: 16.832 GC heap after
Heap after GC invocations=90 (full 9):
 PSYoungGen      total 201728K, used 54078K [0x00000000f0000000, 0x0000000100000000, 0x0000000100000000)
  eden space 147456K, 0% used [0x00000000f0000000,0x00000000f0000000,0x00000000f9000000)
  from space 54272K, 99% used [0x00000000f9000000,0x00000000fc4cf808,0x00000000fc500000)
  to   space 60416K, 0% used [0x00000000fc500000,0x00000000fc500000,0x0000000100000000)
 ParOldGen       total 130048K, used 109351K [0x00000000d0000000, 0x00000000d7f00000, 0x00000000f0000000)
  object space 130048K, 84% used [0x00000000d0000000,0x00000000d6ac9c38,0x00000000d7f00000)
 Metaspace       used 71186K, capacity 72816K, committed 73088K, reserved 1114112K
  class space    used 6950K, capacity 7491K, committed 7552K, reserved 1048576K
}
Event: 17.595 GC heap before
{Heap before GC invocations=91 (full 9):
 PSYoungGen      total 201728K, used 201534K [0x00000000f0000000, 0x0000000100000000, 0x0000000100000000)
  eden space 147456K, 100% used [0x00000000f0000000,0x00000000f9000000,0x00000000f9000000)
  from space 54272K, 99% used [0x00000000f9000000,0x00000000fc4cf808,0x00000000fc500000)
  to   space 60416K, 0% used [0x00000000fc500000,0x00000000fc500000,0x0000000100000000)
 ParOldGen       total 130048K, used 109351K [0x00000000d0000000, 0x00000000d7f00000, 0x00000000f0000000)
  object space 130048K, 84% used [0x00000000d0000000,0x00000000d6ac9c38,0x00000000d7f00000)
 Metaspace       used 73616K, capacity 75966K, committed 76160K, reserved 1118208K
  class space    used 7242K, capacity 7977K, committed 8064K, reserved 1048576K
Event: 17.624 GC heap after
Heap after GC invocations=91 (full 9):
 PSYoungGen      total 181248K, used 60393K [0x00000000f0000000, 0x0000000100000000, 0x0000000100000000)
  eden space 120832K, 0% used [0x00000000f0000000,0x00000000f0000000,0x00000000f7600000)
  from space 60416K, 99% used [0x00000000fc500000,0x00000000ffffa440,0x0000000100000000)
  to   space 70656K, 0% used [0x00000000f7600000,0x00000000f7600000,0x00000000fbb00000)
 ParOldGen       total 130048K, used 111094K [0x00000000d0000000, 0x00000000d7f00000, 0x00000000f0000000)
  object space 130048K, 85% used [0x00000000d0000000,0x00000000d6c7dbf8,0x00000000d7f00000)
 Metaspace       used 73616K, capacity 75966K, committed 76160K, reserved 1118208K
  class space    used 7242K, capacity 7977K, committed 8064K, reserved 1048576K
}

Deoptimization events (10 events):
Event: 17.952 Thread 0x0000000019828800 Uncommon trap: reason=bimorphic action=maybe_recompile pc=0x0000000003e16ab8 method=groovy.lang.MetaClassImpl.chooseMethodInternal(Ljava/lang/String;Ljava/lang/Object;[Ljava/lang/Class;)Ljava/lang/Object; @ 12
Event: 17.953 Thread 0x0000000019828800 Uncommon trap: reason=class_check action=maybe_recompile pc=0x0000000003ecaeac method=org.codehaus.groovy.runtime.typehandling.DefaultTypeTransformation.compareToWithEqualityCheck(Ljava/lang/Object;Ljava/lang/Object;Z)I @ 73
Event: 17.953 Thread 0x0000000019828800 Uncommon trap: reason=null_check action=make_not_entrant pc=0x0000000003d03ef0 method=org.codehaus.groovy.reflection.ReflectionCache.isAssignableFrom(Ljava/lang/Class;Ljava/lang/Class;)Z @ 9
Event: 17.967 Thread 0x0000000019828800 Uncommon trap: reason=class_check action=maybe_recompile pc=0x0000000003ecaeac method=org.codehaus.groovy.runtime.typehandling.DefaultTypeTransformation.compareToWithEqualityCheck(Ljava/lang/Object;Ljava/lang/Object;Z)I @ 73
Event: 17.983 Thread 0x0000000019828800 Uncommon trap: reason=bimorphic action=maybe_recompile pc=0x0000000003e16ab8 method=groovy.lang.MetaClassImpl.chooseMethodInternal(Ljava/lang/String;Ljava/lang/Object;[Ljava/lang/Class;)Ljava/lang/Object; @ 12
Event: 18.019 Thread 0x0000000019828800 Uncommon trap: reason=class_check action=maybe_recompile pc=0x0000000003ecaeac method=org.codehaus.groovy.runtime.typehandling.DefaultTypeTransformation.compareToWithEqualityCheck(Ljava/lang/Object;Ljava/lang/Object;Z)I @ 73
Event: 18.022 Thread 0x0000000019828800 Uncommon trap: reason=class_check action=maybe_recompile pc=0x0000000003ecae9c method=org.codehaus.groovy.runtime.typehandling.DefaultTypeTransformation.compareToWithEqualityCheck(Ljava/lang/Object;Ljava/lang/Object;Z)I @ 66
Event: 18.027 Thread 0x0000000019828800 Uncommon trap: reason=class_check action=maybe_recompile pc=0x0000000003ecae9c method=org.codehaus.groovy.runtime.typehandling.DefaultTypeTransformation.compareToWithEqualityCheck(Ljava/lang/Object;Ljava/lang/Object;Z)I @ 66
Event: 18.062 Thread 0x0000000019828800 Uncommon trap: reason=null_check action=make_not_entrant pc=0x0000000003f2a13c method=org.codehaus.groovy.runtime.typehandling.DefaultTypeTransformation.castToType(Ljava/lang/Object;Ljava/lang/Class;)Ljava/lang/Object; @ 52
Event: 18.297 Thread 0x0000000019828800 Uncommon trap: reason=null_check action=make_not_entrant pc=0x0000000003f57a30 method=org.codehaus.groovy.runtime.typehandling.DefaultTypeTransformation.castToType(Ljava/lang/Object;Ljava/lang/Class;)Ljava/lang/Object; @ 340

Internal exceptions (10 events):
Event: 18.404 Thread 0x0000000019828800 Exception <a 'java/security/PrivilegedActionException'> (0x00000000f5ccab10) thrown at [C:\re\workspace\8-2-build-windows-amd64-cygwin\jdk8u11\648\hotspot\src\share\vm\prims\jvm.cpp, line 1248]
Event: 18.404 Thread 0x0000000019828800 Exception <a 'java/lang/ClassNotFoundException': org/codehaus/groovy/grails/plugins/web/ControllersGrailsPlugin$_closure3_closure21BeanInfo> (0x00000000f5ccb5c8) thrown at [C:\re\workspace\8-2-build-windows-amd64-cygwin\jdk8u11\648\hotspot\src\share\vm\cla
Event: 18.404 Thread 0x0000000019828800 Exception <a 'java/security/PrivilegedActionException'> (0x00000000f5ccc750) thrown at [C:\re\workspace\8-2-build-windows-amd64-cygwin\jdk8u11\648\hotspot\src\share\vm\prims\jvm.cpp, line 1248]
Event: 18.404 Thread 0x0000000019828800 Exception <a 'java/security/PrivilegedActionException'> (0x00000000f5cd1cd0) thrown at [C:\re\workspace\8-2-build-windows-amd64-cygwin\jdk8u11\648\hotspot\src\share\vm\prims\jvm.cpp, line 1248]
Event: 18.405 Thread 0x0000000019828800 Exception <a 'java/security/PrivilegedActionException'> (0x00000000f5ce6d20) thrown at [C:\re\workspace\8-2-build-windows-amd64-cygwin\jdk8u11\648\hotspot\src\share\vm\prims\jvm.cpp, line 1248]
Event: 18.405 Thread 0x0000000019828800 Exception <a 'java/security/PrivilegedActionException'> (0x00000000f5d01948) thrown at [C:\re\workspace\8-2-build-windows-amd64-cygwin\jdk8u11\648\hotspot\src\share\vm\prims\jvm.cpp, line 1248]
Event: 18.405 Thread 0x0000000019828800 Exception <a 'java/security/PrivilegedActionException'> (0x00000000f5d06ec8) thrown at [C:\re\workspace\8-2-build-windows-amd64-cygwin\jdk8u11\648\hotspot\src\share\vm\prims\jvm.cpp, line 1248]
Event: 18.405 Thread 0x0000000019828800 Exception <a 'java/security/PrivilegedActionException'> (0x00000000f5d1bf18) thrown at [C:\re\workspace\8-2-build-windows-amd64-cygwin\jdk8u11\648\hotspot\src\share\vm\prims\jvm.cpp, line 1248]
Event: 18.405 Thread 0x0000000019828800 Exception <a 'java/security/PrivilegedActionException'> (0x00000000f5d4ad90) thrown at [C:\re\workspace\8-2-build-windows-amd64-cygwin\jdk8u11\648\hotspot\src\share\vm\prims\jvm.cpp, line 1248]
Event: 18.405 Thread 0x0000000019828800 Exception <a 'java/lang/ClassNotFoundException': org/codehaus/groovy/grails/plugins/web/ControllersGrailsPlugin$_closure3_closure21Customizer> (0x00000000f5d4b848) thrown at [C:\re\workspace\8-2-build-windows-amd64-cygwin\jdk8u11\648\hotspot\src\share\vm\c¢Q›{g2@

Events (10 events):
Event: 18.413 Thread 0x0000000016805800 flushing nmethod 0x0000000002b8edd0
Event: 18.413 Thread 0x0000000016805800 flushing nmethod 0x0000000002c12e50
Event: 18.417 Thread 0x0000000016803000 flushing nmethod 0x0000000002c28110
Event: 18.417 Thread 0x0000000016803000 flushing nmethod 0x0000000002c44fd0
Event: 18.417 Thread 0x0000000016803000 flushing nmethod 0x0000000002c45e10
Event: 18.417 Thread 0x0000000016803000 flushing nmethod 0x0000000002c4a2d0
Event: 18.417 Thread 0x0000000016803000 flushing nmethod 0x0000000002c4e510
Event: 18.417 Thread 0x0000000016803000 flushing nmethod 0x0000000002cf3e90
Event: 18.417 Thread 0x0000000016803000 flushing nmethod 0x0000000002d35a90
Event: 18.417 Thread 0x0000000016803000 flushing nmethod 0x0000000002d39150


Dynamic libraries:
0x00007ff6a53c0000 - 0x00007ff6a53f4000 	C:\Program Files\Java\jdk1.8.0_11\bin\java.exe
0x00007ffb621c0000 - 0x00007ffb6236a000 	C:\Windows\SYSTEM32\ntdll.dll
0x00007ffb60270000 - 0x00007ffb603aa000 	C:\Windows\system32\KERNEL32.DLL
0x00007ffb5f8e0000 - 0x00007ffb5f9ef000 	C:\Windows\system32\KERNELBASE.dll
0x00007ffb5ccf0000 - 0x00007ffb5cd78000 	C:\Windows\system32\apphelp.dll
0x00007ffb55020000 - 0x00007ffb5506f000 	C:\Windows\AppPatch\AppPatch64\AcGenral.DLL
0x00007ffb60470000 - 0x00007ffb60517000 	C:\Windows\system32\msvcrt.dll
0x00007ffb5f3e0000 - 0x00007ffb5f40b000 	C:\Windows\SYSTEM32\SspiCli.dll
0x00007ffb62120000 - 0x00007ffb62171000 	C:\Windows\system32\SHLWAPI.dll
0x00007ffb5fe30000 - 0x00007ffb5ffa1000 	C:\Windows\system32\USER32.dll
0x00007ffb5ffd0000 - 0x00007ffb60148000 	C:\Windows\system32\ole32.dll
0x00007ffb60b90000 - 0x00007ffb61fb0000 	C:\Windows\system32\SHELL32.dll
0x00007ffb5ebc0000 - 0x00007ffb5ebde000 	C:\Windows\SYSTEM32\USERENV.dll
0x00007ffb60150000 - 0x00007ffb601f5000 	C:\Windows\system32\ADVAPI32.dll
0x00007ffb58af0000 - 0x00007ffb58b0b000 	C:\Windows\SYSTEM32\MPR.dll
0x00007ffb5fcd0000 - 0x00007ffb5fe07000 	C:\Windows\system32\RPCRT4.dll
0x00007ffb60200000 - 0x00007ffb60257000 	C:\Windows\SYSTEM32\sechost.dll
0x00007ffb607d0000 - 0x00007ffb609a6000 	C:\Windows\SYSTEM32\combase.dll
0x00007ffb5fb80000 - 0x00007ffb5fcc4000 	C:\Windows\system32\GDI32.dll
0x00007ffb5f530000 - 0x00007ffb5f544000 	C:\Windows\SYSTEM32\profapi.dll
0x00007ffb5e130000 - 0x00007ffb5e1cf000 	C:\Windows\SYSTEM32\SHCORE.dll
0x00007ffb62180000 - 0x00007ffb621b4000 	C:\Windows\system32\IMM32.DLL
0x00007ffb5fa40000 - 0x00007ffb5fb79000 	C:\Windows\system32\MSCTF.dll
0x00007ffb5da70000 - 0x00007ffb5dcca000 	C:\Windows\WinSxS\amd64_microsoft.windows.common-controls_6595b64144ccf1df_6.0.9600.17031_none_6242a4b3ecbb55a1\COMCTL32.dll
0x0000000053d40000 - 0x0000000053e12000 	C:\Program Files\Java\jdk1.8.0_11\jre\bin\msvcr100.dll
0x00000000533f0000 - 0x0000000053c1a000 	C:\Program Files\Java\jdk1.8.0_11\jre\bin\server\jvm.dll
0x00007ffb57bb0000 - 0x00007ffb57bb9000 	C:\Windows\SYSTEM32\WSOCK32.dll
0x00007ffb5dcd0000 - 0x00007ffb5dcef000 	C:\Windows\SYSTEM32\WINMM.dll
0x00007ffb60260000 - 0x00007ffb60267000 	C:\Windows\system32\PSAPI.DLL
0x00007ffb603b0000 - 0x00007ffb60408000 	C:\Windows\system32\WS2_32.dll
0x00007ffb5da10000 - 0x00007ffb5da3a000 	C:\Windows\SYSTEM32\WINMMBASE.dll
0x00007ffb60520000 - 0x00007ffb60529000 	C:\Windows\system32\NSI.dll
0x00007ffb5f9f0000 - 0x00007ffb5fa3a000 	C:\Windows\SYSTEM32\cfgmgr32.dll
0x00007ffb5e3c0000 - 0x00007ffb5e3e6000 	C:\Windows\SYSTEM32\DEVOBJ.dll
0x00000000533e0000 - 0x00000000533ef000 	C:\Program Files\Java\jdk1.8.0_11\jre\bin\verify.dll
0x00000000533b0000 - 0x00000000533d8000 	C:\Program Files\Java\jdk1.8.0_11\jre\bin\java.dll
0x0000000054020000 - 0x0000000054043000 	C:\Program Files\Java\jdk1.8.0_11\jre\bin\instrument.dll
0x0000000053390000 - 0x00000000533a6000 	C:\Program Files\Java\jdk1.8.0_11\jre\bin\zip.dll
0x00007ffb5eec0000 - 0x00007ffb5eede000 	C:\Windows\SYSTEM32\CRYPTSP.dll
0x00007ffb5eab0000 - 0x00007ffb5eae5000 	C:\Windows\system32\rsaenh.dll
0x00007ffb5f0f0000 - 0x00007ffb5f116000 	C:\Windows\SYSTEM32\bcrypt.dll
0x00007ffb5f410000 - 0x00007ffb5f470000 	C:\Windows\system32\bcryptprimitives.dll
0x00007ffb5f470000 - 0x00007ffb5f47a000 	C:\Windows\SYSTEM32\CRYPTBASE.dll
0x0000000053370000 - 0x000000005338a000 	C:\Program Files\Java\jdk1.8.0_11\jre\bin\net.dll
0x00007ffb5ee60000 - 0x00007ffb5eeb8000 	C:\Windows\system32\mswsock.dll
0x00007ffb597d0000 - 0x00007ffb597f9000 	C:\Windows\SYSTEM32\IPHLPAPI.DLL
0x00007ffb597a0000 - 0x00007ffb597aa000 	C:\Windows\SYSTEM32\WINNSI.DLL
0x00007ffb59640000 - 0x00007ffb59654000 	C:\Windows\SYSTEM32\dhcpcsvc6.DLL
0x00007ffb59620000 - 0x00007ffb59639000 	C:\Windows\SYSTEM32\dhcpcsvc.DLL
0x0000000053350000 - 0x0000000053361000 	C:\Program Files\Java\jdk1.8.0_11\jre\bin\nio.dll
0x00007ffb580b0000 - 0x00007ffb580ba000 	C:\Users\kegara\AppData\Local\Temp\jansi-64-8983254690473022066.dll
0x0000000053100000 - 0x000000005310d000 	C:\Program Files\Java\jdk1.8.0_11\jre\bin\management.dll
0x00007ffb567e0000 - 0x00007ffb567f4000 	C:\Windows\system32\napinsp.dll
0x00007ffb567a0000 - 0x00007ffb567b9000 	C:\Windows\system32\pnrpnsp.dll
0x00007ffb5a520000 - 0x00007ffb5a539000 	C:\Windows\system32\NLAapi.dll
0x00007ffb5ec70000 - 0x00007ffb5ed13000 	C:\Windows\SYSTEM32\DNSAPI.dll
0x00007ffb56780000 - 0x00007ffb5678c000 	C:\Windows\System32\winrnr.dll
0x00007ffb574f0000 - 0x00007ffb574f9000 	C:\Windows\System32\rasadhlp.dll
0x00007ffb59560000 - 0x00007ffb595c8000 	C:\Windows\System32\fwpuclnt.dll
0x00007ffb56a40000 - 0x00007ffb56bc8000 	C:\Windows\SYSTEM32\dbghelp.dll

VM Arguments:
jvm_args: -Dfile.encoding=UTF-8 -Xmx768M -Xms64M -Dgrails.fork.parent.process.port=4583 -Dgrails.fork.active=true -Dgrails.build.execution.context=C:\Users\kegara\AppData\Local\Temp\GymApp8461407901527975131grails-execution-context -Dgrails.home=C:\Users\kegara\Documents\grails-2.3.11\grails-2.3.11 -javaagent:C:\Users\kegara\Documents\grails-2.3.11\grails-2.3.11\lib\org.springframework\springloaded\jars\springloaded-1.2.0.RELEASE.jar -Xverify:none -Dspringloaded.synchronize=true -Djdk.reflect.allowGetCallerClass=true -Dspringloaded=profile=grails;cacheDir=C:\Users\kegara/.grails/2.3.11/ 
java_command: org.grails.plugins.tomcat.fork.ForkedTomcatServer
java_class_path (initial): C:\Program Files\Java\jdk1.8.0_11\lib\tools.jar;C:\Users\kegara\Documents\grails-2.3.11\grails-2.3.11\lib\org.codehaus.groovy\groovy-all\jars\groovy-all-2.1.9.jar;C:\Users\kegara\Documents\grails-2.3.11\grails-2.3.11\lib\org.slf4j\jcl-over-slf4j\jars\jcl-over-slf4j-1.7.5.jar;C:\Users\kegara\Documents\grails-2.3.11\grails-2.3.11\lib\org.codehaus.gant\gant_groovy1.8\jars\gant_groovy1.8-1.9.6.jar;C:\Users\kegara\Documents\grails-2.3.11\grails-2.3.11\lib\org.apache.tomcat.embed\tomcat-embed-logging-log4j\jars\tomcat-embed-logging-log4j-7.0.50.jar;C:\Users\kegara\Documents\grails-2.3.11\grails-2.3.11\dist\grails-plugin-log4j-2.3.11.jar;C:\Users\kegara\Documents\grails-2.3.11\grails-2.3.11\lib\log4j\log4j\jars\log4j-1.2.17.jar;C:\Users\kegara\Documents\grails-2.3.11\grails-2.3.11\dist\grails-bootstrap-2.3.11.jar;C:\Users\kegara\Documents\grails-2.3.11\grails-2.3.11\lib\org.slf4j\slf4j-api\jars\slf4j-api-1.7.5.jar;C:\Users\kegara\Documents\grails-2.3.11\grails-2.3.11\lib\jline\jline\jars\jline-2.12.jar;C:\Users\kegara\Documents\grails-2.3.11\grails-2.3.11\lib\org.apache.ant\ant\jars\ant-1.8.4.jar;C:\Users\kegara\Documents\grails-2.3.11\grails-2.3.11\lib\org.apache.ant\ant-launcher\jars\ant-launcher-1.8.4.jar;C:\Users\kegara\Documents\grails-2.3.11\grails-2.3.11\lib\org.apache.ant\ant-trax\jars\ant-trax-1.7.1.jar;C:\Users\kegara\Documents\grails-2.3.11\grails-2.3.11\lib\org.apache.ant\ant-junit\jars\ant-junit-1.8.4.jar;C:\Users\kegara\Documents\grails-2.3.11\grails-2.3.11\lib\org.apache.ivy\ivy\jars\ivy-2.3.0.jar;C:\Users\kegara\Documents\grails-2.3.11\grails-2.3.11\lib\org.fusesource.jansi\jansi\jars\jansi-1.11.jar;C:\Users\kegara\.m2\repository\org\eclipse\jdt\core\compiler\ecj\3.7.2\ecj-3.7.2.jar;C:\Users\kegara\Documents\Netbeans Projects\GymApp\target\work\plugins\tomcat-7.0.54\grails-plugin-tomcat-7.0.54.jar;C:\Users\kegara\.m2\repository\org\apache\tomcat\embed\tomcat-embed-websocket\7.0.53\tomcat-embed-websocket-7.0.53.jar;C:\Users\kegar
Launcher Type: SUN_STANDARD

Environment Variables:
JAVA_HOME=C:\Program Files\Java\jdk1.8.0_11
PATH=C:\ProgramData\Oracle\Java\javapath;C:\Program Files (x86)\Intel\iCLS Client\;C:\Program Files\Intel\iCLS Client\;C:\Windows\system32;C:\Windows;C:\Windows\System32\Wbem;C:\Windows\System32\WindowsPowerShell\v1.0\;C:\Python34\;C:\Python34\Scripts;C:\Program Files\R\R-3.1.1\bin\x64;C:\Program Files\Java\jdk1.8.0_11\bin;C:\Program Files\Intel\Intel(R) Management Engine Components\DAL;C:\Program Files\Intel\Intel(R) Management Engine Components\IPT;C:\Program Files (x86)\Intel\Intel(R) Management Engine Components\DAL;C:\Program Files (x86)\Intel\Intel(R) Management Engine Components\IPT;C:\Program Files\Common Files\Autodesk Shared\;C:\Program Files (x86)\Autodesk\Backburner\;C:\Program Files (x86)\Windows Kits\8.1\Windows Performance Toolkit\;C:\Program Files\Microsoft SQL Server\110\Tools\Binn\;C:\Program Files (x86)\Microsoft SDKs\TypeScript\1.0\;C:\Program Files (x86)\QuickTime\QTSystem\;C:\Program Files\jEdit;C:\Program Files (x86)\Rational\common;C:\Program Files\MiKTeX 2.9\miktex\bin\x64\;C:\Program Files\MATLAB(Campus)\R2014a\bin;C:\Program Files\MATLAB\R2014a\bin;c:\Program Files (x86)\Microsoft SQL Server\100\Tools\Binn\;c:\Program Files\Microsoft SQL Server\100\Tools\Binn\;c:\Program Files\Microsoft SQL Server\100\DTS\Binn\;M:\SOIProfile\My Documents\Groovy\Groovy-2.3.6\bin
USERNAME=kegara
OS=Windows_NT
PROCESSOR_IDENTIFIER=Intel64 Family 6 Model 62 Stepping 4, GenuineIntel



---------------  S Y S T E M  ---------------

OS: Windows 8.1 , 64 bit Build 9600 

CPU:total 8 (4 cores per cpu, 2 threads per core) family 6 model 62 stepping 4, cmov, cx8, fxsr, mmx, sse, sse2, sse3, ssse3, sse4.1, sse4.2, popcnt, avx, aes, clmul, erms, ht, tsc, tscinvbit

Memory: 4k page, physical 16699200k(10874556k free), swap 19189568k(12578320k free)

vm_info: Java HotSpot(TM) 64-Bit Server VM (25.11-b03) for windows-amd64 JRE (1.8.0_11-b12), built on Jun 16 2014 20:57:32 by "java_re" with MS VC++ 10.0 (VS2010)

time: Thu Jan 15 03:54:20 2015
elapsed time: 18 seconds

