#
# A fatal error has been detected by the Java Runtime Environment:
#
#  EXCEPTION_ACCESS_VIOLATION (0xc0000005) at pc=0x000000006bf84db2, pid=4280, tid=3376
#
# JRE version: Java(TM) SE Runtime Environment (8.0_11-b12) (build 1.8.0_11-b12)
# Java VM: Java HotSpot(TM) 64-Bit Server VM (25.11-b03 mixed mode windows-amd64 compressed oops)
# Problematic frame:
# V  [jvm.dll+0x424db2]
#
# Failed to write core dump. Minidumps are not enabled by default on client versions of Windows
#
# If you would like to submit a bug report, please visit:
#   http://bugreport.sun.com/bugreport/crash.jsp
#

---------------  T H R E A D  ---------------

Current thread (0x0000000014f9b000):  JavaThread "C2 CompilerThread1" daemon [_thread_in_native, id=3376, stack(0x0000000017670000,0x0000000017770000)]

siginfo: ExceptionCode=0xc0000005, reading address 0x0000000000000000

Registers:
RAX=0x00000000192f5888, RBX=0x0000000000000600, RCX=0x0000000000000000, RDX=0x00000000196caf50
RSP=0x000000001776c440, RBP=0x00000000000000c0, RSI=0x00000000000000b8, RDI=0x0000000000000000
R8 =0x000000006bb60000, R9 =0x000000001776c760, R10=0x00000000ffffffff, R11=0x0000000017103910
R12=0x00000000192f5f90, R13=0x000000001de35ee8, R14=0x0000000000000008, R15=0x000000001de35ee8
RIP=0x000000006bf84db2, EFLAGS=0x0000000000010206

Top of Stack: (sp=0x000000001776c440)
0x000000001776c440:   00000000000000da 00000000000000b0
0x000000001776c450:   000000000000000a 0000000017310080
0x000000001776c460:   0000000000000001 0000000000000600
0x000000001776c470:   0000000000000180 00000000000000c0
0x000000001776c480:   00000000170c6860 00000000170d5250
0x000000001776c490:   00000000000006f8 00000000196c6900
0x000000001776c4a0:   000000001776c760 00000000192f29f0
0x000000001776c4b0:   0000000000000020 0000000000000009
0x000000001776c4c0:   00000000192f5f60 00000000000000da
0x000000001776c4d0:   000000001de35ee8 000000006bf8598d
0x000000001776c4e0:   00000000192f5f60 000000000000001c
0x000000001776c4f0:   00000000000000da 000000001776c760
0x000000001776c500:   00000000196caf50 00000000000000da
0x000000001776c510:   00000000192f29f0 0000000000000020
0x000000001776c520:   000000001a3485b8 000000001776ead0
0x000000001776c530:   000000001a348be8 00000000192f5f60 

Instructions: (pc=0x000000006bf84db2)
0x000000006bf84d92:   c6 48 63 f0 48 03 f1 eb 04 48 83 ce ff 48 8b 84
0x000000006bf84da2:   24 a0 00 00 00 48 8b 40 08 48 8b 3c 03 48 8b cf
0x000000006bf84db2:   48 8b 07 ff 50 28 4c 8d 05 41 b2 bd ff 48 63 50
0x000000006bf84dc2:   10 4c 8b d8 48 8b ca 48 c1 e1 05 42 80 bc 01 c0 


Register to memory mapping:

RAX=0x00000000192f5888 is an unknown value
RBX=0x0000000000000600 is an unknown value
RCX=0x0000000000000000 is an unknown value
RDX=0x00000000196caf50 is an unknown value
RSP=0x000000001776c440 is pointing into the stack for thread: 0x0000000014f9b000
RBP=0x00000000000000c0 is an unknown value
RSI=0x00000000000000b8 is an unknown value
RDI=0x0000000000000000 is an unknown value
R8 =0x000000006bb60000 is an unknown value
R9 =0x000000001776c760 is pointing into the stack for thread: 0x0000000014f9b000
R10=0x00000000ffffffff is an unknown value
R11=0x0000000017103910 is an unknown value
R12=0x00000000192f5f90 is an unknown value
R13=0x000000001de35ee8 is an unknown value
R14=0x0000000000000008 is an unknown value
R15=0x000000001de35ee8 is an unknown value


Stack: [0x0000000017670000,0x0000000017770000],  sp=0x000000001776c440,  free space=1009k
Native frames: (J=compiled Java code, j=interpreted, Vv=VM code, C=native code)
V  [jvm.dll+0x424db2]
V  [jvm.dll+0x42598d]
V  [jvm.dll+0x425ecf]
V  [jvm.dll+0x4c5a84]
V  [jvm.dll+0x4415bc]
V  [jvm.dll+0x443a29]
V  [jvm.dll+0x427722]
V  [jvm.dll+0x96982]
V  [jvm.dll+0x97173]
V  [jvm.dll+0x2234b4]
V  [jvm.dll+0x27bcca]
C  [msvcr100.dll+0x21d9f]
C  [msvcr100.dll+0x21e3b]
C  [KERNEL32.DLL+0x16ad]
C  [ntdll.dll+0x734a5]


Current CompileTask:
C2:  19023 7233       4       groovy.lang.MetaClassImpl::findPropertyMethod (356 bytes)


---------------  P R O C E S S  ---------------

Java Threads: ( => current thread )
  0x0000000018f36800 JavaThread "com.zola.gym.Role.data" daemon [_thread_blocked, id=4220, stack(0x000000001fb90000,0x000000001fc90000)]
  0x0000000018f36000 JavaThread "net.sf.ehcache.CacheManager@63943f61" daemon [_thread_blocked, id=5204, stack(0x000000001ec60000,0x000000001ed60000)]
  0x0000000018f33800 JavaThread "PoolCleaner[1119229961:1421469798770]" daemon [_thread_blocked, id=4664, stack(0x000000001c1f0000,0x000000001c2f0000)]
  0x000000001b69c800 JavaThread "FileSystemWatcher: files=#557 cl=groovy.lang.GroovyClassLoader@42b61809" daemon [_thread_blocked, id=6628, stack(0x000000001c860000,0x000000001c960000)]
  0x000000001aa16800 JavaThread "Thread-4" daemon [_thread_in_native, id=3724, stack(0x000000001c500000,0x000000001c600000)]
  0x000000001b85a800 JavaThread "localhost-startStop-1" daemon [_thread_in_native, id=5296, stack(0x000000001ca80000,0x000000001cb80000)]
  0x000000001a989000 JavaThread "Tomcat-startStop-1" daemon [_thread_blocked, id=6880, stack(0x000000001c980000,0x000000001ca80000)]
  0x0000000019ff3000 JavaThread "Thread-3" [_thread_in_native, id=7036, stack(0x000000001b120000,0x000000001b220000)]
  0x0000000019ab8000 JavaThread "Thread-2" [_thread_blocked, id=3472, stack(0x0000000018a40000,0x0000000018b40000)]
  0x00000000181b1000 JavaThread "NonBlockingInputStreamThread" daemon [_thread_blocked, id=6784, stack(0x0000000018740000,0x0000000018840000)]
  0x00000000171fa000 JavaThread "Service Thread" daemon [_thread_blocked, id=5356, stack(0x0000000017970000,0x0000000017a70000)]
  0x00000000170e1800 JavaThread "C1 CompilerThread3" daemon [_thread_blocked, id=4556, stack(0x0000000017870000,0x0000000017970000)]
  0x00000000170dc800 JavaThread "C2 CompilerThread2" daemon [_thread_in_native, id=804, stack(0x0000000017770000,0x0000000017870000)]
=>0x0000000014f9b000 JavaThread "C2 CompilerThread1" daemon [_thread_in_native, id=3376, stack(0x0000000017670000,0x0000000017770000)]
  0x00000000170d3000 JavaThread "C2 CompilerThread0" daemon [_thread_in_native, id=2344, stack(0x0000000017570000,0x0000000017670000)]
  0x0000000016f9f000 JavaThread "Attach Listener" daemon [_thread_blocked, id=2284, stack(0x0000000017470000,0x0000000017570000)]
  0x0000000016f9e800 JavaThread "Signal Dispatcher" daemon [_thread_blocked, id=792, stack(0x0000000017370000,0x0000000017470000)]
  0x0000000014f8c000 JavaThread "Finalizer" daemon [_thread_blocked, id=2244, stack(0x0000000016e70000,0x0000000016f70000)]
  0x0000000014f8a800 JavaThread "Reference Handler" daemon [_thread_blocked, id=4196, stack(0x0000000016d70000,0x0000000016e70000)]
  0x0000000002cd5000 JavaThread "main" [_thread_blocked, id=6288, stack(0x0000000002a10000,0x0000000002b10000)]

Other Threads:
  0x0000000014f87000 VMThread [stack: 0x0000000016c70000,0x0000000016d70000] [id=4460]
  0x00000000171fa800 WatcherThread [stack: 0x0000000017a70000,0x0000000017b70000] [id=5908]

VM state:not at safepoint (normal execution)

VM Mutex/Monitor currently owned by a thread: None

Heap:
 PSYoungGen      total 195584K, used 173327K [0x00000000f0000000, 0x0000000100000000, 0x0000000100000000)
  eden space 134144K, 83% used [0x00000000f0000000,0x00000000f6dafb28,0x00000000f8300000)
  from space 61440K, 99% used [0x00000000f8300000,0x00000000fbe94310,0x00000000fbf00000)
  to   space 66560K, 0% used [0x00000000fbf00000,0x00000000fbf00000,0x0000000100000000)
 ParOldGen       total 129024K, used 111404K [0x00000000d0000000, 0x00000000d7e00000, 0x00000000f0000000)
  object space 129024K, 86% used [0x00000000d0000000,0x00000000d6ccb0b8,0x00000000d7e00000)
 Metaspace       used 74111K, capacity 76644K, committed 76800K, reserved 1118208K
  class space    used 7306K, capacity 8095K, committed 8192K, reserved 1048576K

Card table byte_map: [0x0000000012190000,0x0000000012320000] byte_map_base: 0x0000000011b10000

Marking Bits: (ParMarkBitMap*) 0x000000006c3112b0
 Begin Bits: [0x0000000012c20000, 0x0000000013820000)
 End Bits:   [0x0000000013820000, 0x0000000014420000)

Polling page: 0x0000000001230000

CodeCache: size=245760Kb used=25629Kb max_used=25629Kb free=220130Kb
 bounds [0x0000000002dd0000, 0x00000000046f0000, 0x0000000011dd0000]
 total_blobs=6830 nmethods=6086 adapters=653
 compilation: enabled

Compilation events (10 events):
Event: 18.979 Thread 0x0000000014f9b000 nmethod 7220 0x00000000046e8350 code [0x00000000046e8740, 0x00000000046eb2f8]
Event: 18.979 Thread 0x0000000014f9b000 7228       4       groovy.lang.MetaClassImpl$1MOPIter::processFastArray (210 bytes)
Event: 18.987 Thread 0x0000000014f9b000 nmethod 7228 0x00000000046d6e50 code [0x00000000046d7000, 0x00000000046d7a28]
Event: 18.987 Thread 0x0000000014f9b000 7231       4       org.codehaus.groovy.runtime.metaclass.MetaMethodIndex::findMatchingMethod (51 bytes)
Event: 18.989 Thread 0x0000000014f9b000 nmethod 7231 0x00000000046d8a10 code [0x00000000046d8b60, 0x00000000046d8d98]
Event: 18.989 Thread 0x0000000014f9b000 7235       4       org.codehaus.groovy.reflection.ParameterTypes::coerceArgumentsToClasses (55 bytes)
Event: 18.993 Thread 0x0000000014f9b000 nmethod 7235 0x00000000046d6250 code [0x00000000046d63e0, 0x00000000046d6868]
Event: 18.993 Thread 0x0000000014f9b000 7233       4       groovy.lang.MetaClassImpl::findPropertyMethod (356 bytes)
Event: 18.996 Thread 0x00000000170e1800 7239       3       groovy.lang.MetaBeanProperty::setSetter (6 bytes)
Event: 18.996 Thread 0x00000000170e1800 nmethod 7239 0x00000000046ad490 code [0x00000000046ad5e0, 0x00000000046ad750]

GC Heap History (10 events):
Event: 15.480 GC heap before
{Heap before GC invocations=85 (full 7):
 PSYoungGen      total 216576K, used 216472K [0x00000000f0000000, 0x0000000100000000, 0x0000000100000000)
  eden space 175104K, 100% used [0x00000000f0000000,0x00000000fab00000,0x00000000fab00000)
  from space 41472K, 99% used [0x00000000fab00000,0x00000000fd366298,0x00000000fd380000)
  to   space 45568K, 0% used [0x00000000fd380000,0x00000000fd380000,0x0000000100000000)
 ParOldGen       total 110592K, used 98862K [0x00000000d0000000, 0x00000000d6c00000, 0x00000000f0000000)
  object space 110592K, 89% used [0x00000000d0000000,0x00000000d608b9b0,0x00000000d6c00000)
 Metaspace       used 67438K, capacity 68886K, committed 69248K, reserved 1112064K
  class space    used 6684K, capacity 7177K, committed 7296K, reserved 1048576K
Event: 15.500 GC heap after
Heap after GC invocations=85 (full 7):
 PSYoungGen      total 201216K, used 45563K [0x00000000f0000000, 0x0000000100000000, 0x0000000100000000)
  eden space 155648K, 0% used [0x00000000f0000000,0x00000000f0000000,0x00000000f9800000)
  from space 45568K, 99% used [0x00000000fd380000,0x00000000ffffef60,0x0000000100000000)
  to   space 53248K, 0% used [0x00000000f9800000,0x00000000f9800000,0x00000000fcc00000)
 ParOldGen       total 110592K, used 102841K [0x00000000d0000000, 0x00000000d6c00000, 0x00000000f0000000)
  object space 110592K, 92% used [0x00000000d0000000,0x00000000d646e7b0,0x00000000d6c00000)
 Metaspace       used 67438K, capacity 68886K, committed 69248K, reserved 1112064K
  class space    used 6684K, capacity 7177K, committed 7296K, reserved 1048576K
}
Event: 16.148 GC heap before
{Heap before GC invocations=86 (full 7):
 PSYoungGen      total 201216K, used 201112K [0x00000000f0000000, 0x0000000100000000, 0x0000000100000000)
  eden space 155648K, 99% used [0x00000000f0000000,0x00000000f97e7438,0x00000000f9800000)
  from space 45568K, 99% used [0x00000000fd380000,0x00000000ffffef60,0x0000000100000000)
  to   space 53248K, 0% used [0x00000000f9800000,0x00000000f9800000,0x00000000fcc00000)
 ParOldGen       total 110592K, used 102841K [0x00000000d0000000, 0x00000000d6c00000, 0x00000000f0000000)
  object space 110592K, 92% used [0x00000000d0000000,0x00000000d646e7b0,0x00000000d6c00000)
 Metaspace       used 69319K, capacity 70896K, committed 71168K, reserved 1114112K
  class space    used 6810K, capacity 7307K, committed 7424K, reserved 1048576K
Event: 16.177 GC heap after
Heap after GC invocations=86 (full 7):
 PSYoungGen      total 208384K, used 52535K [0x00000000f0000000, 0x0000000100000000, 0x0000000100000000)
  eden space 155648K, 0% used [0x00000000f0000000,0x00000000f0000000,0x00000000f9800000)
  from space 52736K, 99% used [0x00000000f9800000,0x00000000fcb4de88,0x00000000fcb80000)
  to   space 53760K, 0% used [0x00000000fcb80000,0x00000000fcb80000,0x0000000100000000)
 ParOldGen       total 110592K, used 104818K [0x00000000d0000000, 0x00000000d6c00000, 0x00000000f0000000)
  object space 110592K, 94% used [0x00000000d0000000,0x00000000d665ca90,0x00000000d6c00000)
 Metaspace       used 69319K, capacity 70896K, committed 71168K, reserved 1114112K
  class space    used 6810K, capacity 7307K, committed 7424K, reserved 1048576K
}
Event: 16.177 GC heap before
{Heap before GC invocations=87 (full 8):
 PSYoungGen      total 208384K, used 52535K [0x00000000f0000000, 0x0000000100000000, 0x0000000100000000)
  eden space 155648K, 0% used [0x00000000f0000000,0x00000000f0000000,0x00000000f9800000)
  from space 52736K, 99% used [0x00000000f9800000,0x00000000fcb4de88,0x00000000fcb80000)
  to   space 53760K, 0% used [0x00000000fcb80000,0x00000000fcb80000,0x0000000100000000)
 ParOldGen       total 110592K, used 104818K [0x00000000d0000000, 0x00000000d6c00000, 0x00000000f0000000)
  object space 110592K, 94% used [0x00000000d0000000,0x00000000d665ca90,0x00000000d6c00000)
 Metaspace       used 69319K, capacity 70896K, committed 71168K, reserved 1114112K
  class space    used 6810K, capacity 7307K, committed 7424K, reserved 1048576K
Event: 16.808 GC heap after
Heap after GC invocations=87 (full 8):
 PSYoungGen      total 208384K, used 45286K [0x00000000f0000000, 0x0000000100000000, 0x0000000100000000)
  eden space 155648K, 0% used [0x00000000f0000000,0x00000000f0000000,0x00000000f9800000)
  from space 52736K, 85% used [0x00000000f9800000,0x00000000fc4399d8,0x00000000fcb80000)
  to   space 53760K, 0% used [0x00000000fcb80000,0x00000000fcb80000,0x0000000100000000)
 ParOldGen       total 129024K, used 110396K [0x00000000d0000000, 0x00000000d7e00000, 0x00000000f0000000)
  object space 129024K, 85% used [0x00000000d0000000,0x00000000d6bcf170,0x00000000d7e00000)
 Metaspace       used 69319K, capacity 70896K, committed 71168K, reserved 1114112K
  class space    used 6810K, capacity 7307K, committed 7424K, reserved 1048576K
}
Event: 17.398 GC heap before
{Heap before GC invocations=88 (full 8):
 PSYoungGen      total 208384K, used 200934K [0x00000000f0000000, 0x0000000100000000, 0x0000000100000000)
  eden space 155648K, 100% used [0x00000000f0000000,0x00000000f9800000,0x00000000f9800000)
  from space 52736K, 85% used [0x00000000f9800000,0x00000000fc4399d8,0x00000000fcb80000)
  to   space 53760K, 0% used [0x00000000fcb80000,0x00000000fcb80000,0x0000000100000000)
 ParOldGen       total 129024K, used 110396K [0x00000000d0000000, 0x00000000d7e00000, 0x00000000f0000000)
  object space 129024K, 85% used [0x00000000d0000000,0x00000000d6bcf170,0x00000000d7e00000)
 Metaspace       used 71288K, capacity 72944K, committed 73088K, reserved 1114112K
  class space    used 6954K, capacity 7491K, committed 7552K, reserved 1048576K
Event: 17.431 GC heap after
Heap after GC invocations=88 (full 8):
 PSYoungGen      total 187904K, used 53735K [0x00000000f0000000, 0x0000000100000000, 0x0000000100000000)
  eden space 134144K, 0% used [0x00000000f0000000,0x00000000f0000000,0x00000000f8300000)
  from space 53760K, 99% used [0x00000000fcb80000,0x00000000ffff9fd0,0x0000000100000000)
  to   space 64000K, 0% used [0x00000000f8300000,0x00000000f8300000,0x00000000fc180000)
 ParOldGen       total 129024K, used 110780K [0x00000000d0000000, 0x00000000d7e00000, 0x00000000f0000000)
  object space 129024K, 85% used [0x00000000d0000000,0x00000000d6c2f170,0x00000000d7e00000)
 Metaspace       used 71288K, capacity 72944K, committed 73088K, reserved 1114112K
  class space    used 6954K, capacity 7491K, committed 7552K, reserved 1048576K
}
Event: 18.056 GC heap before
{Heap before GC invocations=89 (full 8):
 PSYoungGen      total 187904K, used 187879K [0x00000000f0000000, 0x0000000100000000, 0x0000000100000000)
  eden space 134144K, 100% used [0x00000000f0000000,0x00000000f8300000,0x00000000f8300000)
  from space 53760K, 99% used [0x00000000fcb80000,0x00000000ffff9fd0,0x0000000100000000)
  to   space 64000K, 0% used [0x00000000f8300000,0x00000000f8300000,0x00000000fc180000)
 ParOldGen       total 129024K, used 110780K [0x00000000d0000000, 0x00000000d7e00000, 0x00000000f0000000)
  object space 129024K, 85% used [0x00000000d0000000,0x00000000d6c2f170,0x00000000d7e00000)
 Metaspace       used 73554K, capacity 75878K, committed 76160K, reserved 1118208K
  class space    used 7235K, capacity 7998K, committed 8064K, reserved 1048576K
Event: 18.082 GC heap after
Heap after GC invocations=89 (full 8):
 PSYoungGen      total 195584K, used 61008K [0x00000000f0000000, 0x0000000100000000, 0x0000000100000000)
  eden space 134144K, 0% used [0x00000000f0000000,0x00000000f0000000,0x00000000f8300000)
  from space 61440K, 99% used [0x00000000f8300000,0x00000000fbe94310,0x00000000fbf00000)
  to   space 66560K, 0% used [0x00000000fbf00000,0x00000000fbf00000,0x0000000100000000)
 ParOldGen       total 129024K, used 111404K [0x00000000d0000000, 0x00000000d7e00000, 0x00000000f0000000)
  object space 129024K, 86% used [0x00000000d0000000,0x00000000d6ccb0b8,0x00000000d7e00000)
 Metaspace       used 73554K, capacity 75878K, committed 76160K, reserved 1118208K
  class space    used 7235K, capacity 7998K, committed 8064K, reserved 1048576K
}

Deoptimization events (10 events):
Event: 18.503 Thread 0x000000001b85a800 Uncommon trap: reason=bimorphic action=maybe_recompile pc=0x00000000036f0e8c method=groovy.lang.MetaClassImpl.chooseMethodInternal(Ljava/lang/String;Ljava/lang/Object;[Ljava/lang/Class;)Ljava/lang/Object; @ 12
Event: 18.503 Thread 0x000000001b85a800 Uncommon trap: reason=class_check action=maybe_recompile pc=0x00000000045f13f4 method=org.codehaus.groovy.runtime.typehandling.DefaultTypeTransformation.compareToWithEqualityCheck(Ljava/lang/Object;Ljava/lang/Object;Z)I @ 73
Event: 18.504 Thread 0x000000001b85a800 Uncommon trap: reason=null_check action=make_not_entrant pc=0x0000000003b98b44 method=org.codehaus.groovy.reflection.ReflectionCache.isAssignableFrom(Ljava/lang/Class;Ljava/lang/Class;)Z @ 9
Event: 18.520 Thread 0x000000001b85a800 Uncommon trap: reason=class_check action=maybe_recompile pc=0x00000000045f13f4 method=org.codehaus.groovy.runtime.typehandling.DefaultTypeTransformation.compareToWithEqualityCheck(Ljava/lang/Object;Ljava/lang/Object;Z)I @ 73
Event: 18.543 Thread 0x000000001b85a800 Uncommon trap: reason=bimorphic action=maybe_recompile pc=0x00000000036f0e8c method=groovy.lang.MetaClassImpl.chooseMethodInternal(Ljava/lang/String;Ljava/lang/Object;[Ljava/lang/Class;)Ljava/lang/Object; @ 12
Event: 18.572 Thread 0x000000001b85a800 Uncommon trap: reason=class_check action=maybe_recompile pc=0x00000000045f13f4 method=org.codehaus.groovy.runtime.typehandling.DefaultTypeTransformation.compareToWithEqualityCheck(Ljava/lang/Object;Ljava/lang/Object;Z)I @ 73
Event: 18.576 Thread 0x000000001b85a800 Uncommon trap: reason=class_check action=maybe_recompile pc=0x00000000045f13e0 method=org.codehaus.groovy.runtime.typehandling.DefaultTypeTransformation.compareToWithEqualityCheck(Ljava/lang/Object;Ljava/lang/Object;Z)I @ 66
Event: 18.581 Thread 0x000000001b85a800 Uncommon trap: reason=class_check action=maybe_recompile pc=0x00000000045f13e0 method=org.codehaus.groovy.runtime.typehandling.DefaultTypeTransformation.compareToWithEqualityCheck(Ljava/lang/Object;Ljava/lang/Object;Z)I @ 66
Event: 18.644 Thread 0x000000001b85a800 Uncommon trap: reason=null_check action=make_not_entrant pc=0x000000000460ebc4 method=org.codehaus.groovy.runtime.typehandling.DefaultTypeTransformation.castToType(Ljava/lang/Object;Ljava/lang/Class;)Ljava/lang/Object; @ 52
Event: 18.880 Thread 0x000000001b85a800 Uncommon trap: reason=null_check action=make_not_entrant pc=0x000000000465e0c4 method=org.codehaus.groovy.runtime.typehandling.DefaultTypeTransformation.castToType(Ljava/lang/Object;Ljava/lang/Class;)Ljava/lang/Object; @ 340

Internal exceptions (10 events):
Event: 19.008 Thread 0x000000001b85a800 Exception <a 'java/lang/ClassNotFoundException': javax/servlet/http/HttpServletRequestCustomizer> (0x00000000f6864468) thrown at [C:\re\workspace\8-2-build-windows-amd64-cygwin\jdk8u11\648\hotspot\src\share\vm\classfile\systemDictionary.cpp, line 202]
Event: 19.008 Thread 0x000000001b85a800 Exception <a 'java/security/PrivilegedActionException'> (0x00000000f6883c80) thrown at [C:\re\workspace\8-2-build-windows-amd64-cygwin\jdk8u11\648\hotspot\src\share\vm\prims\jvm.cpp, line 1248]
Event: 19.008 Thread 0x000000001b85a800 Exception <a 'java/security/PrivilegedActionException'> (0x00000000f68892e8) thrown at [C:\re\workspace\8-2-build-windows-amd64-cygwin\jdk8u11\648\hotspot\src\share\vm\prims\jvm.cpp, line 1248]
Event: 19.009 Thread 0x000000001b85a800 Exception <a 'java/security/PrivilegedActionException'> (0x00000000f6897858) thrown at [C:\re\workspace\8-2-build-windows-amd64-cygwin\jdk8u11\648\hotspot\src\share\vm\prims\jvm.cpp, line 1248]
Event: 19.009 Thread 0x000000001b85a800 Exception <a 'java/security/PrivilegedActionException'> (0x00000000f689e608) thrown at [C:\re\workspace\8-2-build-windows-amd64-cygwin\jdk8u11\648\hotspot\src\share\vm\prims\jvm.cpp, line 1248]
Event: 19.009 Thread 0x000000001b85a800 Exception <a 'java/security/PrivilegedActionException'> (0x00000000f68c1ad8) thrown at [C:\re\workspace\8-2-build-windows-amd64-cygwin\jdk8u11\648\hotspot\src\share\vm\prims\jvm.cpp, line 1248]
Event: 19.009 Thread 0x000000001b85a800 Exception <a 'java/security/PrivilegedActionException'> (0x00000000f68c76a0) thrown at [C:\re\workspace\8-2-build-windows-amd64-cygwin\jdk8u11\648\hotspot\src\share\vm\prims\jvm.cpp, line 1248]
Event: 19.010 Thread 0x000000001b85a800 Exception <a 'java/security/PrivilegedActionException'> (0x00000000f68ddfe0) thrown at [C:\re\workspace\8-2-build-windows-amd64-cygwin\jdk8u11\648\hotspot\src\share\vm\prims\jvm.cpp, line 1248]
Event: 19.010 Thread 0x000000001b85a800 Exception <a 'java/security/PrivilegedActionException'> (0x00000000f68fadc0) thrown at [C:\re\workspace\8-2-build-windows-amd64-cygwin\jdk8u11\648\hotspot\src\share\vm\prims\jvm.cpp, line 1248]
Event: 19.010 Thread 0x000000001b85a800 Exception <a 'java/security/PrivilegedActionException'> (0x00000000f6900b18) thrown at [C:\re\workspace\8-2-build-windows-amd64-cygwin\jdk8u11\648\hotspot\src\share\vm\prims\jvm.cpp, line 1248]

Events (10 events):
Event: 19.008 loading class javax/servlet/http/HttpServletRequestCustomizer
Event: 19.008 loading class javax/servlet/http/HttpServletRequestCustomizer done
Event: 19.008 loading class org/codehaus/groovy/grails/plugins/web/ServletsGrailsPluginSupport$_enhanceServletApi_closure6
Event: 19.008 loading class org/codehaus/groovy/grails/plugins/web/ServletsGrailsPluginSupport$_enhanceServletApi_closure6 done
Event: 19.009 loading class groovy/runtime/metaclass/org/codehaus/groovy/grails/plugins/web/ServletsGrailsPluginSupport$_enhanceServletApi_closure6MetaClass
Event: 19.009 loading class groovy/runtime/metaclass/org/codehaus/groovy/grails/plugins/web/ServletsGrailsPluginSupport$_enhanceServletApi_closure6MetaClass done
Event: 19.009 loading class org/codehaus/groovy/grails/plugins/web/ServletsGrailsPluginSupport$_enhanceServletApi_closure6BeanInfo
Event: 19.009 loading class org/codehaus/groovy/grails/plugins/web/ServletsGrailsPluginSupport$_enhanceServletApi_closure6BeanInfo done
Event: 19.010 loading class org/codehaus/groovy/grails/plugins/web/ServletsGrailsPluginSupport$_enhanceServletApi_closure6BeanInfo
Event: 19.010 loading class org/codehaus/groovy/grails/plugins/web/ServletsGrailsPluginSupport$_enhanceServletApi_closure6BeanInfo done


Dynamic libraries:
0x00007ff6386f0000 - 0x00007ff638724000 	C:\Program Files\Java\jdk1.8.0_11\bin\java.exe
0x00007ff8a1d20000 - 0x00007ff8a1eca000 	C:\Windows\SYSTEM32\ntdll.dll
0x00007ff89f710000 - 0x00007ff89f84a000 	C:\Windows\system32\KERNEL32.DLL
0x00007ff89f1b0000 - 0x00007ff89f2bf000 	C:\Windows\system32\KERNELBASE.dll
0x00007ff89cad0000 - 0x00007ff89cb58000 	C:\Windows\system32\apphelp.dll
0x00007ff88c760000 - 0x00007ff88c7af000 	C:\Windows\AppPatch\AppPatch64\AcGenral.DLL
0x00007ff89fc50000 - 0x00007ff89fcf7000 	C:\Windows\system32\msvcrt.dll
0x00007ff89ef40000 - 0x00007ff89ef6b000 	C:\Windows\SYSTEM32\SspiCli.dll
0x00007ff8a0150000 - 0x00007ff8a01a1000 	C:\Windows\system32\SHLWAPI.dll
0x00007ff89f850000 - 0x00007ff89f9c1000 	C:\Windows\system32\USER32.dll
0x00007ff89fa30000 - 0x00007ff89fba8000 	C:\Windows\system32\ole32.dll
0x00007ff8a0900000 - 0x00007ff8a1d20000 	C:\Windows\system32\SHELL32.dll
0x00007ff89e700000 - 0x00007ff89e71e000 	C:\Windows\SYSTEM32\USERENV.dll
0x00007ff8a0850000 - 0x00007ff8a08f5000 	C:\Windows\system32\ADVAPI32.dll
0x00007ff8985f0000 - 0x00007ff89860b000 	C:\Windows\SYSTEM32\MPR.dll
0x00007ff8a05c0000 - 0x00007ff8a06f7000 	C:\Windows\system32\RPCRT4.dll
0x00007ff89fbb0000 - 0x00007ff89fc07000 	C:\Windows\SYSTEM32\sechost.dll
0x00007ff8a01b0000 - 0x00007ff8a0386000 	C:\Windows\SYSTEM32\combase.dll
0x00007ff8a0700000 - 0x00007ff8a0844000 	C:\Windows\system32\GDI32.dll
0x00007ff89f090000 - 0x00007ff89f0a4000 	C:\Windows\SYSTEM32\profapi.dll
0x00007ff89dc90000 - 0x00007ff89dd2f000 	C:\Windows\SYSTEM32\SHCORE.dll
0x00007ff8a0390000 - 0x00007ff8a03c4000 	C:\Windows\system32\IMM32.DLL
0x00007ff89fd00000 - 0x00007ff89fe39000 	C:\Windows\system32\MSCTF.dll
0x00007ff89d5d0000 - 0x00007ff89d82a000 	C:\Windows\WinSxS\amd64_microsoft.windows.common-controls_6595b64144ccf1df_6.0.9600.17031_none_6242a4b3ecbb55a1\COMCTL32.dll
0x000000006ba80000 - 0x000000006bb52000 	C:\Program Files\Java\jdk1.8.0_11\jre\bin\msvcr100.dll
0x000000006bb60000 - 0x000000006c38a000 	C:\Program Files\Java\jdk1.8.0_11\jre\bin\server\jvm.dll
0x00007ff897790000 - 0x00007ff897799000 	C:\Windows\SYSTEM32\WSOCK32.dll
0x00007ff89d830000 - 0x00007ff89d84f000 	C:\Windows\SYSTEM32\WINMM.dll
0x00007ff8a03d0000 - 0x00007ff8a03d7000 	C:\Windows\system32\PSAPI.DLL
0x00007ff89f6b0000 - 0x00007ff89f708000 	C:\Windows\system32\WS2_32.dll
0x00007ff89d570000 - 0x00007ff89d59a000 	C:\Windows\SYSTEM32\WINMMBASE.dll
0x00007ff89fc10000 - 0x00007ff89fc19000 	C:\Windows\system32\NSI.dll
0x00007ff89f2c0000 - 0x00007ff89f30a000 	C:\Windows\SYSTEM32\cfgmgr32.dll
0x00007ff89df20000 - 0x00007ff89df46000 	C:\Windows\SYSTEM32\DEVOBJ.dll
0x000000006c3d0000 - 0x000000006c3df000 	C:\Program Files\Java\jdk1.8.0_11\jre\bin\verify.dll
0x000000006ba10000 - 0x000000006ba38000 	C:\Program Files\Java\jdk1.8.0_11\jre\bin\java.dll
0x000000006b6b0000 - 0x000000006b6d3000 	C:\Program Files\Java\jdk1.8.0_11\jre\bin\instrument.dll
0x000000006b9f0000 - 0x000000006ba06000 	C:\Program Files\Java\jdk1.8.0_11\jre\bin\zip.dll
0x00007ff89e9d0000 - 0x00007ff89e9ee000 	C:\Windows\SYSTEM32\CRYPTSP.dll
0x00007ff89e5f0000 - 0x00007ff89e625000 	C:\Windows\system32\rsaenh.dll
0x00007ff89ec50000 - 0x00007ff89ec76000 	C:\Windows\SYSTEM32\bcrypt.dll
0x00007ff89ef70000 - 0x00007ff89efd0000 	C:\Windows\system32\bcryptprimitives.dll
0x00007ff89efd0000 - 0x00007ff89efda000 	C:\Windows\SYSTEM32\CRYPTBASE.dll
0x000000006b9d0000 - 0x000000006b9ea000 	C:\Program Files\Java\jdk1.8.0_11\jre\bin\net.dll
0x00007ff89e950000 - 0x00007ff89e9a8000 	C:\Windows\system32\mswsock.dll
0x00007ff899310000 - 0x00007ff899339000 	C:\Windows\SYSTEM32\IPHLPAPI.DLL
0x00007ff8992e0000 - 0x00007ff8992ea000 	C:\Windows\SYSTEM32\WINNSI.DLL
0x00007ff8991b0000 - 0x00007ff8991c4000 	C:\Windows\SYSTEM32\dhcpcsvc6.DLL
0x00007ff899130000 - 0x00007ff899149000 	C:\Windows\SYSTEM32\dhcpcsvc.DLL
0x000000006b9b0000 - 0x000000006b9c1000 	C:\Program Files\Java\jdk1.8.0_11\jre\bin\nio.dll
0x00007ff89db40000 - 0x00007ff89db4a000 	C:\Users\kegara\AppData\Local\Temp\jansi-64-3804104988052352562.dll
0x000000006c3c0000 - 0x000000006c3cd000 	C:\Program Files\Java\jdk1.8.0_11\jre\bin\management.dll
0x00007ff896330000 - 0x00007ff896344000 	C:\Windows\system32\napinsp.dll
0x00007ff8962d0000 - 0x00007ff8962e9000 	C:\Windows\system32\pnrpnsp.dll
0x00007ff89a220000 - 0x00007ff89a239000 	C:\Windows\system32\NLAapi.dll
0x00007ff89e760000 - 0x00007ff89e803000 	C:\Windows\SYSTEM32\DNSAPI.dll
0x00007ff896260000 - 0x00007ff89626c000 	C:\Windows\System32\winrnr.dll
0x00007ff896fb0000 - 0x00007ff896fb9000 	C:\Windows\System32\rasadhlp.dll
0x00007ff899070000 - 0x00007ff8990d8000 	C:\Windows\System32\fwpuclnt.dll
0x00007ff8965a0000 - 0x00007ff896728000 	C:\Windows\SYSTEM32\dbghelp.dll

VM Arguments:
jvm_args: -Dfile.encoding=UTF-8 -Xmx768M -Xms64M -Dgrails.fork.parent.process.port=37005 -Dgrails.fork.active=true -Dgrails.build.execution.context=C:\Users\kegara\AppData\Local\Temp\GymApp2220251196173852251grails-execution-context -Dgrails.home=C:\Users\kegara\Documents\grails-2.3.11\grails-2.3.11 -javaagent:C:\Users\kegara\Documents\grails-2.3.11\grails-2.3.11\lib\org.springframework\springloaded\jars\springloaded-1.2.0.RELEASE.jar -Xverify:none -Dspringloaded.synchronize=true -Djdk.reflect.allowGetCallerClass=true -Dspringloaded=profile=grails;cacheDir=C:\Users\kegara/.grails/2.3.11/ 
java_command: org.grails.plugins.tomcat.fork.ForkedTomcatServer
java_class_path (initial): C:\Program Files\Java\jdk1.8.0_11\lib\tools.jar;C:\Users\kegara\Documents\grails-2.3.11\grails-2.3.11\lib\org.codehaus.groovy\groovy-all\jars\groovy-all-2.1.9.jar;C:\Users\kegara\Documents\grails-2.3.11\grails-2.3.11\lib\org.slf4j\jcl-over-slf4j\jars\jcl-over-slf4j-1.7.5.jar;C:\Users\kegara\Documents\grails-2.3.11\grails-2.3.11\lib\org.codehaus.gant\gant_groovy1.8\jars\gant_groovy1.8-1.9.6.jar;C:\Users\kegara\Documents\grails-2.3.11\grails-2.3.11\lib\org.apache.tomcat.embed\tomcat-embed-logging-log4j\jars\tomcat-embed-logging-log4j-7.0.50.jar;C:\Users\kegara\Documents\grails-2.3.11\grails-2.3.11\dist\grails-plugin-log4j-2.3.11.jar;C:\Users\kegara\Documents\grails-2.3.11\grails-2.3.11\lib\log4j\log4j\jars\log4j-1.2.17.jar;C:\Users\kegara\Documents\grails-2.3.11\grails-2.3.11\dist\grails-bootstrap-2.3.11.jar;C:\Users\kegara\Documents\grails-2.3.11\grails-2.3.11\lib\org.slf4j\slf4j-api\jars\slf4j-api-1.7.5.jar;C:\Users\kegara\Documents\grails-2.3.11\grails-2.3.11\lib\jline\jline\jars\jline-2.12.jar;C:\Users\kegara\Documents\grails-2.3.11\grails-2.3.11\lib\org.apache.ant\ant\jars\ant-1.8.4.jar;C:\Users\kegara\Documents\grails-2.3.11\grails-2.3.11\lib\org.apache.ant\ant-launcher\jars\ant-launcher-1.8.4.jar;C:\Users\kegara\Documents\grails-2.3.11\grails-2.3.11\lib\org.apache.ant\ant-trax\jars\ant-trax-1.7.1.jar;C:\Users\kegara\Documents\grails-2.3.11\grails-2.3.11\lib\org.apache.ant\ant-junit\jars\ant-junit-1.8.4.jar;C:\Users\kegara\Documents\grails-2.3.11\grails-2.3.11\lib\org.apache.ivy\ivy\jars\ivy-2.3.0.jar;C:\Users\kegara\Documents\grails-2.3.11\grails-2.3.11\lib\org.fusesource.jansi\jansi\jars\jansi-1.11.jar;C:\Users\kegara\.m2\repository\org\eclipse\jdt\core\compiler\ecj\3.7.2\ecj-3.7.2.jar;C:\Users\kegara\Documents\Netbeans Projects\GymApp\target\work\plugins\tomcat-7.0.54\grails-plugin-tomcat-7.0.54.jar;C:\Users\kegara\.m2\repository\org\apache\tomcat\embed\tomcat-embed-websocket\7.0.53\tomcat-embed-websocket-7.0.53.jar;C:\Users\kegar
Launcher Type: SUN_STANDARD

Environment Variables:
JAVA_HOME=C:\Program Files\Java\jdk1.8.0_11
PATH=C:\ProgramData\Oracle\Java\javapath;C:\Program Files (x86)\Intel\iCLS Client\;C:\Program Files\Intel\iCLS Client\;C:\Windows\system32;C:\Windows;C:\Windows\System32\Wbem;C:\Windows\System32\WindowsPowerShell\v1.0\;C:\Python34\;C:\Python34\Scripts;C:\Program Files\R\R-3.1.1\bin\x64;C:\Program Files\Java\jdk1.8.0_11\bin;C:\Program Files\Intel\Intel(R) Management Engine Components\DAL;C:\Program Files\Intel\Intel(R) Management Engine Components\IPT;C:\Program Files (x86)\Intel\Intel(R) Management Engine Components\DAL;C:\Program Files (x86)\Intel\Intel(R) Management Engine Components\IPT;C:\Program Files\Common Files\Autodesk Shared\;C:\Program Files (x86)\Autodesk\Backburner\;C:\Program Files (x86)\Windows Kits\8.1\Windows Performance Toolkit\;C:\Program Files\Microsoft SQL Server\110\Tools\Binn\;C:\Program Files (x86)\Microsoft SDKs\TypeScript\1.0\;C:\Program Files (x86)\QuickTime\QTSystem\;C:\Program Files\jEdit;C:\Program Files (x86)\Rational\common;C:\Program Files\MiKTeX 2.9\miktex\bin\x64\;C:\Program Files\MATLAB(Campus)\R2014a\bin;C:\Program Files\MATLAB\R2014a\bin;c:\Program Files (x86)\Microsoft SQL Server\100\Tools\Binn\;c:\Program Files\Microsoft SQL Server\100\Tools\Binn\;c:\Program Files\Microsoft SQL Server\100\DTS\Binn\;M:\SOIProfile\My Documents\Groovy\Groovy-2.3.6\bin;C:\Users\kegara\Documents\grails-2.3.11\grails-2.3.11\bin
USERNAME=kegara
OS=Windows_NT
PROCESSOR_IDENTIFIER=Intel64 Family 6 Model 62 Stepping 4, GenuineIntel



---------------  S Y S T E M  ---------------

OS: Windows 8.1 , 64 bit Build 9600 

CPU:total 8 (4 cores per cpu, 2 threads per core) family 6 model 62 stepping 4, cmov, cx8, fxsr, mmx, sse, sse2, sse3, ssse3, sse4.1, sse4.2, popcnt, avx, aes, clmul, erms, ht, tsc, tscinvbit

Memory: 4k page, physical 16699200k(10857620k free), swap 19189568k(12568292k free)

vm_info: Java HotSpot(TM) 64-Bit Server VM (25.11-b03) for windows-amd64 JRE (1.8.0_11-b12), built on Jun 16 2014 20:57:32 by "java_re" with MS VC++ 10.0 (VS2010)

time: Sat Jan 17 04:43:27 2015
elapsed time: 19 seconds

