#
# A fatal error has been detected by the Java Runtime Environment:
#
#  EXCEPTION_ACCESS_VIOLATION (0xc0000005) at pc=0x000000006b8d4db2, pid=6892, tid=6480
#
# JRE version: Java(TM) SE Runtime Environment (8.0_11-b12) (build 1.8.0_11-b12)
# Java VM: Java HotSpot(TM) 64-Bit Server VM (25.11-b03 mixed mode windows-amd64 compressed oops)
# Problematic frame:
# V  [jvm.dll+0x424db2]
#
# Failed to write core dump. Minidumps are not enabled by default on client versions of Windows
#
# If you would like to submit a bug report, please visit:
#   http://bugreport.sun.com/bugreport/crash.jsp
#

---------------  T H R E A D  ---------------

Current thread (0x0000000016e88000):  JavaThread "C2 CompilerThread0" daemon [_thread_in_native, id=6480, stack(0x0000000017330000,0x0000000017430000)]

siginfo: ExceptionCode=0xc0000005, reading address 0x0000000000000000

Registers:
RAX=0x000000001ba4f168, RBX=0x0000000000000600, RCX=0x0000000000000000, RDX=0x000000001ba4ab90
RSP=0x000000001742c5e0, RBP=0x00000000000000c0, RSI=0x00000000000000b8, RDI=0x0000000000000000
R8 =0x000000006b4b0000, R9 =0x000000001742c900, R10=0x00000000ffffffff, R11=0x0000000016ed62d0
R12=0x000000001ba4f870, R13=0x000000001c896ce8, R14=0x0000000000000008, R15=0x000000001c896ce8
RIP=0x000000006b8d4db2, EFLAGS=0x0000000000010206

Top of Stack: (sp=0x000000001742c5e0)
0x000000001742c5e0:   00000000000000da 00000000000000b0
0x000000001742c5f0:   000000000000000a 000000001a389670
0x000000001742c600:   0000000000000001 0000000000000600
0x000000001742c610:   0000000000000180 00000000000000c0
0x000000001742c620:   0000000019675b30 0000000016e97600
0x000000001742c630:   0000000000000768 000000001c190d60
0x000000001742c640:   000000001742c900 000000001ba4c1f0
0x000000001742c650:   0000000000000020 0000000000000009
0x000000001742c660:   000000001ba4f840 00000000000000da
0x000000001742c670:   000000001c896ce8 000000006b8d598d
0x000000001742c680:   000000001ba4f840 000000000000001c
0x000000001742c690:   00000000000000da 000000001742c900
0x000000001742c6a0:   000000001ba4ab90 00000000000000da
0x000000001742c6b0:   000000001ba4c1f0 0000000000000020
0x000000001742c6c0:   0000000019216eb0 000000001742ec70
0x000000001742c6d0:   00000000192174e0 000000001ba4f840 

Instructions: (pc=0x000000006b8d4db2)
0x000000006b8d4d92:   c6 48 63 f0 48 03 f1 eb 04 48 83 ce ff 48 8b 84
0x000000006b8d4da2:   24 a0 00 00 00 48 8b 40 08 48 8b 3c 03 48 8b cf
0x000000006b8d4db2:   48 8b 07 ff 50 28 4c 8d 05 41 b2 bd ff 48 63 50
0x000000006b8d4dc2:   10 4c 8b d8 48 8b ca 48 c1 e1 05 42 80 bc 01 c0 


Register to memory mapping:

RAX=0x000000001ba4f168 is an unknown value
RBX=0x0000000000000600 is an unknown value
RCX=0x0000000000000000 is an unknown value
RDX=0x000000001ba4ab90 is an unknown value
RSP=0x000000001742c5e0 is pointing into the stack for thread: 0x0000000016e88000
RBP=0x00000000000000c0 is an unknown value
RSI=0x00000000000000b8 is an unknown value
RDI=0x0000000000000000 is an unknown value
R8 =0x000000006b4b0000 is an unknown value
R9 =0x000000001742c900 is pointing into the stack for thread: 0x0000000016e88000
R10=0x00000000ffffffff is an unknown value
R11=0x0000000016ed62d0 is an unknown value
R12=0x000000001ba4f870 is an unknown value
R13=0x000000001c896ce8 is an unknown value
R14=0x0000000000000008 is an unknown value
R15=0x000000001c896ce8 is an unknown value


Stack: [0x0000000017330000,0x0000000017430000],  sp=0x000000001742c5e0,  free space=1009k
Native frames: (J=compiled Java code, j=interpreted, Vv=VM code, C=native code)
V  [jvm.dll+0x424db2]
V  [jvm.dll+0x42598d]
V  [jvm.dll+0x425ecf]
V  [jvm.dll+0x4c5a84]
V  [jvm.dll+0x4415bc]
V  [jvm.dll+0x443a29]
V  [jvm.dll+0x427722]
V  [jvm.dll+0x96982]
V  [jvm.dll+0x97173]
V  [jvm.dll+0x2234b4]
V  [jvm.dll+0x27bcca]
C  [msvcr100.dll+0x21d9f]
C  [msvcr100.dll+0x21e3b]
C  [KERNEL32.DLL+0x16ad]
C  [ntdll.dll+0x734a5]


Current CompileTask:
C2:  22026 7310       4       groovy.lang.MetaClassImpl::findPropertyMethod (356 bytes)


---------------  P R O C E S S  ---------------

Java Threads: ( => current thread )
  0x0000000017dd0800 JavaThread "com.zola.gym.Role.data" daemon [_thread_blocked, id=5580, stack(0x000000001f6a0000,0x000000001f7a0000)]
  0x0000000017dd1800 JavaThread "net.sf.ehcache.CacheManager@55e4a363" daemon [_thread_blocked, id=4608, stack(0x000000001d320000,0x000000001d420000)]
  0x0000000017dd2000 JavaThread "PoolCleaner[1699037905:1421380100974]" daemon [_thread_blocked, id=304, stack(0x000000001ad00000,0x000000001ae00000)]
  0x00000000198c7800 JavaThread "FileSystemWatcher: files=#561 cl=groovy.lang.GroovyClassLoader@654542d1" daemon [_thread_blocked, id=5524, stack(0x000000001ccc0000,0x000000001cdc0000)]
  0x000000001a850800 JavaThread "Thread-4" daemon [_thread_in_native, id=5548, stack(0x000000001b8a0000,0x000000001b9a0000)]
  0x0000000019d4d000 JavaThread "localhost-startStop-1" daemon [_thread_in_native, id=5948, stack(0x000000001b7a0000,0x000000001b8a0000)]
  0x0000000019d4c800 JavaThread "Tomcat-startStop-1" daemon [_thread_blocked, id=4772, stack(0x000000001b6a0000,0x000000001b7a0000)]
  0x000000001a0a6000 JavaThread "Thread-3" [_thread_in_native, id=6084, stack(0x000000001b3a0000,0x000000001b4a0000)]
  0x000000001a639800 JavaThread "Thread-2" [_thread_blocked, id=2536, stack(0x000000001aea0000,0x000000001afa0000)]
  0x0000000017e09800 JavaThread "NonBlockingInputStreamThread" daemon [_thread_blocked, id=4340, stack(0x0000000018500000,0x0000000018600000)]
  0x0000000016f9a000 JavaThread "Service Thread" daemon [_thread_blocked, id=2804, stack(0x0000000017730000,0x0000000017830000)]
  0x0000000016e9f000 JavaThread "C1 CompilerThread3" daemon [_thread_blocked, id=7160, stack(0x0000000017630000,0x0000000017730000)]
  0x0000000016e8b800 JavaThread "C2 CompilerThread2" daemon [_thread_in_native, id=1208, stack(0x0000000017530000,0x0000000017630000)]
  0x0000000016e89000 JavaThread "C2 CompilerThread1" daemon [_thread_in_native, id=4556, stack(0x0000000017430000,0x0000000017530000)]
=>0x0000000016e88000 JavaThread "C2 CompilerThread0" daemon [_thread_in_native, id=6480, stack(0x0000000017330000,0x0000000017430000)]
  0x0000000016d60000 JavaThread "Attach Listener" daemon [_thread_blocked, id=1392, stack(0x0000000017230000,0x0000000017330000)]
  0x0000000016d5f800 JavaThread "Signal Dispatcher" daemon [_thread_blocked, id=6828, stack(0x0000000017130000,0x0000000017230000)]
  0x0000000002b9c000 JavaThread "Finalizer" daemon [_thread_blocked, id=3540, stack(0x0000000016c30000,0x0000000016d30000)]
  0x0000000014d5a800 JavaThread "Reference Handler" daemon [_thread_blocked, id=7072, stack(0x0000000016b30000,0x0000000016c30000)]
  0x0000000002aa5000 JavaThread "main" [_thread_blocked, id=6752, stack(0x0000000002720000,0x0000000002820000)]

Other Threads:
  0x0000000014d56800 VMThread [stack: 0x0000000016a30000,0x0000000016b30000] [id=4028]
  0x0000000016f9b000 WatcherThread [stack: 0x0000000017830000,0x0000000017930000] [id=1140]

VM state:not at safepoint (normal execution)

VM Mutex/Monitor currently owned by a thread: None

Heap:
 PSYoungGen      total 181760K, used 73912K [0x00000000f0000000, 0x0000000100000000, 0x0000000100000000)
  eden space 112640K, 12% used [0x00000000f0000000,0x00000000f0d89058,0x00000000f6e00000)
  from space 69120K, 86% used [0x00000000fbc80000,0x00000000ff725130,0x0000000100000000)
  to   space 74752K, 0% used [0x00000000f6e00000,0x00000000f6e00000,0x00000000fb700000)
 ParOldGen       total 133632K, used 114986K [0x00000000d0000000, 0x00000000d8280000, 0x00000000f0000000)
  object space 133632K, 86% used [0x00000000d0000000,0x00000000d704aa38,0x00000000d8280000)
 Metaspace       used 74374K, capacity 76912K, committed 77056K, reserved 1118208K
  class space    used 7320K, capacity 8097K, committed 8192K, reserved 1048576K

Card table byte_map: [0x0000000011f60000,0x00000000120f0000] byte_map_base: 0x00000000118e0000

Marking Bits: (ParMarkBitMap*) 0x000000006bc612b0
 Begin Bits: [0x00000000129f0000, 0x00000000135f0000)
 End Bits:   [0x00000000135f0000, 0x00000000141f0000)

Polling page: 0x0000000002830000

CodeCache: size=245760Kb used=25844Kb max_used=26164Kb free=219915Kb
 bounds [0x0000000002ba0000, 0x0000000004550000, 0x0000000011ba0000]
 total_blobs=6886 nmethods=6143 adapters=653
 compilation: enabled

Compilation events (10 events):
Event: 21.941 Thread 0x0000000016e88000 nmethod 7303 0x0000000002f7d690 code [0x0000000002f7d800, 0x0000000002f7da08]
Event: 21.941 Thread 0x0000000016e88000 7305       4       groovy.lang.MetaClassImpl::checkIfStdMethod (179 bytes)
Event: 21.968 Thread 0x0000000016e9f000 7308   !   3       java.io.FileOutputStream::close (62 bytes)
Event: 21.968 Thread 0x0000000016e9f000 nmethod 7308 0x0000000002f7e790 code [0x0000000002f7e920, 0x0000000002f7ef98]
Event: 21.978 Thread 0x0000000016e88000 nmethod 7305 0x0000000003723c90 code [0x0000000003723f00, 0x0000000003724f00]
Event: 21.979 Thread 0x0000000016e88000 7310       4       groovy.lang.MetaClassImpl::findPropertyMethod (356 bytes)
Event: 21.986 Thread 0x0000000016e9f000 7312       2       org.codehaus.groovy.runtime.metaclass.MetaMethodIndex::findMatchingMethod (51 bytes)
Event: 21.986 Thread 0x0000000016e9f000 nmethod 7312 0x0000000003691f10 code [0x0000000003692080, 0x0000000003692308]
Event: 21.996 Thread 0x0000000016e9f000 7317       1       org.codehaus.groovy.grails.commons.AbstractGrailsClass::getName (5 bytes)
Event: 21.996 Thread 0x0000000016e9f000 nmethod 7317 0x000000000369b390 code [0x000000000369b4e0, 0x000000000369b5f0]

GC Heap History (10 events):
Event: 18.216 GC heap before
{Heap before GC invocations=81 (full 9):
 PSYoungGen      total 199680K, used 44355K [0x00000000f0000000, 0x0000000100000000, 0x0000000100000000)
  eden space 143360K, 0% used [0x00000000f0000000,0x00000000f0000000,0x00000000f8c00000)
  from space 56320K, 78% used [0x00000000fc900000,0x00000000ff450f40,0x0000000100000000)
  to   space 59392K, 0% used [0x00000000f8c00000,0x00000000f8c00000,0x00000000fc600000)
 ParOldGen       total 113152K, used 105226K [0x00000000d0000000, 0x00000000d6e80000, 0x00000000f0000000)
  object space 113152K, 92% used [0x00000000d0000000,0x00000000d66c2828,0x00000000d6e80000)
 Metaspace       used 67715K, capacity 69218K, committed 69504K, reserved 1112064K
  class space    used 6704K, capacity 7180K, committed 7296K, reserved 1048576K
Event: 18.790 GC heap after
Heap after GC invocations=81 (full 9):
 PSYoungGen      total 199680K, used 35498K [0x00000000f0000000, 0x0000000100000000, 0x0000000100000000)
  eden space 143360K, 0% used [0x00000000f0000000,0x00000000f0000000,0x00000000f8c00000)
  from space 56320K, 63% used [0x00000000fc900000,0x00000000febaaa48,0x0000000100000000)
  to   space 59392K, 0% used [0x00000000f8c00000,0x00000000f8c00000,0x00000000fc600000)
 ParOldGen       total 133632K, used 113071K [0x00000000d0000000, 0x00000000d8280000, 0x00000000f0000000)
  object space 133632K, 84% used [0x00000000d0000000,0x00000000d6e6bd18,0x00000000d8280000)
 Metaspace       used 67715K, capacity 69218K, committed 69504K, reserved 1112064K
  class space    used 6704K, capacity 7180K, committed 7296K, reserved 1048576K
}
Event: 19.264 GC heap before
{Heap before GC invocations=82 (full 9):
 PSYoungGen      total 199680K, used 178858K [0x00000000f0000000, 0x0000000100000000, 0x0000000100000000)
  eden space 143360K, 100% used [0x00000000f0000000,0x00000000f8c00000,0x00000000f8c00000)
  from space 56320K, 63% used [0x00000000fc900000,0x00000000febaaa48,0x0000000100000000)
  to   space 59392K, 0% used [0x00000000f8c00000,0x00000000f8c00000,0x00000000fc600000)
 ParOldGen       total 133632K, used 113071K [0x00000000d0000000, 0x00000000d8280000, 0x00000000f0000000)
  object space 133632K, 84% used [0x00000000d0000000,0x00000000d6e6bd18,0x00000000d8280000)
 Metaspace       used 69282K, capacity 70780K, committed 70912K, reserved 1112064K
  class space    used 6820K, capacity 7300K, committed 7424K, reserved 1048576K
Event: 19.293 GC heap after
Heap after GC invocations=82 (full 9):
 PSYoungGen      total 185856K, used 42285K [0x00000000f0000000, 0x0000000100000000, 0x0000000100000000)
  eden space 143360K, 0% used [0x00000000f0000000,0x00000000f0000000,0x00000000f8c00000)
  from space 42496K, 99% used [0x00000000f8c00000,0x00000000fb54b590,0x00000000fb580000)
  to   space 60416K, 0% used [0x00000000fc500000,0x00000000fc500000,0x0000000100000000)
 ParOldGen       total 133632K, used 113958K [0x00000000d0000000, 0x00000000d8280000, 0x00000000f0000000)
  object space 133632K, 85% used [0x00000000d0000000,0x00000000d6f49b00,0x00000000d8280000)
 Metaspace       used 69282K, capacity 70780K, committed 70912K, reserved 1112064K
  class space    used 6820K, capacity 7300K, committed 7424K, reserved 1048576K
}
Event: 20.020 GC heap before
{Heap before GC invocations=83 (full 9):
 PSYoungGen      total 185856K, used 185645K [0x00000000f0000000, 0x0000000100000000, 0x0000000100000000)
  eden space 143360K, 100% used [0x00000000f0000000,0x00000000f8c00000,0x00000000f8c00000)
  from space 42496K, 99% used [0x00000000f8c00000,0x00000000fb54b590,0x00000000fb580000)
  to   space 60416K, 0% used [0x00000000fc500000,0x00000000fc500000,0x0000000100000000)
 ParOldGen       total 133632K, used 113958K [0x00000000d0000000, 0x00000000d8280000, 0x00000000f0000000)
  object space 133632K, 85% used [0x00000000d0000000,0x00000000d6f49b00,0x00000000d8280000)
 Metaspace       used 70730K, capacity 72376K, committed 72576K, reserved 1114112K
  class space    used 6926K, capacity 7454K, committed 7552K, reserved 1048576K
Event: 20.058 GC heap after
Heap after GC invocations=83 (full 9):
 PSYoungGen      total 195584K, used 48106K [0x00000000f0000000, 0x0000000100000000, 0x0000000100000000)
  eden space 135168K, 0% used [0x00000000f0000000,0x00000000f0000000,0x00000000f8400000)
  from space 60416K, 79% used [0x00000000fc500000,0x00000000ff3fa9d8,0x0000000100000000)
  to   space 63488K, 0% used [0x00000000f8400000,0x00000000f8400000,0x00000000fc200000)
 ParOldGen       total 133632K, used 114538K [0x00000000d0000000, 0x00000000d8280000, 0x00000000f0000000)
  object space 133632K, 85% used [0x00000000d0000000,0x00000000d6fdaa38,0x00000000d8280000)
 Metaspace       used 70730K, capacity 72376K, committed 72576K, reserved 1114112K
  class space    used 6926K, capacity 7454K, committed 7552K, reserved 1048576K
}
Event: 20.690 GC heap before
{Heap before GC invocations=84 (full 9):
 PSYoungGen      total 195584K, used 183274K [0x00000000f0000000, 0x0000000100000000, 0x0000000100000000)
  eden space 135168K, 100% used [0x00000000f0000000,0x00000000f8400000,0x00000000f8400000)
  from space 60416K, 79% used [0x00000000fc500000,0x00000000ff3fa9d8,0x0000000100000000)
  to   space 63488K, 0% used [0x00000000f8400000,0x00000000f8400000,0x00000000fc200000)
 ParOldGen       total 133632K, used 114538K [0x00000000d0000000, 0x00000000d8280000, 0x00000000f0000000)
  object space 133632K, 85% used [0x00000000d0000000,0x00000000d6fdaa38,0x00000000d8280000)
 Metaspace       used 73290K, capacity 75422K, committed 75520K, reserved 1116160K
  class space    used 7183K, capacity 7870K, committed 7936K, reserved 1048576K
Event: 20.718 GC heap after
Heap after GC invocations=84 (full 9):
 PSYoungGen      total 192512K, used 57182K [0x00000000f0000000, 0x0000000100000000, 0x0000000100000000)
  eden space 135168K, 0% used [0x00000000f0000000,0x00000000f0000000,0x00000000f8400000)
  from space 57344K, 99% used [0x00000000f8400000,0x00000000fbbd7878,0x00000000fbc00000)
  to   space 69120K, 0% used [0x00000000fbc80000,0x00000000fbc80000,0x0000000100000000)
 ParOldGen       total 133632K, used 114682K [0x00000000d0000000, 0x00000000d8280000, 0x00000000f0000000)
  object space 133632K, 85% used [0x00000000d0000000,0x00000000d6ffea38,0x00000000d8280000)
 Metaspace       used 73290K, capacity 75422K, committed 75520K, reserved 1116160K
  class space    used 7183K, capacity 7870K, committed 7936K, reserved 1048576K
}
Event: 21.942 GC heap before
{Heap before GC invocations=85 (full 9):
 PSYoungGen      total 192512K, used 192350K [0x00000000f0000000, 0x0000000100000000, 0x0000000100000000)
  eden space 135168K, 100% used [0x00000000f0000000,0x00000000f8400000,0x00000000f8400000)
  from space 57344K, 99% used [0x00000000f8400000,0x00000000fbbd7878,0x00000000fbc00000)
  to   space 69120K, 0% used [0x00000000fbc80000,0x00000000fbc80000,0x0000000100000000)
 ParOldGen       total 133632K, used 114682K [0x00000000d0000000, 0x00000000d8280000, 0x00000000f0000000)
  object space 133632K, 85% used [0x00000000d0000000,0x00000000d6ffea38,0x00000000d8280000)
 Metaspace       used 74298K, capacity 76790K, committed 77056K, reserved 1118208K
  class space    used 7301K, capacity 8079K, committed 8192K, reserved 1048576K
Event: 21.963 GC heap after
Heap after GC invocations=85 (full 9):
 PSYoungGen      total 181760K, used 60052K [0x00000000f0000000, 0x0000000100000000, 0x0000000100000000)
  eden space 112640K, 0% used [0x00000000f0000000,0x00000000f0000000,0x00000000f6e00000)
  from space 69120K, 86% used [0x00000000fbc80000,0x00000000ff725130,0x0000000100000000)
  to   space 74752K, 0% used [0x00000000f6e00000,0x00000000f6e00000,0x00000000fb700000)
 ParOldGen       total 133632K, used 114986K [0x00000000d0000000, 0x00000000d8280000, 0x00000000f0000000)
  object space 133632K, 86% used [0x00000000d0000000,0x00000000d704aa38,0x00000000d8280000)
 Metaspace       used 74298K, capacity 76790K, committed 77056K, reserved 1118208K
  class space    used 7301K, capacity 8079K, committed 8192K, reserved 1048576K
}

Deoptimization events (10 events):
Event: 21.426 Thread 0x0000000019d4d000 Uncommon trap: reason=null_check action=make_not_entrant pc=0x0000000004545700 method=org.codehaus.groovy.reflection.ReflectionCache.isAssignableFrom(Ljava/lang/Class;Ljava/lang/Class;)Z @ 9
Event: 21.440 Thread 0x0000000019d4d000 Uncommon trap: reason=class_check action=maybe_recompile pc=0x000000000447f75c method=org.codehaus.groovy.runtime.typehandling.DefaultTypeTransformation.compareToWithEqualityCheck(Ljava/lang/Object;Ljava/lang/Object;Z)I @ 73
Event: 21.457 Thread 0x0000000019d4d000 Uncommon trap: reason=bimorphic action=maybe_recompile pc=0x0000000004356bbc method=groovy.lang.MetaClassImpl.chooseMethodInternal(Ljava/lang/String;Ljava/lang/Object;[Ljava/lang/Class;)Ljava/lang/Object; @ 12
Event: 21.495 Thread 0x0000000019d4d000 Uncommon trap: reason=class_check action=maybe_recompile pc=0x000000000447f75c method=org.codehaus.groovy.runtime.typehandling.DefaultTypeTransformation.compareToWithEqualityCheck(Ljava/lang/Object;Ljava/lang/Object;Z)I @ 73
Event: 21.499 Thread 0x0000000019d4d000 Uncommon trap: reason=class_check action=maybe_recompile pc=0x000000000447f748 method=org.codehaus.groovy.runtime.typehandling.DefaultTypeTransformation.compareToWithEqualityCheck(Ljava/lang/Object;Ljava/lang/Object;Z)I @ 66
Event: 21.504 Thread 0x0000000019d4d000 Uncommon trap: reason=class_check action=maybe_recompile pc=0x000000000447f748 method=org.codehaus.groovy.runtime.typehandling.DefaultTypeTransformation.compareToWithEqualityCheck(Ljava/lang/Object;Ljava/lang/Object;Z)I @ 66
Event: 21.553 Thread 0x0000000019d4d000 Uncommon trap: reason=null_check action=make_not_entrant pc=0x00000000032398c4 method=org.codehaus.groovy.runtime.typehandling.DefaultTypeTransformation.castToType(Ljava/lang/Object;Ljava/lang/Class;)Ljava/lang/Object; @ 52
Event: 21.602 Thread 0x0000000019d4d000 Uncommon trap: reason=null_check action=make_not_entrant pc=0x0000000002ff9660 method=org.codehaus.groovy.runtime.typehandling.DefaultTypeTransformation.castToType(Ljava/lang/Object;Ljava/lang/Class;)Ljava/lang/Object; @ 340
Event: 21.984 Thread 0x0000000019d4d000 Uncommon trap: reason=bimorphic action=maybe_recompile pc=0x0000000003074760 method=java.util.regex.Pattern$GroupTail.match(Ljava/util/regex/Matcher;ILjava/lang/CharSequence;)Z @ 70
Event: 21.984 Thread 0x0000000019d4d000 Uncommon trap: reason=bimorphic action=maybe_recompile pc=0x0000000003074760 method=java.util.regex.Pattern$GroupTail.match(Ljava/util/regex/Matcher;ILjava/lang/CharSequence;)Z @ 70

Internal exceptions (10 events):
Event: 21.988 Thread 0x0000000019d4d000 Exception <a 'java/security/PrivilegedActionException'> (0x00000000f04d0a08) thrown at [C:\re\workspace\8-2-build-windows-amd64-cygwin\jdk8u11\648\hotspot\src\share\vm\prims\jvm.cpp, line 1248]
Event: 21.988 Thread 0x0000000019d4d000 Exception <a 'java/lang/ClassNotFoundException': org/codehaus/groovy/grails/plugins/web/ControllersGrailsPlugin$_closure3_closure21BeanInfo> (0x00000000f04d14c0) thrown at [C:\re\workspace\8-2-build-windows-amd64-cygwin\jdk8u11\648\hotspot\src\share\vm\cla˜¢á¤Ôü5@
Event: 21.988 Thread 0x0000000019d4d000 Exception <a 'java/security/PrivilegedActionException'> (0x00000000f04d2648) thrown at [C:\re\workspace\8-2-build-windows-amd64-cygwin\jdk8u11\648\hotspot\src\share\vm\prims\jvm.cpp, line 1248]
Event: 21.988 Thread 0x0000000019d4d000 Exception <a 'java/security/PrivilegedActionException'> (0x00000000f04d7bc8) thrown at [C:\re\workspace\8-2-build-windows-amd64-cygwin\jdk8u11\648\hotspot\src\share\vm\prims\jvm.cpp, line 1248]
Event: 21.988 Thread 0x0000000019d4d000 Exception <a 'java/security/PrivilegedActionException'> (0x00000000f04ecc18) thrown at [C:\re\workspace\8-2-build-windows-amd64-cygwin\jdk8u11\648\hotspot\src\share\vm\prims\jvm.cpp, line 1248]
Event: 21.988 Thread 0x0000000019d4d000 Exception <a 'java/security/PrivilegedActionException'> (0x00000000f05077e8) thrown at [C:\re\workspace\8-2-build-windows-amd64-cygwin\jdk8u11\648\hotspot\src\share\vm\prims\jvm.cpp, line 1248]
Event: 21.988 Thread 0x0000000019d4d000 Exception <a 'java/security/PrivilegedActionException'> (0x00000000f050cd68) thrown at [C:\re\workspace\8-2-build-windows-amd64-cygwin\jdk8u11\648\hotspot\src\share\vm\prims\jvm.cpp, line 1248]
Event: 21.988 Thread 0x0000000019d4d000 Exception <a 'java/security/PrivilegedActionException'> (0x00000000f0521db8) thrown at [C:\re\workspace\8-2-build-windows-amd64-cygwin\jdk8u11\648\hotspot\src\share\vm\prims\jvm.cpp, line 1248]
Event: 21.989 Thread 0x0000000019d4d000 Exception <a 'java/security/PrivilegedActionException'> (0x00000000f0550c18) thrown at [C:\re\workspace\8-2-build-windows-amd64-cygwin\jdk8u11\648\hotspot\src\share\vm\prims\jvm.cpp, line 1248]
Event: 21.989 Thread 0x0000000019d4d000 Exception <a 'java/lang/ClassNotFoundException': org/codehaus/groovy/grails/plugins/web/ControllersGrailsPlugin$_closure3_closure21Customizer> (0x00000000f05516d0) thrown at [C:\re\workspace\8-2-build-windows-amd64-cygwin\jdk8u11\648\hotspot\src\share\vm\cÅ'ÁêÍü5@

Events (10 events):
Event: 21.987 loading class org/codehaus/groovy/grails/plugins/web/ControllersGrailsPlugin$_closure3_closure21BeanInfo
Event: 21.987 loading class org/codehaus/groovy/grails/plugins/web/ControllersGrailsPlugin$_closure3_closure21BeanInfo done
Event: 21.988 loading class org/codehaus/groovy/grails/plugins/web/ControllersGrailsPlugin$_closure3_closure21BeanInfo
Event: 21.988 loading class org/codehaus/groovy/grails/plugins/web/ControllersGrailsPlugin$_closure3_closure21BeanInfo done
Event: 21.988 loading class org/codehaus/groovy/grails/plugins/web/ControllersGrailsPlugin$_closure3_closure21Customizer
Event: 21.988 loading class org/codehaus/groovy/grails/plugins/web/ControllersGrailsPlugin$_closure3_closure21Customizer done
Event: 21.988 loading class org/codehaus/groovy/grails/plugins/web/ControllersGrailsPlugin$_closure3_closure21Customizer
Event: 21.988 loading class org/codehaus/groovy/grails/plugins/web/ControllersGrailsPlugin$_closure3_closure21Customizer done
Event: 21.989 loading class org/codehaus/groovy/grails/plugins/web/ControllersGrailsPlugin$_closure3_closure21Customizer
Event: 21.989 loading class org/codehaus/groovy/grails/plugins/web/ControllersGrailsPlugin$_closure3_closure21Customizer done


Dynamic libraries:
0x00007ff737ac0000 - 0x00007ff737af4000 	C:\Program Files\Java\jdk1.8.0_11\bin\java.exe
0x00007ff8a1d20000 - 0x00007ff8a1eca000 	C:\Windows\SYSTEM32\ntdll.dll
0x00007ff89f710000 - 0x00007ff89f84a000 	C:\Windows\system32\KERNEL32.DLL
0x00007ff89f1b0000 - 0x00007ff89f2bf000 	C:\Windows\system32\KERNELBASE.dll
0x00007ff89cad0000 - 0x00007ff89cb58000 	C:\Windows\system32\apphelp.dll
0x00007ff894380000 - 0x00007ff8943cf000 	C:\Windows\AppPatch\AppPatch64\AcGenral.DLL
0x00007ff89fc50000 - 0x00007ff89fcf7000 	C:\Windows\system32\msvcrt.dll
0x00007ff89ef40000 - 0x00007ff89ef6b000 	C:\Windows\SYSTEM32\SspiCli.dll
0x00007ff8a0150000 - 0x00007ff8a01a1000 	C:\Windows\system32\SHLWAPI.dll
0x00007ff89f850000 - 0x00007ff89f9c1000 	C:\Windows\system32\USER32.dll
0x00007ff89fa30000 - 0x00007ff89fba8000 	C:\Windows\system32\ole32.dll
0x00007ff8a0900000 - 0x00007ff8a1d20000 	C:\Windows\system32\SHELL32.dll
0x00007ff89e700000 - 0x00007ff89e71e000 	C:\Windows\SYSTEM32\USERENV.dll
0x00007ff8a0850000 - 0x00007ff8a08f5000 	C:\Windows\system32\ADVAPI32.dll
0x00007ff8985f0000 - 0x00007ff89860b000 	C:\Windows\SYSTEM32\MPR.dll
0x00007ff8a05c0000 - 0x00007ff8a06f7000 	C:\Windows\system32\RPCRT4.dll
0x00007ff89fbb0000 - 0x00007ff89fc07000 	C:\Windows\SYSTEM32\sechost.dll
0x00007ff8a01b0000 - 0x00007ff8a0386000 	C:\Windows\SYSTEM32\combase.dll
0x00007ff8a0700000 - 0x00007ff8a0844000 	C:\Windows\system32\GDI32.dll
0x00007ff89f090000 - 0x00007ff89f0a4000 	C:\Windows\SYSTEM32\profapi.dll
0x00007ff89dc90000 - 0x00007ff89dd2f000 	C:\Windows\SYSTEM32\SHCORE.dll
0x00007ff8a0390000 - 0x00007ff8a03c4000 	C:\Windows\system32\IMM32.DLL
0x00007ff89fd00000 - 0x00007ff89fe39000 	C:\Windows\system32\MSCTF.dll
0x00007ff89d5d0000 - 0x00007ff89d82a000 	C:\Windows\WinSxS\amd64_microsoft.windows.common-controls_6595b64144ccf1df_6.0.9600.17031_none_6242a4b3ecbb55a1\COMCTL32.dll
0x000000006c230000 - 0x000000006c302000 	C:\Program Files\Java\jdk1.8.0_11\jre\bin\msvcr100.dll
0x000000006b4b0000 - 0x000000006bcda000 	C:\Program Files\Java\jdk1.8.0_11\jre\bin\server\jvm.dll
0x00007ff897790000 - 0x00007ff897799000 	C:\Windows\SYSTEM32\WSOCK32.dll
0x00007ff89d830000 - 0x00007ff89d84f000 	C:\Windows\SYSTEM32\WINMM.dll
0x00007ff8a03d0000 - 0x00007ff8a03d7000 	C:\Windows\system32\PSAPI.DLL
0x00007ff89f6b0000 - 0x00007ff89f708000 	C:\Windows\system32\WS2_32.dll
0x00007ff89d570000 - 0x00007ff89d59a000 	C:\Windows\SYSTEM32\WINMMBASE.dll
0x00007ff89fc10000 - 0x00007ff89fc19000 	C:\Windows\system32\NSI.dll
0x00007ff89f2c0000 - 0x00007ff89f30a000 	C:\Windows\SYSTEM32\cfgmgr32.dll
0x00007ff89df20000 - 0x00007ff89df46000 	C:\Windows\SYSTEM32\DEVOBJ.dll
0x000000006c1e0000 - 0x000000006c1ef000 	C:\Program Files\Java\jdk1.8.0_11\jre\bin\verify.dll
0x000000006c1b0000 - 0x000000006c1d8000 	C:\Program Files\Java\jdk1.8.0_11\jre\bin\java.dll
0x000000006c4e0000 - 0x000000006c503000 	C:\Program Files\Java\jdk1.8.0_11\jre\bin\instrument.dll
0x000000006c190000 - 0x000000006c1a6000 	C:\Program Files\Java\jdk1.8.0_11\jre\bin\zip.dll
0x00007ff89e9d0000 - 0x00007ff89e9ee000 	C:\Windows\SYSTEM32\CRYPTSP.dll
0x00007ff89e5f0000 - 0x00007ff89e625000 	C:\Windows\system32\rsaenh.dll
0x00007ff89ec50000 - 0x00007ff89ec76000 	C:\Windows\SYSTEM32\bcrypt.dll
0x00007ff89ef70000 - 0x00007ff89efd0000 	C:\Windows\system32\bcryptprimitives.dll
0x00007ff89efd0000 - 0x00007ff89efda000 	C:\Windows\SYSTEM32\CRYPTBASE.dll
0x000000006c170000 - 0x000000006c18a000 	C:\Program Files\Java\jdk1.8.0_11\jre\bin\net.dll
0x00007ff89e950000 - 0x00007ff89e9a8000 	C:\Windows\system32\mswsock.dll
0x00007ff899310000 - 0x00007ff899339000 	C:\Windows\SYSTEM32\IPHLPAPI.DLL
0x00007ff8992e0000 - 0x00007ff8992ea000 	C:\Windows\SYSTEM32\WINNSI.DLL
0x00007ff8991b0000 - 0x00007ff8991c4000 	C:\Windows\SYSTEM32\dhcpcsvc6.DLL
0x00007ff899130000 - 0x00007ff899149000 	C:\Windows\SYSTEM32\dhcpcsvc.DLL
0x000000006c150000 - 0x000000006c161000 	C:\Program Files\Java\jdk1.8.0_11\jre\bin\nio.dll
0x00007ff899d60000 - 0x00007ff899d6a000 	C:\Users\kegara\AppData\Local\Temp\jansi-64-5988891906789113096.dll
0x000000006bf00000 - 0x000000006bf0d000 	C:\Program Files\Java\jdk1.8.0_11\jre\bin\management.dll
0x00007ff896330000 - 0x00007ff896344000 	C:\Windows\system32\napinsp.dll
0x00007ff8962d0000 - 0x00007ff8962e9000 	C:\Windows\system32\pnrpnsp.dll
0x00007ff89a220000 - 0x00007ff89a239000 	C:\Windows\system32\NLAapi.dll
0x00007ff89e760000 - 0x00007ff89e803000 	C:\Windows\SYSTEM32\DNSAPI.dll
0x00007ff896260000 - 0x00007ff89626c000 	C:\Windows\System32\winrnr.dll
0x00007ff896fb0000 - 0x00007ff896fb9000 	C:\Windows\System32\rasadhlp.dll
0x00007ff899070000 - 0x00007ff8990d8000 	C:\Windows\System32\fwpuclnt.dll
0x00007ff8965a0000 - 0x00007ff896728000 	C:\Windows\SYSTEM32\dbghelp.dll

VM Arguments:
jvm_args: -Dfile.encoding=UTF-8 -Xmx768M -Xms64M -Dgrails.fork.parent.process.port=3722 -Dgrails.fork.active=true -Dgrails.build.execution.context=C:\Users\kegara\AppData\Local\Temp\GymApp2320037372791225676grails-execution-context -Dgrails.home=C:\Users\kegara\Documents\grails-2.3.11\grails-2.3.11 -javaagent:C:\Users\kegara\Documents\grails-2.3.11\grails-2.3.11\lib\org.springframework\springloaded\jars\springloaded-1.2.0.RELEASE.jar -Xverify:none -Dspringloaded.synchronize=true -Djdk.reflect.allowGetCallerClass=true -Dspringloaded=profile=grails;cacheDir=C:\Users\kegara/.grails/2.3.11/ 
java_command: org.grails.plugins.tomcat.fork.ForkedTomcatServer
java_class_path (initial): C:\Program Files\Java\jdk1.8.0_11\lib\tools.jar;C:\Users\kegara\Documents\grails-2.3.11\grails-2.3.11\lib\org.codehaus.groovy\groovy-all\jars\groovy-all-2.1.9.jar;C:\Users\kegara\Documents\grails-2.3.11\grails-2.3.11\lib\org.slf4j\jcl-over-slf4j\jars\jcl-over-slf4j-1.7.5.jar;C:\Users\kegara\Documents\grails-2.3.11\grails-2.3.11\lib\org.codehaus.gant\gant_groovy1.8\jars\gant_groovy1.8-1.9.6.jar;C:\Users\kegara\Documents\grails-2.3.11\grails-2.3.11\lib\org.apache.tomcat.embed\tomcat-embed-logging-log4j\jars\tomcat-embed-logging-log4j-7.0.50.jar;C:\Users\kegara\Documents\grails-2.3.11\grails-2.3.11\dist\grails-plugin-log4j-2.3.11.jar;C:\Users\kegara\Documents\grails-2.3.11\grails-2.3.11\lib\log4j\log4j\jars\log4j-1.2.17.jar;C:\Users\kegara\Documents\grails-2.3.11\grails-2.3.11\dist\grails-bootstrap-2.3.11.jar;C:\Users\kegara\Documents\grails-2.3.11\grails-2.3.11\lib\org.slf4j\slf4j-api\jars\slf4j-api-1.7.5.jar;C:\Users\kegara\Documents\grails-2.3.11\grails-2.3.11\lib\jline\jline\jars\jline-2.12.jar;C:\Users\kegara\Documents\grails-2.3.11\grails-2.3.11\lib\org.apache.ant\ant\jars\ant-1.8.4.jar;C:\Users\kegara\Documents\grails-2.3.11\grails-2.3.11\lib\org.apache.ant\ant-launcher\jars\ant-launcher-1.8.4.jar;C:\Users\kegara\Documents\grails-2.3.11\grails-2.3.11\lib\org.apache.ant\ant-trax\jars\ant-trax-1.7.1.jar;C:\Users\kegara\Documents\grails-2.3.11\grails-2.3.11\lib\org.apache.ant\ant-junit\jars\ant-junit-1.8.4.jar;C:\Users\kegara\Documents\grails-2.3.11\grails-2.3.11\lib\org.apache.ivy\ivy\jars\ivy-2.3.0.jar;C:\Users\kegara\Documents\grails-2.3.11\grails-2.3.11\lib\org.fusesource.jansi\jansi\jars\jansi-1.11.jar;C:\Users\kegara\.m2\repository\org\eclipse\jdt\core\compiler\ecj\3.7.2\ecj-3.7.2.jar;C:\Users\kegara\Documents\Netbeans Projects\GymApp\target\work\plugins\tomcat-7.0.54\grails-plugin-tomcat-7.0.54.jar;C:\Users\kegara\.m2\repository\org\apache\tomcat\embed\tomcat-embed-websocket\7.0.53\tomcat-embed-websocket-7.0.53.jar;C:\Users\kegar
Launcher Type: SUN_STANDARD

Environment Variables:
JAVA_HOME=C:\Program Files\Java\jdk1.8.0_11
PATH=C:\ProgramData\Oracle\Java\javapath;C:\Program Files (x86)\Intel\iCLS Client\;C:\Program Files\Intel\iCLS Client\;C:\Windows\system32;C:\Windows;C:\Windows\System32\Wbem;C:\Windows\System32\WindowsPowerShell\v1.0\;C:\Python34\;C:\Python34\Scripts;C:\Program Files\R\R-3.1.1\bin\x64;C:\Program Files\Java\jdk1.8.0_11\bin;C:\Program Files\Intel\Intel(R) Management Engine Components\DAL;C:\Program Files\Intel\Intel(R) Management Engine Components\IPT;C:\Program Files (x86)\Intel\Intel(R) Management Engine Components\DAL;C:\Program Files (x86)\Intel\Intel(R) Management Engine Components\IPT;C:\Program Files\Common Files\Autodesk Shared\;C:\Program Files (x86)\Autodesk\Backburner\;C:\Program Files (x86)\Windows Kits\8.1\Windows Performance Toolkit\;C:\Program Files\Microsoft SQL Server\110\Tools\Binn\;C:\Program Files (x86)\Microsoft SDKs\TypeScript\1.0\;C:\Program Files (x86)\QuickTime\QTSystem\;C:\Program Files\jEdit;C:\Program Files (x86)\Rational\common;C:\Program Files\MiKTeX 2.9\miktex\bin\x64\;C:\Program Files\MATLAB(Campus)\R2014a\bin;C:\Program Files\MATLAB\R2014a\bin;c:\Program Files (x86)\Microsoft SQL Server\100\Tools\Binn\;c:\Program Files\Microsoft SQL Server\100\Tools\Binn\;c:\Program Files\Microsoft SQL Server\100\DTS\Binn\;M:\SOIProfile\My Documents\Groovy\Groovy-2.3.6\bin;C:\Users\kegara\Documents\grails-2.3.11\grails-2.3.11\bin
USERNAME=kegara
OS=Windows_NT
PROCESSOR_IDENTIFIER=Intel64 Family 6 Model 62 Stepping 4, GenuineIntel



---------------  S Y S T E M  ---------------

OS: Windows 8.1 , 64 bit Build 9600 

CPU:total 8 (4 cores per cpu, 2 threads per core) family 6 model 62 stepping 4, cmov, cx8, fxsr, mmx, sse, sse2, sse3, ssse3, sse4.1, sse4.2, popcnt, avx, aes, clmul, erms, ht, tsc, tscinvbit

Memory: 4k page, physical 16699200k(11402540k free), swap 19189568k(13345668k free)

vm_info: Java HotSpot(TM) 64-Bit Server VM (25.11-b03) for windows-amd64 JRE (1.8.0_11-b12), built on Jun 16 2014 20:57:32 by "java_re" with MS VC++ 10.0 (VS2010)

time: Fri Jan 16 03:48:31 2015
elapsed time: 22 seconds

