#
# A fatal error has been detected by the Java Runtime Environment:
#
#  EXCEPTION_ACCESS_VIOLATION (0xc0000005) at pc=0x000000006b8d4db2, pid=4756, tid=4788
#
# JRE version: Java(TM) SE Runtime Environment (8.0_11-b12) (build 1.8.0_11-b12)
# Java VM: Java HotSpot(TM) 64-Bit Server VM (25.11-b03 mixed mode windows-amd64 compressed oops)
# Problematic frame:
# V  [jvm.dll+0x424db2]
#
# Failed to write core dump. Minidumps are not enabled by default on client versions of Windows
#
# If you would like to submit a bug report, please visit:
#   http://bugreport.sun.com/bugreport/crash.jsp
#

---------------  T H R E A D  ---------------

Current thread (0x00000000172df000):  JavaThread "C2 CompilerThread1" daemon [_thread_in_native, id=4788, stack(0x0000000017870000,0x0000000017970000)]

siginfo: ExceptionCode=0xc0000005, reading address 0x0000000000000000

Registers:
RAX=0x0000000019dfd268, RBX=0x0000000000000600, RCX=0x0000000000000000, RDX=0x0000000019df8e70
RSP=0x000000001796c3c0, RBP=0x00000000000000c0, RSI=0x00000000000000b8, RDI=0x0000000000000000
R8 =0x000000006b4b0000, R9 =0x000000001796c6e0, R10=0x00000000ffffffff, R11=0x0000000017306630
R12=0x0000000019dfd970, R13=0x0000000018535cd8, R14=0x0000000000000008, R15=0x0000000018535cd8
RIP=0x000000006b8d4db2, EFLAGS=0x0000000000010206

Top of Stack: (sp=0x000000001796c3c0)
0x000000001796c3c0:   00000000000000da 0000000019f7b6e0
0x000000001796c3d0:   0000000000000000 000000001741f798
0x000000001796c3e0:   0000000000000001 0000000000000600
0x000000001796c3f0:   0000000000000180 00000000000000c0
0x000000001796c400:   000000001bb73e10 00000000172d6740
0x000000001796c410:   0000000000000740 0000000019f7b6e0
0x000000001796c420:   000000001796c6e0 0000000019dfa330
0x000000001796c430:   0000000000000020 0000000000000009
0x000000001796c440:   0000000019dfd940 00000000000000da
0x000000001796c450:   0000000018535cd8 000000006b8d598d
0x000000001796c460:   0000000019dfd940 000000000000001c
0x000000001796c470:   00000000000000da 000000001796c6e0
0x000000001796c480:   0000000019df8e70 00000000000000da
0x000000001796c490:   0000000019dfa330 0000000000000020
0x000000001796c4a0:   00000000197385b8 000000001796ea50
0x000000001796c4b0:   0000000019fc04f0 0000000019dfd940 

Instructions: (pc=0x000000006b8d4db2)
0x000000006b8d4d92:   c6 48 63 f0 48 03 f1 eb 04 48 83 ce ff 48 8b 84
0x000000006b8d4da2:   24 a0 00 00 00 48 8b 40 08 48 8b 3c 03 48 8b cf
0x000000006b8d4db2:   48 8b 07 ff 50 28 4c 8d 05 41 b2 bd ff 48 63 50
0x000000006b8d4dc2:   10 4c 8b d8 48 8b ca 48 c1 e1 05 42 80 bc 01 c0 


Register to memory mapping:

RAX=0x0000000019dfd268 is an unknown value
RBX=0x0000000000000600 is an unknown value
RCX=0x0000000000000000 is an unknown value
RDX=0x0000000019df8e70 is an unknown value
RSP=0x000000001796c3c0 is pointing into the stack for thread: 0x00000000172df000
RBP=0x00000000000000c0 is an unknown value
RSI=0x00000000000000b8 is an unknown value
RDI=0x0000000000000000 is an unknown value
R8 =0x000000006b4b0000 is an unknown value
R9 =0x000000001796c6e0 is pointing into the stack for thread: 0x00000000172df000
R10=0x00000000ffffffff is an unknown value
R11=0x0000000017306630 is an unknown value
R12=0x0000000019dfd970 is an unknown value
R13=0x0000000018535cd8 is an unknown value
R14=0x0000000000000008 is an unknown value
R15=0x0000000018535cd8 is an unknown value


Stack: [0x0000000017870000,0x0000000017970000],  sp=0x000000001796c3c0,  free space=1008k
Native frames: (J=compiled Java code, j=interpreted, Vv=VM code, C=native code)
V  [jvm.dll+0x424db2]
V  [jvm.dll+0x42598d]
V  [jvm.dll+0x425ecf]
V  [jvm.dll+0x4c5a84]
V  [jvm.dll+0x4415bc]
V  [jvm.dll+0x443a29]
V  [jvm.dll+0x427722]
V  [jvm.dll+0x96982]
V  [jvm.dll+0x97173]
V  [jvm.dll+0x2234b4]
V  [jvm.dll+0x27bcca]
C  [msvcr100.dll+0x21d9f]
C  [msvcr100.dll+0x21e3b]
C  [KERNEL32.DLL+0x16ad]
C  [ntdll.dll+0x734a5]


Current CompileTask:
C2:  19267 6741       4       groovy.lang.MetaClassImpl::findPropertyMethod (356 bytes)


---------------  P R O C E S S  ---------------

Java Threads: ( => current thread )
  0x000000001a08d000 JavaThread "com.zola.gym.Role.data" daemon [_thread_blocked, id=4956, stack(0x00000000213e0000,0x00000000214e0000)]
  0x000000001a089800 JavaThread "net.sf.ehcache.CacheManager@23969fee" daemon [_thread_blocked, id=3724, stack(0x0000000021040000,0x0000000021140000)]
  0x000000001a08b800 JavaThread "PoolCleaner[1828757865:1421375554888]" daemon [_thread_blocked, id=3772, stack(0x000000001d150000,0x000000001d250000)]
  0x000000001a649800 JavaThread "FileSystemWatcher: files=#484 cl=groovy.lang.GroovyClassLoader@6d00a169" daemon [_thread_blocked, id=6092, stack(0x000000001ce50000,0x000000001cf50000)]
  0x000000001ab84000 JavaThread "Thread-4" daemon [_thread_in_native, id=6304, stack(0x000000001cb50000,0x000000001cc50000)]
  0x000000001a69f000 JavaThread "localhost-startStop-1" daemon [_thread_in_Java, id=2836, stack(0x000000001c830000,0x000000001c930000)]
  0x000000001bcd9800 JavaThread "Tomcat-startStop-1" daemon [_thread_blocked, id=6416, stack(0x000000001b6f0000,0x000000001b7f0000)]
  0x000000001a826000 JavaThread "Thread-3" [_thread_in_native, id=5572, stack(0x000000001af40000,0x000000001b040000)]
  0x0000000019c05800 JavaThread "Thread-2" [_thread_blocked, id=120, stack(0x0000000018c40000,0x0000000018d40000)]
  0x00000000180cb800 JavaThread "NonBlockingInputStreamThread" daemon [_thread_blocked, id=3708, stack(0x0000000018940000,0x0000000018a40000)]
  0x0000000017498000 JavaThread "Service Thread" daemon [_thread_blocked, id=6032, stack(0x0000000017b70000,0x0000000017c70000)]
  0x00000000172d1800 JavaThread "C1 CompilerThread3" daemon [_thread_blocked, id=3332, stack(0x0000000017a70000,0x0000000017b70000)]
  0x00000000172d1000 JavaThread "C2 CompilerThread2" daemon [_thread_in_native, id=908, stack(0x0000000017970000,0x0000000017a70000)]
=>0x00000000172df000 JavaThread "C2 CompilerThread1" daemon [_thread_in_native, id=4788, stack(0x0000000017870000,0x0000000017970000)]
  0x00000000172d0000 JavaThread "C2 CompilerThread0" daemon [_thread_in_native, id=3756, stack(0x0000000017770000,0x0000000017870000)]
  0x000000001719b800 JavaThread "Attach Listener" daemon [_thread_blocked, id=1564, stack(0x0000000017670000,0x0000000017770000)]
  0x000000001719a800 JavaThread "Signal Dispatcher" daemon [_thread_blocked, id=5884, stack(0x0000000017570000,0x0000000017670000)]
  0x0000000002fbd000 JavaThread "Finalizer" daemon [_thread_blocked, id=1668, stack(0x0000000017070000,0x0000000017170000)]
  0x000000001517a800 JavaThread "Reference Handler" daemon [_thread_blocked, id=3812, stack(0x0000000016f70000,0x0000000017070000)]
  0x0000000002ec5000 JavaThread "main" [_thread_blocked, id=7040, stack(0x0000000002b20000,0x0000000002c20000)]

Other Threads:
  0x0000000015176800 VMThread [stack: 0x0000000016e70000,0x0000000016f70000] [id=5232]
  0x0000000017483000 WatcherThread [stack: 0x0000000017c70000,0x0000000017d70000] [id=4632]

VM state:not at safepoint (normal execution)

VM Mutex/Monitor currently owned by a thread: None

Heap:
 PSYoungGen      total 188928K, used 133213K [0x00000000f0000000, 0x0000000100000000, 0x0000000100000000)
  eden space 115712K, 75% used [0x00000000f0000000,0x00000000f55d5638,0x00000000f7100000)
  from space 73216K, 61% used [0x00000000f7100000,0x00000000f9d41f20,0x00000000fb880000)
  to   space 73216K, 0% used [0x00000000fb880000,0x00000000fb880000,0x0000000100000000)
 ParOldGen       total 133120K, used 112859K [0x00000000d0000000, 0x00000000d8200000, 0x00000000f0000000)
  object space 133120K, 84% used [0x00000000d0000000,0x00000000d6e36fd0,0x00000000d8200000)
 Metaspace       used 70563K, capacity 72202K, committed 72320K, reserved 1114112K
  class space    used 6927K, capacity 7460K, committed 7552K, reserved 1048576K

Card table byte_map: [0x0000000012380000,0x0000000012510000] byte_map_base: 0x0000000011d00000

Marking Bits: (ParMarkBitMap*) 0x000000006bc612b0
 Begin Bits: [0x0000000012e10000, 0x0000000013a10000)
 End Bits:   [0x0000000013a10000, 0x0000000014610000)

Polling page: 0x0000000001260000

CodeCache: size=245760Kb used=23544Kb max_used=24492Kb free=222215Kb
 bounds [0x0000000002fc0000, 0x00000000047c0000, 0x0000000011fc0000]
 total_blobs=6319 nmethods=5576 adapters=653
 compilation: enabled

Compilation events (10 events):
Event: 19.213 Thread 0x00000000172df000 nmethod 6711 0x00000000034d0c50 code [0x00000000034d0ee0, 0x00000000034d1ee8]
Event: 19.213 Thread 0x00000000172df000 6733       4       org.codehaus.groovy.reflection.ParameterTypes::correctArguments (79 bytes)
Event: 19.216 Thread 0x00000000172df000 nmethod 6733 0x0000000003cd6550 code [0x0000000003cd66e0, 0x0000000003cd69e8]
Event: 19.216 Thread 0x00000000172df000 6726   !   4       groovy.lang.MetaMethod::doMethodInvoke (22 bytes)
Event: 19.223 Thread 0x00000000172df000 nmethod 6726 0x000000000366a910 code [0x000000000366aae0, 0x000000000366b190]
Event: 19.223 Thread 0x00000000172df000 6740       4       groovy.lang.MetaClassImpl$1MOPIter::processFastArray (210 bytes)
Event: 19.233 Thread 0x00000000172df000 nmethod 6740 0x00000000034cf0d0 code [0x00000000034cf280, 0x00000000034cfda8]
Event: 19.233 Thread 0x00000000172df000 6741       4       groovy.lang.MetaClassImpl::findPropertyMethod (356 bytes)
Event: 19.242 Thread 0x00000000172d1800 6742       3       org.springsource.loaded.ReloadableType::hasFieldChangedInHierarchy (148 bytes)
Event: 19.243 Thread 0x00000000172d1800 nmethod 6742 0x0000000003a3c590 code [0x0000000003a3c7c0, 0x0000000003a3d0f8]

GC Heap History (10 events):
Event: 16.133 GC heap before
{Heap before GC invocations=77 (full 7):
 PSYoungGen      total 188928K, used 50464K [0x00000000f0000000, 0x0000000100000000, 0x0000000100000000)
  eden space 124928K, 0% used [0x00000000f0000000,0x00000000f0000000,0x00000000f7a00000)
  from space 64000K, 78% used [0x00000000fc180000,0x00000000ff2c8168,0x0000000100000000)
  to   space 68608K, 0% used [0x00000000f7a00000,0x00000000f7a00000,0x00000000fbd00000)
 ParOldGen       total 94720K, used 91553K [0x00000000d0000000, 0x00000000d5c80000, 0x00000000f0000000)
  object space 94720K, 96% used [0x00000000d0000000,0x00000000d59687a8,0x00000000d5c80000)
 Metaspace       used 66152K, capacity 67614K, committed 67968K, reserved 1110016K
  class space    used 6474K, capacity 6948K, committed 7040K, reserved 1048576K
Event: 16.984 GC heap after
Heap after GC invocations=77 (full 7):
 PSYoungGen      total 188928K, used 45668K [0x00000000f0000000, 0x0000000100000000, 0x0000000100000000)
  eden space 124928K, 0% used [0x00000000f0000000,0x00000000f0000000,0x00000000f7a00000)
  from space 64000K, 71% used [0x00000000fc180000,0x00000000fee193f0,0x0000000100000000)
  to   space 68608K, 0% used [0x00000000f7a00000,0x00000000f7a00000,0x00000000fbd00000)
 ParOldGen       total 112128K, used 94522K [0x00000000d0000000, 0x00000000d6d80000, 0x00000000f0000000)
  object space 112128K, 84% used [0x00000000d0000000,0x00000000d5c4e898,0x00000000d6d80000)
 Metaspace       used 66152K, capacity 67614K, committed 67968K, reserved 1110016K
  class space    used 6474K, capacity 6948K, committed 7040K, reserved 1048576K
}
Event: 17.421 GC heap before
{Heap before GC invocations=78 (full 7):
 PSYoungGen      total 188928K, used 170596K [0x00000000f0000000, 0x0000000100000000, 0x0000000100000000)
  eden space 124928K, 100% used [0x00000000f0000000,0x00000000f7a00000,0x00000000f7a00000)
  from space 64000K, 71% used [0x00000000fc180000,0x00000000fee193f0,0x0000000100000000)
  to   space 68608K, 0% used [0x00000000f7a00000,0x00000000f7a00000,0x00000000fbd00000)
 ParOldGen       total 112128K, used 94522K [0x00000000d0000000, 0x00000000d6d80000, 0x00000000f0000000)
  object space 112128K, 84% used [0x00000000d0000000,0x00000000d5c4e898,0x00000000d6d80000)
 Metaspace       used 67619K, capacity 69040K, committed 69376K, reserved 1112064K
  class space    used 6696K, capacity 7145K, committed 7168K, reserved 1048576K
Event: 17.447 GC heap after
Heap after GC invocations=78 (full 7):
 PSYoungGen      total 171008K, used 45835K [0x00000000f0000000, 0x0000000100000000, 0x0000000100000000)
  eden space 124928K, 0% used [0x00000000f0000000,0x00000000f0000000,0x00000000f7a00000)
  from space 46080K, 99% used [0x00000000f7a00000,0x00000000fa6c2c88,0x00000000fa700000)
  to   space 70656K, 0% used [0x00000000fbb00000,0x00000000fbb00000,0x0000000100000000)
 ParOldGen       total 112128K, used 101688K [0x00000000d0000000, 0x00000000d6d80000, 0x00000000f0000000)
  object space 112128K, 90% used [0x00000000d0000000,0x00000000d634e248,0x00000000d6d80000)
 Metaspace       used 67619K, capacity 69040K, committed 69376K, reserved 1112064K
  class space    used 6696K, capacity 7145K, committed 7168K, reserved 1048576K
}
Event: 17.817 GC heap before
{Heap before GC invocations=79 (full 7):
 PSYoungGen      total 171008K, used 170763K [0x00000000f0000000, 0x0000000100000000, 0x0000000100000000)
  eden space 124928K, 100% used [0x00000000f0000000,0x00000000f7a00000,0x00000000f7a00000)
  from space 46080K, 99% used [0x00000000f7a00000,0x00000000fa6c2c88,0x00000000fa700000)
  to   space 70656K, 0% used [0x00000000fbb00000,0x00000000fbb00000,0x0000000100000000)
 ParOldGen       total 112128K, used 101688K [0x00000000d0000000, 0x00000000d6d80000, 0x00000000f0000000)
  object space 112128K, 90% used [0x00000000d0000000,0x00000000d634e248,0x00000000d6d80000)
 Metaspace       used 68323K, capacity 69832K, committed 70272K, reserved 1112064K
  class space    used 6742K, capacity 7215K, committed 7296K, reserved 1048576K
Event: 17.843 GC heap after
Heap after GC invocations=79 (full 7):
 PSYoungGen      total 186368K, used 48934K [0x00000000f0000000, 0x0000000100000000, 0x0000000100000000)
  eden space 115712K, 0% used [0x00000000f0000000,0x00000000f0000000,0x00000000f7100000)
  from space 70656K, 69% used [0x00000000fbb00000,0x00000000feac9848,0x0000000100000000)
  to   space 73216K, 0% used [0x00000000f7100000,0x00000000f7100000,0x00000000fb880000)
 ParOldGen       total 112128K, used 103830K [0x00000000d0000000, 0x00000000d6d80000, 0x00000000f0000000)
  object space 112128K, 92% used [0x00000000d0000000,0x00000000d65658e8,0x00000000d6d80000)
 Metaspace       used 68323K, capacity 69832K, committed 70272K, reserved 1112064K
  class space    used 6742K, capacity 7215K, committed 7296K, reserved 1048576K
}
Event: 17.843 GC heap before
{Heap before GC invocations=80 (full 8):
 PSYoungGen      total 186368K, used 48934K [0x00000000f0000000, 0x0000000100000000, 0x0000000100000000)
  eden space 115712K, 0% used [0x00000000f0000000,0x00000000f0000000,0x00000000f7100000)
  from space 70656K, 69% used [0x00000000fbb00000,0x00000000feac9848,0x0000000100000000)
  to   space 73216K, 0% used [0x00000000f7100000,0x00000000f7100000,0x00000000fb880000)
 ParOldGen       total 112128K, used 103830K [0x00000000d0000000, 0x00000000d6d80000, 0x00000000f0000000)
  object space 112128K, 92% used [0x00000000d0000000,0x00000000d65658e8,0x00000000d6d80000)
 Metaspace       used 68323K, capacity 69832K, committed 70272K, reserved 1112064K
  class space    used 6742K, capacity 7215K, committed 7296K, reserved 1048576K
Event: 18.312 GC heap after
Heap after GC invocations=80 (full 8):
 PSYoungGen      total 186368K, used 39844K [0x00000000f0000000, 0x0000000100000000, 0x0000000100000000)
  eden space 115712K, 0% used [0x00000000f0000000,0x00000000f0000000,0x00000000f7100000)
  from space 70656K, 56% used [0x00000000fbb00000,0x00000000fe1e9348,0x0000000100000000)
  to   space 73216K, 0% used [0x00000000f7100000,0x00000000f7100000,0x00000000fb880000)
 ParOldGen       total 133120K, used 112014K [0x00000000d0000000, 0x00000000d8200000, 0x00000000f0000000)
  object space 133120K, 84% used [0x00000000d0000000,0x00000000d6d63810,0x00000000d8200000)
 Metaspace       used 68323K, capacity 69832K, committed 70272K, reserved 1112064K
  class space    used 6742K, capacity 7215K, committed 7296K, reserved 1048576K
}
Event: 18.968 GC heap before
{Heap before GC invocations=81 (full 8):
 PSYoungGen      total 186368K, used 155556K [0x00000000f0000000, 0x0000000100000000, 0x0000000100000000)
  eden space 115712K, 100% used [0x00000000f0000000,0x00000000f7100000,0x00000000f7100000)
  from space 70656K, 56% used [0x00000000fbb00000,0x00000000fe1e9348,0x0000000100000000)
  to   space 73216K, 0% used [0x00000000f7100000,0x00000000f7100000,0x00000000fb880000)
 ParOldGen       total 133120K, used 112014K [0x00000000d0000000, 0x00000000d8200000, 0x00000000f0000000)
  object space 133120K, 84% used [0x00000000d0000000,0x00000000d6d63810,0x00000000d8200000)
 Metaspace       used 69662K, capacity 71268K, committed 71424K, reserved 1114112K
  class space    used 6835K, capacity 7318K, committed 7424K, reserved 1048576K
Event: 19.004 GC heap after
Heap after GC invocations=81 (full 8):
 PSYoungGen      total 188928K, used 45319K [0x00000000f0000000, 0x0000000100000000, 0x0000000100000000)
  eden space 115712K, 0% used [0x00000000f0000000,0x00000000f0000000,0x00000000f7100000)
  from space 73216K, 61% used [0x00000000f7100000,0x00000000f9d41f20,0x00000000fb880000)
  to   space 73216K, 0% used [0x00000000fb880000,0x00000000fb880000,0x0000000100000000)
 ParOldGen       total 133120K, used 112859K [0x00000000d0000000, 0x00000000d8200000, 0x00000000f0000000)
  object space 133120K, 84% used [0x00000000d0000000,0x00000000d6e36fd0,0x00000000d8200000)
 Metaspace       used 69662K, capacity 71268K, committed 71424K, reserved 1114112K
  class space    used 6835K, capacity 7318K, committed 7424K, reserved 1048576K
}

Deoptimization events (10 events):
Event: 19.053 Thread 0x000000001a69f000 Uncommon trap: reason=bimorphic action=maybe_recompile pc=0x0000000003110e5c method=groovy.lang.MetaClassImpl.getProperty(Ljava/lang/Class;Ljava/lang/Object;Ljava/lang/String;ZZ)Ljava/lang/Object; @ 425
Event: 19.053 Thread 0x000000001a69f000 Uncommon trap: reason=unreached action=reinterpret pc=0x000000000374c314 method=groovy.lang.ExpandoMetaClass.hasOverrideGetProperty(Ljava/lang/String;)Z @ 4
Event: 19.053 Thread 0x000000001a69f000 Uncommon trap: reason=unreached action=reinterpret pc=0x00000000031633d8 method=groovy.lang.ExpandoMetaClass.hasOverrideGetProperty(Ljava/lang/String;)Z @ 4
Event: 19.053 Thread 0x000000001a69f000 Uncommon trap: reason=bimorphic action=maybe_recompile pc=0x0000000003110e5c method=groovy.lang.MetaClassImpl.getProperty(Ljava/lang/Class;Ljava/lang/Object;Ljava/lang/String;ZZ)Ljava/lang/Object; @ 425
Event: 19.054 Thread 0x000000001a69f000 Uncommon trap: reason=bimorphic action=maybe_recompile pc=0x0000000003110e5c method=groovy.lang.MetaClassImpl.getProperty(Ljava/lang/Class;Ljava/lang/Object;Ljava/lang/String;ZZ)Ljava/lang/Object; @ 425
Event: 19.054 Thread 0x000000001a69f000 Uncommon trap: reason=bimorphic action=maybe_recompile pc=0x0000000003110e5c method=groovy.lang.MetaClassImpl.getProperty(Ljava/lang/Class;Ljava/lang/Object;Ljava/lang/String;ZZ)Ljava/lang/Object; @ 425
Event: 19.136 Thread 0x000000001a69f000 Uncommon trap: reason=unreached action=reinterpret pc=0x00000000046d6a18 method=org.springframework.beans.factory.support.AbstractBeanFactory.isTypeMatch(Ljava/lang/String;Ljava/lang/Class;)Z @ 144
Event: 19.154 Thread 0x000000001a69f000 Uncommon trap: reason=unreached action=reinterpret pc=0x0000000004605a58 method=java.util.concurrent.ConcurrentHashMap.values()Ljava/util/Collection; @ 6
Event: 19.230 Thread 0x000000001a69f000 Uncommon trap: reason=class_check action=maybe_recompile pc=0x0000000003c6af20 method=groovy.lang.MetaClassImpl.isGenericGetMethod(Lgroovy/lang/MetaMethod;)Z @ 14
Event: 19.230 Thread 0x000000001a69f000 Uncommon trap: reason=class_check action=maybe_recompile pc=0x0000000003c6af20 method=groovy.lang.MetaClassImpl.isGenericGetMethod(Lgroovy/lang/MetaMethod;)Z @ 14

Internal exceptions (10 events):
Event: 19.253 Thread 0x000000001a69f000 Exception <a 'java/security/PrivilegedActionException'> (0x00000000f51ad288) thrown at [C:\re\workspace\8-2-build-windows-amd64-cygwin\jdk8u11\648\hotspot\src\share\vm\prims\jvm.cpp, line 1248]
Event: 19.253 Thread 0x000000001a69f000 Exception <a 'java/security/PrivilegedActionException'> (0x00000000f51b1100) thrown at [C:\re\workspace\8-2-build-windows-amd64-cygwin\jdk8u11\648\hotspot\src\share\vm\prims\jvm.cpp, line 1248]
Event: 19.253 Thread 0x000000001a69f000 Exception <a 'java/security/PrivilegedActionException'> (0x00000000f51beba8) thrown at [C:\re\workspace\8-2-build-windows-amd64-cygwin\jdk8u11\648\hotspot\src\share\vm\prims\jvm.cpp, line 1248]
Event: 19.254 Thread 0x000000001a69f000 Exception <a 'java/security/PrivilegedActionException'> (0x00000000f51cf5e0) thrown at [C:\re\workspace\8-2-build-windows-amd64-cygwin\jdk8u11\648\hotspot\src\share\vm\prims\jvm.cpp, line 1248]
Event: 19.254 Thread 0x000000001a69f000 Exception <a 'java/security/PrivilegedActionException'> (0x00000000f51d3458) thrown at [C:\re\workspace\8-2-build-windows-amd64-cygwin\jdk8u11\648\hotspot\src\share\vm\prims\jvm.cpp, line 1248]
Event: 19.254 Thread 0x000000001a69f000 Exception <a 'java/security/PrivilegedActionException'> (0x00000000f51e0f00) thrown at [C:\re\workspace\8-2-build-windows-amd64-cygwin\jdk8u11\648\hotspot\src\share\vm\prims\jvm.cpp, line 1248]
Event: 19.254 Thread 0x000000001a69f000 Exception <a 'java/security/PrivilegedActionException'> (0x00000000f51fe448) thrown at [C:\re\workspace\8-2-build-windows-amd64-cygwin\jdk8u11\648\hotspot\src\share\vm\prims\jvm.cpp, line 1248]
Event: 19.254 Thread 0x000000001a69f000 Exception <a 'java/lang/ClassNotFoundException': JqueryUiPluginResources$_run_closure1BeanInfo> (0x00000000f51ffb28) thrown at [C:\re\workspace\8-2-build-windows-amd64-cygwin\jdk8u11\648\hotspot\src\share\vm\classfile\systemDictionary.cpp, line 202]
Event: 19.254 Thread 0x000000001a69f000 Exception <a 'java/security/PrivilegedActionException'> (0x00000000f5200d78) thrown at [C:\re\workspace\8-2-build-windows-amd64-cygwin\jdk8u11\648\hotspot\src\share\vm\prims\jvm.cpp, line 1248]
Event: 19.254 Thread 0x000000001a69f000 Exception <a 'java/security/PrivilegedActionException'> (0x00000000f5204cd8) thrown at [C:\re\workspace\8-2-build-windows-amd64-cygwin\jdk8u11\648\hotspot\src\share\vm\prims\jvm.cpp, line 1248]

Events (10 events):
Event: 19.252 loading class groovy/runtime/metaclass/JqueryUiPluginResources$_run_closure1MetaClass
Event: 19.252 loading class groovy/runtime/metaclass/JqueryUiPluginResources$_run_closure1MetaClass done
Event: 19.253 loading class JqueryUiPluginResources$_run_closure1BeanInfo
Event: 19.253 loading class JqueryUiPluginResources$_run_closure1BeanInfo done
Event: 19.254 loading class JqueryUiPluginResources$_run_closure1BeanInfo
Event: 19.254 loading class JqueryUiPluginResources$_run_closure1BeanInfo done
Event: 19.254 loading class JqueryUiPluginResources$_run_closure1BeanInfo
Event: 19.254 loading class JqueryUiPluginResources$_run_closure1BeanInfo done
Event: 19.254 loading class JqueryUiPluginResources$_run_closure1Customizer
Event: 19.254 loading class JqueryUiPluginResources$_run_closure1Customizer done


Dynamic libraries:
0x00007ff737ac0000 - 0x00007ff737af4000 	C:\Program Files\Java\jdk1.8.0_11\bin\java.exe
0x00007ff8a1d20000 - 0x00007ff8a1eca000 	C:\Windows\SYSTEM32\ntdll.dll
0x00007ff89f710000 - 0x00007ff89f84a000 	C:\Windows\system32\KERNEL32.DLL
0x00007ff89f1b0000 - 0x00007ff89f2bf000 	C:\Windows\system32\KERNELBASE.dll
0x00007ff89cad0000 - 0x00007ff89cb58000 	C:\Windows\system32\apphelp.dll
0x00007ff8943d0000 - 0x00007ff89441f000 	C:\Windows\AppPatch\AppPatch64\AcGenral.DLL
0x00007ff89fc50000 - 0x00007ff89fcf7000 	C:\Windows\system32\msvcrt.dll
0x00007ff89ef40000 - 0x00007ff89ef6b000 	C:\Windows\SYSTEM32\SspiCli.dll
0x00007ff8a0150000 - 0x00007ff8a01a1000 	C:\Windows\system32\SHLWAPI.dll
0x00007ff89f850000 - 0x00007ff89f9c1000 	C:\Windows\system32\USER32.dll
0x00007ff89fa30000 - 0x00007ff89fba8000 	C:\Windows\system32\ole32.dll
0x00007ff8a0900000 - 0x00007ff8a1d20000 	C:\Windows\system32\SHELL32.dll
0x00007ff89e700000 - 0x00007ff89e71e000 	C:\Windows\SYSTEM32\USERENV.dll
0x00007ff8a0850000 - 0x00007ff8a08f5000 	C:\Windows\system32\ADVAPI32.dll
0x00007ff8985f0000 - 0x00007ff89860b000 	C:\Windows\SYSTEM32\MPR.dll
0x00007ff8a05c0000 - 0x00007ff8a06f7000 	C:\Windows\system32\RPCRT4.dll
0x00007ff89fbb0000 - 0x00007ff89fc07000 	C:\Windows\SYSTEM32\sechost.dll
0x00007ff8a01b0000 - 0x00007ff8a0386000 	C:\Windows\SYSTEM32\combase.dll
0x00007ff8a0700000 - 0x00007ff8a0844000 	C:\Windows\system32\GDI32.dll
0x00007ff89f090000 - 0x00007ff89f0a4000 	C:\Windows\SYSTEM32\profapi.dll
0x00007ff89dc90000 - 0x00007ff89dd2f000 	C:\Windows\SYSTEM32\SHCORE.dll
0x00007ff8a0390000 - 0x00007ff8a03c4000 	C:\Windows\system32\IMM32.DLL
0x00007ff89fd00000 - 0x00007ff89fe39000 	C:\Windows\system32\MSCTF.dll
0x00007ff89d5d0000 - 0x00007ff89d82a000 	C:\Windows\WinSxS\amd64_microsoft.windows.common-controls_6595b64144ccf1df_6.0.9600.17031_none_6242a4b3ecbb55a1\COMCTL32.dll
0x000000006c230000 - 0x000000006c302000 	C:\Program Files\Java\jdk1.8.0_11\jre\bin\msvcr100.dll
0x000000006b4b0000 - 0x000000006bcda000 	C:\Program Files\Java\jdk1.8.0_11\jre\bin\server\jvm.dll
0x00007ff897790000 - 0x00007ff897799000 	C:\Windows\SYSTEM32\WSOCK32.dll
0x00007ff89d830000 - 0x00007ff89d84f000 	C:\Windows\SYSTEM32\WINMM.dll
0x00007ff8a03d0000 - 0x00007ff8a03d7000 	C:\Windows\system32\PSAPI.DLL
0x00007ff89f6b0000 - 0x00007ff89f708000 	C:\Windows\system32\WS2_32.dll
0x00007ff89d570000 - 0x00007ff89d59a000 	C:\Windows\SYSTEM32\WINMMBASE.dll
0x00007ff89fc10000 - 0x00007ff89fc19000 	C:\Windows\system32\NSI.dll
0x00007ff89f2c0000 - 0x00007ff89f30a000 	C:\Windows\SYSTEM32\cfgmgr32.dll
0x00007ff89df20000 - 0x00007ff89df46000 	C:\Windows\SYSTEM32\DEVOBJ.dll
0x000000006c1e0000 - 0x000000006c1ef000 	C:\Program Files\Java\jdk1.8.0_11\jre\bin\verify.dll
0x000000006c1b0000 - 0x000000006c1d8000 	C:\Program Files\Java\jdk1.8.0_11\jre\bin\java.dll
0x000000006c4e0000 - 0x000000006c503000 	C:\Program Files\Java\jdk1.8.0_11\jre\bin\instrument.dll
0x000000006c190000 - 0x000000006c1a6000 	C:\Program Files\Java\jdk1.8.0_11\jre\bin\zip.dll
0x00007ff89e9d0000 - 0x00007ff89e9ee000 	C:\Windows\SYSTEM32\CRYPTSP.dll
0x00007ff89e5f0000 - 0x00007ff89e625000 	C:\Windows\system32\rsaenh.dll
0x00007ff89ec50000 - 0x00007ff89ec76000 	C:\Windows\SYSTEM32\bcrypt.dll
0x00007ff89ef70000 - 0x00007ff89efd0000 	C:\Windows\system32\bcryptprimitives.dll
0x00007ff89efd0000 - 0x00007ff89efda000 	C:\Windows\SYSTEM32\CRYPTBASE.dll
0x000000006c170000 - 0x000000006c18a000 	C:\Program Files\Java\jdk1.8.0_11\jre\bin\net.dll
0x00007ff89e950000 - 0x00007ff89e9a8000 	C:\Windows\system32\mswsock.dll
0x00007ff899310000 - 0x00007ff899339000 	C:\Windows\SYSTEM32\IPHLPAPI.DLL
0x00007ff8992e0000 - 0x00007ff8992ea000 	C:\Windows\SYSTEM32\WINNSI.DLL
0x00007ff8991b0000 - 0x00007ff8991c4000 	C:\Windows\SYSTEM32\dhcpcsvc6.DLL
0x00007ff899130000 - 0x00007ff899149000 	C:\Windows\SYSTEM32\dhcpcsvc.DLL
0x000000006c150000 - 0x000000006c161000 	C:\Program Files\Java\jdk1.8.0_11\jre\bin\nio.dll
0x00007ff897860000 - 0x00007ff89786a000 	C:\Users\kegara\AppData\Local\Temp\jansi-64-2164758055387951560.dll
0x000000006bf00000 - 0x000000006bf0d000 	C:\Program Files\Java\jdk1.8.0_11\jre\bin\management.dll
0x00007ff896330000 - 0x00007ff896344000 	C:\Windows\system32\napinsp.dll
0x00007ff8962d0000 - 0x00007ff8962e9000 	C:\Windows\system32\pnrpnsp.dll
0x00007ff89a220000 - 0x00007ff89a239000 	C:\Windows\system32\NLAapi.dll
0x00007ff89e760000 - 0x00007ff89e803000 	C:\Windows\SYSTEM32\DNSAPI.dll
0x00007ff896260000 - 0x00007ff89626c000 	C:\Windows\System32\winrnr.dll
0x00007ff896fb0000 - 0x00007ff896fb9000 	C:\Windows\System32\rasadhlp.dll
0x00007ff899070000 - 0x00007ff8990d8000 	C:\Windows\System32\fwpuclnt.dll
0x00007ff8965a0000 - 0x00007ff896728000 	C:\Windows\SYSTEM32\dbghelp.dll

VM Arguments:
jvm_args: -Dfile.encoding=UTF-8 -Xmx768M -Xms64M -Dgrails.fork.parent.process.port=2172 -Dgrails.fork.active=true -Dgrails.build.execution.context=C:\Users\kegara\AppData\Local\Temp\GymApp6877931357082755944grails-execution-context -Dgrails.home=C:\Users\kegara\Documents\grails-2.3.11\grails-2.3.11 -javaagent:C:\Users\kegara\Documents\grails-2.3.11\grails-2.3.11\lib\org.springframework\springloaded\jars\springloaded-1.2.0.RELEASE.jar -Xverify:none -Dspringloaded.synchronize=true -Djdk.reflect.allowGetCallerClass=true -Dspringloaded=profile=grails;cacheDir=C:\Users\kegara/.grails/2.3.11/ 
java_command: org.grails.plugins.tomcat.fork.ForkedTomcatServer
java_class_path (initial): C:\Program Files\Java\jdk1.8.0_11\lib\tools.jar;C:\Users\kegara\Documents\grails-2.3.11\grails-2.3.11\lib\org.codehaus.groovy\groovy-all\jars\groovy-all-2.1.9.jar;C:\Users\kegara\Documents\grails-2.3.11\grails-2.3.11\lib\org.slf4j\jcl-over-slf4j\jars\jcl-over-slf4j-1.7.5.jar;C:\Users\kegara\Documents\grails-2.3.11\grails-2.3.11\lib\org.codehaus.gant\gant_groovy1.8\jars\gant_groovy1.8-1.9.6.jar;C:\Users\kegara\Documents\grails-2.3.11\grails-2.3.11\lib\org.apache.tomcat.embed\tomcat-embed-logging-log4j\jars\tomcat-embed-logging-log4j-7.0.50.jar;C:\Users\kegara\Documents\grails-2.3.11\grails-2.3.11\dist\grails-plugin-log4j-2.3.11.jar;C:\Users\kegara\Documents\grails-2.3.11\grails-2.3.11\lib\log4j\log4j\jars\log4j-1.2.17.jar;C:\Users\kegara\Documents\grails-2.3.11\grails-2.3.11\dist\grails-bootstrap-2.3.11.jar;C:\Users\kegara\Documents\grails-2.3.11\grails-2.3.11\lib\org.slf4j\slf4j-api\jars\slf4j-api-1.7.5.jar;C:\Users\kegara\Documents\grails-2.3.11\grails-2.3.11\lib\jline\jline\jars\jline-2.12.jar;C:\Users\kegara\Documents\grails-2.3.11\grails-2.3.11\lib\org.apache.ant\ant\jars\ant-1.8.4.jar;C:\Users\kegara\Documents\grails-2.3.11\grails-2.3.11\lib\org.apache.ant\ant-launcher\jars\ant-launcher-1.8.4.jar;C:\Users\kegara\Documents\grails-2.3.11\grails-2.3.11\lib\org.apache.ant\ant-trax\jars\ant-trax-1.7.1.jar;C:\Users\kegara\Documents\grails-2.3.11\grails-2.3.11\lib\org.apache.ant\ant-junit\jars\ant-junit-1.8.4.jar;C:\Users\kegara\Documents\grails-2.3.11\grails-2.3.11\lib\org.apache.ivy\ivy\jars\ivy-2.3.0.jar;C:\Users\kegara\Documents\grails-2.3.11\grails-2.3.11\lib\org.fusesource.jansi\jansi\jars\jansi-1.11.jar;C:\Users\kegara\.m2\repository\org\eclipse\jdt\core\compiler\ecj\3.7.2\ecj-3.7.2.jar;C:\Users\kegara\Documents\Netbeans Projects\GymApp\target\work\plugins\tomcat-7.0.54\grails-plugin-tomcat-7.0.54.jar;C:\Users\kegara\.m2\repository\org\apache\tomcat\embed\tomcat-embed-websocket\7.0.53\tomcat-embed-websocket-7.0.53.jar;C:\Users\kegar
Launcher Type: SUN_STANDARD

Environment Variables:
JAVA_HOME=C:\Program Files\Java\jdk1.8.0_11
PATH=C:\ProgramData\Oracle\Java\javapath;C:\Program Files (x86)\Intel\iCLS Client\;C:\Program Files\Intel\iCLS Client\;C:\Windows\system32;C:\Windows;C:\Windows\System32\Wbem;C:\Windows\System32\WindowsPowerShell\v1.0\;C:\Python34\;C:\Python34\Scripts;C:\Program Files\R\R-3.1.1\bin\x64;C:\Program Files\Java\jdk1.8.0_11\bin;C:\Program Files\Intel\Intel(R) Management Engine Components\DAL;C:\Program Files\Intel\Intel(R) Management Engine Components\IPT;C:\Program Files (x86)\Intel\Intel(R) Management Engine Components\DAL;C:\Program Files (x86)\Intel\Intel(R) Management Engine Components\IPT;C:\Program Files\Common Files\Autodesk Shared\;C:\Program Files (x86)\Autodesk\Backburner\;C:\Program Files (x86)\Windows Kits\8.1\Windows Performance Toolkit\;C:\Program Files\Microsoft SQL Server\110\Tools\Binn\;C:\Program Files (x86)\Microsoft SDKs\TypeScript\1.0\;C:\Program Files (x86)\QuickTime\QTSystem\;C:\Program Files\jEdit;C:\Program Files (x86)\Rational\common;C:\Program Files\MiKTeX 2.9\miktex\bin\x64\;C:\Program Files\MATLAB(Campus)\R2014a\bin;C:\Program Files\MATLAB\R2014a\bin;c:\Program Files (x86)\Microsoft SQL Server\100\Tools\Binn\;c:\Program Files\Microsoft SQL Server\100\Tools\Binn\;c:\Program Files\Microsoft SQL Server\100\DTS\Binn\;M:\SOIProfile\My Documents\Groovy\Groovy-2.3.6\bin;C:\Users\kegara\Documents\grails-2.3.11\grails-2.3.11\bin
USERNAME=kegara
OS=Windows_NT
PROCESSOR_IDENTIFIER=Intel64 Family 6 Model 62 Stepping 4, GenuineIntel



---------------  S Y S T E M  ---------------

OS: Windows 8.1 , 64 bit Build 9600 

CPU:total 8 (4 cores per cpu, 2 threads per core) family 6 model 62 stepping 4, cmov, cx8, fxsr, mmx, sse, sse2, sse3, ssse3, sse4.1, sse4.2, popcnt, avx, aes, clmul, erms, ht, tsc, tscinvbit

Memory: 4k page, physical 16699200k(11671060k free), swap 19189568k(13723768k free)

vm_info: Java HotSpot(TM) 64-Bit Server VM (25.11-b03) for windows-amd64 JRE (1.8.0_11-b12), built on Jun 16 2014 20:57:32 by "java_re" with MS VC++ 10.0 (VS2010)

time: Fri Jan 16 02:32:42 2015
elapsed time: 19 seconds

