#
# A fatal error has been detected by the Java Runtime Environment:
#
#  EXCEPTION_ACCESS_VIOLATION (0xc0000005) at pc=0x000000006bf84db2, pid=7116, tid=1876
#
# JRE version: Java(TM) SE Runtime Environment (8.0_11-b12) (build 1.8.0_11-b12)
# Java VM: Java HotSpot(TM) 64-Bit Server VM (25.11-b03 mixed mode windows-amd64 compressed oops)
# Problematic frame:
# V  [jvm.dll+0x424db2]
#
# Failed to write core dump. Minidumps are not enabled by default on client versions of Windows
#
# If you would like to submit a bug report, please visit:
#   http://bugreport.sun.com/bugreport/crash.jsp
#

---------------  T H R E A D  ---------------

Current thread (0x00000000163fe000):  JavaThread "C2 CompilerThread2" daemon [_thread_in_native, id=1876, stack(0x0000000016a90000,0x0000000016b90000)]

siginfo: ExceptionCode=0xc0000005, reading address 0x0000000000000000

Registers:
RAX=0x0000000016585ec8, RBX=0x0000000000000600, RCX=0x0000000000000000, RDX=0x00000000165817f0
RSP=0x0000000016b8c2c0, RBP=0x00000000000000c0, RSI=0x00000000000000b8, RDI=0x0000000000000000
R8 =0x000000006bb60000, R9 =0x0000000016b8c5e0, R10=0x00000000ffffffff, R11=0x000000001640b810
R12=0x00000000165865d0, R13=0x000000001cd47728, R14=0x0000000000000008, R15=0x000000001cd47728
RIP=0x000000006bf84db2, EFLAGS=0x0000000000010206

Top of Stack: (sp=0x0000000016b8c2c0)
0x0000000016b8c2c0:   00000000000000da 00000000000000b0
0x0000000016b8c2d0:   000000000000000a 000000001cb22ba0
0x0000000016b8c2e0:   0000000000000001 0000000000000600
0x0000000016b8c2f0:   0000000000000180 00000000000000c0
0x0000000016b8c300:   00000000173cefa0 00000000142ba0a0
0x0000000016b8c310:   0000000000000768 000000001b379620
0x0000000016b8c320:   0000000016b8c5e0 0000000016582f50
0x0000000016b8c330:   0000000000000020 0000000000000009
0x0000000016b8c340:   00000000165865a0 00000000000000da
0x0000000016b8c350:   000000001cd47728 000000006bf8598d
0x0000000016b8c360:   00000000165865a0 000000000000001c
0x0000000016b8c370:   00000000000000da 0000000016b8c5e0
0x0000000016b8c380:   00000000165817f0 00000000000000da
0x0000000016b8c390:   0000000016582f50 0000000000000020
0x0000000016b8c3a0:   0000000019c11430 0000000016b8e950
0x0000000016b8c3b0:   0000000019c11a60 00000000165865a0 

Instructions: (pc=0x000000006bf84db2)
0x000000006bf84d92:   c6 48 63 f0 48 03 f1 eb 04 48 83 ce ff 48 8b 84
0x000000006bf84da2:   24 a0 00 00 00 48 8b 40 08 48 8b 3c 03 48 8b cf
0x000000006bf84db2:   48 8b 07 ff 50 28 4c 8d 05 41 b2 bd ff 48 63 50
0x000000006bf84dc2:   10 4c 8b d8 48 8b ca 48 c1 e1 05 42 80 bc 01 c0 


Register to memory mapping:

RAX=0x0000000016585ec8 is an unknown value
RBX=0x0000000000000600 is an unknown value
RCX=0x0000000000000000 is an unknown value
RDX=0x00000000165817f0 is an unknown value
RSP=0x0000000016b8c2c0 is pointing into the stack for thread: 0x00000000163fe000
RBP=0x00000000000000c0 is an unknown value
RSI=0x00000000000000b8 is an unknown value
RDI=0x0000000000000000 is an unknown value
R8 =0x000000006bb60000 is an unknown value
R9 =0x0000000016b8c5e0 is pointing into the stack for thread: 0x00000000163fe000
R10=0x00000000ffffffff is an unknown value
R11=0x000000001640b810 is an unknown value
R12=0x00000000165865d0 is an unknown value
R13=0x000000001cd47728 is an unknown value
R14=0x0000000000000008 is an unknown value
R15=0x000000001cd47728 is an unknown value


Stack: [0x0000000016a90000,0x0000000016b90000],  sp=0x0000000016b8c2c0,  free space=1008k
Native frames: (J=compiled Java code, j=interpreted, Vv=VM code, C=native code)
V  [jvm.dll+0x424db2]
V  [jvm.dll+0x42598d]
V  [jvm.dll+0x425ecf]
V  [jvm.dll+0x4c5a84]
V  [jvm.dll+0x4415bc]
V  [jvm.dll+0x443a29]
V  [jvm.dll+0x427722]
V  [jvm.dll+0x96982]
V  [jvm.dll+0x97173]
V  [jvm.dll+0x2234b4]
V  [jvm.dll+0x27bcca]
C  [msvcr100.dll+0x21d9f]
C  [msvcr100.dll+0x21e3b]
C  [KERNEL32.DLL+0x16ad]
C  [ntdll.dll+0x734a5]


Current CompileTask:
C2:  29943 7053       4       groovy.lang.MetaClassImpl::findPropertyMethod (356 bytes)


---------------  P R O C E S S  ---------------

Java Threads: ( => current thread )
  0x0000000019379800 JavaThread "com.zola.gym.Role.data" daemon [_thread_blocked, id=5308, stack(0x000000001f710000,0x000000001f810000)]
  0x000000001937c800 JavaThread "net.sf.ehcache.CacheManager@78d3a070" daemon [_thread_blocked, id=4564, stack(0x0000000020820000,0x0000000020920000)]
  0x000000001937c000 JavaThread "PoolCleaner[280832853:1421454555613]" daemon [_thread_blocked, id=3216, stack(0x000000001d810000,0x000000001d910000)]
  0x0000000019b82000 JavaThread "FileSystemWatcher: files=#561 cl=groovy.lang.GroovyClassLoader@10bd2b55" daemon [_thread_blocked, id=1216, stack(0x000000001bf10000,0x000000001c010000)]
  0x00000000165c9800 JavaThread "Thread-4" daemon [_thread_in_native, id=3000, stack(0x000000001bc10000,0x000000001bd10000)]
  0x0000000019852800 JavaThread "localhost-startStop-1" daemon [_thread_in_Java, id=2792, stack(0x000000001bb10000,0x000000001bc10000)]
  0x0000000019789800 JavaThread "Tomcat-startStop-1" daemon [_thread_blocked, id=5060, stack(0x000000001a7e0000,0x000000001a8e0000)]
  0x0000000019999000 JavaThread "Thread-3" [_thread_in_native, id=5152, stack(0x000000001a040000,0x000000001a140000)]
  0x00000000195cd800 JavaThread "Thread-2" [_thread_blocked, id=6024, stack(0x0000000017d60000,0x0000000017e60000)]
  0x0000000017122000 JavaThread "NonBlockingInputStreamThread" daemon [_thread_blocked, id=3844, stack(0x0000000017a60000,0x0000000017b60000)]
  0x00000000165b2000 JavaThread "Service Thread" daemon [_thread_blocked, id=5040, stack(0x0000000016c90000,0x0000000016d90000)]
  0x0000000016447000 JavaThread "C1 CompilerThread3" daemon [_thread_blocked, id=6704, stack(0x0000000016b90000,0x0000000016c90000)]
=>0x00000000163fe000 JavaThread "C2 CompilerThread2" daemon [_thread_in_native, id=1876, stack(0x0000000016a90000,0x0000000016b90000)]
  0x00000000163fd000 JavaThread "C2 CompilerThread1" daemon [_thread_in_native, id=6748, stack(0x0000000016990000,0x0000000016a90000)]
  0x00000000163f0000 JavaThread "C2 CompilerThread0" daemon [_thread_in_native, id=6008, stack(0x0000000016890000,0x0000000016990000)]
  0x00000000162bf000 JavaThread "Attach Listener" daemon [_thread_blocked, id=4480, stack(0x0000000016790000,0x0000000016890000)]
  0x00000000162be800 JavaThread "Signal Dispatcher" daemon [_thread_blocked, id=6724, stack(0x0000000016690000,0x0000000016790000)]
  0x00000000142ab800 JavaThread "Finalizer" daemon [_thread_blocked, id=4692, stack(0x0000000016190000,0x0000000016290000)]
  0x00000000142aa800 JavaThread "Reference Handler" daemon [_thread_blocked, id=6156, stack(0x0000000016090000,0x0000000016190000)]
  0x0000000001ff5000 JavaThread "main" [_thread_blocked, id=4296, stack(0x0000000001d50000,0x0000000001e50000)]

Other Threads:
  0x00000000142a6800 VMThread [stack: 0x0000000015f90000,0x0000000016090000] [id=4560]
  0x00000000165a1800 WatcherThread [stack: 0x0000000016d90000,0x0000000016e90000] [id=5244]

VM state:not at safepoint (normal execution)

VM Mutex/Monitor currently owned by a thread: None

Heap:
 PSYoungGen      total 181248K, used 179589K [0x00000000f0000000, 0x0000000100000000, 0x0000000100000000)
  eden space 119808K, 98% used [0x00000000f0000000,0x00000000f73c20d8,0x00000000f7500000)
  from space 61440K, 99% used [0x00000000f7500000,0x00000000fb09f5d0,0x00000000fb100000)
  to   space 76288K, 0% used [0x00000000fb580000,0x00000000fb580000,0x0000000100000000)
 ParOldGen       total 123392K, used 112359K [0x00000000d0000000, 0x00000000d7880000, 0x00000000f0000000)
  object space 123392K, 91% used [0x00000000d0000000,0x00000000d6db9c88,0x00000000d7880000)
 Metaspace       used 74404K, capacity 76906K, committed 77056K, reserved 1118208K
  class space    used 7317K, capacity 8096K, committed 8192K, reserved 1048576K

Card table byte_map: [0x00000000114b0000,0x0000000011640000] byte_map_base: 0x0000000010e30000

Marking Bits: (ParMarkBitMap*) 0x000000006c3112b0
 Begin Bits: [0x0000000011f40000, 0x0000000012b40000)
 End Bits:   [0x0000000012b40000, 0x0000000013740000)

Polling page: 0x0000000001cc0000

CodeCache: size=245760Kb used=24775Kb max_used=24791Kb free=220984Kb
 bounds [0x00000000020f0000, 0x0000000003940000, 0x00000000110f0000]
 total_blobs=6729 nmethods=5986 adapters=653
 compilation: enabled

Compilation events (10 events):
Event: 29.896 Thread 0x00000000163f0000 nmethod 7055 0x000000000392bcd0 code [0x000000000392be80, 0x000000000392c570]
Event: 29.896 Thread 0x00000000163f0000 7058       4       org.codehaus.groovy.runtime.callsite.AbstractCallSite::noCoerce (54 bytes)
Event: 29.898 Thread 0x00000000163f0000 nmethod 7058 0x00000000039279d0 code [0x0000000003927b20, 0x0000000003927ca8]
Event: 29.898 Thread 0x00000000163f0000 7059       4       java.lang.reflect.WeakCache$CacheKey::equals (46 bytes)
Event: 29.899 Thread 0x00000000163f0000 nmethod 7059 0x000000000392b890 code [0x000000000392b9e0, 0x000000000392bad8]
Event: 29.899 Thread 0x00000000163f0000 7057   !   4       sun.reflect.GeneratedConstructorAccessor16::newInstance (53 bytes)
Event: 29.901 Thread 0x00000000163f0000 nmethod 7057 0x0000000003927510 code [0x0000000003927660, 0x00000000039277d8]
Event: 29.901 Thread 0x00000000163f0000 7056       4       org.codehaus.groovy.runtime.callsite.CallSiteArray::createCallSite (64 bytes)
Event: 29.902 Thread 0x0000000016447000 7060       1       org.codehaus.groovy.grails.commons.AbstractGrailsClass::getName (5 bytes)
Event: 29.902 Thread 0x0000000016447000 nmethod 7060 0x00000000038ca550 code [0x00000000038ca6a0, 0x00000000038ca7b0]

GC Heap History (10 events):
Event: 25.211 GC heap before
{Heap before GC invocations=79 (full 8):
 PSYoungGen      total 180224K, used 46021K [0x00000000f0000000, 0x0000000100000000, 0x0000000100000000)
  eden space 134144K, 0% used [0x00000000f0000000,0x00000000f0000000,0x00000000f8300000)
  from space 46080K, 99% used [0x00000000f8300000,0x00000000faff17c0,0x00000000fb000000)
  to   space 65536K, 0% used [0x00000000fc000000,0x00000000fc000000,0x0000000100000000)
 ParOldGen       total 105984K, used 99738K [0x00000000d0000000, 0x00000000d6780000, 0x00000000f0000000)
  object space 105984K, 94% used [0x00000000d0000000,0x00000000d6166b10,0x00000000d6780000)
 Metaspace       used 67088K, capacity 68566K, committed 68864K, reserved 1112064K
  class space    used 6610K, capacity 7114K, committed 7168K, reserved 1048576K
Event: 25.695 GC heap after
Heap after GC invocations=79 (full 8):
 PSYoungGen      total 180224K, used 39283K [0x00000000f0000000, 0x0000000100000000, 0x0000000100000000)
  eden space 134144K, 0% used [0x00000000f0000000,0x00000000f0000000,0x00000000f8300000)
  from space 46080K, 85% used [0x00000000f8300000,0x00000000fa95cfd0,0x00000000fb000000)
  to   space 65536K, 0% used [0x00000000fc000000,0x00000000fc000000,0x0000000100000000)
 ParOldGen       total 123392K, used 105658K [0x00000000d0000000, 0x00000000d7880000, 0x00000000f0000000)
  object space 123392K, 85% used [0x00000000d0000000,0x00000000d672e8d8,0x00000000d7880000)
 Metaspace       used 67088K, capacity 68566K, committed 68864K, reserved 1112064K
  class space    used 6610K, capacity 7114K, committed 7168K, reserved 1048576K
}
Event: 26.396 GC heap before
{Heap before GC invocations=80 (full 8):
 PSYoungGen      total 180224K, used 173427K [0x00000000f0000000, 0x0000000100000000, 0x0000000100000000)
  eden space 134144K, 100% used [0x00000000f0000000,0x00000000f8300000,0x00000000f8300000)
  from space 46080K, 85% used [0x00000000f8300000,0x00000000fa95cfd0,0x00000000fb000000)
  to   space 65536K, 0% used [0x00000000fc000000,0x00000000fc000000,0x0000000100000000)
 ParOldGen       total 123392K, used 105658K [0x00000000d0000000, 0x00000000d7880000, 0x00000000f0000000)
  object space 123392K, 85% used [0x00000000d0000000,0x00000000d672e8d8,0x00000000d7880000)
 Metaspace       used 68214K, capacity 69698K, committed 70016K, reserved 1112064K
  class space    used 6733K, capacity 7212K, committed 7296K, reserved 1048576K
Event: 26.430 GC heap after
Heap after GC invocations=80 (full 8):
 PSYoungGen      total 196608K, used 42032K [0x00000000f0000000, 0x0000000100000000, 0x0000000100000000)
  eden space 131072K, 0% used [0x00000000f0000000,0x00000000f0000000,0x00000000f8000000)
  from space 65536K, 64% used [0x00000000fc000000,0x00000000fe90c100,0x0000000100000000)
  to   space 65536K, 0% used [0x00000000f8000000,0x00000000f8000000,0x00000000fc000000)
 ParOldGen       total 123392K, used 109888K [0x00000000d0000000, 0x00000000d7880000, 0x00000000f0000000)
  object space 123392K, 89% used [0x00000000d0000000,0x00000000d6b502c8,0x00000000d7880000)
 Metaspace       used 68214K, capacity 69698K, committed 70016K, reserved 1112064K
  class space    used 6733K, capacity 7212K, committed 7296K, reserved 1048576K
}
Event: 27.238 GC heap before
{Heap before GC invocations=81 (full 8):
 PSYoungGen      total 196608K, used 173104K [0x00000000f0000000, 0x0000000100000000, 0x0000000100000000)
  eden space 131072K, 100% used [0x00000000f0000000,0x00000000f8000000,0x00000000f8000000)
  from space 65536K, 64% used [0x00000000fc000000,0x00000000fe90c100,0x0000000100000000)
  to   space 65536K, 0% used [0x00000000f8000000,0x00000000f8000000,0x00000000fc000000)
 ParOldGen       total 123392K, used 109888K [0x00000000d0000000, 0x00000000d7880000, 0x00000000f0000000)
  object space 123392K, 89% used [0x00000000d0000000,0x00000000d6b502c8,0x00000000d7880000)
 Metaspace       used 69739K, capacity 71326K, committed 71680K, reserved 1114112K
  class space    used 6836K, capacity 7315K, committed 7424K, reserved 1048576K
Event: 27.259 GC heap after
Heap after GC invocations=81 (full 8):
 PSYoungGen      total 178688K, used 47509K [0x00000000f0000000, 0x0000000100000000, 0x0000000100000000)
  eden space 131072K, 0% used [0x00000000f0000000,0x00000000f0000000,0x00000000f8000000)
  from space 47616K, 99% used [0x00000000f8000000,0x00000000fae65478,0x00000000fae80000)
  to   space 67072K, 0% used [0x00000000fbe80000,0x00000000fbe80000,0x0000000100000000)
 ParOldGen       total 123392K, used 111283K [0x00000000d0000000, 0x00000000d7880000, 0x00000000f0000000)
  object space 123392K, 90% used [0x00000000d0000000,0x00000000d6cacd50,0x00000000d7880000)
 Metaspace       used 69739K, capacity 71326K, committed 71680K, reserved 1114112K
  class space    used 6836K, capacity 7315K, committed 7424K, reserved 1048576K
}
Event: 27.800 GC heap before
{Heap before GC invocations=82 (full 8):
 PSYoungGen      total 178688K, used 178581K [0x00000000f0000000, 0x0000000100000000, 0x0000000100000000)
  eden space 131072K, 100% used [0x00000000f0000000,0x00000000f8000000,0x00000000f8000000)
  from space 47616K, 99% used [0x00000000f8000000,0x00000000fae65478,0x00000000fae80000)
  to   space 67072K, 0% used [0x00000000fbe80000,0x00000000fbe80000,0x0000000100000000)
 ParOldGen       total 123392K, used 111283K [0x00000000d0000000, 0x00000000d7880000, 0x00000000f0000000)
  object space 123392K, 90% used [0x00000000d0000000,0x00000000d6cacd50,0x00000000d7880000)
 Metaspace       used 71790K, capacity 73508K, committed 73600K, reserved 1116160K
  class space    used 6979K, capacity 7530K, committed 7552K, reserved 1048576K
Event: 27.825 GC heap after
Heap after GC invocations=82 (full 8):
 PSYoungGen      total 186880K, used 54674K [0x00000000f0000000, 0x0000000100000000, 0x0000000100000000)
  eden space 119808K, 0% used [0x00000000f0000000,0x00000000f0000000,0x00000000f7500000)
  from space 67072K, 81% used [0x00000000fbe80000,0x00000000ff3e4ae8,0x0000000100000000)
  to   space 71168K, 0% used [0x00000000f7500000,0x00000000f7500000,0x00000000fba80000)
 ParOldGen       total 123392K, used 111959K [0x00000000d0000000, 0x00000000d7880000, 0x00000000f0000000)
  object space 123392K, 90% used [0x00000000d0000000,0x00000000d6d55c88,0x00000000d7880000)
 Metaspace       used 71790K, capacity 73508K, committed 73600K, reserved 1116160K
  class space    used 6979K, capacity 7530K, committed 7552K, reserved 1048576K
}
Event: 28.651 GC heap before
{Heap before GC invocations=83 (full 8):
 PSYoungGen      total 186880K, used 174482K [0x00000000f0000000, 0x0000000100000000, 0x0000000100000000)
  eden space 119808K, 100% used [0x00000000f0000000,0x00000000f7500000,0x00000000f7500000)
  from space 67072K, 81% used [0x00000000fbe80000,0x00000000ff3e4ae8,0x0000000100000000)
  to   space 71168K, 0% used [0x00000000f7500000,0x00000000f7500000,0x00000000fba80000)
 ParOldGen       total 123392K, used 111959K [0x00000000d0000000, 0x00000000d7880000, 0x00000000f0000000)
  object space 123392K, 90% used [0x00000000d0000000,0x00000000d6d55c88,0x00000000d7880000)
 Metaspace       used 73824K, capacity 76116K, committed 76416K, reserved 1118208K
  class space    used 7239K, capacity 7994K, committed 8064K, reserved 1048576K
Event: 28.673 GC heap after
Heap after GC invocations=83 (full 8):
 PSYoungGen      total 181248K, used 61053K [0x00000000f0000000, 0x0000000100000000, 0x0000000100000000)
  eden space 119808K, 0% used [0x00000000f0000000,0x00000000f0000000,0x00000000f7500000)
  from space 61440K, 99% used [0x00000000f7500000,0x00000000fb09f5d0,0x00000000fb100000)
  to   space 76288K, 0% used [0x00000000fb580000,0x00000000fb580000,0x0000000100000000)
 ParOldGen       total 123392K, used 112359K [0x00000000d0000000, 0x00000000d7880000, 0x00000000f0000000)
  object space 123392K, 91% used [0x00000000d0000000,0x00000000d6db9c88,0x00000000d7880000)
 Metaspace       used 73824K, capacity 76116K, committed 76416K, reserved 1118208K
  class space    used 7239K, capacity 7994K, committed 8064K, reserved 1048576K
}

Deoptimization events (10 events):
Event: 29.272 Thread 0x0000000019852800 Uncommon trap: reason=class_check action=maybe_recompile pc=0x00000000037f0644 method=org.codehaus.groovy.runtime.typehandling.DefaultTypeTransformation.compareToWithEqualityCheck(Ljava/lang/Object;Ljava/lang/Object;Z)I @ 73
Event: 29.297 Thread 0x0000000019852800 Uncommon trap: reason=bimorphic action=maybe_recompile pc=0x00000000025c0f00 method=groovy.lang.MetaClassImpl.chooseMethodInternal(Ljava/lang/String;Ljava/lang/Object;[Ljava/lang/Class;)Ljava/lang/Object; @ 12
Event: 29.355 Thread 0x0000000019852800 Uncommon trap: reason=class_check action=maybe_recompile pc=0x00000000037f0644 method=org.codehaus.groovy.runtime.typehandling.DefaultTypeTransformation.compareToWithEqualityCheck(Ljava/lang/Object;Ljava/lang/Object;Z)I @ 73
Event: 29.361 Thread 0x0000000019852800 Uncommon trap: reason=class_check action=maybe_recompile pc=0x00000000037f0630 method=org.codehaus.groovy.runtime.typehandling.DefaultTypeTransformation.compareToWithEqualityCheck(Ljava/lang/Object;Ljava/lang/Object;Z)I @ 66
Event: 29.369 Thread 0x0000000019852800 Uncommon trap: reason=class_check action=maybe_recompile pc=0x00000000037f0630 method=org.codehaus.groovy.runtime.typehandling.DefaultTypeTransformation.compareToWithEqualityCheck(Ljava/lang/Object;Ljava/lang/Object;Z)I @ 66
Event: 29.487 Thread 0x0000000019852800 Uncommon trap: reason=class_check action=maybe_recompile pc=0x000000000388000c method=org.codehaus.groovy.runtime.typehandling.NumberMath.compareTo(Ljava/lang/Number;Ljava/lang/Number;)I @ 7
Event: 29.492 Thread 0x0000000019852800 Uncommon trap: reason=class_check action=maybe_recompile pc=0x000000000388000c method=org.codehaus.groovy.runtime.typehandling.NumberMath.compareTo(Ljava/lang/Number;Ljava/lang/Number;)I @ 7
Event: 29.525 Thread 0x0000000019852800 Uncommon trap: reason=class_check action=maybe_recompile pc=0x000000000388000c method=org.codehaus.groovy.runtime.typehandling.NumberMath.compareTo(Ljava/lang/Number;Ljava/lang/Number;)I @ 7
Event: 29.531 Thread 0x0000000019852800 Uncommon trap: reason=class_check action=maybe_recompile pc=0x000000000388000c method=org.codehaus.groovy.runtime.typehandling.NumberMath.compareTo(Ljava/lang/Number;Ljava/lang/Number;)I @ 7
Event: 29.805 Thread 0x0000000019852800 Uncommon trap: reason=predicate action=maybe_recompile pc=0x0000000003741510 method=java.util.TimSort.binarySort([Ljava/lang/Object;IIILjava/util/Comparator;)V @ 37

Internal exceptions (10 events):
Event: 29.886 Thread 0x0000000019852800 Exception <a 'java/security/PrivilegedActionException'> (0x00000000f69f9400) thrown at [C:\re\workspace\8-2-build-windows-amd64-cygwin\jdk8u11\648\hotspot\src\share\vm\prims\jvm.cpp, line 1248]
Event: 29.886 Thread 0x0000000019852800 Exception <a 'java/lang/ClassNotFoundException': org/codehaus/groovy/grails/plugins/web/ControllersGrailsPlugin$_closure3_closure21BeanInfo> (0x00000000f69f9eb8) thrown at [C:\re\workspace\8-2-build-windows-amd64-cygwin\jdk8u11\648\hotspot\src\share\vm\cla‰zΩ¨œ‚=@
Event: 29.886 Thread 0x0000000019852800 Exception <a 'java/security/PrivilegedActionException'> (0x00000000f69fb040) thrown at [C:\re\workspace\8-2-build-windows-amd64-cygwin\jdk8u11\648\hotspot\src\share\vm\prims\jvm.cpp, line 1248]
Event: 29.886 Thread 0x0000000019852800 Exception <a 'java/security/PrivilegedActionException'> (0x00000000f6a005c0) thrown at [C:\re\workspace\8-2-build-windows-amd64-cygwin\jdk8u11\648\hotspot\src\share\vm\prims\jvm.cpp, line 1248]
Event: 29.886 Thread 0x0000000019852800 Exception <a 'java/security/PrivilegedActionException'> (0x00000000f6a15610) thrown at [C:\re\workspace\8-2-build-windows-amd64-cygwin\jdk8u11\648\hotspot\src\share\vm\prims\jvm.cpp, line 1248]
Event: 29.887 Thread 0x0000000019852800 Exception <a 'java/security/PrivilegedActionException'> (0x00000000f6a301f8) thrown at [C:\re\workspace\8-2-build-windows-amd64-cygwin\jdk8u11\648\hotspot\src\share\vm\prims\jvm.cpp, line 1248]
Event: 29.887 Thread 0x0000000019852800 Exception <a 'java/security/PrivilegedActionException'> (0x00000000f6a35778) thrown at [C:\re\workspace\8-2-build-windows-amd64-cygwin\jdk8u11\648\hotspot\src\share\vm\prims\jvm.cpp, line 1248]
Event: 29.887 Thread 0x0000000019852800 Exception <a 'java/security/PrivilegedActionException'> (0x00000000f6a4a7c8) thrown at [C:\re\workspace\8-2-build-windows-amd64-cygwin\jdk8u11\648\hotspot\src\share\vm\prims\jvm.cpp, line 1248]
Event: 29.887 Thread 0x0000000019852800 Exception <a 'java/security/PrivilegedActionException'> (0x00000000f6a79640) thrown at [C:\re\workspace\8-2-build-windows-amd64-cygwin\jdk8u11\648\hotspot\src\share\vm\prims\jvm.cpp, line 1248]
Event: 29.887 Thread 0x0000000019852800 Exception <a 'java/lang/ClassNotFoundException': org/codehaus/groovy/grails/plugins/web/ControllersGrailsPlugin$_closure3_closure21Customizer> (0x00000000f6a7a0f8) thrown at [C:\re\workspace\8-2-build-windows-amd64-cygwin\jdk8u11\648\hotspot\src\share\vm\cµYK≈‚=@

Events (10 events):
Event: 29.885 loading class org/codehaus/groovy/grails/plugins/web/ControllersGrailsPlugin$_closure3_closure21BeanInfo
Event: 29.885 loading class org/codehaus/groovy/grails/plugins/web/ControllersGrailsPlugin$_closure3_closure21BeanInfo done
Event: 29.886 loading class org/codehaus/groovy/grails/plugins/web/ControllersGrailsPlugin$_closure3_closure21BeanInfo
Event: 29.886 loading class org/codehaus/groovy/grails/plugins/web/ControllersGrailsPlugin$_closure3_closure21BeanInfo done
Event: 29.886 loading class org/codehaus/groovy/grails/plugins/web/ControllersGrailsPlugin$_closure3_closure21Customizer
Event: 29.886 loading class org/codehaus/groovy/grails/plugins/web/ControllersGrailsPlugin$_closure3_closure21Customizer done
Event: 29.887 loading class org/codehaus/groovy/grails/plugins/web/ControllersGrailsPlugin$_closure3_closure21Customizer
Event: 29.887 loading class org/codehaus/groovy/grails/plugins/web/ControllersGrailsPlugin$_closure3_closure21Customizer done
Event: 29.887 loading class org/codehaus/groovy/grails/plugins/web/ControllersGrailsPlugin$_closure3_closure21Customizer
Event: 29.887 loading class org/codehaus/groovy/grails/plugins/web/ControllersGrailsPlugin$_closure3_closure21Customizer done


Dynamic libraries:
0x00007ff6386f0000 - 0x00007ff638724000 	C:\Program Files\Java\jdk1.8.0_11\bin\java.exe
0x00007ff8a1d20000 - 0x00007ff8a1eca000 	C:\Windows\SYSTEM32\ntdll.dll
0x00007ff89f710000 - 0x00007ff89f84a000 	C:\Windows\system32\KERNEL32.DLL
0x00007ff89f1b0000 - 0x00007ff89f2bf000 	C:\Windows\system32\KERNELBASE.dll
0x00007ff89cad0000 - 0x00007ff89cb58000 	C:\Windows\system32\apphelp.dll
0x00007ff89a6b0000 - 0x00007ff89a6ff000 	C:\Windows\AppPatch\AppPatch64\AcGenral.DLL
0x00007ff89fc50000 - 0x00007ff89fcf7000 	C:\Windows\system32\msvcrt.dll
0x00007ff89ef40000 - 0x00007ff89ef6b000 	C:\Windows\SYSTEM32\SspiCli.dll
0x00007ff8a0150000 - 0x00007ff8a01a1000 	C:\Windows\system32\SHLWAPI.dll
0x00007ff89f850000 - 0x00007ff89f9c1000 	C:\Windows\system32\USER32.dll
0x00007ff89fa30000 - 0x00007ff89fba8000 	C:\Windows\system32\ole32.dll
0x00007ff8a0900000 - 0x00007ff8a1d20000 	C:\Windows\system32\SHELL32.dll
0x00007ff89e700000 - 0x00007ff89e71e000 	C:\Windows\SYSTEM32\USERENV.dll
0x00007ff8a0850000 - 0x00007ff8a08f5000 	C:\Windows\system32\ADVAPI32.dll
0x00007ff8985f0000 - 0x00007ff89860b000 	C:\Windows\SYSTEM32\MPR.dll
0x00007ff8a05c0000 - 0x00007ff8a06f7000 	C:\Windows\system32\RPCRT4.dll
0x00007ff89fbb0000 - 0x00007ff89fc07000 	C:\Windows\SYSTEM32\sechost.dll
0x00007ff8a01b0000 - 0x00007ff8a0386000 	C:\Windows\SYSTEM32\combase.dll
0x00007ff8a0700000 - 0x00007ff8a0844000 	C:\Windows\system32\GDI32.dll
0x00007ff89f090000 - 0x00007ff89f0a4000 	C:\Windows\SYSTEM32\profapi.dll
0x00007ff89dc90000 - 0x00007ff89dd2f000 	C:\Windows\SYSTEM32\SHCORE.dll
0x00007ff8a0390000 - 0x00007ff8a03c4000 	C:\Windows\system32\IMM32.DLL
0x00007ff89fd00000 - 0x00007ff89fe39000 	C:\Windows\system32\MSCTF.dll
0x00007ff89d5d0000 - 0x00007ff89d82a000 	C:\Windows\WinSxS\amd64_microsoft.windows.common-controls_6595b64144ccf1df_6.0.9600.17031_none_6242a4b3ecbb55a1\COMCTL32.dll
0x000000006ba80000 - 0x000000006bb52000 	C:\Program Files\Java\jdk1.8.0_11\jre\bin\msvcr100.dll
0x000000006bb60000 - 0x000000006c38a000 	C:\Program Files\Java\jdk1.8.0_11\jre\bin\server\jvm.dll
0x00007ff897790000 - 0x00007ff897799000 	C:\Windows\SYSTEM32\WSOCK32.dll
0x00007ff89d830000 - 0x00007ff89d84f000 	C:\Windows\SYSTEM32\WINMM.dll
0x00007ff8a03d0000 - 0x00007ff8a03d7000 	C:\Windows\system32\PSAPI.DLL
0x00007ff89f6b0000 - 0x00007ff89f708000 	C:\Windows\system32\WS2_32.dll
0x00007ff89d570000 - 0x00007ff89d59a000 	C:\Windows\SYSTEM32\WINMMBASE.dll
0x00007ff89fc10000 - 0x00007ff89fc19000 	C:\Windows\system32\NSI.dll
0x00007ff89f2c0000 - 0x00007ff89f30a000 	C:\Windows\SYSTEM32\cfgmgr32.dll
0x00007ff89df20000 - 0x00007ff89df46000 	C:\Windows\SYSTEM32\DEVOBJ.dll
0x000000006c3d0000 - 0x000000006c3df000 	C:\Program Files\Java\jdk1.8.0_11\jre\bin\verify.dll
0x000000006ba10000 - 0x000000006ba38000 	C:\Program Files\Java\jdk1.8.0_11\jre\bin\java.dll
0x000000006b6e0000 - 0x000000006b703000 	C:\Program Files\Java\jdk1.8.0_11\jre\bin\instrument.dll
0x000000006b9f0000 - 0x000000006ba06000 	C:\Program Files\Java\jdk1.8.0_11\jre\bin\zip.dll
0x00007ff89e9d0000 - 0x00007ff89e9ee000 	C:\Windows\SYSTEM32\CRYPTSP.dll
0x00007ff89e5f0000 - 0x00007ff89e625000 	C:\Windows\system32\rsaenh.dll
0x00007ff89ec50000 - 0x00007ff89ec76000 	C:\Windows\SYSTEM32\bcrypt.dll
0x00007ff89ef70000 - 0x00007ff89efd0000 	C:\Windows\system32\bcryptprimitives.dll
0x00007ff89efd0000 - 0x00007ff89efda000 	C:\Windows\SYSTEM32\CRYPTBASE.dll
0x000000006b9d0000 - 0x000000006b9ea000 	C:\Program Files\Java\jdk1.8.0_11\jre\bin\net.dll
0x00007ff89e950000 - 0x00007ff89e9a8000 	C:\Windows\system32\mswsock.dll
0x00007ff899310000 - 0x00007ff899339000 	C:\Windows\SYSTEM32\IPHLPAPI.DLL
0x00007ff8992e0000 - 0x00007ff8992ea000 	C:\Windows\SYSTEM32\WINNSI.DLL
0x00007ff8991b0000 - 0x00007ff8991c4000 	C:\Windows\SYSTEM32\dhcpcsvc6.DLL
0x00007ff899130000 - 0x00007ff899149000 	C:\Windows\SYSTEM32\dhcpcsvc.DLL
0x000000006b9b0000 - 0x000000006b9c1000 	C:\Program Files\Java\jdk1.8.0_11\jre\bin\nio.dll
0x00007ff89a7f0000 - 0x00007ff89a7fa000 	C:\Users\kegara\AppData\Local\Temp\jansi-64-3072675501263320059.dll
0x000000006c3c0000 - 0x000000006c3cd000 	C:\Program Files\Java\jdk1.8.0_11\jre\bin\management.dll
0x00007ff89e760000 - 0x00007ff89e803000 	C:\Windows\SYSTEM32\DNSAPI.dll
0x00007ff896fb0000 - 0x00007ff896fb9000 	C:\Windows\System32\rasadhlp.dll
0x00007ff899070000 - 0x00007ff8990d8000 	C:\Windows\System32\fwpuclnt.dll
0x00007ff896330000 - 0x00007ff896344000 	C:\Windows\system32\napinsp.dll
0x00007ff8962d0000 - 0x00007ff8962e9000 	C:\Windows\system32\pnrpnsp.dll
0x00007ff89a220000 - 0x00007ff89a239000 	C:\Windows\system32\NLAapi.dll
0x00007ff896260000 - 0x00007ff89626c000 	C:\Windows\System32\winrnr.dll
0x00007ff8965a0000 - 0x00007ff896728000 	C:\Windows\SYSTEM32\dbghelp.dll

VM Arguments:
jvm_args: -Dfile.encoding=UTF-8 -Xmx768M -Xms64M -Dgrails.fork.parent.process.port=13053 -Dgrails.fork.active=true -Dgrails.build.execution.context=C:\Users\kegara\AppData\Local\Temp\GymApp1281941392330658826grails-execution-context -Dgrails.home=C:\Users\kegara\Documents\grails-2.3.11\grails-2.3.11 -javaagent:C:\Users\kegara\Documents\grails-2.3.11\grails-2.3.11\lib\org.springframework\springloaded\jars\springloaded-1.2.0.RELEASE.jar -Xverify:none -Dspringloaded.synchronize=true -Djdk.reflect.allowGetCallerClass=true -Dspringloaded=profile=grails;cacheDir=C:\Users\kegara/.grails/2.3.11/ 
java_command: org.grails.plugins.tomcat.fork.ForkedTomcatServer
java_class_path (initial): C:\Program Files\Java\jdk1.8.0_11\lib\tools.jar;C:\Users\kegara\Documents\grails-2.3.11\grails-2.3.11\lib\org.codehaus.groovy\groovy-all\jars\groovy-all-2.1.9.jar;C:\Users\kegara\Documents\grails-2.3.11\grails-2.3.11\lib\org.slf4j\jcl-over-slf4j\jars\jcl-over-slf4j-1.7.5.jar;C:\Users\kegara\Documents\grails-2.3.11\grails-2.3.11\lib\org.codehaus.gant\gant_groovy1.8\jars\gant_groovy1.8-1.9.6.jar;C:\Users\kegara\Documents\grails-2.3.11\grails-2.3.11\lib\org.apache.tomcat.embed\tomcat-embed-logging-log4j\jars\tomcat-embed-logging-log4j-7.0.50.jar;C:\Users\kegara\Documents\grails-2.3.11\grails-2.3.11\dist\grails-plugin-log4j-2.3.11.jar;C:\Users\kegara\Documents\grails-2.3.11\grails-2.3.11\lib\log4j\log4j\jars\log4j-1.2.17.jar;C:\Users\kegara\Documents\grails-2.3.11\grails-2.3.11\dist\grails-bootstrap-2.3.11.jar;C:\Users\kegara\Documents\grails-2.3.11\grails-2.3.11\lib\org.slf4j\slf4j-api\jars\slf4j-api-1.7.5.jar;C:\Users\kegara\Documents\grails-2.3.11\grails-2.3.11\lib\jline\jline\jars\jline-2.12.jar;C:\Users\kegara\Documents\grails-2.3.11\grails-2.3.11\lib\org.apache.ant\ant\jars\ant-1.8.4.jar;C:\Users\kegara\Documents\grails-2.3.11\grails-2.3.11\lib\org.apache.ant\ant-launcher\jars\ant-launcher-1.8.4.jar;C:\Users\kegara\Documents\grails-2.3.11\grails-2.3.11\lib\org.apache.ant\ant-trax\jars\ant-trax-1.7.1.jar;C:\Users\kegara\Documents\grails-2.3.11\grails-2.3.11\lib\org.apache.ant\ant-junit\jars\ant-junit-1.8.4.jar;C:\Users\kegara\Documents\grails-2.3.11\grails-2.3.11\lib\org.apache.ivy\ivy\jars\ivy-2.3.0.jar;C:\Users\kegara\Documents\grails-2.3.11\grails-2.3.11\lib\org.fusesource.jansi\jansi\jars\jansi-1.11.jar;C:\Users\kegara\.m2\repository\org\eclipse\jdt\core\compiler\ecj\3.7.2\ecj-3.7.2.jar;C:\Users\kegara\Documents\Netbeans Projects\GymApp\target\work\plugins\tomcat-7.0.54\grails-plugin-tomcat-7.0.54.jar;C:\Users\kegara\.m2\repository\org\apache\tomcat\embed\tomcat-embed-websocket\7.0.53\tomcat-embed-websocket-7.0.53.jar;C:\Users\kegar
Launcher Type: SUN_STANDARD

Environment Variables:
JAVA_HOME=C:\Program Files\Java\jdk1.8.0_11
PATH=C:\ProgramData\Oracle\Java\javapath;C:\Program Files (x86)\Intel\iCLS Client\;C:\Program Files\Intel\iCLS Client\;C:\Windows\system32;C:\Windows;C:\Windows\System32\Wbem;C:\Windows\System32\WindowsPowerShell\v1.0\;C:\Python34\;C:\Python34\Scripts;C:\Program Files\R\R-3.1.1\bin\x64;C:\Program Files\Java\jdk1.8.0_11\bin;C:\Program Files\Intel\Intel(R) Management Engine Components\DAL;C:\Program Files\Intel\Intel(R) Management Engine Components\IPT;C:\Program Files (x86)\Intel\Intel(R) Management Engine Components\DAL;C:\Program Files (x86)\Intel\Intel(R) Management Engine Components\IPT;C:\Program Files\Common Files\Autodesk Shared\;C:\Program Files (x86)\Autodesk\Backburner\;C:\Program Files (x86)\Windows Kits\8.1\Windows Performance Toolkit\;C:\Program Files\Microsoft SQL Server\110\Tools\Binn\;C:\Program Files (x86)\Microsoft SDKs\TypeScript\1.0\;C:\Program Files (x86)\QuickTime\QTSystem\;C:\Program Files\jEdit;C:\Program Files (x86)\Rational\common;C:\Program Files\MiKTeX 2.9\miktex\bin\x64\;C:\Program Files\MATLAB(Campus)\R2014a\bin;C:\Program Files\MATLAB\R2014a\bin;c:\Program Files (x86)\Microsoft SQL Server\100\Tools\Binn\;c:\Program Files\Microsoft SQL Server\100\Tools\Binn\;c:\Program Files\Microsoft SQL Server\100\DTS\Binn\;M:\SOIProfile\My Documents\Groovy\Groovy-2.3.6\bin;C:\Users\kegara\Documents\grails-2.3.11\grails-2.3.11\bin
USERNAME=kegara
OS=Windows_NT
PROCESSOR_IDENTIFIER=Intel64 Family 6 Model 62 Stepping 4, GenuineIntel



---------------  S Y S T E M  ---------------

OS: Windows 8.1 , 64 bit Build 9600 

CPU:total 8 (4 cores per cpu, 2 threads per core) family 6 model 62 stepping 4, cmov, cx8, fxsr, mmx, sse, sse2, sse3, ssse3, sse4.1, sse4.2, popcnt, avx, aes, clmul, erms, ht, tsc, tscinvbit

Memory: 4k page, physical 16699200k(11809992k free), swap 19189568k(13721476k free)

vm_info: Java HotSpot(TM) 64-Bit Server VM (25.11-b03) for windows-amd64 JRE (1.8.0_11-b12), built on Jun 16 2014 20:57:32 by "java_re" with MS VC++ 10.0 (VS2010)

time: Sat Jan 17 00:29:28 2015
elapsed time: 29 seconds

