#
# A fatal error has been detected by the Java Runtime Environment:
#
#  EXCEPTION_ACCESS_VIOLATION (0xc0000005) at pc=0x0000000053934db2, pid=1916, tid=3608
#
# JRE version: Java(TM) SE Runtime Environment (8.0_11-b12) (build 1.8.0_11-b12)
# Java VM: Java HotSpot(TM) 64-Bit Server VM (25.11-b03 mixed mode windows-amd64 compressed oops)
# Problematic frame:
# V  [jvm.dll+0x424db2]
#
# Failed to write core dump. Minidumps are not enabled by default on client versions of Windows
#
# If you would like to submit a bug report, please visit:
#   http://bugreport.sun.com/bugreport/crash.jsp
#

---------------  T H R E A D  ---------------

Current thread (0x000000001650d000):  JavaThread "C2 CompilerThread0" daemon [_thread_in_native, id=3608, stack(0x00000000169b0000,0x0000000016ab0000)]

siginfo: ExceptionCode=0xc0000005, reading address 0x0000000000000000

Registers:
RAX=0x00000000187e5d68, RBX=0x0000000000000600, RCX=0x0000000000000000, RDX=0x0000000017780540
RSP=0x0000000016aac8f0, RBP=0x00000000000000c0, RSI=0x00000000000000b8, RDI=0x0000000000000000
R8 =0x0000000053510000, R9 =0x0000000016aacc10, R10=0x00000000ffffffff, R11=0x000000001654a520
R12=0x00000000187e6470, R13=0x000000001d24ce18, R14=0x0000000000000008, R15=0x000000001d24ce18
RIP=0x0000000053934db2, EFLAGS=0x0000000000010206

Top of Stack: (sp=0x0000000016aac8f0)
0x0000000016aac8f0:   00000000000000da 00000000000000b0
0x0000000016aac900:   000000000000000a 000000001d6f8798
0x0000000016aac910:   0000000000000001 0000000000000600
0x0000000016aac920:   0000000000000180 00000000000000c0
0x0000000016aac930:   000000001988c880 000000001651dac0
0x0000000016aac940:   00000000000006e8 000000001777c1d0
0x0000000016aac950:   0000000016aacc10 00000000187e2ee0
0x0000000016aac960:   0000000000000020 0000000000000009
0x0000000016aac970:   00000000187e6440 00000000000000da
0x0000000016aac980:   000000001d24ce18 000000005393598d
0x0000000016aac990:   00000000187e6440 000000000000001c
0x0000000016aac9a0:   00000000000000da 0000000016aacc10
0x0000000016aac9b0:   0000000017780540 00000000000000da
0x0000000016aac9c0:   00000000187e2ee0 0000000000000020
0x0000000016aac9d0:   000000001cb04348 0000000016aaef80
0x0000000016aac9e0:   000000001cb04978 00000000187e6440 

Instructions: (pc=0x0000000053934db2)
0x0000000053934d92:   c6 48 63 f0 48 03 f1 eb 04 48 83 ce ff 48 8b 84
0x0000000053934da2:   24 a0 00 00 00 48 8b 40 08 48 8b 3c 03 48 8b cf
0x0000000053934db2:   48 8b 07 ff 50 28 4c 8d 05 41 b2 bd ff 48 63 50
0x0000000053934dc2:   10 4c 8b d8 48 8b ca 48 c1 e1 05 42 80 bc 01 c0 


Register to memory mapping:

RAX=0x00000000187e5d68 is an unknown value
RBX=0x0000000000000600 is an unknown value
RCX=0x0000000000000000 is an unknown value
RDX=0x0000000017780540 is an unknown value
RSP=0x0000000016aac8f0 is pointing into the stack for thread: 0x000000001650d000
RBP=0x00000000000000c0 is an unknown value
RSI=0x00000000000000b8 is an unknown value
RDI=0x0000000000000000 is an unknown value
R8 =0x0000000053510000 is an unknown value
R9 =0x0000000016aacc10 is pointing into the stack for thread: 0x000000001650d000
R10=0x00000000ffffffff is an unknown value
R11=0x000000001654a520 is an unknown value
R12=0x00000000187e6470 is an unknown value
R13=0x000000001d24ce18 is an unknown value
R14=0x0000000000000008 is an unknown value
R15=0x000000001d24ce18 is an unknown value


Stack: [0x00000000169b0000,0x0000000016ab0000],  sp=0x0000000016aac8f0,  free space=1010k
Native frames: (J=compiled Java code, j=interpreted, Vv=VM code, C=native code)
V  [jvm.dll+0x424db2]
V  [jvm.dll+0x42598d]
V  [jvm.dll+0x425ecf]
V  [jvm.dll+0x4c5a84]
V  [jvm.dll+0x4415bc]
V  [jvm.dll+0x443a29]
V  [jvm.dll+0x427722]
V  [jvm.dll+0x96982]
V  [jvm.dll+0x97173]
V  [jvm.dll+0x2234b4]
V  [jvm.dll+0x27bcca]
C  [msvcr100.dll+0x21d9f]
C  [msvcr100.dll+0x21e3b]
C  [KERNEL32.DLL+0x16ad]
C  [ntdll.dll+0x734a5]


Current CompileTask:
C2:  24250 7102       4       groovy.lang.MetaClassImpl::findPropertyMethod (356 bytes)


---------------  P R O C E S S  ---------------

Java Threads: ( => current thread )
  0x0000000019db3800 JavaThread "com.zola.gym.Role.data" daemon [_thread_blocked, id=4672, stack(0x000000001e4f0000,0x000000001e5f0000)]
  0x0000000019db3000 JavaThread "net.sf.ehcache.CacheManager@202e0760" daemon [_thread_blocked, id=5184, stack(0x000000001bdf0000,0x000000001bef0000)]
  0x0000000019db5000 JavaThread "PoolCleaner[325218636:1421322464524]" daemon [_thread_blocked, id=4820, stack(0x000000001c690000,0x000000001c790000)]
  0x00000000175d0800 JavaThread "FileSystemWatcher: files=#555 cl=groovy.lang.GroovyClassLoader@1362714c" daemon [_thread_blocked, id=4736, stack(0x000000001c190000,0x000000001c290000)]
  0x00000000175d0000 JavaThread "Thread-4" daemon [_thread_in_native, id=7156, stack(0x000000001ad20000,0x000000001ae20000)]
  0x00000000175d1800 JavaThread "localhost-startStop-1" daemon [_thread_in_native, id=6164, stack(0x000000001ac20000,0x000000001ad20000)]
  0x00000000175cf000 JavaThread "Tomcat-startStop-1" daemon [_thread_blocked, id=5800, stack(0x000000001a180000,0x000000001a280000)]
  0x00000000175cc000 JavaThread "Thread-3" [_thread_in_native, id=6128, stack(0x0000000017e80000,0x0000000017f80000)]
  0x00000000175cd800 JavaThread "Thread-2" [_thread_blocked, id=4260, stack(0x000000001a520000,0x000000001a620000)]
  0x0000000017417800 JavaThread "NonBlockingInputStreamThread" daemon [_thread_blocked, id=3688, stack(0x0000000017b80000,0x0000000017c80000)]
  0x00000000166f3000 JavaThread "Service Thread" daemon [_thread_blocked, id=5028, stack(0x0000000016db0000,0x0000000016eb0000)]
  0x0000000016524000 JavaThread "C1 CompilerThread3" daemon [_thread_blocked, id=6408, stack(0x0000000016cb0000,0x0000000016db0000)]
  0x000000001651a000 JavaThread "C2 CompilerThread2" daemon [_thread_in_native, id=6744, stack(0x0000000016bb0000,0x0000000016cb0000)]
  0x0000000016517000 JavaThread "C2 CompilerThread1" daemon [_thread_in_native, id=3820, stack(0x0000000016ab0000,0x0000000016bb0000)]
=>0x000000001650d000 JavaThread "C2 CompilerThread0" daemon [_thread_in_native, id=3608, stack(0x00000000169b0000,0x0000000016ab0000)]
  0x00000000163df800 JavaThread "Attach Listener" daemon [_thread_blocked, id=4180, stack(0x00000000168b0000,0x00000000169b0000)]
  0x00000000143e9800 JavaThread "Signal Dispatcher" daemon [_thread_blocked, id=6412, stack(0x00000000167b0000,0x00000000168b0000)]
  0x00000000143db800 JavaThread "Finalizer" daemon [_thread_blocked, id=5992, stack(0x00000000162b0000,0x00000000163b0000)]
  0x00000000143da800 JavaThread "Reference Handler" daemon [_thread_blocked, id=3356, stack(0x00000000161b0000,0x00000000162b0000)]
  0x0000000002125000 JavaThread "main" [_thread_blocked, id=3844, stack(0x0000000001ed0000,0x0000000001fd0000)]

Other Threads:
  0x00000000143d6800 VMThread [stack: 0x00000000160b0000,0x00000000161b0000] [id=4560]
  0x00000000166d4800 WatcherThread [stack: 0x0000000016eb0000,0x0000000016fb0000] [id=2652]

VM state:not at safepoint (normal execution)

VM Mutex/Monitor currently owned by a thread: None

Heap:
 PSYoungGen      total 175104K, used 90994K [0x00000000f0000000, 0x0000000100000000, 0x0000000100000000)
  eden space 88064K, 27% used [0x00000000f0000000,0x00000000f179de48,0x00000000f5600000)
  from space 87040K, 76% used [0x00000000f5600000,0x00000000f973eb70,0x00000000fab00000)
  to   space 87040K, 0% used [0x00000000fab00000,0x00000000fab00000,0x0000000100000000)
 ParOldGen       total 125440K, used 109712K [0x00000000d0000000, 0x00000000d7a80000, 0x00000000f0000000)
  object space 125440K, 87% used [0x00000000d0000000,0x00000000d6b24390,0x00000000d7a80000)
 Metaspace       used 74820K, capacity 77368K, committed 77696K, reserved 1118208K
  class space    used 7408K, capacity 8202K, committed 8320K, reserved 1048576K

Card table byte_map: [0x00000000115e0000,0x0000000011770000] byte_map_base: 0x0000000010f60000

Marking Bits: (ParMarkBitMap*) 0x0000000053cc12b0
 Begin Bits: [0x0000000012070000, 0x0000000012c70000)
 End Bits:   [0x0000000012c70000, 0x0000000013870000)

Polling page: 0x0000000000490000

CodeCache: size=245760Kb used=23702Kb max_used=24814Kb free=222057Kb
 bounds [0x0000000002220000, 0x0000000003a80000, 0x0000000011220000]
 total_blobs=6820 nmethods=6077 adapters=653
 compilation: enabled

Compilation events (10 events):
Event: 24.203 Thread 0x000000001650d000 nmethod 7160 0x0000000002e80e50 code [0x0000000002e80fa0, 0x0000000002e811d8]
Event: 24.203 Thread 0x000000001650d000 7132       4       org.codehaus.groovy.runtime.metaclass.MetaMethodIndex::isMatchingMethod (68 bytes)
Event: 24.205 Thread 0x000000001650d000 nmethod 7132 0x0000000003406bd0 code [0x0000000003406d20, 0x0000000003406e58]
Event: 24.205 Thread 0x000000001650d000 7102       4       groovy.lang.MetaClassImpl::findPropertyMethod (356 bytes)
Event: 24.218 Thread 0x0000000016524000 7164   !   2       sun.reflect.GeneratedMethodAccessor274::invoke (65 bytes)
Event: 24.219 Thread 0x0000000016524000 nmethod 7164 0x0000000003396b50 code [0x0000000003396d20, 0x0000000003397198]
Event: 24.219 Thread 0x0000000016524000 7165       2       org.codehaus.groovy.runtime.DefaultGroovyMethods::findAll (56 bytes)
Event: 24.219 Thread 0x0000000016524000 nmethod 7165 0x00000000028d0e90 code [0x00000000028d1080, 0x00000000028d1838]
Event: 24.223 Thread 0x0000000016524000 7166   !   2       java_lang_reflect_Member$isSynthetic$0::call (34 bytes)
Event: 24.224 Thread 0x0000000016524000 nmethod 7166 0x0000000002ea8810 code [0x0000000002ea89c0, 0x0000000002ea8c88]

GC Heap History (10 events):
Event: 20.923 GC heap before
{Heap before GC invocations=81 (full 7):
 PSYoungGen      total 197120K, used 196944K [0x00000000f0000000, 0x0000000100000000, 0x0000000100000000)
  eden space 141312K, 100% used [0x00000000f0000000,0x00000000f8a00000,0x00000000f8a00000)
  from space 55808K, 99% used [0x00000000f8a00000,0x00000000fc054308,0x00000000fc080000)
  to   space 65024K, 0% used [0x00000000fc080000,0x00000000fc080000,0x0000000100000000)
 ParOldGen       total 108544K, used 101720K [0x00000000d0000000, 0x00000000d6a00000, 0x00000000f0000000)
  object space 108544K, 93% used [0x00000000d0000000,0x00000000d63560e8,0x00000000d6a00000)
 Metaspace       used 71533K, capacity 73212K, committed 73344K, reserved 1116160K
  class space    used 6964K, capacity 7493K, committed 7552K, reserved 1048576K
Event: 20.954 GC heap after
Heap after GC invocations=81 (full 7):
 PSYoungGen      total 176640K, used 62931K [0x00000000f0000000, 0x0000000100000000, 0x0000000100000000)
  eden space 111616K, 0% used [0x00000000f0000000,0x00000000f0000000,0x00000000f6d00000)
  from space 65024K, 96% used [0x00000000fc080000,0x00000000ffdf4ce0,0x0000000100000000)
  to   space 75264K, 0% used [0x00000000f6d00000,0x00000000f6d00000,0x00000000fb680000)
 ParOldGen       total 108544K, used 102557K [0x00000000d0000000, 0x00000000d6a00000, 0x00000000f0000000)
  object space 108544K, 94% used [0x00000000d0000000,0x00000000d6427710,0x00000000d6a00000)
 Metaspace       used 71533K, capacity 73212K, committed 73344K, reserved 1116160K
  class space    used 6964K, capacity 7493K, committed 7552K, reserved 1048576K
}
Event: 20.954 GC heap before
{Heap before GC invocations=82 (full 8):
 PSYoungGen      total 176640K, used 62931K [0x00000000f0000000, 0x0000000100000000, 0x0000000100000000)
  eden space 111616K, 0% used [0x00000000f0000000,0x00000000f0000000,0x00000000f6d00000)
  from space 65024K, 96% used [0x00000000fc080000,0x00000000ffdf4ce0,0x0000000100000000)
  to   space 75264K, 0% used [0x00000000f6d00000,0x00000000f6d00000,0x00000000fb680000)
 ParOldGen       total 108544K, used 102557K [0x00000000d0000000, 0x00000000d6a00000, 0x00000000f0000000)
  object space 108544K, 94% used [0x00000000d0000000,0x00000000d6427710,0x00000000d6a00000)
 Metaspace       used 71533K, capacity 73212K, committed 73344K, reserved 1116160K
  class space    used 6964K, capacity 7493K, committed 7552K, reserved 1048576K
Event: 21.897 GC heap after
Heap after GC invocations=82 (full 8):
 PSYoungGen      total 176640K, used 55866K [0x00000000f0000000, 0x0000000100000000, 0x0000000100000000)
  eden space 111616K, 0% used [0x00000000f0000000,0x00000000f0000000,0x00000000f6d00000)
  from space 65024K, 85% used [0x00000000fc080000,0x00000000ff70e840,0x0000000100000000)
  to   space 75264K, 0% used [0x00000000f6d00000,0x00000000f6d00000,0x00000000fb680000)
 ParOldGen       total 125440K, used 108065K [0x00000000d0000000, 0x00000000d7a80000, 0x00000000f0000000)
  object space 125440K, 86% used [0x00000000d0000000,0x00000000d6988628,0x00000000d7a80000)
 Metaspace       used 71533K, capacity 73212K, committed 73344K, reserved 1116160K
  class space    used 6964K, capacity 7493K, committed 7552K, reserved 1048576K
}
Event: 22.581 GC heap before
{Heap before GC invocations=83 (full 8):
 PSYoungGen      total 176640K, used 167482K [0x00000000f0000000, 0x0000000100000000, 0x0000000100000000)
  eden space 111616K, 100% used [0x00000000f0000000,0x00000000f6d00000,0x00000000f6d00000)
  from space 65024K, 85% used [0x00000000fc080000,0x00000000ff70e840,0x0000000100000000)
  to   space 75264K, 0% used [0x00000000f6d00000,0x00000000f6d00000,0x00000000fb680000)
 ParOldGen       total 125440K, used 108065K [0x00000000d0000000, 0x00000000d7a80000, 0x00000000f0000000)
  object space 125440K, 86% used [0x00000000d0000000,0x00000000d6988628,0x00000000d7a80000)
 Metaspace       used 73407K, capacity 75624K, committed 75776K, reserved 1118208K
  class space    used 7205K, capacity 7901K, committed 7936K, reserved 1048576K
Event: 22.613 GC heap after
Heap after GC invocations=83 (full 8):
 PSYoungGen      total 175104K, used 63205K [0x00000000f0000000, 0x0000000100000000, 0x0000000100000000)
  eden space 111616K, 0% used [0x00000000f0000000,0x00000000f0000000,0x00000000f6d00000)
  from space 63488K, 99% used [0x00000000f6d00000,0x00000000faab9668,0x00000000fab00000)
  to   space 81408K, 0% used [0x00000000fb080000,0x00000000fb080000,0x0000000100000000)
 ParOldGen       total 125440K, used 108265K [0x00000000d0000000, 0x00000000d7a80000, 0x00000000f0000000)
  object space 125440K, 86% used [0x00000000d0000000,0x00000000d69ba628,0x00000000d7a80000)
 Metaspace       used 73407K, capacity 75624K, committed 75776K, reserved 1118208K
  class space    used 7205K, capacity 7901K, committed 7936K, reserved 1048576K
}
Event: 23.718 GC heap before
{Heap before GC invocations=84 (full 8):
 PSYoungGen      total 175104K, used 169798K [0x00000000f0000000, 0x0000000100000000, 0x0000000100000000)
  eden space 111616K, 95% used [0x00000000f0000000,0x00000000f68184d8,0x00000000f6d00000)
  from space 63488K, 99% used [0x00000000f6d00000,0x00000000faab9668,0x00000000fab00000)
  to   space 81408K, 0% used [0x00000000fb080000,0x00000000fb080000,0x0000000100000000)
 ParOldGen       total 125440K, used 108265K [0x00000000d0000000, 0x00000000d7a80000, 0x00000000f0000000)
  object space 125440K, 86% used [0x00000000d0000000,0x00000000d69ba628,0x00000000d7a80000)
 Metaspace       used 74182K, capacity 76714K, committed 77056K, reserved 1118208K
  class space    used 7290K, capacity 8074K, committed 8192K, reserved 1048576K
Event: 23.742 GC heap after
Heap after GC invocations=84 (full 8):
 PSYoungGen      total 169472K, used 65209K [0x00000000f0000000, 0x0000000100000000, 0x0000000100000000)
  eden space 88064K, 0% used [0x00000000f0000000,0x00000000f0000000,0x00000000f5600000)
  from space 81408K, 80% used [0x00000000fb080000,0x00000000ff02e578,0x0000000100000000)
  to   space 87040K, 0% used [0x00000000f5600000,0x00000000f5600000,0x00000000fab00000)
 ParOldGen       total 125440K, used 108465K [0x00000000d0000000, 0x00000000d7a80000, 0x00000000f0000000)
  object space 125440K, 86% used [0x00000000d0000000,0x00000000d69ec628,0x00000000d7a80000)
 Metaspace       used 74182K, capacity 76714K, committed 77056K, reserved 1118208K
  class space    used 7290K, capacity 8074K, committed 8192K, reserved 1048576K
}
Event: 24.125 GC heap before
{Heap before GC invocations=85 (full 8):
 PSYoungGen      total 169472K, used 153273K [0x00000000f0000000, 0x0000000100000000, 0x0000000100000000)
  eden space 88064K, 100% used [0x00000000f0000000,0x00000000f5600000,0x00000000f5600000)
  from space 81408K, 80% used [0x00000000fb080000,0x00000000ff02e578,0x0000000100000000)
  to   space 87040K, 0% used [0x00000000f5600000,0x00000000f5600000,0x00000000fab00000)
 ParOldGen       total 125440K, used 108465K [0x00000000d0000000, 0x00000000d7a80000, 0x00000000f0000000)
  object space 125440K, 86% used [0x00000000d0000000,0x00000000d69ec628,0x00000000d7a80000)
 Metaspace       used 74716K, capacity 77220K, committed 77312K, reserved 1118208K
  class space    used 7388K, capacity 8155K, committed 8192K, reserved 1048576K
Event: 24.157 GC heap after
Heap after GC invocations=85 (full 8):
 PSYoungGen      total 175104K, used 66810K [0x00000000f0000000, 0x0000000100000000, 0x0000000100000000)
  eden space 88064K, 0% used [0x00000000f0000000,0x00000000f0000000,0x00000000f5600000)
  from space 87040K, 76% used [0x00000000f5600000,0x00000000f973eb70,0x00000000fab00000)
  to   space 87040K, 0% used [0x00000000fab00000,0x00000000fab00000,0x0000000100000000)
 ParOldGen       total 125440K, used 109712K [0x00000000d0000000, 0x00000000d7a80000, 0x00000000f0000000)
  object space 125440K, 87% used [0x00000000d0000000,0x00000000d6b24390,0x00000000d7a80000)
 Metaspace       used 74716K, capacity 77220K, committed 77312K, reserved 1118208K
  class space    used 7388K, capacity 8155K, committed 8192K, reserved 1048576K
}

Deoptimization events (10 events):
Event: 23.634 Thread 0x00000000175d1800 Uncommon trap: reason=null_check action=make_not_entrant pc=0x0000000003a57668 method=org.codehaus.groovy.runtime.typehandling.DefaultTypeTransformation.castToType(Ljava/lang/Object;Ljava/lang/Class;)Ljava/lang/Object; @ 340
Event: 23.746 Thread 0x00000000175d1800 Uncommon trap: reason=array_check action=maybe_recompile pc=0x0000000002361cc4 method=java.util.ComparableTimSort.binarySort([Ljava/lang/Object;III)V @ 215
Event: 23.768 Thread 0x00000000175d1800 Uncommon trap: reason=array_check action=maybe_recompile pc=0x0000000003487124 method=java.util.ComparableTimSort.binarySort([Ljava/lang/Object;III)V @ 193
Event: 23.768 Thread 0x00000000175d1800 Uncommon trap: reason=array_check action=maybe_recompile pc=0x0000000003487124 method=java.util.ComparableTimSort.binarySort([Ljava/lang/Object;III)V @ 193
Event: 23.791 Thread 0x00000000175d1800 Uncommon trap: reason=bimorphic action=maybe_recompile pc=0x0000000003a67c68 method=java.util.regex.Pattern$GroupTail.match(Ljava/util/regex/Matcher;ILjava/lang/CharSequence;)Z @ 70
Event: 23.791 Thread 0x00000000175d1800 Uncommon trap: reason=bimorphic action=maybe_recompile pc=0x0000000003a67c68 method=java.util.regex.Pattern$GroupTail.match(Ljava/util/regex/Matcher;ILjava/lang/CharSequence;)Z @ 70
Event: 23.843 Thread 0x00000000175d1800 Uncommon trap: reason=bimorphic action=maybe_recompile pc=0x0000000003a67c68 method=java.util.regex.Pattern$GroupTail.match(Ljava/util/regex/Matcher;ILjava/lang/CharSequence;)Z @ 70
Event: 23.843 Thread 0x00000000175d1800 Uncommon trap: reason=bimorphic action=maybe_recompile pc=0x0000000003a67c68 method=java.util.regex.Pattern$GroupTail.match(Ljava/util/regex/Matcher;ILjava/lang/CharSequence;)Z @ 70
Event: 23.878 Thread 0x00000000175d1800 Uncommon trap: reason=unreached action=reinterpret pc=0x0000000002ac94a4 method=org.codehaus.groovy.runtime.metaclass.MetaMethodIndex.isNonRealMethod(Lgroovy/lang/MetaMethod;)Z @ 32
Event: 23.997 Thread 0x00000000175d1800 Uncommon trap: reason=unreached action=reinterpret pc=0x0000000003489ad8 method=org.codehaus.groovy.runtime.InvokerHelper.getProperty(Ljava/lang/Object;Ljava/lang/String;)Ljava/lang/Object; @ 32

Internal exceptions (10 events):
Event: 24.229 Thread 0x00000000175d1800 Exception <a 'java/security/PrivilegedActionException'> (0x00000000f1301698) thrown at [C:\re\workspace\8-2-build-windows-amd64-cygwin\jdk8u11\648\hotspot\src\share\vm\prims\jvm.cpp, line 1248]
Event: 24.229 Thread 0x00000000175d1800 Exception <a 'java/security/PrivilegedActionException'> (0x00000000f1305cc8) thrown at [C:\re\workspace\8-2-build-windows-amd64-cygwin\jdk8u11\648\hotspot\src\share\vm\prims\jvm.cpp, line 1248]
Event: 24.229 Thread 0x00000000175d1800 Exception <a 'java/security/PrivilegedActionException'> (0x00000000f1315e98) thrown at [C:\re\workspace\8-2-build-windows-amd64-cygwin\jdk8u11\648\hotspot\src\share\vm\prims\jvm.cpp, line 1248]
Event: 24.230 Thread 0x00000000175d1800 Exception <a 'java/security/PrivilegedActionException'> (0x00000000f1338fd8) thrown at [C:\re\workspace\8-2-build-windows-amd64-cygwin\jdk8u11\648\hotspot\src\share\vm\prims\jvm.cpp, line 1248]
Event: 24.231 Thread 0x00000000175d1800 Exception <a 'java/lang/ClassNotFoundException': org/grails/datastore/mapping/core/AbstractDatastoreBeanInfo> (0x00000000f133a220) thrown at [C:\re\workspace\8-2-build-windows-amd64-cygwin\jdk8u11\648\hotspot\src\share\vm\classfile\systemDictionary.cpp, li—*Ã;8@
Event: 24.231 Thread 0x00000000175d1800 Exception <a 'java/security/PrivilegedActionException'> (0x00000000f133b560) thrown at [C:\re\workspace\8-2-build-windows-amd64-cygwin\jdk8u11\648\hotspot\src\share\vm\prims\jvm.cpp, line 1248]
Event: 24.231 Thread 0x00000000175d1800 Exception <a 'java/security/PrivilegedActionException'> (0x00000000f133fc88) thrown at [C:\re\workspace\8-2-build-windows-amd64-cygwin\jdk8u11\648\hotspot\src\share\vm\prims\jvm.cpp, line 1248]
Event: 24.231 Thread 0x00000000175d1800 Exception <a 'java/security/PrivilegedActionException'> (0x00000000f13501d8) thrown at [C:\re\workspace\8-2-build-windows-amd64-cygwin\jdk8u11\648\hotspot\src\share\vm\prims\jvm.cpp, line 1248]
Event: 24.231 Thread 0x00000000175d1800 Exception <a 'java/security/PrivilegedActionException'> (0x00000000f13647f8) thrown at [C:\re\workspace\8-2-build-windows-amd64-cygwin\jdk8u11\648\hotspot\src\share\vm\prims\jvm.cpp, line 1248]
Event: 24.232 Thread 0x00000000175d1800 Exception <a 'java/security/PrivilegedActionException'> (0x00000000f1368f98) thrown at [C:\re\workspace\8-2-build-windows-amd64-cygwin\jdk8u11\648\hotspot\src\share\vm\prims\jvm.cpp, line 1248]

Events (10 events):
Event: 24.228 loading class org/grails/datastore/mapping/core/AbstractDatastoreBeanInfo
Event: 24.228 loading class org/grails/datastore/mapping/core/AbstractDatastoreBeanInfo done
Event: 24.229 loading class org/grails/datastore/mapping/core/AbstractDatastoreBeanInfo
Event: 24.229 loading class org/grails/datastore/mapping/core/AbstractDatastoreBeanInfo done
Event: 24.231 loading class org/grails/datastore/mapping/core/AbstractDatastoreBeanInfo
Event: 24.231 loading class org/grails/datastore/mapping/core/AbstractDatastoreBeanInfo done
Event: 24.231 loading class org/grails/datastore/mapping/core/AbstractDatastoreCustomizer
Event: 24.231 loading class org/grails/datastore/mapping/core/AbstractDatastoreCustomizer done
Event: 24.231 loading class org/grails/datastore/mapping/core/AbstractDatastoreCustomizer
Event: 24.231 loading class org/grails/datastore/mapping/core/AbstractDatastoreCustomizer done


Dynamic libraries:
0x00007ff6a53c0000 - 0x00007ff6a53f4000 	C:\Program Files\Java\jdk1.8.0_11\bin\java.exe
0x00007ffb621c0000 - 0x00007ffb6236a000 	C:\Windows\SYSTEM32\ntdll.dll
0x00007ffb60270000 - 0x00007ffb603aa000 	C:\Windows\system32\KERNEL32.DLL
0x00007ffb5f8e0000 - 0x00007ffb5f9ef000 	C:\Windows\system32\KERNELBASE.dll
0x00007ffb5ccf0000 - 0x00007ffb5cd78000 	C:\Windows\system32\apphelp.dll
0x00007ffb5dff0000 - 0x00007ffb5e03f000 	C:\Windows\AppPatch\AppPatch64\AcGenral.DLL
0x00007ffb60470000 - 0x00007ffb60517000 	C:\Windows\system32\msvcrt.dll
0x00007ffb5f3e0000 - 0x00007ffb5f40b000 	C:\Windows\SYSTEM32\SspiCli.dll
0x00007ffb62120000 - 0x00007ffb62171000 	C:\Windows\system32\SHLWAPI.dll
0x00007ffb5fe30000 - 0x00007ffb5ffa1000 	C:\Windows\system32\USER32.dll
0x00007ffb5ffd0000 - 0x00007ffb60148000 	C:\Windows\system32\ole32.dll
0x00007ffb60b90000 - 0x00007ffb61fb0000 	C:\Windows\system32\SHELL32.dll
0x00007ffb5ebc0000 - 0x00007ffb5ebde000 	C:\Windows\SYSTEM32\USERENV.dll
0x00007ffb60150000 - 0x00007ffb601f5000 	C:\Windows\system32\ADVAPI32.dll
0x00007ffb58af0000 - 0x00007ffb58b0b000 	C:\Windows\SYSTEM32\MPR.dll
0x00007ffb5fcd0000 - 0x00007ffb5fe07000 	C:\Windows\system32\RPCRT4.dll
0x00007ffb60200000 - 0x00007ffb60257000 	C:\Windows\SYSTEM32\sechost.dll
0x00007ffb607d0000 - 0x00007ffb609a6000 	C:\Windows\SYSTEM32\combase.dll
0x00007ffb5fb80000 - 0x00007ffb5fcc4000 	C:\Windows\system32\GDI32.dll
0x00007ffb5f530000 - 0x00007ffb5f544000 	C:\Windows\SYSTEM32\profapi.dll
0x00007ffb5e130000 - 0x00007ffb5e1cf000 	C:\Windows\SYSTEM32\SHCORE.dll
0x00007ffb62180000 - 0x00007ffb621b4000 	C:\Windows\system32\IMM32.DLL
0x00007ffb5fa40000 - 0x00007ffb5fb79000 	C:\Windows\system32\MSCTF.dll
0x00007ffb5da70000 - 0x00007ffb5dcca000 	C:\Windows\WinSxS\amd64_microsoft.windows.common-controls_6595b64144ccf1df_6.0.9600.17031_none_6242a4b3ecbb55a1\COMCTL32.dll
0x0000000053430000 - 0x0000000053502000 	C:\Program Files\Java\jdk1.8.0_11\jre\bin\msvcr100.dll
0x0000000053510000 - 0x0000000053d3a000 	C:\Program Files\Java\jdk1.8.0_11\jre\bin\server\jvm.dll
0x00007ffb57bb0000 - 0x00007ffb57bb9000 	C:\Windows\SYSTEM32\WSOCK32.dll
0x00007ffb5dcd0000 - 0x00007ffb5dcef000 	C:\Windows\SYSTEM32\WINMM.dll
0x00007ffb60260000 - 0x00007ffb60267000 	C:\Windows\system32\PSAPI.DLL
0x00007ffb603b0000 - 0x00007ffb60408000 	C:\Windows\system32\WS2_32.dll
0x00007ffb5da10000 - 0x00007ffb5da3a000 	C:\Windows\SYSTEM32\WINMMBASE.dll
0x00007ffb60520000 - 0x00007ffb60529000 	C:\Windows\system32\NSI.dll
0x00007ffb5f9f0000 - 0x00007ffb5fa3a000 	C:\Windows\SYSTEM32\cfgmgr32.dll
0x00007ffb5e3c0000 - 0x00007ffb5e3e6000 	C:\Windows\SYSTEM32\DEVOBJ.dll
0x00000000533e0000 - 0x00000000533ef000 	C:\Program Files\Java\jdk1.8.0_11\jre\bin\verify.dll
0x00000000533b0000 - 0x00000000533d8000 	C:\Program Files\Java\jdk1.8.0_11\jre\bin\java.dll
0x0000000053ff0000 - 0x0000000054013000 	C:\Program Files\Java\jdk1.8.0_11\jre\bin\instrument.dll
0x0000000053390000 - 0x00000000533a6000 	C:\Program Files\Java\jdk1.8.0_11\jre\bin\zip.dll
0x00007ffb5eec0000 - 0x00007ffb5eede000 	C:\Windows\SYSTEM32\CRYPTSP.dll
0x00007ffb5eab0000 - 0x00007ffb5eae5000 	C:\Windows\system32\rsaenh.dll
0x00007ffb5f0f0000 - 0x00007ffb5f116000 	C:\Windows\SYSTEM32\bcrypt.dll
0x00007ffb5f410000 - 0x00007ffb5f470000 	C:\Windows\system32\bcryptprimitives.dll
0x00007ffb5f470000 - 0x00007ffb5f47a000 	C:\Windows\SYSTEM32\CRYPTBASE.dll
0x0000000053370000 - 0x000000005338a000 	C:\Program Files\Java\jdk1.8.0_11\jre\bin\net.dll
0x00007ffb5ee60000 - 0x00007ffb5eeb8000 	C:\Windows\system32\mswsock.dll
0x00007ffb597d0000 - 0x00007ffb597f9000 	C:\Windows\SYSTEM32\IPHLPAPI.DLL
0x00007ffb597a0000 - 0x00007ffb597aa000 	C:\Windows\SYSTEM32\WINNSI.DLL
0x00007ffb59640000 - 0x00007ffb59654000 	C:\Windows\SYSTEM32\dhcpcsvc6.DLL
0x00007ffb59620000 - 0x00007ffb59639000 	C:\Windows\SYSTEM32\dhcpcsvc.DLL
0x0000000053350000 - 0x0000000053361000 	C:\Program Files\Java\jdk1.8.0_11\jre\bin\nio.dll
0x00007ffb5dfb0000 - 0x00007ffb5dfba000 	C:\Users\kegara\AppData\Local\Temp\jansi-64-5868686639702177135.dll
0x0000000053100000 - 0x000000005310d000 	C:\Program Files\Java\jdk1.8.0_11\jre\bin\management.dll
0x00007ffb567e0000 - 0x00007ffb567f4000 	C:\Windows\system32\napinsp.dll
0x00007ffb567a0000 - 0x00007ffb567b9000 	C:\Windows\system32\pnrpnsp.dll
0x00007ffb5a520000 - 0x00007ffb5a539000 	C:\Windows\system32\NLAapi.dll
0x00007ffb5ec70000 - 0x00007ffb5ed13000 	C:\Windows\SYSTEM32\DNSAPI.dll
0x00007ffb56780000 - 0x00007ffb5678c000 	C:\Windows\System32\winrnr.dll
0x00007ffb574f0000 - 0x00007ffb574f9000 	C:\Windows\System32\rasadhlp.dll
0x00007ffb59560000 - 0x00007ffb595c8000 	C:\Windows\System32\fwpuclnt.dll
0x00007ffb56a40000 - 0x00007ffb56bc8000 	C:\Windows\SYSTEM32\dbghelp.dll

VM Arguments:
jvm_args: -Dfile.encoding=UTF-8 -Xmx768M -Xms64M -Dgrails.fork.parent.process.port=7770 -Dgrails.fork.active=true -Dgrails.build.execution.context=C:\Users\kegara\AppData\Local\Temp\GymApp3609813130952155983grails-execution-context -Dgrails.home=C:\Users\kegara\Documents\grails-2.3.11\grails-2.3.11 -javaagent:C:\Users\kegara\Documents\grails-2.3.11\grails-2.3.11\lib\org.springframework\springloaded\jars\springloaded-1.2.0.RELEASE.jar -Xverify:none -Dspringloaded.synchronize=true -Djdk.reflect.allowGetCallerClass=true -Dspringloaded=profile=grails;cacheDir=C:\Users\kegara/.grails/2.3.11/ 
java_command: org.grails.plugins.tomcat.fork.ForkedTomcatServer
java_class_path (initial): C:\Program Files\Java\jdk1.8.0_11\lib\tools.jar;C:\Users\kegara\Documents\grails-2.3.11\grails-2.3.11\lib\org.codehaus.groovy\groovy-all\jars\groovy-all-2.1.9.jar;C:\Users\kegara\Documents\grails-2.3.11\grails-2.3.11\lib\org.slf4j\jcl-over-slf4j\jars\jcl-over-slf4j-1.7.5.jar;C:\Users\kegara\Documents\grails-2.3.11\grails-2.3.11\lib\org.codehaus.gant\gant_groovy1.8\jars\gant_groovy1.8-1.9.6.jar;C:\Users\kegara\Documents\grails-2.3.11\grails-2.3.11\lib\org.apache.tomcat.embed\tomcat-embed-logging-log4j\jars\tomcat-embed-logging-log4j-7.0.50.jar;C:\Users\kegara\Documents\grails-2.3.11\grails-2.3.11\dist\grails-plugin-log4j-2.3.11.jar;C:\Users\kegara\Documents\grails-2.3.11\grails-2.3.11\lib\log4j\log4j\jars\log4j-1.2.17.jar;C:\Users\kegara\Documents\grails-2.3.11\grails-2.3.11\dist\grails-bootstrap-2.3.11.jar;C:\Users\kegara\Documents\grails-2.3.11\grails-2.3.11\lib\org.slf4j\slf4j-api\jars\slf4j-api-1.7.5.jar;C:\Users\kegara\Documents\grails-2.3.11\grails-2.3.11\lib\jline\jline\jars\jline-2.12.jar;C:\Users\kegara\Documents\grails-2.3.11\grails-2.3.11\lib\org.apache.ant\ant\jars\ant-1.8.4.jar;C:\Users\kegara\Documents\grails-2.3.11\grails-2.3.11\lib\org.apache.ant\ant-launcher\jars\ant-launcher-1.8.4.jar;C:\Users\kegara\Documents\grails-2.3.11\grails-2.3.11\lib\org.apache.ant\ant-trax\jars\ant-trax-1.7.1.jar;C:\Users\kegara\Documents\grails-2.3.11\grails-2.3.11\lib\org.apache.ant\ant-junit\jars\ant-junit-1.8.4.jar;C:\Users\kegara\Documents\grails-2.3.11\grails-2.3.11\lib\org.apache.ivy\ivy\jars\ivy-2.3.0.jar;C:\Users\kegara\Documents\grails-2.3.11\grails-2.3.11\lib\org.fusesource.jansi\jansi\jars\jansi-1.11.jar;C:\Users\kegara\.m2\repository\org\eclipse\jdt\core\compiler\ecj\3.7.2\ecj-3.7.2.jar;C:\Users\kegara\Documents\Netbeans Projects\GymApp\target\work\plugins\tomcat-7.0.54\grails-plugin-tomcat-7.0.54.jar;C:\Users\kegara\.m2\repository\org\apache\tomcat\embed\tomcat-embed-websocket\7.0.53\tomcat-embed-websocket-7.0.53.jar;C:\Users\kegar
Launcher Type: SUN_STANDARD

Environment Variables:
JAVA_HOME=C:\Program Files\Java\jdk1.8.0_11
PATH=C:\ProgramData\Oracle\Java\javapath;C:\Program Files (x86)\Intel\iCLS Client\;C:\Program Files\Intel\iCLS Client\;C:\Windows\system32;C:\Windows;C:\Windows\System32\Wbem;C:\Windows\System32\WindowsPowerShell\v1.0\;C:\Python34\;C:\Python34\Scripts;C:\Program Files\R\R-3.1.1\bin\x64;C:\Program Files\Java\jdk1.8.0_11\bin;C:\Program Files\Intel\Intel(R) Management Engine Components\DAL;C:\Program Files\Intel\Intel(R) Management Engine Components\IPT;C:\Program Files (x86)\Intel\Intel(R) Management Engine Components\DAL;C:\Program Files (x86)\Intel\Intel(R) Management Engine Components\IPT;C:\Program Files\Common Files\Autodesk Shared\;C:\Program Files (x86)\Autodesk\Backburner\;C:\Program Files (x86)\Windows Kits\8.1\Windows Performance Toolkit\;C:\Program Files\Microsoft SQL Server\110\Tools\Binn\;C:\Program Files (x86)\Microsoft SDKs\TypeScript\1.0\;C:\Program Files (x86)\QuickTime\QTSystem\;C:\Program Files\jEdit;C:\Program Files (x86)\Rational\common;C:\Program Files\MiKTeX 2.9\miktex\bin\x64\;C:\Program Files\MATLAB(Campus)\R2014a\bin;C:\Program Files\MATLAB\R2014a\bin;c:\Program Files (x86)\Microsoft SQL Server\100\Tools\Binn\;c:\Program Files\Microsoft SQL Server\100\Tools\Binn\;c:\Program Files\Microsoft SQL Server\100\DTS\Binn\;M:\SOIProfile\My Documents\Groovy\Groovy-2.3.6\bin
USERNAME=kegara
OS=Windows_NT
PROCESSOR_IDENTIFIER=Intel64 Family 6 Model 62 Stepping 4, GenuineIntel



---------------  S Y S T E M  ---------------

OS: Windows 8.1 , 64 bit Build 9600 

CPU:total 8 (4 cores per cpu, 2 threads per core) family 6 model 62 stepping 4, cmov, cx8, fxsr, mmx, sse, sse2, sse3, ssse3, sse4.1, sse4.2, popcnt, avx, aes, clmul, erms, ht, tsc, tscinvbit

Memory: 4k page, physical 16699200k(11607160k free), swap 19189568k(13494004k free)

vm_info: Java HotSpot(TM) 64-Bit Server VM (25.11-b03) for windows-amd64 JRE (1.8.0_11-b12), built on Jun 16 2014 20:57:32 by "java_re" with MS VC++ 10.0 (VS2010)

time: Thu Jan 15 11:47:56 2015
elapsed time: 24 seconds

