#
# A fatal error has been detected by the Java Runtime Environment:
#
#  EXCEPTION_ACCESS_VIOLATION (0xc0000005) at pc=0x000000006b8d4db2, pid=4636, tid=2560
#
# JRE version: Java(TM) SE Runtime Environment (8.0_11-b12) (build 1.8.0_11-b12)
# Java VM: Java HotSpot(TM) 64-Bit Server VM (25.11-b03 mixed mode windows-amd64 compressed oops)
# Problematic frame:
# V  [jvm.dll+0x424db2]
#
# Failed to write core dump. Minidumps are not enabled by default on client versions of Windows
#
# If you would like to submit a bug report, please visit:
#   http://bugreport.sun.com/bugreport/crash.jsp
#

---------------  T H R E A D  ---------------

Current thread (0x00000000143ec000):  JavaThread "C2 CompilerThread1" daemon [_thread_in_native, id=2560, stack(0x0000000016ac0000,0x0000000016bc0000)]

siginfo: ExceptionCode=0xc0000005, reading address 0x0000000000000000

Registers:
RAX=0x00000000196669c8, RBX=0x0000000000000600, RCX=0x0000000000000000, RDX=0x00000000171d81c0
RSP=0x0000000016bbc780, RBP=0x00000000000000c0, RSI=0x00000000000000b8, RDI=0x0000000000000000
R8 =0x000000006b4b0000, R9 =0x0000000016bbcaa0, R10=0x00000000ffffffff, R11=0x000000001653e8a0
R12=0x00000000196670d0, R13=0x000000001a919b68, R14=0x0000000000000008, R15=0x000000001a919b68
RIP=0x000000006b8d4db2, EFLAGS=0x0000000000010206

Top of Stack: (sp=0x0000000016bbc780)
0x0000000016bbc780:   00000000000000da 00000000000000b0
0x0000000016bbc790:   000000000000000a 000000001d879730
0x0000000016bbc7a0:   0000000000000001 0000000000000600
0x0000000016bbc7b0:   0000000000000180 00000000000000c0
0x0000000016bbc7c0:   00000000187d4fd0 000000001652d320
0x0000000016bbc7d0:   0000000000000798 00000000171d3c10
0x0000000016bbc7e0:   0000000016bbcaa0 0000000019663b70
0x0000000016bbc7f0:   0000000000000020 0000000000000009
0x0000000016bbc800:   00000000196670a0 00000000000000da
0x0000000016bbc810:   000000001a919b68 000000006b8d598d
0x0000000016bbc820:   00000000196670a0 000000000000001c
0x0000000016bbc830:   00000000000000da 0000000016bbcaa0
0x0000000016bbc840:   00000000171d81c0 00000000000000da
0x0000000016bbc850:   0000000019663b70 0000000000000020
0x0000000016bbc860:   000000001d001c38 0000000016bbee10
0x0000000016bbc870:   000000001d002268 00000000196670a0 

Instructions: (pc=0x000000006b8d4db2)
0x000000006b8d4d92:   c6 48 63 f0 48 03 f1 eb 04 48 83 ce ff 48 8b 84
0x000000006b8d4da2:   24 a0 00 00 00 48 8b 40 08 48 8b 3c 03 48 8b cf
0x000000006b8d4db2:   48 8b 07 ff 50 28 4c 8d 05 41 b2 bd ff 48 63 50
0x000000006b8d4dc2:   10 4c 8b d8 48 8b ca 48 c1 e1 05 42 80 bc 01 c0 


Register to memory mapping:

RAX=0x00000000196669c8 is an unknown value
RBX=0x0000000000000600 is an unknown value
RCX=0x0000000000000000 is an unknown value
RDX=0x00000000171d81c0 is an unknown value
RSP=0x0000000016bbc780 is pointing into the stack for thread: 0x00000000143ec000
RBP=0x00000000000000c0 is an unknown value
RSI=0x00000000000000b8 is an unknown value
RDI=0x0000000000000000 is an unknown value
R8 =0x000000006b4b0000 is an unknown value
R9 =0x0000000016bbcaa0 is pointing into the stack for thread: 0x00000000143ec000
R10=0x00000000ffffffff is an unknown value
R11=0x000000001653e8a0 is an unknown value
R12=0x00000000196670d0 is an unknown value
R13=0x000000001a919b68 is an unknown value
R14=0x0000000000000008 is an unknown value
R15=0x000000001a919b68 is an unknown value


Stack: [0x0000000016ac0000,0x0000000016bc0000],  sp=0x0000000016bbc780,  free space=1009k
Native frames: (J=compiled Java code, j=interpreted, Vv=VM code, C=native code)
V  [jvm.dll+0x424db2]
V  [jvm.dll+0x42598d]
V  [jvm.dll+0x425ecf]
V  [jvm.dll+0x4c5a84]
V  [jvm.dll+0x4415bc]
V  [jvm.dll+0x443a29]
V  [jvm.dll+0x427722]
V  [jvm.dll+0x96982]
V  [jvm.dll+0x97173]
V  [jvm.dll+0x2234b4]
V  [jvm.dll+0x27bcca]
C  [msvcr100.dll+0x21d9f]
C  [msvcr100.dll+0x21e3b]
C  [KERNEL32.DLL+0x16ad]
C  [ntdll.dll+0x734a5]


Current CompileTask:
C2:  17900 6481       4       groovy.lang.MetaClassImpl::findPropertyMethod (356 bytes)


---------------  P R O C E S S  ---------------

Java Threads: ( => current thread )
  0x0000000019488000 JavaThread "com.zola.gym.Role.data" daemon [_thread_blocked, id=1640, stack(0x000000001f8a0000,0x000000001f9a0000)]
  0x0000000019488800 JavaThread "net.sf.ehcache.CacheManager@458c59dd" daemon [_thread_blocked, id=5668, stack(0x000000001e4a0000,0x000000001e5a0000)]
  0x000000001948a800 JavaThread "PoolCleaner[851488219:1421382359062]" daemon [_thread_blocked, id=3456, stack(0x000000001b4d0000,0x000000001b5d0000)]
  0x000000001a689800 JavaThread "FileSystemWatcher: files=#491 cl=groovy.lang.GroovyClassLoader@32c0addb" daemon [_thread_blocked, id=6732, stack(0x000000001bc70000,0x000000001bd70000)]
  0x000000001aa66000 JavaThread "Thread-4" daemon [_thread_in_native, id=2780, stack(0x000000001bb70000,0x000000001bc70000)]
  0x000000001acda800 JavaThread "localhost-startStop-1" daemon [_thread_in_vm, id=788, stack(0x000000001c110000,0x000000001c210000)]
  0x000000001acdf800 JavaThread "Tomcat-startStop-1" daemon [_thread_blocked, id=4756, stack(0x000000001c010000,0x000000001c110000)]
  0x000000001a599000 JavaThread "Thread-3" [_thread_in_native, id=5592, stack(0x000000001ba70000,0x000000001bb70000)]
  0x00000000196bd800 JavaThread "Thread-2" [_thread_blocked, id=6960, stack(0x0000000017c90000,0x0000000017d90000)]
  0x0000000017424800 JavaThread "NonBlockingInputStreamThread" daemon [_thread_blocked, id=6808, stack(0x0000000017b90000,0x0000000017c90000)]
  0x00000000166ac800 JavaThread "Service Thread" daemon [_thread_blocked, id=2812, stack(0x0000000016dc0000,0x0000000016ec0000)]
  0x0000000016535800 JavaThread "C1 CompilerThread3" daemon [_thread_blocked, id=6840, stack(0x0000000016cc0000,0x0000000016dc0000)]
  0x0000000016530800 JavaThread "C2 CompilerThread2" daemon [_thread_in_native, id=4316, stack(0x0000000016bc0000,0x0000000016cc0000)]
=>0x00000000143ec000 JavaThread "C2 CompilerThread1" daemon [_thread_in_native, id=2560, stack(0x0000000016ac0000,0x0000000016bc0000)]
  0x00000000143ea000 JavaThread "C2 CompilerThread0" daemon [_thread_in_native, id=4424, stack(0x00000000169c0000,0x0000000016ac0000)]
  0x00000000163ee800 JavaThread "Attach Listener" daemon [_thread_blocked, id=2228, stack(0x00000000168c0000,0x00000000169c0000)]
  0x00000000163ed800 JavaThread "Signal Dispatcher" daemon [_thread_blocked, id=4220, stack(0x00000000167c0000,0x00000000168c0000)]
  0x00000000143dc000 JavaThread "Finalizer" daemon [_thread_blocked, id=5908, stack(0x00000000162c0000,0x00000000163c0000)]
  0x00000000143da800 JavaThread "Reference Handler" daemon [_thread_blocked, id=4580, stack(0x00000000161c0000,0x00000000162c0000)]
  0x0000000002125000 JavaThread "main" [_thread_blocked, id=5556, stack(0x0000000001e50000,0x0000000001f50000)]

Other Threads:
  0x00000000143d6800 VMThread [stack: 0x00000000160c0000,0x00000000161c0000] [id=2624]
  0x00000000166af000 WatcherThread [stack: 0x0000000016ec0000,0x0000000016fc0000] [id=5332]

VM state:not at safepoint (normal execution)

VM Mutex/Monitor currently owned by a thread: None

Heap:
 PSYoungGen      total 190464K, used 141870K [0x00000000f0000000, 0x0000000100000000, 0x0000000100000000)
  eden space 132096K, 66% used [0x00000000f0000000,0x00000000f55bb890,0x00000000f8100000)
  from space 58368K, 92% used [0x00000000fc700000,0x00000000ffbcffb0,0x0000000100000000)
  to   space 65024K, 0% used [0x00000000f8100000,0x00000000f8100000,0x00000000fc080000)
 ParOldGen       total 117760K, used 105953K [0x00000000d0000000, 0x00000000d7300000, 0x00000000f0000000)
  object space 117760K, 89% used [0x00000000d0000000,0x00000000d6778588,0x00000000d7300000)
 Metaspace       used 70772K, capacity 72426K, committed 72576K, reserved 1114112K
  class space    used 6937K, capacity 7492K, committed 7552K, reserved 1048576K

Card table byte_map: [0x00000000115e0000,0x0000000011770000] byte_map_base: 0x0000000010f60000

Marking Bits: (ParMarkBitMap*) 0x000000006bc612b0
 Begin Bits: [0x0000000012070000, 0x0000000012c70000)
 End Bits:   [0x0000000012c70000, 0x0000000013870000)

Polling page: 0x0000000000450000

CodeCache: size=245760Kb used=21830Kb max_used=22883Kb free=223929Kb
 bounds [0x0000000002220000, 0x0000000003890000, 0x0000000011220000]
 total_blobs=6486 nmethods=5743 adapters=653
 compilation: enabled

Compilation events (10 events):
Event: 17.828 Thread 0x0000000016535800 6515       3       groovy.lang.MetaClassImpl$1MOPIter::methodNameAction (482 bytes)
Event: 17.830 Thread 0x0000000016535800 nmethod 6515 0x0000000002d360d0 code [0x0000000002d36520, 0x0000000002d38e48]
Event: 17.835 Thread 0x00000000143ec000 nmethod 6376 0x0000000002e61910 code [0x0000000002e622a0, 0x0000000002e68ed0]
Event: 17.840 Thread 0x00000000143ec000 6478       4       groovy.lang.MetaClassImpl$1MOPIter::processFastArray (210 bytes)
Event: 17.852 Thread 0x00000000143ec000 nmethod 6478 0x0000000002d0f350 code [0x0000000002d0f500, 0x0000000002d0ff28]
Event: 17.852 Thread 0x00000000143ec000 6476       4       org.codehaus.groovy.runtime.metaclass.MetaMethodIndex::findMatchingMethod (51 bytes)
Event: 17.855 Thread 0x00000000143ec000 nmethod 6476 0x000000000232af90 code [0x000000000232b0e0, 0x000000000232b318]
Event: 17.855 Thread 0x00000000143ec000 6493       4       org.codehaus.groovy.runtime.metaclass.MetaMethodIndex::isMatchingMethod (68 bytes)
Event: 17.857 Thread 0x00000000143ec000 nmethod 6493 0x0000000002dcfad0 code [0x0000000002dcfc20, 0x0000000002dcfd58]
Event: 17.857 Thread 0x00000000143ec000 6481       4       groovy.lang.MetaClassImpl::findPropertyMethod (356 bytes)

GC Heap History (10 events):
Event: 15.037 GC heap before
{Heap before GC invocations=84 (full 8):
 PSYoungGen      total 190464K, used 161513K [0x00000000f0000000, 0x00000000fea00000, 0x0000000100000000)
  eden space 143360K, 94% used [0x00000000f0000000,0x00000000f84662c8,0x00000000f8c00000)
  from space 47104K, 55% used [0x00000000f8c00000,0x00000000fa5542a0,0x00000000fba00000)
  to   space 46080K, 0% used [0x00000000fbd00000,0x00000000fbd00000,0x00000000fea00000)
 ParOldGen       total 117760K, used 103574K [0x00000000d0000000, 0x00000000d7300000, 0x00000000f0000000)
  object space 117760K, 87% used [0x00000000d0000000,0x00000000d6525908,0x00000000d7300000)
 Metaspace       used 64962K, capacity 66474K, committed 66816K, reserved 1110016K
  class space    used 6347K, capacity 6844K, committed 6912K, reserved 1048576K
Event: 15.054 GC heap after
Heap after GC invocations=84 (full 8):
 PSYoungGen      total 192000K, used 32421K [0x00000000f0000000, 0x00000000fed00000, 0x0000000100000000)
  eden space 145920K, 0% used [0x00000000f0000000,0x00000000f0000000,0x00000000f8e80000)
  from space 46080K, 70% used [0x00000000fbd00000,0x00000000fdca96d0,0x00000000fea00000)
  to   space 47616K, 0% used [0x00000000f8e80000,0x00000000f8e80000,0x00000000fbd00000)
 ParOldGen       total 117760K, used 104328K [0x00000000d0000000, 0x00000000d7300000, 0x00000000f0000000)
  object space 117760K, 88% used [0x00000000d0000000,0x00000000d65e20e8,0x00000000d7300000)
 Metaspace       used 64962K, capacity 66474K, committed 66816K, reserved 1110016K
  class space    used 6347K, capacity 6844K, committed 6912K, reserved 1048576K
}
Event: 15.419 GC heap before
{Heap before GC invocations=85 (full 8):
 PSYoungGen      total 192000K, used 178341K [0x00000000f0000000, 0x00000000fed00000, 0x0000000100000000)
  eden space 145920K, 100% used [0x00000000f0000000,0x00000000f8e80000,0x00000000f8e80000)
  from space 46080K, 70% used [0x00000000fbd00000,0x00000000fdca96d0,0x00000000fea00000)
  to   space 47616K, 0% used [0x00000000f8e80000,0x00000000f8e80000,0x00000000fbd00000)
 ParOldGen       total 117760K, used 104328K [0x00000000d0000000, 0x00000000d7300000, 0x00000000f0000000)
  object space 117760K, 88% used [0x00000000d0000000,0x00000000d65e20e8,0x00000000d7300000)
 Metaspace       used 65811K, capacity 67274K, committed 67712K, reserved 1110016K
  class space    used 6442K, capacity 6940K, committed 7040K, reserved 1048576K
Event: 15.438 GC heap after
Heap after GC invocations=85 (full 8):
 PSYoungGen      total 193536K, used 33846K [0x00000000f0000000, 0x00000000ff280000, 0x0000000100000000)
  eden space 145920K, 0% used [0x00000000f0000000,0x00000000f0000000,0x00000000f8e80000)
  from space 47616K, 71% used [0x00000000f8e80000,0x00000000faf8d8d0,0x00000000fbd00000)
  to   space 49152K, 0% used [0x00000000fc280000,0x00000000fc280000,0x00000000ff280000)
 ParOldGen       total 117760K, used 105101K [0x00000000d0000000, 0x00000000d7300000, 0x00000000f0000000)
  object space 117760K, 89% used [0x00000000d0000000,0x00000000d66a3630,0x00000000d7300000)
 Metaspace       used 65811K, capacity 67274K, committed 67712K, reserved 1110016K
  class space    used 6442K, capacity 6940K, committed 7040K, reserved 1048576K
}
Event: 16.011 GC heap before
{Heap before GC invocations=86 (full 8):
 PSYoungGen      total 193536K, used 179766K [0x00000000f0000000, 0x00000000ff280000, 0x0000000100000000)
  eden space 145920K, 100% used [0x00000000f0000000,0x00000000f8e80000,0x00000000f8e80000)
  from space 47616K, 71% used [0x00000000f8e80000,0x00000000faf8d8d0,0x00000000fbd00000)
  to   space 49152K, 0% used [0x00000000fc280000,0x00000000fc280000,0x00000000ff280000)
 ParOldGen       total 117760K, used 105101K [0x00000000d0000000, 0x00000000d7300000, 0x00000000f0000000)
  object space 117760K, 89% used [0x00000000d0000000,0x00000000d66a3630,0x00000000d7300000)
 Metaspace       used 67413K, capacity 68842K, committed 69120K, reserved 1112064K
  class space    used 6658K, capacity 7143K, committed 7168K, reserved 1048576K
Event: 16.029 GC heap after
Heap after GC invocations=86 (full 8):
 PSYoungGen      total 195072K, used 41791K [0x00000000f0000000, 0x00000000ffa80000, 0x0000000100000000)
  eden space 145920K, 0% used [0x00000000f0000000,0x00000000f0000000,0x00000000f8e80000)
  from space 49152K, 85% used [0x00000000fc280000,0x00000000feb4fdb8,0x00000000ff280000)
  to   space 53248K, 0% used [0x00000000f8e80000,0x00000000f8e80000,0x00000000fc280000)
 ParOldGen       total 117760K, used 105577K [0x00000000d0000000, 0x00000000d7300000, 0x00000000f0000000)
  object space 117760K, 89% used [0x00000000d0000000,0x00000000d671a588,0x00000000d7300000)
 Metaspace       used 67413K, capacity 68842K, committed 69120K, reserved 1112064K
  class space    used 6658K, capacity 7143K, committed 7168K, reserved 1048576K
}
Event: 16.519 GC heap before
{Heap before GC invocations=87 (full 8):
 PSYoungGen      total 195072K, used 187711K [0x00000000f0000000, 0x00000000ffa80000, 0x0000000100000000)
  eden space 145920K, 100% used [0x00000000f0000000,0x00000000f8e80000,0x00000000f8e80000)
  from space 49152K, 85% used [0x00000000fc280000,0x00000000feb4fdb8,0x00000000ff280000)
  to   space 53248K, 0% used [0x00000000f8e80000,0x00000000f8e80000,0x00000000fc280000)
 ParOldGen       total 117760K, used 105577K [0x00000000d0000000, 0x00000000d7300000, 0x00000000f0000000)
  object space 117760K, 89% used [0x00000000d0000000,0x00000000d671a588,0x00000000d7300000)
 Metaspace       used 68279K, capacity 69762K, committed 70016K, reserved 1112064K
  class space    used 6728K, capacity 7213K, committed 7296K, reserved 1048576K
Event: 16.540 GC heap after
Heap after GC invocations=87 (full 8):
 PSYoungGen      total 199168K, used 47163K [0x00000000f0000000, 0x0000000100000000, 0x0000000100000000)
  eden space 145920K, 0% used [0x00000000f0000000,0x00000000f0000000,0x00000000f8e80000)
  from space 53248K, 88% used [0x00000000f8e80000,0x00000000fbc8efc0,0x00000000fc280000)
  to   space 58368K, 0% used [0x00000000fc700000,0x00000000fc700000,0x0000000100000000)
 ParOldGen       total 117760K, used 105777K [0x00000000d0000000, 0x00000000d7300000, 0x00000000f0000000)
  object space 117760K, 89% used [0x00000000d0000000,0x00000000d674c588,0x00000000d7300000)
 Metaspace       used 68279K, capacity 69762K, committed 70016K, reserved 1112064K
  class space    used 6728K, capacity 7213K, committed 7296K, reserved 1048576K
}
Event: 17.475 GC heap before
{Heap before GC invocations=88 (full 8):
 PSYoungGen      total 199168K, used 186939K [0x00000000f0000000, 0x0000000100000000, 0x0000000100000000)
  eden space 145920K, 95% used [0x00000000f0000000,0x00000000f887ff60,0x00000000f8e80000)
  from space 53248K, 88% used [0x00000000f8e80000,0x00000000fbc8efc0,0x00000000fc280000)
  to   space 58368K, 0% used [0x00000000fc700000,0x00000000fc700000,0x0000000100000000)
 ParOldGen       total 117760K, used 105777K [0x00000000d0000000, 0x00000000d7300000, 0x00000000f0000000)
  object space 117760K, 89% used [0x00000000d0000000,0x00000000d674c588,0x00000000d7300000)
 Metaspace       used 69853K, capacity 71422K, committed 71680K, reserved 1114112K
  class space    used 6856K, capacity 7328K, committed 7424K, reserved 1048576K
Event: 17.530 GC heap after
Heap after GC invocations=88 (full 8):
 PSYoungGen      total 190464K, used 54079K [0x00000000f0000000, 0x0000000100000000, 0x0000000100000000)
  eden space 132096K, 0% used [0x00000000f0000000,0x00000000f0000000,0x00000000f8100000)
  from space 58368K, 92% used [0x00000000fc700000,0x00000000ffbcffb0,0x0000000100000000)
  to   space 65024K, 0% used [0x00000000f8100000,0x00000000f8100000,0x00000000fc080000)
 ParOldGen       total 117760K, used 105953K [0x00000000d0000000, 0x00000000d7300000, 0x00000000f0000000)
  object space 117760K, 89% used [0x00000000d0000000,0x00000000d6778588,0x00000000d7300000)
 Metaspace       used 69853K, capacity 71422K, committed 71680K, reserved 1114112K
  class space    used 6856K, capacity 7328K, committed 7424K, reserved 1048576K
}

Deoptimization events (10 events):
Event: 17.373 Thread 0x000000001acda800 Uncommon trap: reason=bimorphic action=maybe_recompile pc=0x00000000028f1e58 method=org.codehaus.groovy.runtime.callsite.CallSiteArray.replaceCallSite(Lorg/codehaus/groovy/runtime/callsite/CallSite;Lorg/codehaus/groovy/runtime/callsite/CallSite;)V @ 1
Event: 17.374 Thread 0x000000001acda800 Uncommon trap: reason=bimorphic action=maybe_recompile pc=0x00000000028f1e58 method=org.codehaus.groovy.runtime.callsite.CallSiteArray.replaceCallSite(Lorg/codehaus/groovy/runtime/callsite/CallSite;Lorg/codehaus/groovy/runtime/callsite/CallSite;)V @ 1
Event: 17.374 Thread 0x000000001acda800 Uncommon trap: reason=bimorphic action=maybe_recompile pc=0x000000000265db38 method=org.codehaus.groovy.runtime.callsite.CallSiteArray.replaceCallSite(Lorg/codehaus/groovy/runtime/callsite/CallSite;Lorg/codehaus/groovy/runtime/callsite/CallSite;)V @ 1
Event: 17.391 Thread 0x000000001acda800 Uncommon trap: reason=array_check action=maybe_recompile pc=0x00000000023c6ac8 method=java.util.ComparableTimSort.binarySort([Ljava/lang/Object;III)V @ 215
Event: 17.402 Thread 0x000000001acda800 Uncommon trap: reason=array_check action=maybe_recompile pc=0x00000000023c6c3c method=java.util.ComparableTimSort.binarySort([Ljava/lang/Object;III)V @ 183
Event: 17.603 Thread 0x000000001acda800 Uncommon trap: reason=null_check action=make_not_entrant pc=0x000000000369743c method=org.springsource.loaded.ri.ReflectiveInterceptor.jlClassGetModifiers(Ljava/lang/Class;)I @ 10
Event: 17.778 Thread 0x000000001acda800 Uncommon trap: reason=class_check action=maybe_recompile pc=0x000000000269810c method=groovy.lang.MetaClassImpl.getMethodWithCachingInternal(Ljava/lang/Class;Lorg/codehaus/groovy/runtime/callsite/CallSite;[Ljava/lang/Class;)Lgroovy/lang/MetaMethod; @ 26
Event: 17.778 Thread 0x000000001acda800 Uncommon trap: reason=class_check action=maybe_recompile pc=0x000000000269810c method=groovy.lang.MetaClassImpl.getMethodWithCachingInternal(Ljava/lang/Class;Lorg/codehaus/groovy/runtime/callsite/CallSite;[Ljava/lang/Class;)Lgroovy/lang/MetaMethod; @ 26
Event: 17.780 Thread 0x000000001acda800 Uncommon trap: reason=class_check action=maybe_recompile pc=0x000000000269810c method=groovy.lang.MetaClassImpl.getMethodWithCachingInternal(Ljava/lang/Class;Lorg/codehaus/groovy/runtime/callsite/CallSite;[Ljava/lang/Class;)Lgroovy/lang/MetaMethod; @ 26
Event: 17.780 Thread 0x000000001acda800 Uncommon trap: reason=class_check action=maybe_recompile pc=0x000000000269810c method=groovy.lang.MetaClassImpl.getMethodWithCachingInternal(Ljava/lang/Class;Lorg/codehaus/groovy/runtime/callsite/CallSite;[Ljava/lang/Class;)Lgroovy/lang/MetaMethod; @ 26

Internal exceptions (10 events):
Event: 17.880 Thread 0x000000001acda800 Exception <a 'java/security/PrivilegedActionException'> (0x00000000f47d5030) thrown at [C:\re\workspace\8-2-build-windows-amd64-cygwin\jdk8u11\648\hotspot\src\share\vm\prims\jvm.cpp, line 1248]
Event: 17.880 Thread 0x000000001acda800 Exception <a 'java/security/PrivilegedActionException'> (0x00000000f47d90a0) thrown at [C:\re\workspace\8-2-build-windows-amd64-cygwin\jdk8u11\648\hotspot\src\share\vm\prims\jvm.cpp, line 1248]
Event: 17.881 Thread 0x000000001acda800 Exception <a 'java/security/PrivilegedActionException'> (0x00000000f47e84e8) thrown at [C:\re\workspace\8-2-build-windows-amd64-cygwin\jdk8u11\648\hotspot\src\share\vm\prims\jvm.cpp, line 1248]
Event: 17.881 Thread 0x000000001acda800 Exception <a 'java/security/PrivilegedActionException'> (0x00000000f4809c78) thrown at [C:\re\workspace\8-2-build-windows-amd64-cygwin\jdk8u11\648\hotspot\src\share\vm\prims\jvm.cpp, line 1248]
Event: 17.881 Thread 0x000000001acda800 Exception <a 'java/lang/ClassNotFoundException': org/grails/plugin/resource/module/ModulesBuilderBeanInfo> (0x00000000f480ab98) thrown at [C:\re\workspace\8-2-build-windows-amd64-cygwin\jdk8u11\648\hotspot\src\share\vm\classfile\systemDictionary.cpp, line w	n¢á1@
Event: 17.881 Thread 0x000000001acda800 Exception <a 'java/security/PrivilegedActionException'> (0x00000000f480bba0) thrown at [C:\re\workspace\8-2-build-windows-amd64-cygwin\jdk8u11\648\hotspot\src\share\vm\prims\jvm.cpp, line 1248]
Event: 17.881 Thread 0x000000001acda800 Exception <a 'java/security/PrivilegedActionException'> (0x00000000f480fc30) thrown at [C:\re\workspace\8-2-build-windows-amd64-cygwin\jdk8u11\648\hotspot\src\share\vm\prims\jvm.cpp, line 1248]
Event: 17.882 Thread 0x000000001acda800 Exception <a 'java/security/PrivilegedActionException'> (0x00000000f481f0f0) thrown at [C:\re\workspace\8-2-build-windows-amd64-cygwin\jdk8u11\648\hotspot\src\share\vm\prims\jvm.cpp, line 1248]
Event: 17.882 Thread 0x000000001acda800 Exception <a 'java/security/PrivilegedActionException'> (0x00000000f4832f10) thrown at [C:\re\workspace\8-2-build-windows-amd64-cygwin\jdk8u11\648\hotspot\src\share\vm\prims\jvm.cpp, line 1248]
Event: 17.882 Thread 0x000000001acda800 Exception <a 'java/security/PrivilegedActionException'> (0x00000000f4836fa0) thrown at [C:\re\workspace\8-2-build-windows-amd64-cygwin\jdk8u11\648\hotspot\src\share\vm\prims\jvm.cpp, line 1248]

Events (10 events):
Event: 17.879 loading class org/grails/plugin/resource/module/ModulesBuilderBeanInfo
Event: 17.879 loading class org/grails/plugin/resource/module/ModulesBuilderBeanInfo done
Event: 17.880 loading class org/grails/plugin/resource/module/ModulesBuilderBeanInfo
Event: 17.880 loading class org/grails/plugin/resource/module/ModulesBuilderBeanInfo done
Event: 17.881 loading class org/grails/plugin/resource/module/ModulesBuilderBeanInfo
Event: 17.881 loading class org/grails/plugin/resource/module/ModulesBuilderBeanInfo done
Event: 17.881 loading class org/grails/plugin/resource/module/ModulesBuilderCustomizer
Event: 17.881 loading class org/grails/plugin/resource/module/ModulesBuilderCustomizer done
Event: 17.882 loading class org/grails/plugin/resource/module/ModulesBuilderCustomizer
Event: 17.882 loading class org/grails/plugin/resource/module/ModulesBuilderCustomizer done


Dynamic libraries:
0x00007ff737ac0000 - 0x00007ff737af4000 	C:\Program Files\Java\jdk1.8.0_11\bin\java.exe
0x00007ff8a1d20000 - 0x00007ff8a1eca000 	C:\Windows\SYSTEM32\ntdll.dll
0x00007ff89f710000 - 0x00007ff89f84a000 	C:\Windows\system32\KERNEL32.DLL
0x00007ff89f1b0000 - 0x00007ff89f2bf000 	C:\Windows\system32\KERNELBASE.dll
0x00007ff89cad0000 - 0x00007ff89cb58000 	C:\Windows\system32\apphelp.dll
0x00007ff892a00000 - 0x00007ff892a4f000 	C:\Windows\AppPatch\AppPatch64\AcGenral.DLL
0x00007ff89fc50000 - 0x00007ff89fcf7000 	C:\Windows\system32\msvcrt.dll
0x00007ff89ef40000 - 0x00007ff89ef6b000 	C:\Windows\SYSTEM32\SspiCli.dll
0x00007ff8a0150000 - 0x00007ff8a01a1000 	C:\Windows\system32\SHLWAPI.dll
0x00007ff89f850000 - 0x00007ff89f9c1000 	C:\Windows\system32\USER32.dll
0x00007ff89fa30000 - 0x00007ff89fba8000 	C:\Windows\system32\ole32.dll
0x00007ff8a0900000 - 0x00007ff8a1d20000 	C:\Windows\system32\SHELL32.dll
0x00007ff89e700000 - 0x00007ff89e71e000 	C:\Windows\SYSTEM32\USERENV.dll
0x00007ff8a0850000 - 0x00007ff8a08f5000 	C:\Windows\system32\ADVAPI32.dll
0x00007ff8985f0000 - 0x00007ff89860b000 	C:\Windows\SYSTEM32\MPR.dll
0x00007ff8a05c0000 - 0x00007ff8a06f7000 	C:\Windows\system32\RPCRT4.dll
0x00007ff89fbb0000 - 0x00007ff89fc07000 	C:\Windows\SYSTEM32\sechost.dll
0x00007ff8a01b0000 - 0x00007ff8a0386000 	C:\Windows\SYSTEM32\combase.dll
0x00007ff8a0700000 - 0x00007ff8a0844000 	C:\Windows\system32\GDI32.dll
0x00007ff89f090000 - 0x00007ff89f0a4000 	C:\Windows\SYSTEM32\profapi.dll
0x00007ff89dc90000 - 0x00007ff89dd2f000 	C:\Windows\SYSTEM32\SHCORE.dll
0x00007ff8a0390000 - 0x00007ff8a03c4000 	C:\Windows\system32\IMM32.DLL
0x00007ff89fd00000 - 0x00007ff89fe39000 	C:\Windows\system32\MSCTF.dll
0x00007ff89d5d0000 - 0x00007ff89d82a000 	C:\Windows\WinSxS\amd64_microsoft.windows.common-controls_6595b64144ccf1df_6.0.9600.17031_none_6242a4b3ecbb55a1\COMCTL32.dll
0x000000006c230000 - 0x000000006c302000 	C:\Program Files\Java\jdk1.8.0_11\jre\bin\msvcr100.dll
0x000000006b4b0000 - 0x000000006bcda000 	C:\Program Files\Java\jdk1.8.0_11\jre\bin\server\jvm.dll
0x00007ff897790000 - 0x00007ff897799000 	C:\Windows\SYSTEM32\WSOCK32.dll
0x00007ff89d830000 - 0x00007ff89d84f000 	C:\Windows\SYSTEM32\WINMM.dll
0x00007ff8a03d0000 - 0x00007ff8a03d7000 	C:\Windows\system32\PSAPI.DLL
0x00007ff89f6b0000 - 0x00007ff89f708000 	C:\Windows\system32\WS2_32.dll
0x00007ff89d570000 - 0x00007ff89d59a000 	C:\Windows\SYSTEM32\WINMMBASE.dll
0x00007ff89fc10000 - 0x00007ff89fc19000 	C:\Windows\system32\NSI.dll
0x00007ff89f2c0000 - 0x00007ff89f30a000 	C:\Windows\SYSTEM32\cfgmgr32.dll
0x00007ff89df20000 - 0x00007ff89df46000 	C:\Windows\SYSTEM32\DEVOBJ.dll
0x000000006c1e0000 - 0x000000006c1ef000 	C:\Program Files\Java\jdk1.8.0_11\jre\bin\verify.dll
0x000000006c1b0000 - 0x000000006c1d8000 	C:\Program Files\Java\jdk1.8.0_11\jre\bin\java.dll
0x000000006be70000 - 0x000000006be93000 	C:\Program Files\Java\jdk1.8.0_11\jre\bin\instrument.dll
0x000000006c190000 - 0x000000006c1a6000 	C:\Program Files\Java\jdk1.8.0_11\jre\bin\zip.dll
0x00007ff89e9d0000 - 0x00007ff89e9ee000 	C:\Windows\SYSTEM32\CRYPTSP.dll
0x00007ff89e5f0000 - 0x00007ff89e625000 	C:\Windows\system32\rsaenh.dll
0x00007ff89ec50000 - 0x00007ff89ec76000 	C:\Windows\SYSTEM32\bcrypt.dll
0x00007ff89ef70000 - 0x00007ff89efd0000 	C:\Windows\system32\bcryptprimitives.dll
0x00007ff89efd0000 - 0x00007ff89efda000 	C:\Windows\SYSTEM32\CRYPTBASE.dll
0x000000006c170000 - 0x000000006c18a000 	C:\Program Files\Java\jdk1.8.0_11\jre\bin\net.dll
0x00007ff89e950000 - 0x00007ff89e9a8000 	C:\Windows\system32\mswsock.dll
0x00007ff899310000 - 0x00007ff899339000 	C:\Windows\SYSTEM32\IPHLPAPI.DLL
0x00007ff8992e0000 - 0x00007ff8992ea000 	C:\Windows\SYSTEM32\WINNSI.DLL
0x00007ff8991b0000 - 0x00007ff8991c4000 	C:\Windows\SYSTEM32\dhcpcsvc6.DLL
0x00007ff899130000 - 0x00007ff899149000 	C:\Windows\SYSTEM32\dhcpcsvc.DLL
0x000000006c150000 - 0x000000006c161000 	C:\Program Files\Java\jdk1.8.0_11\jre\bin\nio.dll
0x00007ff899d60000 - 0x00007ff899d6a000 	C:\Users\kegara\AppData\Local\Temp\jansi-64-2421380299942418633.dll
0x000000006bf00000 - 0x000000006bf0d000 	C:\Program Files\Java\jdk1.8.0_11\jre\bin\management.dll
0x00007ff896330000 - 0x00007ff896344000 	C:\Windows\system32\napinsp.dll
0x00007ff8962d0000 - 0x00007ff8962e9000 	C:\Windows\system32\pnrpnsp.dll
0x00007ff89a220000 - 0x00007ff89a239000 	C:\Windows\system32\NLAapi.dll
0x00007ff89e760000 - 0x00007ff89e803000 	C:\Windows\SYSTEM32\DNSAPI.dll
0x00007ff896260000 - 0x00007ff89626c000 	C:\Windows\System32\winrnr.dll
0x00007ff896fb0000 - 0x00007ff896fb9000 	C:\Windows\System32\rasadhlp.dll
0x00007ff899070000 - 0x00007ff8990d8000 	C:\Windows\System32\fwpuclnt.dll
0x00007ff8965a0000 - 0x00007ff896728000 	C:\Windows\SYSTEM32\dbghelp.dll

VM Arguments:
jvm_args: -Dfile.encoding=UTF-8 -Xmx768M -Xms64M -Dgrails.fork.parent.process.port=4890 -Dgrails.fork.active=true -Dgrails.build.execution.context=C:\Users\kegara\AppData\Local\Temp\GymApp4538880797524530701grails-execution-context -Dgrails.home=C:\Users\kegara\Documents\grails-2.3.11\grails-2.3.11 -javaagent:C:\Users\kegara\Documents\grails-2.3.11\grails-2.3.11\lib\org.springframework\springloaded\jars\springloaded-1.2.0.RELEASE.jar -Xverify:none -Dspringloaded.synchronize=true -Djdk.reflect.allowGetCallerClass=true -Dspringloaded=profile=grails;cacheDir=C:\Users\kegara/.grails/2.3.11/ 
java_command: org.grails.plugins.tomcat.fork.ForkedTomcatServer
java_class_path (initial): C:\Program Files\Java\jdk1.8.0_11\lib\tools.jar;C:\Users\kegara\Documents\grails-2.3.11\grails-2.3.11\lib\org.codehaus.groovy\groovy-all\jars\groovy-all-2.1.9.jar;C:\Users\kegara\Documents\grails-2.3.11\grails-2.3.11\lib\org.slf4j\jcl-over-slf4j\jars\jcl-over-slf4j-1.7.5.jar;C:\Users\kegara\Documents\grails-2.3.11\grails-2.3.11\lib\org.codehaus.gant\gant_groovy1.8\jars\gant_groovy1.8-1.9.6.jar;C:\Users\kegara\Documents\grails-2.3.11\grails-2.3.11\lib\org.apache.tomcat.embed\tomcat-embed-logging-log4j\jars\tomcat-embed-logging-log4j-7.0.50.jar;C:\Users\kegara\Documents\grails-2.3.11\grails-2.3.11\dist\grails-plugin-log4j-2.3.11.jar;C:\Users\kegara\Documents\grails-2.3.11\grails-2.3.11\lib\log4j\log4j\jars\log4j-1.2.17.jar;C:\Users\kegara\Documents\grails-2.3.11\grails-2.3.11\dist\grails-bootstrap-2.3.11.jar;C:\Users\kegara\Documents\grails-2.3.11\grails-2.3.11\lib\org.slf4j\slf4j-api\jars\slf4j-api-1.7.5.jar;C:\Users\kegara\Documents\grails-2.3.11\grails-2.3.11\lib\jline\jline\jars\jline-2.12.jar;C:\Users\kegara\Documents\grails-2.3.11\grails-2.3.11\lib\org.apache.ant\ant\jars\ant-1.8.4.jar;C:\Users\kegara\Documents\grails-2.3.11\grails-2.3.11\lib\org.apache.ant\ant-launcher\jars\ant-launcher-1.8.4.jar;C:\Users\kegara\Documents\grails-2.3.11\grails-2.3.11\lib\org.apache.ant\ant-trax\jars\ant-trax-1.7.1.jar;C:\Users\kegara\Documents\grails-2.3.11\grails-2.3.11\lib\org.apache.ant\ant-junit\jars\ant-junit-1.8.4.jar;C:\Users\kegara\Documents\grails-2.3.11\grails-2.3.11\lib\org.apache.ivy\ivy\jars\ivy-2.3.0.jar;C:\Users\kegara\Documents\grails-2.3.11\grails-2.3.11\lib\org.fusesource.jansi\jansi\jars\jansi-1.11.jar;C:\Users\kegara\.m2\repository\org\eclipse\jdt\core\compiler\ecj\3.7.2\ecj-3.7.2.jar;C:\Users\kegara\Documents\Netbeans Projects\GymApp\target\work\plugins\tomcat-7.0.54\grails-plugin-tomcat-7.0.54.jar;C:\Users\kegara\.m2\repository\org\apache\tomcat\embed\tomcat-embed-websocket\7.0.53\tomcat-embed-websocket-7.0.53.jar;C:\Users\kegar
Launcher Type: SUN_STANDARD

Environment Variables:
JAVA_HOME=C:\Program Files\Java\jdk1.8.0_11
PATH=C:\ProgramData\Oracle\Java\javapath;C:\Program Files (x86)\Intel\iCLS Client\;C:\Program Files\Intel\iCLS Client\;C:\Windows\system32;C:\Windows;C:\Windows\System32\Wbem;C:\Windows\System32\WindowsPowerShell\v1.0\;C:\Python34\;C:\Python34\Scripts;C:\Program Files\R\R-3.1.1\bin\x64;C:\Program Files\Java\jdk1.8.0_11\bin;C:\Program Files\Intel\Intel(R) Management Engine Components\DAL;C:\Program Files\Intel\Intel(R) Management Engine Components\IPT;C:\Program Files (x86)\Intel\Intel(R) Management Engine Components\DAL;C:\Program Files (x86)\Intel\Intel(R) Management Engine Components\IPT;C:\Program Files\Common Files\Autodesk Shared\;C:\Program Files (x86)\Autodesk\Backburner\;C:\Program Files (x86)\Windows Kits\8.1\Windows Performance Toolkit\;C:\Program Files\Microsoft SQL Server\110\Tools\Binn\;C:\Program Files (x86)\Microsoft SDKs\TypeScript\1.0\;C:\Program Files (x86)\QuickTime\QTSystem\;C:\Program Files\jEdit;C:\Program Files (x86)\Rational\common;C:\Program Files\MiKTeX 2.9\miktex\bin\x64\;C:\Program Files\MATLAB(Campus)\R2014a\bin;C:\Program Files\MATLAB\R2014a\bin;c:\Program Files (x86)\Microsoft SQL Server\100\Tools\Binn\;c:\Program Files\Microsoft SQL Server\100\Tools\Binn\;c:\Program Files\Microsoft SQL Server\100\DTS\Binn\;M:\SOIProfile\My Documents\Groovy\Groovy-2.3.6\bin;C:\Users\kegara\Documents\grails-2.3.11\grails-2.3.11\bin
USERNAME=kegara
OS=Windows_NT
PROCESSOR_IDENTIFIER=Intel64 Family 6 Model 62 Stepping 4, GenuineIntel



---------------  S Y S T E M  ---------------

OS: Windows 8.1 , 64 bit Build 9600 

CPU:total 8 (4 cores per cpu, 2 threads per core) family 6 model 62 stepping 4, cmov, cx8, fxsr, mmx, sse, sse2, sse3, ssse3, sse4.1, sse4.2, popcnt, avx, aes, clmul, erms, ht, tsc, tscinvbit

Memory: 4k page, physical 16699200k(11133092k free), swap 19189568k(13189160k free)

vm_info: Java HotSpot(TM) 64-Bit Server VM (25.11-b03) for windows-amd64 JRE (1.8.0_11-b12), built on Jun 16 2014 20:57:32 by "java_re" with MS VC++ 10.0 (VS2010)

time: Fri Jan 16 04:26:06 2015
elapsed time: 17 seconds

