#
# A fatal error has been detected by the Java Runtime Environment:
#
#  EXCEPTION_ACCESS_VIOLATION (0xc0000005) at pc=0x0000000052ed4db2, pid=9228, tid=6184
#
# JRE version: Java(TM) SE Runtime Environment (8.0_11-b12) (build 1.8.0_11-b12)
# Java VM: Java HotSpot(TM) 64-Bit Server VM (25.11-b03 mixed mode windows-amd64 compressed oops)
# Problematic frame:
# V  [jvm.dll+0x424db2]
#
# Failed to write core dump. Minidumps are not enabled by default on client versions of Windows
#
# If you would like to submit a bug report, please visit:
#   http://bugreport.sun.com/bugreport/crash.jsp
#

---------------  T H R E A D  ---------------

Current thread (0x0000000016e9d000):  JavaThread "C2 CompilerThread2" daemon [_thread_in_native, id=6184, stack(0x0000000017520000,0x0000000017620000)]

siginfo: ExceptionCode=0xc0000005, reading address 0x0000000000000000

Registers:
RAX=0x00000000193e9618, RBX=0x0000000000000600, RCX=0x0000000000000000, RDX=0x000000001e4e0350
RSP=0x000000001761c7b0, RBP=0x00000000000000c0, RSI=0x00000000000000b8, RDI=0x0000000000000000
R8 =0x0000000052ab0000, R9 =0x000000001761cad0, R10=0x00000000ffffffff, R11=0x0000000016ecdd50
R12=0x00000000193e9d20, R13=0x0000000017b818d8, R14=0x0000000000000008, R15=0x0000000017b818d8
RIP=0x0000000052ed4db2, EFLAGS=0x0000000000010206

Top of Stack: (sp=0x000000001761c7b0)
0x000000001761c7b0:   00000000000000da 000000001e4dbe30
0x000000001761c7c0:   0000000000000000 000000001da23128
0x000000001761c7d0:   0000000000000001 0000000000000600
0x000000001761c7e0:   0000000000000180 00000000000000c0
0x000000001761c7f0:   000000001e481120 0000000016e95cd0
0x000000001761c800:   00000000000006b8 000000001e4dbe30
0x000000001761c810:   000000001761cad0 00000000193e67a0
0x000000001761c820:   0000000000000020 0000000000000009
0x000000001761c830:   00000000193e9cf0 00000000000000da
0x000000001761c840:   0000000017b818d8 0000000052ed598d
0x000000001761c850:   00000000193e9cf0 000000000000001c
0x000000001761c860:   00000000000000da 000000001761cad0
0x000000001761c870:   000000001e4e0350 00000000000000da
0x000000001761c880:   00000000193e67a0 0000000000000020
0x000000001761c890:   00000000195394a8 000000001761ee40
0x000000001761c8a0:   0000000019539ad8 00000000193e9cf0 

Instructions: (pc=0x0000000052ed4db2)
0x0000000052ed4d92:   c6 48 63 f0 48 03 f1 eb 04 48 83 ce ff 48 8b 84
0x0000000052ed4da2:   24 a0 00 00 00 48 8b 40 08 48 8b 3c 03 48 8b cf
0x0000000052ed4db2:   48 8b 07 ff 50 28 4c 8d 05 41 b2 bd ff 48 63 50
0x0000000052ed4dc2:   10 4c 8b d8 48 8b ca 48 c1 e1 05 42 80 bc 01 c0 


Register to memory mapping:

RAX=0x00000000193e9618 is an unknown value
RBX=0x0000000000000600 is an unknown value
RCX=0x0000000000000000 is an unknown value
RDX=0x000000001e4e0350 is an unknown value
RSP=0x000000001761c7b0 is pointing into the stack for thread: 0x0000000016e9d000
RBP=0x00000000000000c0 is an unknown value
RSI=0x00000000000000b8 is an unknown value
RDI=0x0000000000000000 is an unknown value
R8 =0x0000000052ab0000 is an unknown value
R9 =0x000000001761cad0 is pointing into the stack for thread: 0x0000000016e9d000
R10=0x00000000ffffffff is an unknown value
R11=0x0000000016ecdd50 is an unknown value
R12=0x00000000193e9d20 is an unknown value
R13=0x0000000017b818d8 is an unknown value
R14=0x0000000000000008 is an unknown value
R15=0x0000000017b818d8 is an unknown value


Stack: [0x0000000017520000,0x0000000017620000],  sp=0x000000001761c7b0,  free space=1009k
Native frames: (J=compiled Java code, j=interpreted, Vv=VM code, C=native code)
V  [jvm.dll+0x424db2]
V  [jvm.dll+0x42598d]
V  [jvm.dll+0x425ecf]
V  [jvm.dll+0x4c5a84]
V  [jvm.dll+0x4415bc]
V  [jvm.dll+0x443a29]
V  [jvm.dll+0x427722]
V  [jvm.dll+0x96982]
V  [jvm.dll+0x97173]
V  [jvm.dll+0x2234b4]
V  [jvm.dll+0x27bcca]
C  [msvcr100.dll+0x21d9f]
C  [msvcr100.dll+0x21e3b]
C  [KERNEL32.DLL+0x16ad]
C  [ntdll.dll+0x734a5]


Current CompileTask:
C2:  19856 6780       4       groovy.lang.MetaClassImpl::findPropertyMethod (356 bytes)


---------------  P R O C E S S  ---------------

Java Threads: ( => current thread )
  0x00000000192fc000 JavaThread "com.zola.gym.Role.data" daemon [_thread_blocked, id=6192, stack(0x0000000021510000,0x0000000021610000)]
  0x00000000192ff000 JavaThread "net.sf.ehcache.CacheManager@58a938d4" daemon [_thread_blocked, id=6868, stack(0x0000000021210000,0x0000000021310000)]
  0x00000000192fe000 JavaThread "PoolCleaner[1828757865:1421184059124]" daemon [_thread_blocked, id=7824, stack(0x000000001d220000,0x000000001d320000)]
  0x000000001aa58800 JavaThread "FileSystemWatcher: files=#524 cl=groovy.lang.GroovyClassLoader@6d00a169" daemon [_thread_blocked, id=3588, stack(0x000000001cb20000,0x000000001cc20000)]
  0x000000001a8b3000 JavaThread "Thread-4" daemon [_thread_in_native, id=9520, stack(0x000000001c370000,0x000000001c470000)]
  0x0000000019740000 JavaThread "localhost-startStop-1" daemon [_thread_in_native, id=6812, stack(0x000000001b060000,0x000000001b160000)]
  0x000000001973f800 JavaThread "Tomcat-startStop-1" daemon [_thread_blocked, id=2376, stack(0x000000001c6e0000,0x000000001c7e0000)]
  0x0000000019f0b000 JavaThread "Thread-3" [_thread_in_native, id=6896, stack(0x000000001aaf0000,0x000000001abf0000)]
  0x0000000019547800 JavaThread "Thread-2" [_thread_blocked, id=7432, stack(0x00000000187f0000,0x00000000188f0000)]
  0x0000000017c2f000 JavaThread "NonBlockingInputStreamThread" daemon [_thread_blocked, id=8732, stack(0x00000000184f0000,0x00000000185f0000)]
  0x000000001703d800 JavaThread "Service Thread" daemon [_thread_blocked, id=10108, stack(0x0000000017720000,0x0000000017820000)]
  0x0000000016ea0000 JavaThread "C1 CompilerThread3" daemon [_thread_blocked, id=4492, stack(0x0000000017620000,0x0000000017720000)]
=>0x0000000016e9d000 JavaThread "C2 CompilerThread2" daemon [_thread_in_native, id=6184, stack(0x0000000017520000,0x0000000017620000)]
  0x0000000016e9c800 JavaThread "C2 CompilerThread1" daemon [_thread_in_native, id=7700, stack(0x0000000017420000,0x0000000017520000)]
  0x0000000016e39000 JavaThread "C2 CompilerThread0" daemon [_thread_in_native, id=4980, stack(0x0000000017320000,0x0000000017420000)]
  0x0000000016d4c000 JavaThread "Attach Listener" daemon [_thread_blocked, id=8080, stack(0x0000000017220000,0x0000000017320000)]
  0x0000000016d4b800 JavaThread "Signal Dispatcher" daemon [_thread_blocked, id=1184, stack(0x0000000017120000,0x0000000017220000)]
  0x0000000002b6c800 JavaThread "Finalizer" daemon [_thread_blocked, id=4436, stack(0x0000000016c20000,0x0000000016d20000)]
  0x0000000014d2b800 JavaThread "Reference Handler" daemon [_thread_blocked, id=908, stack(0x0000000016b20000,0x0000000016c20000)]
  0x0000000002a75000 JavaThread "main" [_thread_blocked, id=8576, stack(0x00000000010c0000,0x00000000011c0000)]

Other Threads:
  0x0000000014d26800 VMThread [stack: 0x0000000016a20000,0x0000000016b20000] [id=5176]
  0x000000001703e800 WatcherThread [stack: 0x0000000017820000,0x0000000017920000] [id=8580]

VM state:not at safepoint (normal execution)

VM Mutex/Monitor currently owned by a thread: None

Heap:
 PSYoungGen      total 177152K, used 141711K [0x00000000f0000000, 0x0000000100000000, 0x0000000100000000)
  eden space 113664K, 70% used [0x00000000f0000000,0x00000000f4ec8ce8,0x00000000f6f00000)
  from space 63488K, 96% used [0x00000000fc200000,0x00000000ffd9b2a8,0x0000000100000000)
  to   space 74240K, 0% used [0x00000000f6f00000,0x00000000f6f00000,0x00000000fb780000)
 ParOldGen       total 110080K, used 101387K [0x00000000d0000000, 0x00000000d6b80000, 0x00000000f0000000)
  object space 110080K, 92% used [0x00000000d0000000,0x00000000d6302c50,0x00000000d6b80000)
 Metaspace       used 71883K, capacity 74358K, committed 74624K, reserved 1116160K
  class space    used 7201K, capacity 7985K, committed 8064K, reserved 1048576K

Card table byte_map: [0x0000000011f30000,0x00000000120c0000] byte_map_base: 0x00000000118b0000

Marking Bits: (ParMarkBitMap*) 0x00000000532612b0
 Begin Bits: [0x00000000129c0000, 0x00000000135c0000)
 End Bits:   [0x00000000135c0000, 0x00000000141c0000)

Polling page: 0x0000000000f00000

CodeCache: size=245760Kb used=23366Kb max_used=23366Kb free=222393Kb
 bounds [0x0000000002b70000, 0x0000000004260000, 0x0000000011b70000]
 total_blobs=6640 nmethods=5897 adapters=653
 compilation: enabled

Compilation events (10 events):
Event: 19.809 Thread 0x0000000016e9d000 nmethod 6779 0x00000000042517d0 code [0x0000000004251980, 0x00000000042523a8]
Event: 19.809 Thread 0x0000000016e9d000 6787       4       org.codehaus.groovy.runtime.metaclass.MetaMethodIndex::findMatchingMethod (51 bytes)
Event: 19.810 Thread 0x0000000016ea0000 6789       2       groovy.lang.MetaClassImpl::findMatchingMethod (93 bytes)
Event: 19.810 Thread 0x0000000016ea0000 nmethod 6789 0x000000000424c810 code [0x000000000424c9a0, 0x000000000424ccd8]
Event: 19.813 Thread 0x0000000016e9d000 nmethod 6787 0x0000000004249350 code [0x00000000042494a0, 0x00000000042496d8]
Event: 19.813 Thread 0x0000000016e9d000 6780       4       groovy.lang.MetaClassImpl::findPropertyMethod (356 bytes)
Event: 19.815 Thread 0x0000000016ea0000 6790       2       groovy.lang.MetaClassImpl::createMetaBeanProperty (218 bytes)
Event: 19.817 Thread 0x0000000016ea0000 nmethod 6790 0x000000000424b490 code [0x000000000424b6a0, 0x000000000424c028]
Event: 19.819 Thread 0x0000000016ea0000 6791       1       org.codehaus.groovy.runtime.metaclass.ClosureMetaMethod$AnonymousMetaMethod::getName (5 bytes)
Event: 19.820 Thread 0x0000000016ea0000 nmethod 6791 0x00000000041ebed0 code [0x00000000041ec020, 0x00000000041ec130]

GC Heap History (10 events):
Event: 15.632 GC heap before
{Heap before GC invocations=81 (full 9):
 PSYoungGen      total 205312K, used 205291K [0x00000000f0000000, 0x0000000100000000, 0x0000000100000000)
  eden space 171008K, 100% used [0x00000000f0000000,0x00000000fa700000,0x00000000fa700000)
  from space 34304K, 99% used [0x00000000fa700000,0x00000000fc87ac10,0x00000000fc880000)
  to   space 40960K, 0% used [0x00000000fd800000,0x00000000fd800000,0x0000000100000000)
 ParOldGen       total 110080K, used 92996K [0x00000000d0000000, 0x00000000d6b80000, 0x00000000f0000000)
  object space 110080K, 84% used [0x00000000d0000000,0x00000000d5ad11c0,0x00000000d6b80000)
 Metaspace       used 63811K, capacity 65274K, committed 65536K, reserved 1107968K
  class space    used 6357K, capacity 6860K, committed 6912K, reserved 1048576K
Event: 15.657 GC heap after
Heap after GC invocations=81 (full 9):
 PSYoungGen      total 212992K, used 35200K [0x00000000f0000000, 0x0000000100000000, 0x0000000100000000)
  eden space 172032K, 0% used [0x00000000f0000000,0x00000000f0000000,0x00000000fa800000)
  from space 40960K, 85% used [0x00000000fd800000,0x00000000ffa601a0,0x0000000100000000)
  to   space 45056K, 0% used [0x00000000fa800000,0x00000000fa800000,0x00000000fd400000)
 ParOldGen       total 110080K, used 95624K [0x00000000d0000000, 0x00000000d6b80000, 0x00000000f0000000)
  object space 110080K, 86% used [0x00000000d0000000,0x00000000d5d62000,0x00000000d6b80000)
 Metaspace       used 63811K, capacity 65274K, committed 65536K, reserved 1107968K
  class space    used 6357K, capacity 6860K, committed 6912K, reserved 1048576K
}
Event: 16.357 GC heap before
{Heap before GC invocations=82 (full 9):
 PSYoungGen      total 212992K, used 200830K [0x00000000f0000000, 0x0000000100000000, 0x0000000100000000)
  eden space 172032K, 96% used [0x00000000f0000000,0x00000000fa1bf698,0x00000000fa800000)
  from space 40960K, 85% used [0x00000000fd800000,0x00000000ffa601a0,0x0000000100000000)
  to   space 45056K, 0% used [0x00000000fa800000,0x00000000fa800000,0x00000000fd400000)
 ParOldGen       total 110080K, used 95624K [0x00000000d0000000, 0x00000000d6b80000, 0x00000000f0000000)
  object space 110080K, 86% used [0x00000000d0000000,0x00000000d5d62000,0x00000000d6b80000)
 Metaspace       used 65400K, capacity 66854K, committed 67328K, reserved 1110016K
  class space    used 6588K, capacity 7065K, committed 7168K, reserved 1048576K
Event: 16.377 GC heap after
Heap after GC invocations=82 (full 9):
 PSYoungGen      total 215552K, used 43434K [0x00000000f0000000, 0x0000000100000000, 0x0000000100000000)
  eden space 172032K, 0% used [0x00000000f0000000,0x00000000f0000000,0x00000000fa800000)
  from space 43520K, 99% used [0x00000000fa800000,0x00000000fd26a908,0x00000000fd280000)
  to   space 46592K, 0% used [0x00000000fd280000,0x00000000fd280000,0x0000000100000000)
 ParOldGen       total 110080K, used 95632K [0x00000000d0000000, 0x00000000d6b80000, 0x00000000f0000000)
  object space 110080K, 86% used [0x00000000d0000000,0x00000000d5d64000,0x00000000d6b80000)
 Metaspace       used 65400K, capacity 66854K, committed 67328K, reserved 1110016K
  class space    used 6588K, capacity 7065K, committed 7168K, reserved 1048576K
}
Event: 17.182 GC heap before
{Heap before GC invocations=83 (full 9):
 PSYoungGen      total 215552K, used 215466K [0x00000000f0000000, 0x0000000100000000, 0x0000000100000000)
  eden space 172032K, 100% used [0x00000000f0000000,0x00000000fa800000,0x00000000fa800000)
  from space 43520K, 99% used [0x00000000fa800000,0x00000000fd26a908,0x00000000fd280000)
  to   space 46592K, 0% used [0x00000000fd280000,0x00000000fd280000,0x0000000100000000)
 ParOldGen       total 110080K, used 95632K [0x00000000d0000000, 0x00000000d6b80000, 0x00000000f0000000)
  object space 110080K, 86% used [0x00000000d0000000,0x00000000d5d64000,0x00000000d6b80000)
 Metaspace       used 67216K, capacity 68742K, committed 68992K, reserved 1112064K
  class space    used 6721K, capacity 7197K, committed 7296K, reserved 1048576K
Event: 17.210 GC heap after
Heap after GC invocations=83 (full 9):
 PSYoungGen      total 190976K, used 46582K [0x00000000f0000000, 0x0000000100000000, 0x0000000100000000)
  eden space 144384K, 0% used [0x00000000f0000000,0x00000000f0000000,0x00000000f8d00000)
  from space 46592K, 99% used [0x00000000fd280000,0x00000000ffffd898,0x0000000100000000)
  to   space 58880K, 0% used [0x00000000f8d00000,0x00000000f8d00000,0x00000000fc680000)
 ParOldGen       total 110080K, used 100127K [0x00000000d0000000, 0x00000000d6b80000, 0x00000000f0000000)
  object space 110080K, 90% used [0x00000000d0000000,0x00000000d61c7d18,0x00000000d6b80000)
 Metaspace       used 67216K, capacity 68742K, committed 68992K, reserved 1112064K
  class space    used 6721K, capacity 7197K, committed 7296K, reserved 1048576K
}
Event: 17.966 GC heap before
{Heap before GC invocations=84 (full 9):
 PSYoungGen      total 190976K, used 190966K [0x00000000f0000000, 0x0000000100000000, 0x0000000100000000)
  eden space 144384K, 100% used [0x00000000f0000000,0x00000000f8d00000,0x00000000f8d00000)
  from space 46592K, 99% used [0x00000000fd280000,0x00000000ffffd898,0x0000000100000000)
  to   space 58880K, 0% used [0x00000000f8d00000,0x00000000f8d00000,0x00000000fc680000)
 ParOldGen       total 110080K, used 100127K [0x00000000d0000000, 0x00000000d6b80000, 0x00000000f0000000)
  object space 110080K, 90% used [0x00000000d0000000,0x00000000d61c7d18,0x00000000d6b80000)
 Metaspace       used 69303K, capacity 70966K, committed 71168K, reserved 1114112K
  class space    used 6870K, capacity 7420K, committed 7424K, reserved 1048576K
Event: 17.998 GC heap after
Heap after GC invocations=84 (full 9):
 PSYoungGen      total 198656K, used 53927K [0x00000000f0000000, 0x0000000100000000, 0x0000000100000000)
  eden space 144384K, 0% used [0x00000000f0000000,0x00000000f0000000,0x00000000f8d00000)
  from space 54272K, 99% used [0x00000000f8d00000,0x00000000fc1a9e78,0x00000000fc200000)
  to   space 63488K, 0% used [0x00000000fc200000,0x00000000fc200000,0x0000000100000000)
 ParOldGen       total 110080K, used 101379K [0x00000000d0000000, 0x00000000d6b80000, 0x00000000f0000000)
  object space 110080K, 92% used [0x00000000d0000000,0x00000000d6300c50,0x00000000d6b80000)
 Metaspace       used 69303K, capacity 70966K, committed 71168K, reserved 1114112K
  class space    used 6870K, capacity 7420K, committed 7424K, reserved 1048576K
}
Event: 18.983 GC heap before
{Heap before GC invocations=85 (full 9):
 PSYoungGen      total 198656K, used 198311K [0x00000000f0000000, 0x0000000100000000, 0x0000000100000000)
  eden space 144384K, 100% used [0x00000000f0000000,0x00000000f8d00000,0x00000000f8d00000)
  from space 54272K, 99% used [0x00000000f8d00000,0x00000000fc1a9e78,0x00000000fc200000)
  to   space 63488K, 0% used [0x00000000fc200000,0x00000000fc200000,0x0000000100000000)
 ParOldGen       total 110080K, used 101379K [0x00000000d0000000, 0x00000000d6b80000, 0x00000000f0000000)
  object space 110080K, 92% used [0x00000000d0000000,0x00000000d6300c50,0x00000000d6b80000)
 Metaspace       used 71459K, capacity 73798K, committed 73984K, reserved 1116160K
  class space    used 7143K, capacity 7902K, committed 7936K, reserved 1048576K
Event: 19.014 GC heap after
Heap after GC invocations=85 (full 9):
 PSYoungGen      total 177152K, used 61036K [0x00000000f0000000, 0x0000000100000000, 0x0000000100000000)
  eden space 113664K, 0% used [0x00000000f0000000,0x00000000f0000000,0x00000000f6f00000)
  from space 63488K, 96% used [0x00000000fc200000,0x00000000ffd9b2a8,0x0000000100000000)
  to   space 74240K, 0% used [0x00000000f6f00000,0x00000000f6f00000,0x00000000fb780000)
 ParOldGen       total 110080K, used 101387K [0x00000000d0000000, 0x00000000d6b80000, 0x00000000f0000000)
  object space 110080K, 92% used [0x00000000d0000000,0x00000000d6302c50,0x00000000d6b80000)
 Metaspace       used 71459K, capacity 73798K, committed 73984K, reserved 1116160K
  class space    used 7143K, capacity 7902K, committed 7936K, reserved 1048576K
}

Deoptimization events (10 events):
Event: 17.586 Thread 0x0000000019740000 Uncommon trap: reason=class_check action=maybe_recompile pc=0x000000000388bca4 method=org.codehaus.groovy.runtime.callsite.AbstractCallSite.<init>(Lorg/codehaus/groovy/runtime/callsite/CallSite;)V @ 6
Event: 17.586 Thread 0x0000000019740000 Uncommon trap: reason=class_check action=maybe_recompile pc=0x000000000388bca4 method=org.codehaus.groovy.runtime.callsite.AbstractCallSite.<init>(Lorg/codehaus/groovy/runtime/callsite/CallSite;)V @ 6
Event: 17.587 Thread 0x0000000019740000 Uncommon trap: reason=class_check action=maybe_recompile pc=0x000000000388bca4 method=org.codehaus.groovy.runtime.callsite.AbstractCallSite.<init>(Lorg/codehaus/groovy/runtime/callsite/CallSite;)V @ 6
Event: 17.587 Thread 0x0000000019740000 Uncommon trap: reason=class_check action=maybe_recompile pc=0x000000000388bca4 method=org.codehaus.groovy.runtime.callsite.AbstractCallSite.<init>(Lorg/codehaus/groovy/runtime/callsite/CallSite;)V @ 6
Event: 17.596 Thread 0x0000000019740000 Uncommon trap: reason=unreached action=reinterpret pc=0x0000000003273e14 method=groovy.lang.ExpandoMetaClass.hasOverrideGetProperty(Ljava/lang/String;)Z @ 4
Event: 18.037 Thread 0x0000000019740000 Uncommon trap: reason=bimorphic action=maybe_recompile pc=0x0000000002d005a4 method=java.util.regex.Pattern$Branch.match(Ljava/util/regex/Matcher;ILjava/lang/CharSequence;)Z @ 32
Event: 19.359 Thread 0x0000000019740000 Uncommon trap: reason=class_check action=maybe_recompile pc=0x000000000415b80c method=java.util.regex.Pattern$GroupHead.match(Ljava/util/regex/Matcher;ILjava/lang/CharSequence;)Z @ 28
Event: 19.378 Thread 0x0000000019740000 Uncommon trap: reason=class_check action=maybe_recompile pc=0x000000000415b80c method=java.util.regex.Pattern$GroupHead.match(Ljava/util/regex/Matcher;ILjava/lang/CharSequence;)Z @ 28
Event: 19.378 Thread 0x0000000019740000 Uncommon trap: reason=class_check action=maybe_recompile pc=0x000000000415b80c method=java.util.regex.Pattern$GroupHead.match(Ljava/util/regex/Matcher;ILjava/lang/CharSequence;)Z @ 28
Event: 19.379 Thread 0x0000000019740000 Uncommon trap: reason=class_check action=maybe_recompile pc=0x000000000415b80c method=java.util.regex.Pattern$GroupHead.match(Ljava/util/regex/Matcher;ILjava/lang/CharSequence;)Z @ 28

Internal exceptions (10 events):
Event: 19.835 Thread 0x0000000019740000 Exception <a 'java/security/PrivilegedActionException'> (0x00000000f4a559d8) thrown at [C:\re\workspace\8-2-build-windows-amd64-cygwin\jdk8u11\648\hotspot\src\share\vm\prims\jvm.cpp, line 1248]
Event: 19.836 Thread 0x0000000019740000 Exception <a 'java/security/PrivilegedActionException'> (0x00000000f4a65230) thrown at [C:\re\workspace\8-2-build-windows-amd64-cygwin\jdk8u11\648\hotspot\src\share\vm\prims\jvm.cpp, line 1248]
Event: 19.836 Thread 0x0000000019740000 Exception <a 'java/security/PrivilegedActionException'> (0x00000000f4a6bfe0) thrown at [C:\re\workspace\8-2-build-windows-amd64-cygwin\jdk8u11\648\hotspot\src\share\vm\prims\jvm.cpp, line 1248]
Event: 19.837 Thread 0x0000000019740000 Exception <a 'java/security/PrivilegedActionException'> (0x00000000f4a8f608) thrown at [C:\re\workspace\8-2-build-windows-amd64-cygwin\jdk8u11\648\hotspot\src\share\vm\prims\jvm.cpp, line 1248]
Event: 19.837 Thread 0x0000000019740000 Exception <a 'java/security/PrivilegedActionException'> (0x00000000f4a951d0) thrown at [C:\re\workspace\8-2-build-windows-amd64-cygwin\jdk8u11\648\hotspot\src\share\vm\prims\jvm.cpp, line 1248]
Event: 19.838 Thread 0x0000000019740000 Exception <a 'java/security/PrivilegedActionException'> (0x00000000f4aabb10) thrown at [C:\re\workspace\8-2-build-windows-amd64-cygwin\jdk8u11\648\hotspot\src\share\vm\prims\jvm.cpp, line 1248]
Event: 19.838 Thread 0x0000000019740000 Exception <a 'java/security/PrivilegedActionException'> (0x00000000f4ac8908) thrown at [C:\re\workspace\8-2-build-windows-amd64-cygwin\jdk8u11\648\hotspot\src\share\vm\prims\jvm.cpp, line 1248]
Event: 19.838 Thread 0x0000000019740000 Exception <a 'java/security/PrivilegedActionException'> (0x00000000f4ace660) thrown at [C:\re\workspace\8-2-build-windows-amd64-cygwin\jdk8u11\648\hotspot\src\share\vm\prims\jvm.cpp, line 1248]
Event: 19.839 Thread 0x0000000019740000 Exception <a 'java/security/PrivilegedActionException'> (0x00000000f4ae4fa0) thrown at [C:\re\workspace\8-2-build-windows-amd64-cygwin\jdk8u11\648\hotspot\src\share\vm\prims\jvm.cpp, line 1248]
Event: 19.839 Thread 0x0000000019740000 Exception <a 'java/security/PrivilegedActionException'> (0x00000000f4b179e8) thrown at [C:\re\workspace\8-2-build-windows-amd64-cygwin\jdk8u11\648\hotspot\src\share\vm\prims\jvm.cpp, line 1248]

Events (10 events):
Event: 19.835 loading class org/codehaus/groovy/grails/plugins/web/ServletsGrailsPluginSupport$_enhanceServletApi_closure1Customizer done
Event: 19.835 loading class org/codehaus/groovy/grails/plugins/web/ServletsGrailsPluginSupport$_enhanceServletApi_closure2
Event: 19.835 loading class org/codehaus/groovy/grails/plugins/web/ServletsGrailsPluginSupport$_enhanceServletApi_closure2 done
Event: 19.836 loading class groovy/runtime/metaclass/org/codehaus/groovy/grails/plugins/web/ServletsGrailsPluginSupport$_enhanceServletApi_closure2MetaClass
Event: 19.836 loading class groovy/runtime/metaclass/org/codehaus/groovy/grails/plugins/web/ServletsGrailsPluginSupport$_enhanceServletApi_closure2MetaClass done
Event: 19.837 loading class org/codehaus/groovy/grails/plugins/web/ServletsGrailsPluginSupport$_enhanceServletApi_closure2BeanInfo
Event: 19.837 loading class org/codehaus/groovy/grails/plugins/web/ServletsGrailsPluginSupport$_enhanceServletApi_closure2BeanInfo done
Event: 19.838 loading class org/codehaus/groovy/grails/plugins/web/ServletsGrailsPluginSupport$_enhanceServletApi_closure2BeanInfo
Event: 19.838 loading class org/codehaus/groovy/grails/plugins/web/ServletsGrailsPluginSupport$_enhanceServletApi_closure2BeanInfo done
Event: 19.839 loading class org/codehaus/groovy/grails/plugins/web/ServletsGrailsPluginSupport$_enhanceServletApi_closure2BeanInfo


Dynamic libraries:
0x00007ff7a61d0000 - 0x00007ff7a6204000 	C:\Program Files\Java\jdk1.8.0_11\bin\java.exe
0x00007ffc233e0000 - 0x00007ffc2358a000 	C:\Windows\SYSTEM32\ntdll.dll
0x00007ffc21510000 - 0x00007ffc2164a000 	C:\Windows\system32\KERNEL32.DLL
0x00007ffc20920000 - 0x00007ffc20a2f000 	C:\Windows\system32\KERNELBASE.dll
0x00007ffc1dd00000 - 0x00007ffc1dd88000 	C:\Windows\system32\apphelp.dll
0x00007ffc1e240000 - 0x00007ffc1e28f000 	C:\Windows\AppPatch\AppPatch64\AcGenral.DLL
0x00007ffc22ad0000 - 0x00007ffc22b77000 	C:\Windows\system32\msvcrt.dll
0x00007ffc20710000 - 0x00007ffc2073b000 	C:\Windows\SYSTEM32\SspiCli.dll
0x00007ffc21650000 - 0x00007ffc216a1000 	C:\Windows\system32\SHLWAPI.dll
0x00007ffc21390000 - 0x00007ffc21501000 	C:\Windows\system32\USER32.dll
0x00007ffc22e50000 - 0x00007ffc22fc8000 	C:\Windows\system32\ole32.dll
0x00007ffc216b0000 - 0x00007ffc22ad0000 	C:\Windows\system32\SHELL32.dll
0x00007ffc1fde0000 - 0x00007ffc1fdfe000 	C:\Windows\SYSTEM32\USERENV.dll
0x00007ffc212e0000 - 0x00007ffc21385000 	C:\Windows\system32\ADVAPI32.dll
0x00007ffc190c0000 - 0x00007ffc190db000 	C:\Windows\SYSTEM32\MPR.dll
0x00007ffc211a0000 - 0x00007ffc212d7000 	C:\Windows\system32\RPCRT4.dll
0x00007ffc23360000 - 0x00007ffc233b7000 	C:\Windows\SYSTEM32\sechost.dll
0x00007ffc20e50000 - 0x00007ffc21026000 	C:\Windows\SYSTEM32\combase.dll
0x00007ffc22fd0000 - 0x00007ffc23114000 	C:\Windows\system32\GDI32.dll
0x00007ffc20750000 - 0x00007ffc20764000 	C:\Windows\SYSTEM32\profapi.dll
0x00007ffc1f350000 - 0x00007ffc1f3ef000 	C:\Windows\SYSTEM32\SHCORE.dll
0x00007ffc23320000 - 0x00007ffc23354000 	C:\Windows\system32\IMM32.DLL
0x00007ffc20d10000 - 0x00007ffc20e49000 	C:\Windows\system32\MSCTF.dll
0x00007ffc1ec90000 - 0x00007ffc1eeea000 	C:\Windows\WinSxS\amd64_microsoft.windows.common-controls_6595b64144ccf1df_6.0.9600.17031_none_6242a4b3ecbb55a1\COMCTL32.dll
0x00000000529d0000 - 0x0000000052aa2000 	C:\Program Files\Java\jdk1.8.0_11\jre\bin\msvcr100.dll
0x0000000052ab0000 - 0x00000000532da000 	C:\Program Files\Java\jdk1.8.0_11\jre\bin\server\jvm.dll
0x00007ffc182c0000 - 0x00007ffc182c9000 	C:\Windows\SYSTEM32\WSOCK32.dll
0x00007ffc1eef0000 - 0x00007ffc1ef0f000 	C:\Windows\SYSTEM32\WINMM.dll
0x00007ffc22b90000 - 0x00007ffc22b97000 	C:\Windows\system32\PSAPI.DLL
0x00007ffc23120000 - 0x00007ffc23178000 	C:\Windows\system32\WS2_32.dll
0x00007ffc1ec30000 - 0x00007ffc1ec5a000 	C:\Windows\SYSTEM32\WINMMBASE.dll
0x00007ffc21030000 - 0x00007ffc21039000 	C:\Windows\system32\NSI.dll
0x00007ffc20c10000 - 0x00007ffc20c5a000 	C:\Windows\SYSTEM32\cfgmgr32.dll
0x00007ffc1f5d0000 - 0x00007ffc1f5f6000 	C:\Windows\SYSTEM32\DEVOBJ.dll
0x0000000052980000 - 0x000000005298f000 	C:\Program Files\Java\jdk1.8.0_11\jre\bin\verify.dll
0x0000000052950000 - 0x0000000052978000 	C:\Program Files\Java\jdk1.8.0_11\jre\bin\java.dll
0x0000000053540000 - 0x0000000053563000 	C:\Program Files\Java\jdk1.8.0_11\jre\bin\instrument.dll
0x0000000052930000 - 0x0000000052946000 	C:\Program Files\Java\jdk1.8.0_11\jre\bin\zip.dll
0x00007ffc200e0000 - 0x00007ffc200fe000 	C:\Windows\SYSTEM32\CRYPTSP.dll
0x00007ffc1fcd0000 - 0x00007ffc1fd05000 	C:\Windows\system32\rsaenh.dll
0x00007ffc20310000 - 0x00007ffc20336000 	C:\Windows\SYSTEM32\bcrypt.dll
0x00007ffc20600000 - 0x00007ffc20660000 	C:\Windows\system32\bcryptprimitives.dll
0x00007ffc20740000 - 0x00007ffc2074a000 	C:\Windows\SYSTEM32\CRYPTBASE.dll
0x0000000052910000 - 0x000000005292a000 	C:\Program Files\Java\jdk1.8.0_11\jre\bin\net.dll
0x00007ffc20080000 - 0x00007ffc200d8000 	C:\Windows\system32\mswsock.dll
0x00007ffc1a8a0000 - 0x00007ffc1a8c9000 	C:\Windows\SYSTEM32\IPHLPAPI.DLL
0x00007ffc1a870000 - 0x00007ffc1a87a000 	C:\Windows\SYSTEM32\WINNSI.DLL
0x00007ffc1a4e0000 - 0x00007ffc1a4f4000 	C:\Windows\SYSTEM32\dhcpcsvc6.DLL
0x00007ffc1a4c0000 - 0x00007ffc1a4d9000 	C:\Windows\SYSTEM32\dhcpcsvc.DLL
0x00000000528f0000 - 0x0000000052901000 	C:\Program Files\Java\jdk1.8.0_11\jre\bin\nio.dll
0x00007ffc1f060000 - 0x00007ffc1f06a000 	C:\Users\kegara\AppData\Local\Temp\jansi-64-1579681689559925750.dll
0x00000000535e0000 - 0x00000000535ed000 	C:\Program Files\Java\jdk1.8.0_11\jre\bin\management.dll
0x00007ffc16c50000 - 0x00007ffc16c64000 	C:\Windows\system32\napinsp.dll
0x00007ffc16be0000 - 0x00007ffc16bf9000 	C:\Windows\system32\pnrpnsp.dll
0x00007ffc1d760000 - 0x00007ffc1d779000 	C:\Windows\system32\NLAapi.dll
0x00007ffc1fe90000 - 0x00007ffc1ff33000 	C:\Windows\SYSTEM32\DNSAPI.dll
0x00007ffc16b70000 - 0x00007ffc16b7c000 	C:\Windows\System32\winrnr.dll
0x00007ffc17b60000 - 0x00007ffc17b69000 	C:\Windows\System32\rasadhlp.dll
0x00007ffc19f70000 - 0x00007ffc19fd8000 	C:\Windows\System32\fwpuclnt.dll
0x00007ffc16fb0000 - 0x00007ffc17138000 	C:\Windows\SYSTEM32\dbghelp.dll

VM Arguments:
jvm_args: -Dfile.encoding=UTF-8 -Xmx768M -Xms64M -Dgrails.fork.parent.process.port=33740 -Dgrails.fork.active=true -Dgrails.build.execution.context=C:\Users\kegara\AppData\Local\Temp\GymApp9205423377594428747grails-execution-context -Dgrails.home=C:\Users\kegara\Documents\grails-2.3.11\grails-2.3.11 -javaagent:C:\Users\kegara\Documents\grails-2.3.11\grails-2.3.11\lib\org.springframework\springloaded\jars\springloaded-1.2.0.RELEASE.jar -Xverify:none -Dspringloaded.synchronize=true -Djdk.reflect.allowGetCallerClass=true -Dspringloaded=profile=grails;cacheDir=C:\Users\kegara/.grails/2.3.11/ 
java_command: org.grails.plugins.tomcat.fork.ForkedTomcatServer
java_class_path (initial): C:\Program Files\Java\jdk1.8.0_11\lib\tools.jar;C:\Users\kegara\Documents\grails-2.3.11\grails-2.3.11\lib\org.codehaus.groovy\groovy-all\jars\groovy-all-2.1.9.jar;C:\Users\kegara\Documents\grails-2.3.11\grails-2.3.11\lib\org.slf4j\jcl-over-slf4j\jars\jcl-over-slf4j-1.7.5.jar;C:\Users\kegara\Documents\grails-2.3.11\grails-2.3.11\lib\org.codehaus.gant\gant_groovy1.8\jars\gant_groovy1.8-1.9.6.jar;C:\Users\kegara\Documents\grails-2.3.11\grails-2.3.11\lib\org.apache.tomcat.embed\tomcat-embed-logging-log4j\jars\tomcat-embed-logging-log4j-7.0.50.jar;C:\Users\kegara\Documents\grails-2.3.11\grails-2.3.11\dist\grails-plugin-log4j-2.3.11.jar;C:\Users\kegara\Documents\grails-2.3.11\grails-2.3.11\lib\log4j\log4j\jars\log4j-1.2.17.jar;C:\Users\kegara\Documents\grails-2.3.11\grails-2.3.11\dist\grails-bootstrap-2.3.11.jar;C:\Users\kegara\Documents\grails-2.3.11\grails-2.3.11\lib\org.slf4j\slf4j-api\jars\slf4j-api-1.7.5.jar;C:\Users\kegara\Documents\grails-2.3.11\grails-2.3.11\lib\jline\jline\jars\jline-2.12.jar;C:\Users\kegara\Documents\grails-2.3.11\grails-2.3.11\lib\org.apache.ant\ant\jars\ant-1.8.4.jar;C:\Users\kegara\Documents\grails-2.3.11\grails-2.3.11\lib\org.apache.ant\ant-launcher\jars\ant-launcher-1.8.4.jar;C:\Users\kegara\Documents\grails-2.3.11\grails-2.3.11\lib\org.apache.ant\ant-trax\jars\ant-trax-1.7.1.jar;C:\Users\kegara\Documents\grails-2.3.11\grails-2.3.11\lib\org.apache.ant\ant-junit\jars\ant-junit-1.8.4.jar;C:\Users\kegara\Documents\grails-2.3.11\grails-2.3.11\lib\org.apache.ivy\ivy\jars\ivy-2.3.0.jar;C:\Users\kegara\Documents\grails-2.3.11\grails-2.3.11\lib\org.fusesource.jansi\jansi\jars\jansi-1.11.jar;C:\Users\kegara\.m2\repository\org\eclipse\jdt\core\compiler\ecj\3.7.2\ecj-3.7.2.jar;C:\Users\kegara\Documents\Netbeans Projects\GymApp\target\work\plugins\tomcat-7.0.54\grails-plugin-tomcat-7.0.54.jar;C:\Users\kegara\.m2\repository\org\apache\tomcat\embed\tomcat-embed-websocket\7.0.53\tomcat-embed-websocket-7.0.53.jar;C:\Users\kegar
Launcher Type: SUN_STANDARD

Environment Variables:
JAVA_HOME=C:\Program Files\Java\jdk1.8.0_11
PATH=C:\ProgramData\Oracle\Java\javapath;C:\Program Files (x86)\Intel\iCLS Client\;C:\Program Files\Intel\iCLS Client\;C:\Windows\system32;C:\Windows;C:\Windows\System32\Wbem;C:\Windows\System32\WindowsPowerShell\v1.0\;C:\Python34\;C:\Python34\Scripts;C:\Program Files\R\R-3.1.1\bin\x64;C:\Program Files\Java\jdk1.8.0_11\bin;C:\Program Files\Intel\Intel(R) Management Engine Components\DAL;C:\Program Files\Intel\Intel(R) Management Engine Components\IPT;C:\Program Files (x86)\Intel\Intel(R) Management Engine Components\DAL;C:\Program Files (x86)\Intel\Intel(R) Management Engine Components\IPT;C:\Program Files\Common Files\Autodesk Shared\;C:\Program Files (x86)\Autodesk\Backburner\;C:\Program Files (x86)\Windows Kits\8.1\Windows Performance Toolkit\;C:\Program Files\Microsoft SQL Server\110\Tools\Binn\;C:\Program Files (x86)\Microsoft SDKs\TypeScript\1.0\;C:\Program Files (x86)\QuickTime\QTSystem\;C:\Program Files\jEdit;C:\Program Files (x86)\Rational\common;C:\Program Files\MiKTeX 2.9\miktex\bin\x64\;C:\Program Files\MATLAB(Campus)\R2014a\bin;C:\Program Files\MATLAB\R2014a\bin;c:\Program Files (x86)\Microsoft SQL Server\100\Tools\Binn\;c:\Program Files\Microsoft SQL Server\100\Tools\Binn\;c:\Program Files\Microsoft SQL Server\100\DTS\Binn\;M:\SOIProfile\My Documents\Groovy\Groovy-2.3.6\bin
USERNAME=kegara
OS=Windows_NT
PROCESSOR_IDENTIFIER=Intel64 Family 6 Model 62 Stepping 4, GenuineIntel



---------------  S Y S T E M  ---------------

OS: Windows 8.1 , 64 bit Build 9600 

CPU:total 8 (4 cores per cpu, 2 threads per core) family 6 model 62 stepping 4, cmov, cx8, fxsr, mmx, sse, sse2, sse3, ssse3, sse4.1, sse4.2, popcnt, avx, aes, clmul, erms, ht, tsc, tscinvbit

Memory: 4k page, physical 16699200k(10661876k free), swap 19189568k(12225772k free)

vm_info: Java HotSpot(TM) 64-Bit Server VM (25.11-b03) for windows-amd64 JRE (1.8.0_11-b12), built on Jun 16 2014 20:57:32 by "java_re" with MS VC++ 10.0 (VS2010)

time: Tue Jan 13 21:21:07 2015
elapsed time: 19 seconds

