#
# A fatal error has been detected by the Java Runtime Environment:
#
#  EXCEPTION_ACCESS_VIOLATION (0xc0000005) at pc=0x000000006b8d4db2, pid=5756, tid=6768
#
# JRE version: Java(TM) SE Runtime Environment (8.0_11-b12) (build 1.8.0_11-b12)
# Java VM: Java HotSpot(TM) 64-Bit Server VM (25.11-b03 mixed mode windows-amd64 compressed oops)
# Problematic frame:
# V  [jvm.dll+0x424db2]
#
# Failed to write core dump. Minidumps are not enabled by default on client versions of Windows
#
# If you would like to submit a bug report, please visit:
#   http://bugreport.sun.com/bugreport/crash.jsp
#

---------------  T H R E A D  ---------------

Current thread (0x0000000016996000):  JavaThread "C2 CompilerThread1" daemon [_thread_in_native, id=6768, stack(0x0000000016f30000,0x0000000017030000)]

siginfo: ExceptionCode=0xc0000005, reading address 0x0000000000000000

Registers:
RAX=0x0000000019cd85f8, RBX=0x0000000000000600, RCX=0x0000000000000000, RDX=0x0000000019cd3f40
RSP=0x000000001702c250, RBP=0x00000000000000c0, RSI=0x00000000000000b8, RDI=0x0000000000000000
R8 =0x000000006b4b0000, R9 =0x000000001702c570, R10=0x00000000ffffffff, R11=0x00000000169b5720
R12=0x0000000019cd8d00, R13=0x000000001d915108, R14=0x0000000000000008, R15=0x000000001d915108
RIP=0x000000006b8d4db2, EFLAGS=0x0000000000010206

Top of Stack: (sp=0x000000001702c250)
0x000000001702c250:   00000000000000da 0000000018a6c0b0
0x000000001702c260:   0000000000000000 000000001dbae1f8
0x000000001702c270:   0000000000000001 0000000000000600
0x000000001702c280:   0000000000000180 00000000000000c0
0x000000001702c290:   000000001b70e070 000000001699cc50
0x000000001702c2a0:   0000000000000750 0000000018a6c0b0
0x000000001702c2b0:   000000001702c570 0000000019cd56a0
0x000000001702c2c0:   0000000000000020 0000000000000009
0x000000001702c2d0:   0000000019cd8cd0 00000000000000da
0x000000001702c2e0:   000000001d915108 000000006b8d598d
0x000000001702c2f0:   0000000019cd8cd0 000000000000001c
0x000000001702c300:   00000000000000da 000000001702c570
0x000000001702c310:   0000000019cd3f40 00000000000000da
0x000000001702c320:   0000000019cd56a0 0000000000000020
0x000000001702c330:   0000000016b0d5e0 000000001702e8e0
0x000000001702c340:   0000000016b0dc10 0000000019cd8cd0 

Instructions: (pc=0x000000006b8d4db2)
0x000000006b8d4d92:   c6 48 63 f0 48 03 f1 eb 04 48 83 ce ff 48 8b 84
0x000000006b8d4da2:   24 a0 00 00 00 48 8b 40 08 48 8b 3c 03 48 8b cf
0x000000006b8d4db2:   48 8b 07 ff 50 28 4c 8d 05 41 b2 bd ff 48 63 50
0x000000006b8d4dc2:   10 4c 8b d8 48 8b ca 48 c1 e1 05 42 80 bc 01 c0 


Register to memory mapping:

RAX=0x0000000019cd85f8 is an unknown value
RBX=0x0000000000000600 is an unknown value
RCX=0x0000000000000000 is an unknown value
RDX=0x0000000019cd3f40 is an unknown value
RSP=0x000000001702c250 is pointing into the stack for thread: 0x0000000016996000
RBP=0x00000000000000c0 is an unknown value
RSI=0x00000000000000b8 is an unknown value
RDI=0x0000000000000000 is an unknown value
R8 =0x000000006b4b0000 is an unknown value
R9 =0x000000001702c570 is pointing into the stack for thread: 0x0000000016996000
R10=0x00000000ffffffff is an unknown value
R11=0x00000000169b5720 is an unknown value
R12=0x0000000019cd8d00 is an unknown value
R13=0x000000001d915108 is an unknown value
R14=0x0000000000000008 is an unknown value
R15=0x000000001d915108 is an unknown value


Stack: [0x0000000016f30000,0x0000000017030000],  sp=0x000000001702c250,  free space=1008k
Native frames: (J=compiled Java code, j=interpreted, Vv=VM code, C=native code)
V  [jvm.dll+0x424db2]
V  [jvm.dll+0x42598d]
V  [jvm.dll+0x425ecf]
V  [jvm.dll+0x4c5a84]
V  [jvm.dll+0x4415bc]
V  [jvm.dll+0x443a29]
V  [jvm.dll+0x427722]
V  [jvm.dll+0x96982]
V  [jvm.dll+0x97173]
V  [jvm.dll+0x2234b4]
V  [jvm.dll+0x27bcca]
C  [msvcr100.dll+0x21d9f]
C  [msvcr100.dll+0x21e3b]
C  [KERNEL32.DLL+0x16ad]
C  [ntdll.dll+0x734a5]


Current CompileTask:
C2:  17869 6797       4       groovy.lang.MetaClassImpl::findPropertyMethod (356 bytes)


---------------  P R O C E S S  ---------------

Java Threads: ( => current thread )
  0x00000000179ae000 JavaThread "com.zola.gym.Role.data" daemon [_thread_blocked, id=6908, stack(0x0000000018210000,0x0000000018310000)]
  0x00000000179ae800 JavaThread "net.sf.ehcache.CacheManager@3171ab42" daemon [_thread_blocked, id=4724, stack(0x0000000020df0000,0x0000000020ef0000)]
  0x00000000179b1000 JavaThread "PoolCleaner[917236225:1421378456098]" daemon [_thread_blocked, id=1552, stack(0x000000001c290000,0x000000001c390000)]
  0x000000001b329000 JavaThread "FileSystemWatcher: files=#465 cl=groovy.lang.GroovyClassLoader@36abea01" daemon [_thread_blocked, id=2940, stack(0x000000001c620000,0x000000001c720000)]
  0x000000001a150800 JavaThread "Thread-4" daemon [_thread_in_native, id=2928, stack(0x000000001b1c0000,0x000000001b2c0000)]
  0x0000000019c2c000 JavaThread "localhost-startStop-1" daemon [_thread_in_vm, id=3428, stack(0x000000001b0c0000,0x000000001b1c0000)]
  0x0000000019c2b000 JavaThread "Tomcat-startStop-1" daemon [_thread_blocked, id=6232, stack(0x000000001afc0000,0x000000001b0c0000)]
  0x00000000195e0000 JavaThread "Thread-3" [_thread_in_native, id=3000, stack(0x000000001a510000,0x000000001a610000)]
  0x0000000018c43800 JavaThread "Thread-2" [_thread_blocked, id=6256, stack(0x000000001a8c0000,0x000000001a9c0000)]
  0x00000000177ca000 JavaThread "NonBlockingInputStreamThread" daemon [_thread_blocked, id=6228, stack(0x0000000017f10000,0x0000000018010000)]
  0x0000000016b4d800 JavaThread "Service Thread" daemon [_thread_blocked, id=4016, stack(0x0000000017230000,0x0000000017330000)]
  0x00000000169a2800 JavaThread "C1 CompilerThread3" daemon [_thread_blocked, id=4956, stack(0x0000000017130000,0x0000000017230000)]
  0x000000001699d800 JavaThread "C2 CompilerThread2" daemon [_thread_in_native, id=1864, stack(0x0000000017030000,0x0000000017130000)]
=>0x0000000016996000 JavaThread "C2 CompilerThread1" daemon [_thread_in_native, id=6768, stack(0x0000000016f30000,0x0000000017030000)]
  0x0000000016995000 JavaThread "C2 CompilerThread0" daemon [_thread_in_native, id=5752, stack(0x0000000016e30000,0x0000000016f30000)]
  0x000000001685c000 JavaThread "Attach Listener" daemon [_thread_blocked, id=4432, stack(0x0000000016d30000,0x0000000016e30000)]
  0x000000001685b800 JavaThread "Signal Dispatcher" daemon [_thread_blocked, id=3008, stack(0x0000000016c30000,0x0000000016d30000)]
  0x000000000269d000 JavaThread "Finalizer" daemon [_thread_blocked, id=4884, stack(0x0000000016730000,0x0000000016830000)]
  0x000000001485a800 JavaThread "Reference Handler" daemon [_thread_blocked, id=5940, stack(0x0000000016630000,0x0000000016730000)]
  0x00000000025a5000 JavaThread "main" [_thread_blocked, id=1676, stack(0x00000000022a0000,0x00000000023a0000)]

Other Threads:
  0x0000000014856800 VMThread [stack: 0x0000000016530000,0x0000000016630000] [id=5856]
  0x0000000016b39800 WatcherThread [stack: 0x0000000017330000,0x0000000017430000] [id=6676]

VM state:not at safepoint (normal execution)

VM Mutex/Monitor currently owned by a thread: None

Heap:
 PSYoungGen      total 201728K, used 76443K [0x00000000f0000000, 0x0000000100000000, 0x0000000100000000)
  eden space 145408K, 21% used [0x00000000f0000000,0x00000000f1e48790,0x00000000f8e00000)
  from space 56320K, 80% used [0x00000000fc900000,0x00000000ff55e7f0,0x0000000100000000)
  to   space 58368K, 0% used [0x00000000f8e00000,0x00000000f8e00000,0x00000000fc700000)
 ParOldGen       total 133632K, used 113716K [0x00000000d0000000, 0x00000000d8280000, 0x00000000f0000000)
  object space 133632K, 85% used [0x00000000d0000000,0x00000000d6f0d0c8,0x00000000d8280000)
 Metaspace       used 69806K, capacity 71452K, committed 71680K, reserved 1114112K
  class space    used 6877K, capacity 7381K, committed 7424K, reserved 1048576K

Card table byte_map: [0x0000000011a60000,0x0000000011bf0000] byte_map_base: 0x00000000113e0000

Marking Bits: (ParMarkBitMap*) 0x000000006bc612b0
 Begin Bits: [0x00000000124f0000, 0x00000000130f0000)
 End Bits:   [0x00000000130f0000, 0x0000000013cf0000)

Polling page: 0x00000000008f0000

CodeCache: size=245760Kb used=23862Kb max_used=23942Kb free=221897Kb
 bounds [0x00000000026a0000, 0x0000000003e20000, 0x00000000116a0000]
 total_blobs=6465 nmethods=5722 adapters=653
 compilation: enabled

Compilation events (10 events):
Event: 17.837 Thread 0x0000000016996000 

Event: 17.837 Thread 0x0000000016996000 6797       4       groovy.lang.MetaClassImpl::findPropertyMethod (356 bytes)
Event: 17.839 Thread 0x0000000016995000 nmethod 6796 0x0000000003e00050 code [0x0000000003e00200, 0x0000000003e00c28]
Event: 17.839 Thread 0x0000000016995000 6793       4       org.codehaus.groovy.runtime.MetaClassHelper::isGenericSetMethod (28 bytes)
Event: 17.840 Thread 0x0000000016995000 nmethod 6793 0x0000000003ddc690 code [0x0000000003ddc7e0, 0x0000000003ddc988]
Event: 17.840 Thread 0x0000000016995000 6805       4       groovy.lang.MetaClassImpl$1MOPIter::methodNameAction (482 bytes)
Event: 17.846 Thread 0x00000000169a2800 6806       3       groovy.lang.ExpandoMetaClass::getProperty (43 bytes)
Event: 17.846 Thread 0x00000000169a2800 nmethod 6806 0x0000000003dff350 code [0x0000000003dff520, 0x0000000003dffdb8]
Event: 17.851 Thread 0x00000000169a2800 6807       1       org.codehaus.groovy.grails.commons.AbstractGrailsClass::getName (5 bytes)
Event: 17.851 Thread 0x00000000169a2800 nmethod 6807 0x000000000393ee10 code [0x000000000393ef60, 0x000000000393f070]

GC Heap History (10 events):
Event: 15.271 GC heap before
{Heap before GC invocations=82 (full 7):
 PSYoungGen      total 206336K, used 197853K [0x00000000f0000000, 0x0000000100000000, 0x0000000100000000)
  eden space 159744K, 100% used [0x00000000f0000000,0x00000000f9c00000,0x00000000f9c00000)
  from space 46592K, 81% used [0x00000000fd280000,0x00000000ff7b7500,0x0000000100000000)
  to   space 51200K, 0% used [0x00000000f9c00000,0x00000000f9c00000,0x00000000fce00000)
 ParOldGen       total 113152K, used 95160K [0x00000000d0000000, 0x00000000d6e80000, 0x00000000f0000000)
  object space 113152K, 84% used [0x00000000d0000000,0x00000000d5cee020,0x00000000d6e80000)
 Metaspace       used 65453K, capacity 66922K, committed 67072K, reserved 1110016K
  class space    used 6424K, capacity 6908K, committed 6912K, reserved 1048576K
Event: 15.306 GC heap after
Heap after GC invocations=82 (full 7):
 PSYoungGen      total 199680K, used 39740K [0x00000000f0000000, 0x0000000100000000, 0x0000000100000000)
  eden space 159744K, 0% used [0x00000000f0000000,0x00000000f0000000,0x00000000f9c00000)
  from space 39936K, 99% used [0x00000000f9c00000,0x00000000fc2cf370,0x00000000fc300000)
  to   space 52736K, 0% used [0x00000000fcc80000,0x00000000fcc80000,0x0000000100000000)
 ParOldGen       total 113152K, used 97862K [0x00000000d0000000, 0x00000000d6e80000, 0x00000000f0000000)
  object space 113152K, 86% used [0x00000000d0000000,0x00000000d5f918d8,0x00000000d6e80000)
 Metaspace       used 65453K, capacity 66922K, committed 67072K, reserved 1110016K
  class space    used 6424K, capacity 6908K, committed 6912K, reserved 1048576K
}
Event: 15.927 GC heap before
{Heap before GC invocations=83 (full 7):
 PSYoungGen      total 199680K, used 199484K [0x00000000f0000000, 0x0000000100000000, 0x0000000100000000)
  eden space 159744K, 100% used [0x00000000f0000000,0x00000000f9c00000,0x00000000f9c00000)
  from space 39936K, 99% used [0x00000000f9c00000,0x00000000fc2cf370,0x00000000fc300000)
  to   space 52736K, 0% used [0x00000000fcc80000,0x00000000fcc80000,0x0000000100000000)
 ParOldGen       total 113152K, used 97862K [0x00000000d0000000, 0x00000000d6e80000, 0x00000000f0000000)
  object space 113152K, 86% used [0x00000000d0000000,0x00000000d5f918d8,0x00000000d6e80000)
 Metaspace       used 66337K, capacity 67780K, committed 67968K, reserved 1110016K
  class space    used 6506K, capacity 6982K, committed 7040K, reserved 1048576K
Event: 15.943 GC heap after
Heap after GC invocations=83 (full 7):
 PSYoungGen      total 207360K, used 40333K [0x00000000f0000000, 0x0000000100000000, 0x0000000100000000)
  eden space 154624K, 0% used [0x00000000f0000000,0x00000000f0000000,0x00000000f9700000)
  from space 52736K, 76% used [0x00000000fcc80000,0x00000000ff3e3458,0x0000000100000000)
  to   space 53760K, 0% used [0x00000000f9700000,0x00000000f9700000,0x00000000fcb80000)
 ParOldGen       total 113152K, used 102945K [0x00000000d0000000, 0x00000000d6e80000, 0x00000000f0000000)
  object space 113152K, 90% used [0x00000000d0000000,0x00000000d64887b0,0x00000000d6e80000)
 Metaspace       used 66337K, capacity 67780K, committed 67968K, reserved 1110016K
  class space    used 6506K, capacity 6982K, committed 7040K, reserved 1048576K
}
Event: 16.488 GC heap before
{Heap before GC invocations=84 (full 7):
 PSYoungGen      total 207360K, used 194957K [0x00000000f0000000, 0x0000000100000000, 0x0000000100000000)
  eden space 154624K, 100% used [0x00000000f0000000,0x00000000f9700000,0x00000000f9700000)
  from space 52736K, 76% used [0x00000000fcc80000,0x00000000ff3e3458,0x0000000100000000)
  to   space 53760K, 0% used [0x00000000f9700000,0x00000000f9700000,0x00000000fcb80000)
 ParOldGen       total 113152K, used 102945K [0x00000000d0000000, 0x00000000d6e80000, 0x00000000f0000000)
  object space 113152K, 90% used [0x00000000d0000000,0x00000000d64887b0,0x00000000d6e80000)
 Metaspace       used 67915K, capacity 69404K, committed 69760K, reserved 1112064K
  class space    used 6721K, capacity 7179K, committed 7296K, reserved 1048576K
Event: 16.507 GC heap after
Heap after GC invocations=84 (full 7):
 PSYoungGen      total 200704K, used 45642K [0x00000000f0000000, 0x0000000100000000, 0x0000000100000000)
  eden space 154624K, 0% used [0x00000000f0000000,0x00000000f0000000,0x00000000f9700000)
  from space 46080K, 99% used [0x00000000f9700000,0x00000000fc392b40,0x00000000fc400000)
  to   space 56320K, 0% used [0x00000000fc900000,0x00000000fc900000,0x0000000100000000)
 ParOldGen       total 113152K, used 105709K [0x00000000d0000000, 0x00000000d6e80000, 0x00000000f0000000)
  object space 113152K, 93% used [0x00000000d0000000,0x00000000d673b4f8,0x00000000d6e80000)
 Metaspace       used 67915K, capacity 69404K, committed 69760K, reserved 1112064K
  class space    used 6721K, capacity 7179K, committed 7296K, reserved 1048576K
}
Event: 16.507 GC heap before
{Heap before GC invocations=85 (full 8):
 PSYoungGen      total 200704K, used 45642K [0x00000000f0000000, 0x0000000100000000, 0x0000000100000000)
  eden space 154624K, 0% used [0x00000000f0000000,0x00000000f0000000,0x00000000f9700000)
  from space 46080K, 99% used [0x00000000f9700000,0x00000000fc392b40,0x00000000fc400000)
  to   space 56320K, 0% used [0x00000000fc900000,0x00000000fc900000,0x0000000100000000)
 ParOldGen       total 113152K, used 105709K [0x00000000d0000000, 0x00000000d6e80000, 0x00000000f0000000)
  object space 113152K, 93% used [0x00000000d0000000,0x00000000d673b4f8,0x00000000d6e80000)
 Metaspace       used 67915K, capacity 69404K, committed 69760K, reserved 1112064K
  class space    used 6721K, capacity 7179K, committed 7296K, reserved 1048576K
Event: 17.001 GC heap after
Heap after GC invocations=85 (full 8):
 PSYoungGen      total 200704K, used 37545K [0x00000000f0000000, 0x0000000100000000, 0x0000000100000000)
  eden space 154624K, 0% used [0x00000000f0000000,0x00000000f0000000,0x00000000f9700000)
  from space 46080K, 81% used [0x00000000f9700000,0x00000000fbbaa560,0x00000000fc400000)
  to   space 56320K, 0% used [0x00000000fc900000,0x00000000fc900000,0x0000000100000000)
 ParOldGen       total 133632K, used 112974K [0x00000000d0000000, 0x00000000d8280000, 0x00000000f0000000)
  object space 133632K, 84% used [0x00000000d0000000,0x00000000d6e53908,0x00000000d8280000)
 Metaspace       used 67915K, capacity 69404K, committed 69760K, reserved 1112064K
  class space    used 6721K, capacity 7179K, committed 7296K, reserved 1048576K
}
Event: 17.760 GC heap before
{Heap before GC invocations=86 (full 8):
 PSYoungGen      total 200704K, used 192169K [0x00000000f0000000, 0x0000000100000000, 0x0000000100000000)
  eden space 154624K, 100% used [0x00000000f0000000,0x00000000f9700000,0x00000000f9700000)
  from space 46080K, 81% used [0x00000000f9700000,0x00000000fbbaa560,0x00000000fc400000)
  to   space 56320K, 0% used [0x00000000fc900000,0x00000000fc900000,0x0000000100000000)
 ParOldGen       total 133632K, used 112974K [0x00000000d0000000, 0x00000000d8280000, 0x00000000f0000000)
  object space 133632K, 84% used [0x00000000d0000000,0x00000000d6e53908,0x00000000d8280000)
 Metaspace       used 69685K, capacity 71294K, committed 71424K, reserved 1114112K
  class space    used 6850K, capacity 7328K, committed 7424K, reserved 1048576K
Event: 17.790 GC heap after
Heap after GC invocations=86 (full 8):
 PSYoungGen      total 201728K, used 45433K [0x00000000f0000000, 0x0000000100000000, 0x0000000100000000)
  eden space 145408K, 0% used [0x00000000f0000000,0x00000000f0000000,0x00000000f8e00000)
  from space 56320K, 80% used [0x00000000fc900000,0x00000000ff55e7f0,0x0000000100000000)
  to   space 58368K, 0% used [0x00000000f8e00000,0x00000000f8e00000,0x00000000fc700000)
 ParOldGen       total 133632K, used 113716K [0x00000000d0000000, 0x00000000d8280000, 0x00000000f0000000)
  object space 133632K, 85% used [0x00000000d0000000,0x00000000d6f0d0c8,0x00000000d8280000)
 Metaspace       used 69685K, capacity 71294K, committed 71424K, reserved 1114112K
  class space    used 6850K, capacity 7328K, committed 7424K, reserved 1048576K
}

Deoptimization events (10 events):
Event: 17.571 Thread 0x0000000019c2c000 Uncommon trap: reason=bimorphic action=maybe_recompile pc=0x0000000002e3f56c method=org.codehaus.groovy.runtime.callsite.CallSiteArray.replaceCallSite(Lorg/codehaus/groovy/runtime/callsite/CallSite;Lorg/codehaus/groovy/runtime/callsite/CallSite;)V @ 1
Event: 17.614 Thread 0x0000000019c2c000 Uncommon trap: reason=class_check action=maybe_recompile pc=0x0000000003d8935c method=groovy.lang.MetaClassImpl.createPogoCallSite(Lorg/codehaus/groovy/runtime/callsite/CallSite;[Ljava/lang/Object;)Lorg/codehaus/groovy/runtime/callsite/CallSite; @ 22
Event: 17.614 Thread 0x0000000019c2c000 Uncommon trap: reason=class_check action=maybe_recompile pc=0x0000000003d8935c method=groovy.lang.MetaClassImpl.createPogoCallSite(Lorg/codehaus/groovy/runtime/callsite/CallSite;[Ljava/lang/Object;)Lorg/codehaus/groovy/runtime/callsite/CallSite; @ 22
Event: 17.614 Thread 0x0000000019c2c000 Uncommon trap: reason=class_check action=maybe_recompile pc=0x0000000003d8935c method=groovy.lang.MetaClassImpl.createPogoCallSite(Lorg/codehaus/groovy/runtime/callsite/CallSite;[Ljava/lang/Object;)Lorg/codehaus/groovy/runtime/callsite/CallSite; @ 22
Event: 17.614 Thread 0x0000000019c2c000 Uncommon trap: reason=class_check action=maybe_recompile pc=0x0000000003d8935c method=groovy.lang.MetaClassImpl.createPogoCallSite(Lorg/codehaus/groovy/runtime/callsite/CallSite;[Ljava/lang/Object;)Lorg/codehaus/groovy/runtime/callsite/CallSite; @ 22
Event: 17.699 Thread 0x0000000019c2c000 Uncommon trap: reason=unreached action=reinterpret pc=0x0000000002e490c8 method=org.codehaus.groovy.reflection.CachedMethod.createPogoMetaMethodSite(Lorg/codehaus/groovy/runtime/callsite/CallSite;Lgroovy/lang/MetaClassImpl;[Ljava/lang/Class;)Lorg/codehaus/D¾vî&Á1@
Event: 17.755 Thread 0x0000000019c2c000 Uncommon trap: reason=unreached action=reinterpret pc=0x0000000002ec41d4 method=groovy.lang.ExpandoMetaClass.hasOverrideGetProperty(Ljava/lang/String;)Z @ 4
Event: 17.755 Thread 0x0000000019c2c000 Uncommon trap: reason=unreached action=reinterpret pc=0x00000000034797d8 method=groovy.lang.ExpandoMetaClass.hasOverrideGetProperty(Ljava/lang/String;)Z @ 4
Event: 17.839 Thread 0x0000000019c2c000 Uncommon trap: reason=class_check action=maybe_recompile pc=0x0000000003dcd698 method=java.util.regex.Pattern$GroupTail.match(Ljava/util/regex/Matcher;ILjava/lang/CharSequence;)Z @ 70
Event: 17.839 Thread 0x0000000019c2c000 Uncommon trap: reason=class_check action=maybe_recompile pc=0x0000000003dcd698 method=java.util.regex.Pattern$GroupTail.match(Ljava/util/regex/Matcher;ILjava/lang/CharSequence;)Z @ 70

Internal exceptions (10 events):
Event: 17.841 Thread 0x0000000019c2c000 Exception <a 'java/security/PrivilegedActionException'> (0x00000000f15c93a0) thrown at [C:\re\workspace\8-2-build-windows-amd64-cygwin\jdk8u11\648\hotspot\src\share\vm\prims\jvm.cpp, line 1248]
Event: 17.841 Thread 0x0000000019c2c000 Exception <a 'java/lang/ClassNotFoundException': org/codehaus/groovy/grails/plugins/web/ControllersGrailsPlugin$_closure3_closure21BeanInfo> (0x00000000f15c9e58) thrown at [C:\re\workspace\8-2-build-windows-amd64-cygwin\jdk8u11\648\hotspot\src\share\vm\claïç+ˆ\×1@
Event: 17.841 Thread 0x0000000019c2c000 Exception <a 'java/security/PrivilegedActionException'> (0x00000000f15cafe0) thrown at [C:\re\workspace\8-2-build-windows-amd64-cygwin\jdk8u11\648\hotspot\src\share\vm\prims\jvm.cpp, line 1248]
Event: 17.841 Thread 0x0000000019c2c000 Exception <a 'java/security/PrivilegedActionException'> (0x00000000f15d0560) thrown at [C:\re\workspace\8-2-build-windows-amd64-cygwin\jdk8u11\648\hotspot\src\share\vm\prims\jvm.cpp, line 1248]
Event: 17.841 Thread 0x0000000019c2c000 Exception <a 'java/security/PrivilegedActionException'> (0x00000000f15e55b0) thrown at [C:\re\workspace\8-2-build-windows-amd64-cygwin\jdk8u11\648\hotspot\src\share\vm\prims\jvm.cpp, line 1248]
Event: 17.842 Thread 0x0000000019c2c000 Exception <a 'java/security/PrivilegedActionException'> (0x00000000f1600180) thrown at [C:\re\workspace\8-2-build-windows-amd64-cygwin\jdk8u11\648\hotspot\src\share\vm\prims\jvm.cpp, line 1248]
Event: 17.842 Thread 0x0000000019c2c000 Exception <a 'java/security/PrivilegedActionException'> (0x00000000f1605700) thrown at [C:\re\workspace\8-2-build-windows-amd64-cygwin\jdk8u11\648\hotspot\src\share\vm\prims\jvm.cpp, line 1248]
Event: 17.842 Thread 0x0000000019c2c000 Exception <a 'java/security/PrivilegedActionException'> (0x00000000f161a750) thrown at [C:\re\workspace\8-2-build-windows-amd64-cygwin\jdk8u11\648\hotspot\src\share\vm\prims\jvm.cpp, line 1248]
Event: 17.842 Thread 0x0000000019c2c000 Exception <a 'java/security/PrivilegedActionException'> (0x00000000f16495b0) thrown at [C:\re\workspace\8-2-build-windows-amd64-cygwin\jdk8u11\648\hotspot\src\share\vm\prims\jvm.cpp, line 1248]
Event: 17.842 Thread 0x0000000019c2c000 Exception <a 'java/lang/ClassNotFoundException': org/codehaus/groovy/grails/plugins/web/ControllersGrailsPlugin$_closure3_closure21Customizer> (0x00000000f164a068) thrown at [C:\re\workspace\8-2-build-windows-amd64-cygwin\jdk8u11\648\hotspot\src\share\vm\c²®–üU×1@

Events (10 events):
Event: 17.841 loading class org/codehaus/groovy/grails/plugins/web/ControllersGrailsPlugin$_closure3_closure21BeanInfo
Event: 17.841 loading class org/codehaus/groovy/grails/plugins/web/ControllersGrailsPlugin$_closure3_closure21BeanInfo done
Event: 17.841 loading class org/codehaus/groovy/grails/plugins/web/ControllersGrailsPlugin$_closure3_closure21BeanInfo
Event: 17.841 loading class org/codehaus/groovy/grails/plugins/web/ControllersGrailsPlugin$_closure3_closure21BeanInfo done
Event: 17.841 loading class org/codehaus/groovy/grails/plugins/web/ControllersGrailsPlugin$_closure3_closure21Customizer
Event: 17.841 loading class org/codehaus/groovy/grails/plugins/web/ControllersGrailsPlugin$_closure3_closure21Customizer done
Event: 17.842 loading class org/codehaus/groovy/grails/plugins/web/ControllersGrailsPlugin$_closure3_closure21Customizer
Event: 17.842 loading class org/codehaus/groovy/grails/plugins/web/ControllersGrailsPlugin$_closure3_closure21Customizer done
Event: 17.842 loading class org/codehaus/groovy/grails/plugins/web/ControllersGrailsPlugin$_closure3_closure21Customizer
Event: 17.842 loading class org/codehaus/groovy/grails/plugins/web/ControllersGrailsPlugin$_closure3_closure21Customizer done


Dynamic libraries:
0x00007ff737ac0000 - 0x00007ff737af4000 	C:\Program Files\Java\jdk1.8.0_11\bin\java.exe
0x00007ff8a1d20000 - 0x00007ff8a1eca000 	C:\Windows\SYSTEM32\ntdll.dll
0x00007ff89f710000 - 0x00007ff89f84a000 	C:\Windows\system32\KERNEL32.DLL
0x00007ff89f1b0000 - 0x00007ff89f2bf000 	C:\Windows\system32\KERNELBASE.dll
0x00007ff89cad0000 - 0x00007ff89cb58000 	C:\Windows\system32\apphelp.dll
0x00007ff8943d0000 - 0x00007ff89441f000 	C:\Windows\AppPatch\AppPatch64\AcGenral.DLL
0x00007ff89fc50000 - 0x00007ff89fcf7000 	C:\Windows\system32\msvcrt.dll
0x00007ff89ef40000 - 0x00007ff89ef6b000 	C:\Windows\SYSTEM32\SspiCli.dll
0x00007ff8a0150000 - 0x00007ff8a01a1000 	C:\Windows\system32\SHLWAPI.dll
0x00007ff89f850000 - 0x00007ff89f9c1000 	C:\Windows\system32\USER32.dll
0x00007ff89fa30000 - 0x00007ff89fba8000 	C:\Windows\system32\ole32.dll
0x00007ff8a0900000 - 0x00007ff8a1d20000 	C:\Windows\system32\SHELL32.dll
0x00007ff89e700000 - 0x00007ff89e71e000 	C:\Windows\SYSTEM32\USERENV.dll
0x00007ff8a0850000 - 0x00007ff8a08f5000 	C:\Windows\system32\ADVAPI32.dll
0x00007ff8985f0000 - 0x00007ff89860b000 	C:\Windows\SYSTEM32\MPR.dll
0x00007ff8a05c0000 - 0x00007ff8a06f7000 	C:\Windows\system32\RPCRT4.dll
0x00007ff89fbb0000 - 0x00007ff89fc07000 	C:\Windows\SYSTEM32\sechost.dll
0x00007ff8a01b0000 - 0x00007ff8a0386000 	C:\Windows\SYSTEM32\combase.dll
0x00007ff8a0700000 - 0x00007ff8a0844000 	C:\Windows\system32\GDI32.dll
0x00007ff89f090000 - 0x00007ff89f0a4000 	C:\Windows\SYSTEM32\profapi.dll
0x00007ff89dc90000 - 0x00007ff89dd2f000 	C:\Windows\SYSTEM32\SHCORE.dll
0x00007ff8a0390000 - 0x00007ff8a03c4000 	C:\Windows\system32\IMM32.DLL
0x00007ff89fd00000 - 0x00007ff89fe39000 	C:\Windows\system32\MSCTF.dll
0x00007ff89d5d0000 - 0x00007ff89d82a000 	C:\Windows\WinSxS\amd64_microsoft.windows.common-controls_6595b64144ccf1df_6.0.9600.17031_none_6242a4b3ecbb55a1\COMCTL32.dll
0x000000006c230000 - 0x000000006c302000 	C:\Program Files\Java\jdk1.8.0_11\jre\bin\msvcr100.dll
0x000000006b4b0000 - 0x000000006bcda000 	C:\Program Files\Java\jdk1.8.0_11\jre\bin\server\jvm.dll
0x00007ff897790000 - 0x00007ff897799000 	C:\Windows\SYSTEM32\WSOCK32.dll
0x00007ff89d830000 - 0x00007ff89d84f000 	C:\Windows\SYSTEM32\WINMM.dll
0x00007ff8a03d0000 - 0x00007ff8a03d7000 	C:\Windows\system32\PSAPI.DLL
0x00007ff89f6b0000 - 0x00007ff89f708000 	C:\Windows\system32\WS2_32.dll
0x00007ff89d570000 - 0x00007ff89d59a000 	C:\Windows\SYSTEM32\WINMMBASE.dll
0x00007ff89fc10000 - 0x00007ff89fc19000 	C:\Windows\system32\NSI.dll
0x00007ff89f2c0000 - 0x00007ff89f30a000 	C:\Windows\SYSTEM32\cfgmgr32.dll
0x00007ff89df20000 - 0x00007ff89df46000 	C:\Windows\SYSTEM32\DEVOBJ.dll
0x000000006c1e0000 - 0x000000006c1ef000 	C:\Program Files\Java\jdk1.8.0_11\jre\bin\verify.dll
0x000000006c1b0000 - 0x000000006c1d8000 	C:\Program Files\Java\jdk1.8.0_11\jre\bin\java.dll
0x000000006c4e0000 - 0x000000006c503000 	C:\Program Files\Java\jdk1.8.0_11\jre\bin\instrument.dll
0x000000006c190000 - 0x000000006c1a6000 	C:\Program Files\Java\jdk1.8.0_11\jre\bin\zip.dll
0x00007ff89e9d0000 - 0x00007ff89e9ee000 	C:\Windows\SYSTEM32\CRYPTSP.dll
0x00007ff89e5f0000 - 0x00007ff89e625000 	C:\Windows\system32\rsaenh.dll
0x00007ff89ec50000 - 0x00007ff89ec76000 	C:\Windows\SYSTEM32\bcrypt.dll
0x00007ff89ef70000 - 0x00007ff89efd0000 	C:\Windows\system32\bcryptprimitives.dll
0x00007ff89efd0000 - 0x00007ff89efda000 	C:\Windows\SYSTEM32\CRYPTBASE.dll
0x000000006c170000 - 0x000000006c18a000 	C:\Program Files\Java\jdk1.8.0_11\jre\bin\net.dll
0x00007ff89e950000 - 0x00007ff89e9a8000 	C:\Windows\system32\mswsock.dll
0x00007ff899310000 - 0x00007ff899339000 	C:\Windows\SYSTEM32\IPHLPAPI.DLL
0x00007ff8992e0000 - 0x00007ff8992ea000 	C:\Windows\SYSTEM32\WINNSI.DLL
0x00007ff8991b0000 - 0x00007ff8991c4000 	C:\Windows\SYSTEM32\dhcpcsvc6.DLL
0x00007ff899130000 - 0x00007ff899149000 	C:\Windows\SYSTEM32\dhcpcsvc.DLL
0x000000006c150000 - 0x000000006c161000 	C:\Program Files\Java\jdk1.8.0_11\jre\bin\nio.dll
0x00007ff899d80000 - 0x00007ff899d8a000 	C:\Users\kegara\AppData\Local\Temp\jansi-64-1725397643889083250.dll
0x000000006bf00000 - 0x000000006bf0d000 	C:\Program Files\Java\jdk1.8.0_11\jre\bin\management.dll
0x00007ff896330000 - 0x00007ff896344000 	C:\Windows\system32\napinsp.dll
0x00007ff8962d0000 - 0x00007ff8962e9000 	C:\Windows\system32\pnrpnsp.dll
0x00007ff89a220000 - 0x00007ff89a239000 	C:\Windows\system32\NLAapi.dll
0x00007ff89e760000 - 0x00007ff89e803000 	C:\Windows\SYSTEM32\DNSAPI.dll
0x00007ff896260000 - 0x00007ff89626c000 	C:\Windows\System32\winrnr.dll
0x00007ff896fb0000 - 0x00007ff896fb9000 	C:\Windows\System32\rasadhlp.dll
0x00007ff899070000 - 0x00007ff8990d8000 	C:\Windows\System32\fwpuclnt.dll
0x00007ff8965a0000 - 0x00007ff896728000 	C:\Windows\SYSTEM32\dbghelp.dll

VM Arguments:
jvm_args: -Dfile.encoding=UTF-8 -Xmx768M -Xms64M -Dgrails.fork.parent.process.port=3011 -Dgrails.fork.active=true -Dgrails.build.execution.context=C:\Users\kegara\AppData\Local\Temp\GymApp2635174172379003028grails-execution-context -Dgrails.home=C:\Users\kegara\Documents\grails-2.3.11\grails-2.3.11 -javaagent:C:\Users\kegara\Documents\grails-2.3.11\grails-2.3.11\lib\org.springframework\springloaded\jars\springloaded-1.2.0.RELEASE.jar -Xverify:none -Dspringloaded.synchronize=true -Djdk.reflect.allowGetCallerClass=true -Dspringloaded=profile=grails;cacheDir=C:\Users\kegara/.grails/2.3.11/ 
java_command: org.grails.plugins.tomcat.fork.ForkedTomcatServer
java_class_path (initial): C:\Program Files\Java\jdk1.8.0_11\lib\tools.jar;C:\Users\kegara\Documents\grails-2.3.11\grails-2.3.11\lib\org.codehaus.groovy\groovy-all\jars\groovy-all-2.1.9.jar;C:\Users\kegara\Documents\grails-2.3.11\grails-2.3.11\lib\org.slf4j\jcl-over-slf4j\jars\jcl-over-slf4j-1.7.5.jar;C:\Users\kegara\Documents\grails-2.3.11\grails-2.3.11\lib\org.codehaus.gant\gant_groovy1.8\jars\gant_groovy1.8-1.9.6.jar;C:\Users\kegara\Documents\grails-2.3.11\grails-2.3.11\lib\org.apache.tomcat.embed\tomcat-embed-logging-log4j\jars\tomcat-embed-logging-log4j-7.0.50.jar;C:\Users\kegara\Documents\grails-2.3.11\grails-2.3.11\dist\grails-plugin-log4j-2.3.11.jar;C:\Users\kegara\Documents\grails-2.3.11\grails-2.3.11\lib\log4j\log4j\jars\log4j-1.2.17.jar;C:\Users\kegara\Documents\grails-2.3.11\grails-2.3.11\dist\grails-bootstrap-2.3.11.jar;C:\Users\kegara\Documents\grails-2.3.11\grails-2.3.11\lib\org.slf4j\slf4j-api\jars\slf4j-api-1.7.5.jar;C:\Users\kegara\Documents\grails-2.3.11\grails-2.3.11\lib\jline\jline\jars\jline-2.12.jar;C:\Users\kegara\Documents\grails-2.3.11\grails-2.3.11\lib\org.apache.ant\ant\jars\ant-1.8.4.jar;C:\Users\kegara\Documents\grails-2.3.11\grails-2.3.11\lib\org.apache.ant\ant-launcher\jars\ant-launcher-1.8.4.jar;C:\Users\kegara\Documents\grails-2.3.11\grails-2.3.11\lib\org.apache.ant\ant-trax\jars\ant-trax-1.7.1.jar;C:\Users\kegara\Documents\grails-2.3.11\grails-2.3.11\lib\org.apache.ant\ant-junit\jars\ant-junit-1.8.4.jar;C:\Users\kegara\Documents\grails-2.3.11\grails-2.3.11\lib\org.apache.ivy\ivy\jars\ivy-2.3.0.jar;C:\Users\kegara\Documents\grails-2.3.11\grails-2.3.11\lib\org.fusesource.jansi\jansi\jars\jansi-1.11.jar;C:\Users\kegara\.m2\repository\org\eclipse\jdt\core\compiler\ecj\3.7.2\ecj-3.7.2.jar;C:\Users\kegara\Documents\Netbeans Projects\GymApp\target\work\plugins\tomcat-7.0.54\grails-plugin-tomcat-7.0.54.jar;C:\Users\kegara\.m2\repository\org\apache\tomcat\embed\tomcat-embed-websocket\7.0.53\tomcat-embed-websocket-7.0.53.jar;C:\Users\kegar
Launcher Type: SUN_STANDARD

Environment Variables:
JAVA_HOME=C:\Program Files\Java\jdk1.8.0_11
PATH=C:\ProgramData\Oracle\Java\javapath;C:\Program Files (x86)\Intel\iCLS Client\;C:\Program Files\Intel\iCLS Client\;C:\Windows\system32;C:\Windows;C:\Windows\System32\Wbem;C:\Windows\System32\WindowsPowerShell\v1.0\;C:\Python34\;C:\Python34\Scripts;C:\Program Files\R\R-3.1.1\bin\x64;C:\Program Files\Java\jdk1.8.0_11\bin;C:\Program Files\Intel\Intel(R) Management Engine Components\DAL;C:\Program Files\Intel\Intel(R) Management Engine Components\IPT;C:\Program Files (x86)\Intel\Intel(R) Management Engine Components\DAL;C:\Program Files (x86)\Intel\Intel(R) Management Engine Components\IPT;C:\Program Files\Common Files\Autodesk Shared\;C:\Program Files (x86)\Autodesk\Backburner\;C:\Program Files (x86)\Windows Kits\8.1\Windows Performance Toolkit\;C:\Program Files\Microsoft SQL Server\110\Tools\Binn\;C:\Program Files (x86)\Microsoft SDKs\TypeScript\1.0\;C:\Program Files (x86)\QuickTime\QTSystem\;C:\Program Files\jEdit;C:\Program Files (x86)\Rational\common;C:\Program Files\MiKTeX 2.9\miktex\bin\x64\;C:\Program Files\MATLAB(Campus)\R2014a\bin;C:\Program Files\MATLAB\R2014a\bin;c:\Program Files (x86)\Microsoft SQL Server\100\Tools\Binn\;c:\Program Files\Microsoft SQL Server\100\Tools\Binn\;c:\Program Files\Microsoft SQL Server\100\DTS\Binn\;M:\SOIProfile\My Documents\Groovy\Groovy-2.3.6\bin;C:\Users\kegara\Documents\grails-2.3.11\grails-2.3.11\bin
USERNAME=kegara
OS=Windows_NT
PROCESSOR_IDENTIFIER=Intel64 Family 6 Model 62 Stepping 4, GenuineIntel



---------------  S Y S T E M  ---------------

OS: Windows 8.1 , 64 bit Build 9600 

CPU:total 8 (4 cores per cpu, 2 threads per core) family 6 model 62 stepping 4, cmov, cx8, fxsr, mmx, sse, sse2, sse3, ssse3, sse4.1, sse4.2, popcnt, avx, aes, clmul, erms, ht, tsc, tscinvbit

Memory: 4k page, physical 16699200k(11604752k free), swap 19189568k(13606344k free)

vm_info: Java HotSpot(TM) 64-Bit Server VM (25.11-b03) for windows-amd64 JRE (1.8.0_11-b12), built on Jun 16 2014 20:57:32 by "java_re" with MS VC++ 10.0 (VS2010)

time: Fri Jan 16 03:21:03 2015
elapsed time: 17 seconds

