#
# A fatal error has been detected by the Java Runtime Environment:
#
#  EXCEPTION_ACCESS_VIOLATION (0xc0000005) at pc=0x000000006b8d4db2, pid=4320, tid=7056
#
# JRE version: Java(TM) SE Runtime Environment (8.0_11-b12) (build 1.8.0_11-b12)
# Java VM: Java HotSpot(TM) 64-Bit Server VM (25.11-b03 mixed mode windows-amd64 compressed oops)
# Problematic frame:
# V  [jvm.dll+0x424db2]
#
# Failed to write core dump. Minidumps are not enabled by default on client versions of Windows
#
# If you would like to submit a bug report, please visit:
#   http://bugreport.sun.com/bugreport/crash.jsp
#

---------------  T H R E A D  ---------------

Current thread (0x00000000163dd000):  JavaThread "C2 CompilerThread1" daemon [_thread_in_native, id=7056, stack(0x0000000016980000,0x0000000016a80000)]

siginfo: ExceptionCode=0xc0000005, reading address 0x0000000000000000

Registers:
RAX=0x0000000016f66ca8, RBX=0x0000000000000600, RCX=0x0000000000000000, RDX=0x0000000016f625a0
RSP=0x0000000016a7bf30, RBP=0x00000000000000c0, RSI=0x00000000000000b8, RDI=0x0000000000000000
R8 =0x000000006b4b0000, R9 =0x0000000016a7c250, R10=0x00000000ffffffff, R11=0x0000000016424870
R12=0x0000000016f673b0, R13=0x000000001e811f08, R14=0x0000000000000008, R15=0x000000001e811f08
RIP=0x000000006b8d4db2, EFLAGS=0x0000000000010206

Top of Stack: (sp=0x0000000016a7bf30)
0x0000000016a7bf30:   00000000000000da 00000000000000b0
0x0000000016a7bf40:   000000000000000a 0000000019f1b6e0
0x0000000016a7bf50:   0000000000000001 0000000000000600
0x0000000016a7bf60:   0000000000000180 00000000000000c0
0x0000000016a7bf70:   00000000165d9870 00000000163e4770
0x0000000016a7bf80:   0000000000000768 0000000019c48a20
0x0000000016a7bf90:   0000000016a7c250 0000000016f63d40
0x0000000016a7bfa0:   0000000000000020 0000000000000009
0x0000000016a7bfb0:   0000000016f67380 00000000000000da
0x0000000016a7bfc0:   000000001e811f08 000000006b8d598d
0x0000000016a7bfd0:   0000000016f67380 000000000000001c
0x0000000016a7bfe0:   00000000000000da 0000000016a7c250
0x0000000016a7bff0:   0000000016f625a0 00000000000000da
0x0000000016a7c000:   0000000016f63d40 0000000000000020
0x0000000016a7c010:   0000000018d1b460 0000000016a7e5c0
0x0000000016a7c020:   0000000018d1ba90 0000000016f67380 

Instructions: (pc=0x000000006b8d4db2)
0x000000006b8d4d92:   c6 48 63 f0 48 03 f1 eb 04 48 83 ce ff 48 8b 84
0x000000006b8d4da2:   24 a0 00 00 00 48 8b 40 08 48 8b 3c 03 48 8b cf
0x000000006b8d4db2:   48 8b 07 ff 50 28 4c 8d 05 41 b2 bd ff 48 63 50
0x000000006b8d4dc2:   10 4c 8b d8 48 8b ca 48 c1 e1 05 42 80 bc 01 c0 


Register to memory mapping:

RAX=0x0000000016f66ca8 is an unknown value
RBX=0x0000000000000600 is an unknown value
RCX=0x0000000000000000 is an unknown value
RDX=0x0000000016f625a0 is an unknown value
RSP=0x0000000016a7bf30 is pointing into the stack for thread: 0x00000000163dd000
RBP=0x00000000000000c0 is an unknown value
RSI=0x00000000000000b8 is an unknown value
RDI=0x0000000000000000 is an unknown value
R8 =0x000000006b4b0000 is an unknown value
R9 =0x0000000016a7c250 is pointing into the stack for thread: 0x00000000163dd000
R10=0x00000000ffffffff is an unknown value
R11=0x0000000016424870 is an unknown value
R12=0x0000000016f673b0 is an unknown value
R13=0x000000001e811f08 is an unknown value
R14=0x0000000000000008 is an unknown value
R15=0x000000001e811f08 is an unknown value


Stack: [0x0000000016980000,0x0000000016a80000],  sp=0x0000000016a7bf30,  free space=1007k
Native frames: (J=compiled Java code, j=interpreted, Vv=VM code, C=native code)
V  [jvm.dll+0x424db2]
V  [jvm.dll+0x42598d]
V  [jvm.dll+0x425ecf]
V  [jvm.dll+0x4c5a84]
V  [jvm.dll+0x4415bc]
V  [jvm.dll+0x443a29]
V  [jvm.dll+0x427722]
V  [jvm.dll+0x96982]
V  [jvm.dll+0x97173]
V  [jvm.dll+0x2234b4]
V  [jvm.dll+0x27bcca]
C  [msvcr100.dll+0x21d9f]
C  [msvcr100.dll+0x21e3b]
C  [KERNEL32.DLL+0x16ad]
C  [ntdll.dll+0x734a5]


Current CompileTask:
C2:  22758 7344       4       groovy.lang.MetaClassImpl::findPropertyMethod (356 bytes)


---------------  P R O C E S S  ---------------

Java Threads: ( => current thread )
  0x00000000195db800 JavaThread "com.zola.gym.Role.data" daemon [_thread_blocked, id=5604, stack(0x000000001be80000,0x000000001bf80000)]
  0x00000000195da000 JavaThread "net.sf.ehcache.CacheManager@22c73e28" daemon [_thread_blocked, id=6088, stack(0x000000001fca0000,0x000000001fda0000)]
  0x00000000195d9800 JavaThread "PoolCleaner[600474415:1421381323338]" daemon [_thread_blocked, id=6840, stack(0x0000000020210000,0x0000000020310000)]
  0x0000000019b33800 JavaThread "FileSystemWatcher: files=#561 cl=groovy.lang.GroovyClassLoader@23ca832f" daemon [_thread_in_native, id=6352, stack(0x000000001c010000,0x000000001c110000)]
  0x000000001a04b000 JavaThread "Thread-4" daemon [_thread_in_native, id=4900, stack(0x000000001bb80000,0x000000001bc80000)]
  0x0000000019b40000 JavaThread "localhost-startStop-1" daemon [_thread_in_Java, id=3408, stack(0x000000001ba80000,0x000000001bb80000)]
  0x0000000019b3a000 JavaThread "Tomcat-startStop-1" daemon [_thread_blocked, id=4676, stack(0x000000001a5b0000,0x000000001a6b0000)]
  0x00000000192e5800 JavaThread "Thread-3" [_thread_in_native, id=6476, stack(0x0000000017d50000,0x0000000017e50000)]
  0x000000001885e000 JavaThread "Thread-2" [_thread_blocked, id=4992, stack(0x000000001a050000,0x000000001a150000)]
  0x00000000173c9800 JavaThread "NonBlockingInputStreamThread" daemon [_thread_blocked, id=6020, stack(0x0000000017a50000,0x0000000017b50000)]
  0x0000000016545800 JavaThread "Service Thread" daemon [_thread_blocked, id=4544, stack(0x0000000016c80000,0x0000000016d80000)]
  0x00000000163de800 JavaThread "C1 CompilerThread3" daemon [_thread_blocked, id=5548, stack(0x0000000016b80000,0x0000000016c80000)]
  0x00000000163de000 JavaThread "C2 CompilerThread2" daemon [_thread_in_native, id=6732, stack(0x0000000016a80000,0x0000000016b80000)]
=>0x00000000163dd000 JavaThread "C2 CompilerThread1" daemon [_thread_in_native, id=7056, stack(0x0000000016980000,0x0000000016a80000)]
  0x00000000163f0000 JavaThread "C2 CompilerThread0" daemon [_thread_in_native, id=2816, stack(0x0000000016880000,0x0000000016980000)]
  0x00000000162ad000 JavaThread "Attach Listener" daemon [_thread_blocked, id=6848, stack(0x0000000016780000,0x0000000016880000)]
  0x00000000162ac800 JavaThread "Signal Dispatcher" daemon [_thread_blocked, id=1148, stack(0x0000000016680000,0x0000000016780000)]
  0x00000000142ac000 JavaThread "Finalizer" daemon [_thread_blocked, id=4304, stack(0x0000000016180000,0x0000000016280000)]
  0x00000000142ab000 JavaThread "Reference Handler" daemon [_thread_blocked, id=4424, stack(0x0000000016080000,0x0000000016180000)]
  0x0000000001ff5000 JavaThread "main" [_thread_blocked, id=4792, stack(0x0000000001c90000,0x0000000001d90000)]

Other Threads:
  0x00000000142a7000 VMThread [stack: 0x0000000015f80000,0x0000000016080000] [id=4176]
  0x0000000016546800 WatcherThread [stack: 0x0000000016d80000,0x0000000016e80000] [id=7060]

VM state:not at safepoint (normal execution)

VM Mutex/Monitor currently owned by a thread: None

Heap:
 PSYoungGen      total 178688K, used 111313K [0x00000000f0000000, 0x0000000100000000, 0x0000000100000000)
  eden space 118784K, 43% used [0x00000000f0000000,0x00000000f329a508,0x00000000f7400000)
  from space 59904K, 99% used [0x00000000f7400000,0x00000000fae1a208,0x00000000fae80000)
  to   space 76800K, 0% used [0x00000000fb500000,0x00000000fb500000,0x0000000100000000)
 ParOldGen       total 131584K, used 114747K [0x00000000d0000000, 0x00000000d8080000, 0x00000000f0000000)
  object space 131584K, 87% used [0x00000000d0000000,0x00000000d700edf0,0x00000000d8080000)
 Metaspace       used 74416K, capacity 76900K, committed 77024K, reserved 1118208K
  class space    used 7312K, capacity 8095K, committed 8192K, reserved 1048576K

Card table byte_map: [0x00000000114b0000,0x0000000011640000] byte_map_base: 0x0000000010e30000

Marking Bits: (ParMarkBitMap*) 0x000000006bc612b0
 Begin Bits: [0x0000000011f40000, 0x0000000012b40000)
 End Bits:   [0x0000000012b40000, 0x0000000013740000)

Polling page: 0x0000000001da0000

CodeCache: size=245760Kb used=26666Kb max_used=26666Kb free=219093Kb
 bounds [0x00000000020f0000, 0x0000000003b20000, 0x00000000110f0000]
 total_blobs=6903 nmethods=6160 adapters=653
 compilation: enabled

Compilation events (10 events):
Event: 22.703 Thread 0x00000000163de800 7350       1       org.codehaus.groovy.runtime.metaclass.ClosureMetaMethod$AnonymousMetaMethod::getName (5 bytes)
Event: 22.703 Thread 0x00000000163de800 nmethod 7350 0x0000000003526290 code [0x00000000035263e0, 0x00000000035264f0]
Event: 22.704 Thread 0x00000000163de800 7351   !   3       groovy.lang.MetaClassImpl::invokeStaticMethod (318 bytes)
Event: 22.705 Thread 0x00000000163dd000 nmethod 7349 0x0000000003b0e0d0 code [0x0000000003b0e240, 0x0000000003b0e478]
Event: 22.705 Thread 0x00000000163dd000 7340       4       org.codehaus.groovy.runtime.metaclass.MetaMethodIndex::findMatchingMethod (51 bytes)
Event: 22.705 Thread 0x00000000163de800 nmethod 7351 0x0000000003b14850 code [0x0000000003b14c20, 0x0000000003b16ec8]
Event: 22.706 Thread 0x00000000163de800 7352       3       groovy.lang.GroovyObjectSupport::getProperty (12 bytes)
Event: 22.706 Thread 0x00000000163de800 nmethod 7352 0x0000000003aff590 code [0x0000000003aff700, 0x0000000003aff9d8]
Event: 22.709 Thread 0x00000000163dd000 nmethod 7340 0x0000000003afef10 code [0x0000000003aff060, 0x0000000003aff298]
Event: 22.709 Thread 0x00000000163dd000 7344       4       groovy.lang.MetaClassImpl::findPropertyMethod (356 bytes)

GC Heap History (10 events):
Event: 18.885 GC heap before
{Heap before GC invocations=77 (full 8):
 PSYoungGen      total 179712K, used 44445K [0x00000000f0000000, 0x0000000100000000, 0x0000000100000000)
  eden space 135168K, 0% used [0x00000000f0000000,0x00000000f0000000,0x00000000f8400000)
  from space 44544K, 99% used [0x00000000f8400000,0x00000000faf67468,0x00000000faf80000)
  to   space 65024K, 0% used [0x00000000fc080000,0x00000000fc080000,0x0000000100000000)
 ParOldGen       total 112640K, used 104371K [0x00000000d0000000, 0x00000000d6e00000, 0x00000000f0000000)
  object space 112640K, 92% used [0x00000000d0000000,0x00000000d65ecd90,0x00000000d6e00000)
 Metaspace       used 67789K, capacity 69276K, committed 69728K, reserved 1112064K
  class space    used 6703K, capacity 7179K, committed 7296K, reserved 1048576K
Event: 19.373 GC heap after
Heap after GC invocations=77 (full 8):
 PSYoungGen      total 179712K, used 35690K [0x00000000f0000000, 0x0000000100000000, 0x0000000100000000)
  eden space 135168K, 0% used [0x00000000f0000000,0x00000000f0000000,0x00000000f8400000)
  from space 44544K, 80% used [0x00000000f8400000,0x00000000fa6daa78,0x00000000faf80000)
  to   space 65024K, 0% used [0x00000000fc080000,0x00000000fc080000,0x0000000100000000)
 ParOldGen       total 131584K, used 112198K [0x00000000d0000000, 0x00000000d8080000, 0x00000000f0000000)
  object space 131584K, 85% used [0x00000000d0000000,0x00000000d6d91ac8,0x00000000d8080000)
 Metaspace       used 67789K, capacity 69276K, committed 69728K, reserved 1112064K
  class space    used 6703K, capacity 7179K, committed 7296K, reserved 1048576K
}
Event: 19.823 GC heap before
{Heap before GC invocations=78 (full 8):
 PSYoungGen      total 179712K, used 170858K [0x00000000f0000000, 0x0000000100000000, 0x0000000100000000)
  eden space 135168K, 100% used [0x00000000f0000000,0x00000000f8400000,0x00000000f8400000)
  from space 44544K, 80% used [0x00000000f8400000,0x00000000fa6daa78,0x00000000faf80000)
  to   space 65024K, 0% used [0x00000000fc080000,0x00000000fc080000,0x0000000100000000)
 ParOldGen       total 131584K, used 112198K [0x00000000d0000000, 0x00000000d8080000, 0x00000000f0000000)
  object space 131584K, 85% used [0x00000000d0000000,0x00000000d6d91ac8,0x00000000d8080000)
 Metaspace       used 69097K, capacity 70650K, committed 70752K, reserved 1112064K
  class space    used 6801K, capacity 7287K, committed 7296K, reserved 1048576K
Event: 19.856 GC heap after
Heap after GC invocations=78 (full 8):
 PSYoungGen      total 197120K, used 42034K [0x00000000f0000000, 0x0000000100000000, 0x0000000100000000)
  eden space 132096K, 0% used [0x00000000f0000000,0x00000000f0000000,0x00000000f8100000)
  from space 65024K, 64% used [0x00000000fc080000,0x00000000fe98cb40,0x0000000100000000)
  to   space 65024K, 0% used [0x00000000f8100000,0x00000000f8100000,0x00000000fc080000)
 ParOldGen       total 131584K, used 113080K [0x00000000d0000000, 0x00000000d8080000, 0x00000000f0000000)
  object space 131584K, 85% used [0x00000000d0000000,0x00000000d6e6e1d8,0x00000000d8080000)
 Metaspace       used 69097K, capacity 70650K, committed 70752K, reserved 1112064K
  class space    used 6801K, capacity 7287K, committed 7296K, reserved 1048576K
}
Event: 20.539 GC heap before
{Heap before GC invocations=79 (full 8):
 PSYoungGen      total 197120K, used 174130K [0x00000000f0000000, 0x0000000100000000, 0x0000000100000000)
  eden space 132096K, 100% used [0x00000000f0000000,0x00000000f8100000,0x00000000f8100000)
  from space 65024K, 64% used [0x00000000fc080000,0x00000000fe98cb40,0x0000000100000000)
  to   space 65024K, 0% used [0x00000000f8100000,0x00000000f8100000,0x00000000fc080000)
 ParOldGen       total 131584K, used 113080K [0x00000000d0000000, 0x00000000d8080000, 0x00000000f0000000)
  object space 131584K, 85% used [0x00000000d0000000,0x00000000d6e6e1d8,0x00000000d8080000)
 Metaspace       used 70436K, capacity 72108K, committed 72288K, reserved 1114112K
  class space    used 6906K, capacity 7451K, committed 7552K, reserved 1048576K
Event: 20.559 GC heap after
Heap after GC invocations=79 (full 8):
 PSYoungGen      total 179712K, used 47264K [0x00000000f0000000, 0x0000000100000000, 0x0000000100000000)
  eden space 132096K, 0% used [0x00000000f0000000,0x00000000f0000000,0x00000000f8100000)
  from space 47616K, 99% used [0x00000000f8100000,0x00000000faf281a0,0x00000000faf80000)
  to   space 67072K, 0% used [0x00000000fbe80000,0x00000000fbe80000,0x0000000100000000)
 ParOldGen       total 131584K, used 114059K [0x00000000d0000000, 0x00000000d8080000, 0x00000000f0000000)
  object space 131584K, 86% used [0x00000000d0000000,0x00000000d6f62ea8,0x00000000d8080000)
 Metaspace       used 70436K, capacity 72108K, committed 72288K, reserved 1114112K
  class space    used 6906K, capacity 7451K, committed 7552K, reserved 1048576K
}
Event: 21.172 GC heap before
{Heap before GC invocations=80 (full 8):
 PSYoungGen      total 179712K, used 179360K [0x00000000f0000000, 0x0000000100000000, 0x0000000100000000)
  eden space 132096K, 100% used [0x00000000f0000000,0x00000000f8100000,0x00000000f8100000)
  from space 47616K, 99% used [0x00000000f8100000,0x00000000faf281a0,0x00000000faf80000)
  to   space 67072K, 0% used [0x00000000fbe80000,0x00000000fbe80000,0x0000000100000000)
 ParOldGen       total 131584K, used 114059K [0x00000000d0000000, 0x00000000d8080000, 0x00000000f0000000)
  object space 131584K, 86% used [0x00000000d0000000,0x00000000d6f62ea8,0x00000000d8080000)
 Metaspace       used 72950K, capacity 74960K, committed 75104K, reserved 1116160K
  class space    used 7125K, capacity 7746K, committed 7808K, reserved 1048576K
Event: 21.199 GC heap after
Heap after GC invocations=80 (full 8):
 PSYoungGen      total 185856K, used 55979K [0x00000000f0000000, 0x0000000100000000, 0x0000000100000000)
  eden space 118784K, 0% used [0x00000000f0000000,0x00000000f0000000,0x00000000f7400000)
  from space 67072K, 83% used [0x00000000fbe80000,0x00000000ff52ac70,0x0000000100000000)
  to   space 71680K, 0% used [0x00000000f7400000,0x00000000f7400000,0x00000000fba00000)
 ParOldGen       total 131584K, used 114531K [0x00000000d0000000, 0x00000000d8080000, 0x00000000f0000000)
  object space 131584K, 87% used [0x00000000d0000000,0x00000000d6fd8df0,0x00000000d8080000)
 Metaspace       used 72950K, capacity 74960K, committed 75104K, reserved 1116160K
  class space    used 7125K, capacity 7746K, committed 7808K, reserved 1048576K
}
Event: 22.410 GC heap before
{Heap before GC invocations=81 (full 8):
 PSYoungGen      total 185856K, used 174763K [0x00000000f0000000, 0x0000000100000000, 0x0000000100000000)
  eden space 118784K, 100% used [0x00000000f0000000,0x00000000f7400000,0x00000000f7400000)
  from space 67072K, 83% used [0x00000000fbe80000,0x00000000ff52ac70,0x0000000100000000)
  to   space 71680K, 0% used [0x00000000f7400000,0x00000000f7400000,0x00000000fba00000)
 ParOldGen       total 131584K, used 114531K [0x00000000d0000000, 0x00000000d8080000, 0x00000000f0000000)
  object space 131584K, 87% used [0x00000000d0000000,0x00000000d6fd8df0,0x00000000d8080000)
 Metaspace       used 74226K, capacity 76596K, committed 76640K, reserved 1118208K
  class space    used 7278K, capacity 8063K, committed 8064K, reserved 1048576K
Event: 22.435 GC heap after
Heap after GC invocations=81 (full 8):
 PSYoungGen      total 178688K, used 59496K [0x00000000f0000000, 0x0000000100000000, 0x0000000100000000)
  eden space 118784K, 0% used [0x00000000f0000000,0x00000000f0000000,0x00000000f7400000)
  from space 59904K, 99% used [0x00000000f7400000,0x00000000fae1a208,0x00000000fae80000)
  to   space 76800K, 0% used [0x00000000fb500000,0x00000000fb500000,0x0000000100000000)
 ParOldGen       total 131584K, used 114747K [0x00000000d0000000, 0x00000000d8080000, 0x00000000f0000000)
  object space 131584K, 87% used [0x00000000d0000000,0x00000000d700edf0,0x00000000d8080000)
 Metaspace       used 74226K, capacity 76596K, committed 76640K, reserved 1118208K
  class space    used 7278K, capacity 8063K, committed 8064K, reserved 1048576K
}

Deoptimization events (10 events):
Event: 21.341 Thread 0x0000000019b40000 Uncommon trap: reason=bimorphic action=maybe_recompile pc=0x000000000396ab20 method=java.util.regex.Pattern$GroupTail.match(Ljava/util/regex/Matcher;ILjava/lang/CharSequence;)Z @ 70
Event: 21.341 Thread 0x0000000019b40000 Uncommon trap: reason=bimorphic action=maybe_recompile pc=0x000000000396ab20 method=java.util.regex.Pattern$GroupTail.match(Ljava/util/regex/Matcher;ILjava/lang/CharSequence;)Z @ 70
Event: 22.126 Thread 0x0000000019b40000 Uncommon trap: reason=bimorphic action=maybe_recompile pc=0x00000000029d9a4c method=groovy.lang.MetaClassImpl.chooseMethodInternal(Ljava/lang/String;Ljava/lang/Object;[Ljava/lang/Class;)Ljava/lang/Object; @ 12
Event: 22.126 Thread 0x0000000019b40000 Uncommon trap: reason=class_check action=maybe_recompile pc=0x000000000342686c method=org.codehaus.groovy.runtime.typehandling.DefaultTypeTransformation.compareToWithEqualityCheck(Ljava/lang/Object;Ljava/lang/Object;Z)I @ 73
Event: 22.126 Thread 0x0000000019b40000 Uncommon trap: reason=null_check action=make_not_entrant pc=0x000000000397b2bc method=org.codehaus.groovy.runtime.typehandling.DefaultTypeTransformation.castToType(Ljava/lang/Object;Ljava/lang/Class;)Ljava/lang/Object; @ 340
Event: 22.141 Thread 0x0000000019b40000 Uncommon trap: reason=class_check action=maybe_recompile pc=0x000000000342686c method=org.codehaus.groovy.runtime.typehandling.DefaultTypeTransformation.compareToWithEqualityCheck(Ljava/lang/Object;Ljava/lang/Object;Z)I @ 73
Event: 22.159 Thread 0x0000000019b40000 Uncommon trap: reason=bimorphic action=maybe_recompile pc=0x00000000029d9a4c method=groovy.lang.MetaClassImpl.chooseMethodInternal(Ljava/lang/String;Ljava/lang/Object;[Ljava/lang/Class;)Ljava/lang/Object; @ 12
Event: 22.195 Thread 0x0000000019b40000 Uncommon trap: reason=class_check action=maybe_recompile pc=0x000000000342686c method=org.codehaus.groovy.runtime.typehandling.DefaultTypeTransformation.compareToWithEqualityCheck(Ljava/lang/Object;Ljava/lang/Object;Z)I @ 73
Event: 22.199 Thread 0x0000000019b40000 Uncommon trap: reason=class_check action=maybe_recompile pc=0x0000000003426858 method=org.codehaus.groovy.runtime.typehandling.DefaultTypeTransformation.compareToWithEqualityCheck(Ljava/lang/Object;Ljava/lang/Object;Z)I @ 66
Event: 22.204 Thread 0x0000000019b40000 Uncommon trap: reason=class_check action=maybe_recompile pc=0x0000000003426858 method=org.codehaus.groovy.runtime.typehandling.DefaultTypeTransformation.compareToWithEqualityCheck(Ljava/lang/Object;Ljava/lang/Object;Z)I @ 66

Internal exceptions (10 events):
Event: 22.738 Thread 0x0000000019b40000 Exception <a 'java/security/PrivilegedActionException'> (0x00000000f2f60f18) thrown at [C:\re\workspace\8-2-build-windows-amd64-cygwin\jdk8u11\648\hotspot\src\share\vm\prims\jvm.cpp, line 1248]
Event: 22.738 Thread 0x0000000019b40000 Exception <a 'java/security/PrivilegedActionException'> (0x00000000f2f66ca8) thrown at [C:\re\workspace\8-2-build-windows-amd64-cygwin\jdk8u11\648\hotspot\src\share\vm\prims\jvm.cpp, line 1248]
Event: 22.738 Thread 0x0000000019b40000 Exception <a 'java/security/PrivilegedActionException'> (0x00000000f2f7dcf0) thrown at [C:\re\workspace\8-2-build-windows-amd64-cygwin\jdk8u11\648\hotspot\src\share\vm\prims\jvm.cpp, line 1248]
Event: 22.738 Thread 0x0000000019b40000 Exception <a 'java/security/PrivilegedActionException'> (0x00000000f2f9af58) thrown at [C:\re\workspace\8-2-build-windows-amd64-cygwin\jdk8u11\648\hotspot\src\share\vm\prims\jvm.cpp, line 1248]
Event: 22.739 Thread 0x0000000019b40000 Exception <a 'java/security/PrivilegedActionException'> (0x00000000f2fa0ce8) thrown at [C:\re\workspace\8-2-build-windows-amd64-cygwin\jdk8u11\648\hotspot\src\share\vm\prims\jvm.cpp, line 1248]
Event: 22.739 Thread 0x0000000019b40000 Exception <a 'java/security/PrivilegedActionException'> (0x00000000f2fb7d30) thrown at [C:\re\workspace\8-2-build-windows-amd64-cygwin\jdk8u11\648\hotspot\src\share\vm\prims\jvm.cpp, line 1248]
Event: 22.739 Thread 0x0000000019b40000 Exception <a 'java/security/PrivilegedActionException'> (0x00000000f2feafd0) thrown at [C:\re\workspace\8-2-build-windows-amd64-cygwin\jdk8u11\648\hotspot\src\share\vm\prims\jvm.cpp, line 1248]
Event: 22.739 Thread 0x0000000019b40000 Exception <a 'java/lang/ClassNotFoundException': org/codehaus/groovy/grails/plugins/web/ServletsGrailsPluginSupport$_enhanceServletApi_closure4Customizer> (0x00000000f2febaa0) thrown at [C:\re\workspace\8-2-build-windows-amd64-cygwin\jdk8u11\648\hotspot\srUªª¹v½6@
Event: 22.740 Thread 0x0000000019b40000 Exception <a 'java/security/PrivilegedActionException'> (0x00000000f2ff7aa0) thrown at [C:\re\workspace\8-2-build-windows-amd64-cygwin\jdk8u11\648\hotspot\src\share\vm\prims\jvm.cpp, line 1248]
Event: 22.740 Thread 0x0000000019b40000 Exception <a 'java/security/PrivilegedActionException'> (0x00000000f2ffbb88) thrown at [C:\re\workspace\8-2-build-windows-amd64-cygwin\jdk8u11\648\hotspot\src\share\vm\prims\jvm.cpp, line 1248]

Events (10 events):
Event: 22.737 loading class org/codehaus/groovy/grails/plugins/web/ServletsGrailsPluginSupport$_enhanceServletApi_closure4BeanInfo
Event: 22.737 loading class org/codehaus/groovy/grails/plugins/web/ServletsGrailsPluginSupport$_enhanceServletApi_closure4BeanInfo done
Event: 22.738 loading class org/codehaus/groovy/grails/plugins/web/ServletsGrailsPluginSupport$_enhanceServletApi_closure4Customizer
Event: 22.738 loading class org/codehaus/groovy/grails/plugins/web/ServletsGrailsPluginSupport$_enhanceServletApi_closure4Customizer done
Event: 22.738 loading class org/codehaus/groovy/grails/plugins/web/ServletsGrailsPluginSupport$_enhanceServletApi_closure4Customizer
Event: 22.738 loading class org/codehaus/groovy/grails/plugins/web/ServletsGrailsPluginSupport$_enhanceServletApi_closure4Customizer done
Event: 22.739 loading class org/codehaus/groovy/grails/plugins/web/ServletsGrailsPluginSupport$_enhanceServletApi_closure4Customizer
Event: 22.739 loading class org/codehaus/groovy/grails/plugins/web/ServletsGrailsPluginSupport$_enhanceServletApi_closure4Customizer done
Event: 22.740 loading class groovy/runtime/metaclass/javax/servlet/ServletContextMetaClass
Event: 22.740 loading class groovy/runtime/metaclass/javax/servlet/ServletContextMetaClass done


Dynamic libraries:
0x00007ff737ac0000 - 0x00007ff737af4000 	C:\Program Files\Java\jdk1.8.0_11\bin\java.exe
0x00007ff8a1d20000 - 0x00007ff8a1eca000 	C:\Windows\SYSTEM32\ntdll.dll
0x00007ff89f710000 - 0x00007ff89f84a000 	C:\Windows\system32\KERNEL32.DLL
0x00007ff89f1b0000 - 0x00007ff89f2bf000 	C:\Windows\system32\KERNELBASE.dll
0x00007ff89cad0000 - 0x00007ff89cb58000 	C:\Windows\system32\apphelp.dll
0x00007ff892990000 - 0x00007ff8929df000 	C:\Windows\AppPatch\AppPatch64\AcGenral.DLL
0x00007ff89fc50000 - 0x00007ff89fcf7000 	C:\Windows\system32\msvcrt.dll
0x00007ff89ef40000 - 0x00007ff89ef6b000 	C:\Windows\SYSTEM32\SspiCli.dll
0x00007ff8a0150000 - 0x00007ff8a01a1000 	C:\Windows\system32\SHLWAPI.dll
0x00007ff89f850000 - 0x00007ff89f9c1000 	C:\Windows\system32\USER32.dll
0x00007ff89fa30000 - 0x00007ff89fba8000 	C:\Windows\system32\ole32.dll
0x00007ff8a0900000 - 0x00007ff8a1d20000 	C:\Windows\system32\SHELL32.dll
0x00007ff89e700000 - 0x00007ff89e71e000 	C:\Windows\SYSTEM32\USERENV.dll
0x00007ff8a0850000 - 0x00007ff8a08f5000 	C:\Windows\system32\ADVAPI32.dll
0x00007ff8985f0000 - 0x00007ff89860b000 	C:\Windows\SYSTEM32\MPR.dll
0x00007ff8a05c0000 - 0x00007ff8a06f7000 	C:\Windows\system32\RPCRT4.dll
0x00007ff89fbb0000 - 0x00007ff89fc07000 	C:\Windows\SYSTEM32\sechost.dll
0x00007ff8a01b0000 - 0x00007ff8a0386000 	C:\Windows\SYSTEM32\combase.dll
0x00007ff8a0700000 - 0x00007ff8a0844000 	C:\Windows\system32\GDI32.dll
0x00007ff89f090000 - 0x00007ff89f0a4000 	C:\Windows\SYSTEM32\profapi.dll
0x00007ff89dc90000 - 0x00007ff89dd2f000 	C:\Windows\SYSTEM32\SHCORE.dll
0x00007ff8a0390000 - 0x00007ff8a03c4000 	C:\Windows\system32\IMM32.DLL
0x00007ff89fd00000 - 0x00007ff89fe39000 	C:\Windows\system32\MSCTF.dll
0x00007ff89d5d0000 - 0x00007ff89d82a000 	C:\Windows\WinSxS\amd64_microsoft.windows.common-controls_6595b64144ccf1df_6.0.9600.17031_none_6242a4b3ecbb55a1\COMCTL32.dll
0x000000006c230000 - 0x000000006c302000 	C:\Program Files\Java\jdk1.8.0_11\jre\bin\msvcr100.dll
0x000000006b4b0000 - 0x000000006bcda000 	C:\Program Files\Java\jdk1.8.0_11\jre\bin\server\jvm.dll
0x00007ff897790000 - 0x00007ff897799000 	C:\Windows\SYSTEM32\WSOCK32.dll
0x00007ff89d830000 - 0x00007ff89d84f000 	C:\Windows\SYSTEM32\WINMM.dll
0x00007ff8a03d0000 - 0x00007ff8a03d7000 	C:\Windows\system32\PSAPI.DLL
0x00007ff89f6b0000 - 0x00007ff89f708000 	C:\Windows\system32\WS2_32.dll
0x00007ff89d570000 - 0x00007ff89d59a000 	C:\Windows\SYSTEM32\WINMMBASE.dll
0x00007ff89fc10000 - 0x00007ff89fc19000 	C:\Windows\system32\NSI.dll
0x00007ff89f2c0000 - 0x00007ff89f30a000 	C:\Windows\SYSTEM32\cfgmgr32.dll
0x00007ff89df20000 - 0x00007ff89df46000 	C:\Windows\SYSTEM32\DEVOBJ.dll
0x000000006c1e0000 - 0x000000006c1ef000 	C:\Program Files\Java\jdk1.8.0_11\jre\bin\verify.dll
0x000000006c1b0000 - 0x000000006c1d8000 	C:\Program Files\Java\jdk1.8.0_11\jre\bin\java.dll
0x000000006be70000 - 0x000000006be93000 	C:\Program Files\Java\jdk1.8.0_11\jre\bin\instrument.dll
0x000000006c190000 - 0x000000006c1a6000 	C:\Program Files\Java\jdk1.8.0_11\jre\bin\zip.dll
0x00007ff89e9d0000 - 0x00007ff89e9ee000 	C:\Windows\SYSTEM32\CRYPTSP.dll
0x00007ff89e5f0000 - 0x00007ff89e625000 	C:\Windows\system32\rsaenh.dll
0x00007ff89ec50000 - 0x00007ff89ec76000 	C:\Windows\SYSTEM32\bcrypt.dll
0x00007ff89ef70000 - 0x00007ff89efd0000 	C:\Windows\system32\bcryptprimitives.dll
0x00007ff89efd0000 - 0x00007ff89efda000 	C:\Windows\SYSTEM32\CRYPTBASE.dll
0x000000006c170000 - 0x000000006c18a000 	C:\Program Files\Java\jdk1.8.0_11\jre\bin\net.dll
0x00007ff89e950000 - 0x00007ff89e9a8000 	C:\Windows\system32\mswsock.dll
0x00007ff899310000 - 0x00007ff899339000 	C:\Windows\SYSTEM32\IPHLPAPI.DLL
0x00007ff8992e0000 - 0x00007ff8992ea000 	C:\Windows\SYSTEM32\WINNSI.DLL
0x00007ff8991b0000 - 0x00007ff8991c4000 	C:\Windows\SYSTEM32\dhcpcsvc6.DLL
0x00007ff899130000 - 0x00007ff899149000 	C:\Windows\SYSTEM32\dhcpcsvc.DLL
0x000000006c150000 - 0x000000006c161000 	C:\Program Files\Java\jdk1.8.0_11\jre\bin\nio.dll
0x00007ff899d60000 - 0x00007ff899d6a000 	C:\Users\kegara\AppData\Local\Temp\jansi-64-6031194093982186755.dll
0x000000006bf00000 - 0x000000006bf0d000 	C:\Program Files\Java\jdk1.8.0_11\jre\bin\management.dll
0x00007ff896330000 - 0x00007ff896344000 	C:\Windows\system32\napinsp.dll
0x00007ff8962d0000 - 0x00007ff8962e9000 	C:\Windows\system32\pnrpnsp.dll
0x00007ff89a220000 - 0x00007ff89a239000 	C:\Windows\system32\NLAapi.dll
0x00007ff89e760000 - 0x00007ff89e803000 	C:\Windows\SYSTEM32\DNSAPI.dll
0x00007ff896260000 - 0x00007ff89626c000 	C:\Windows\System32\winrnr.dll
0x00007ff896fb0000 - 0x00007ff896fb9000 	C:\Windows\System32\rasadhlp.dll
0x00007ff899070000 - 0x00007ff8990d8000 	C:\Windows\System32\fwpuclnt.dll
0x00007ff8965a0000 - 0x00007ff896728000 	C:\Windows\SYSTEM32\dbghelp.dll

VM Arguments:
jvm_args: -Dfile.encoding=UTF-8 -Xmx768M -Xms64M -Dgrails.fork.parent.process.port=4274 -Dgrails.fork.active=true -Dgrails.build.execution.context=C:\Users\kegara\AppData\Local\Temp\GymApp5796794083223374130grails-execution-context -Dgrails.home=C:\Users\kegara\Documents\grails-2.3.11\grails-2.3.11 -javaagent:C:\Users\kegara\Documents\grails-2.3.11\grails-2.3.11\lib\org.springframework\springloaded\jars\springloaded-1.2.0.RELEASE.jar -Xverify:none -Dspringloaded.synchronize=true -Djdk.reflect.allowGetCallerClass=true -Dspringloaded=profile=grails;cacheDir=C:\Users\kegara/.grails/2.3.11/ 
java_command: org.grails.plugins.tomcat.fork.ForkedTomcatServer
java_class_path (initial): C:\Program Files\Java\jdk1.8.0_11\lib\tools.jar;C:\Users\kegara\Documents\grails-2.3.11\grails-2.3.11\lib\org.codehaus.groovy\groovy-all\jars\groovy-all-2.1.9.jar;C:\Users\kegara\Documents\grails-2.3.11\grails-2.3.11\lib\org.slf4j\jcl-over-slf4j\jars\jcl-over-slf4j-1.7.5.jar;C:\Users\kegara\Documents\grails-2.3.11\grails-2.3.11\lib\org.codehaus.gant\gant_groovy1.8\jars\gant_groovy1.8-1.9.6.jar;C:\Users\kegara\Documents\grails-2.3.11\grails-2.3.11\lib\org.apache.tomcat.embed\tomcat-embed-logging-log4j\jars\tomcat-embed-logging-log4j-7.0.50.jar;C:\Users\kegara\Documents\grails-2.3.11\grails-2.3.11\dist\grails-plugin-log4j-2.3.11.jar;C:\Users\kegara\Documents\grails-2.3.11\grails-2.3.11\lib\log4j\log4j\jars\log4j-1.2.17.jar;C:\Users\kegara\Documents\grails-2.3.11\grails-2.3.11\dist\grails-bootstrap-2.3.11.jar;C:\Users\kegara\Documents\grails-2.3.11\grails-2.3.11\lib\org.slf4j\slf4j-api\jars\slf4j-api-1.7.5.jar;C:\Users\kegara\Documents\grails-2.3.11\grails-2.3.11\lib\jline\jline\jars\jline-2.12.jar;C:\Users\kegara\Documents\grails-2.3.11\grails-2.3.11\lib\org.apache.ant\ant\jars\ant-1.8.4.jar;C:\Users\kegara\Documents\grails-2.3.11\grails-2.3.11\lib\org.apache.ant\ant-launcher\jars\ant-launcher-1.8.4.jar;C:\Users\kegara\Documents\grails-2.3.11\grails-2.3.11\lib\org.apache.ant\ant-trax\jars\ant-trax-1.7.1.jar;C:\Users\kegara\Documents\grails-2.3.11\grails-2.3.11\lib\org.apache.ant\ant-junit\jars\ant-junit-1.8.4.jar;C:\Users\kegara\Documents\grails-2.3.11\grails-2.3.11\lib\org.apache.ivy\ivy\jars\ivy-2.3.0.jar;C:\Users\kegara\Documents\grails-2.3.11\grails-2.3.11\lib\org.fusesource.jansi\jansi\jars\jansi-1.11.jar;C:\Users\kegara\.m2\repository\org\eclipse\jdt\core\compiler\ecj\3.7.2\ecj-3.7.2.jar;C:\Users\kegara\Documents\Netbeans Projects\GymApp\target\work\plugins\tomcat-7.0.54\grails-plugin-tomcat-7.0.54.jar;C:\Users\kegara\.m2\repository\org\apache\tomcat\embed\tomcat-embed-websocket\7.0.53\tomcat-embed-websocket-7.0.53.jar;C:\Users\kegar
Launcher Type: SUN_STANDARD

Environment Variables:
JAVA_HOME=C:\Program Files\Java\jdk1.8.0_11
PATH=C:\ProgramData\Oracle\Java\javapath;C:\Program Files (x86)\Intel\iCLS Client\;C:\Program Files\Intel\iCLS Client\;C:\Windows\system32;C:\Windows;C:\Windows\System32\Wbem;C:\Windows\System32\WindowsPowerShell\v1.0\;C:\Python34\;C:\Python34\Scripts;C:\Program Files\R\R-3.1.1\bin\x64;C:\Program Files\Java\jdk1.8.0_11\bin;C:\Program Files\Intel\Intel(R) Management Engine Components\DAL;C:\Program Files\Intel\Intel(R) Management Engine Components\IPT;C:\Program Files (x86)\Intel\Intel(R) Management Engine Components\DAL;C:\Program Files (x86)\Intel\Intel(R) Management Engine Components\IPT;C:\Program Files\Common Files\Autodesk Shared\;C:\Program Files (x86)\Autodesk\Backburner\;C:\Program Files (x86)\Windows Kits\8.1\Windows Performance Toolkit\;C:\Program Files\Microsoft SQL Server\110\Tools\Binn\;C:\Program Files (x86)\Microsoft SDKs\TypeScript\1.0\;C:\Program Files (x86)\QuickTime\QTSystem\;C:\Program Files\jEdit;C:\Program Files (x86)\Rational\common;C:\Program Files\MiKTeX 2.9\miktex\bin\x64\;C:\Program Files\MATLAB(Campus)\R2014a\bin;C:\Program Files\MATLAB\R2014a\bin;c:\Program Files (x86)\Microsoft SQL Server\100\Tools\Binn\;c:\Program Files\Microsoft SQL Server\100\Tools\Binn\;c:\Program Files\Microsoft SQL Server\100\DTS\Binn\;M:\SOIProfile\My Documents\Groovy\Groovy-2.3.6\bin;C:\Users\kegara\Documents\grails-2.3.11\grails-2.3.11\bin
USERNAME=kegara
OS=Windows_NT
PROCESSOR_IDENTIFIER=Intel64 Family 6 Model 62 Stepping 4, GenuineIntel



---------------  S Y S T E M  ---------------

OS: Windows 8.1 , 64 bit Build 9600 

CPU:total 8 (4 cores per cpu, 2 threads per core) family 6 model 62 stepping 4, cmov, cx8, fxsr, mmx, sse, sse2, sse3, ssse3, sse4.1, sse4.2, popcnt, avx, aes, clmul, erms, ht, tsc, tscinvbit

Memory: 4k page, physical 16699200k(11275792k free), swap 19189568k(13267656k free)

vm_info: Java HotSpot(TM) 64-Bit Server VM (25.11-b03) for windows-amd64 JRE (1.8.0_11-b12), built on Jun 16 2014 20:57:32 by "java_re" with MS VC++ 10.0 (VS2010)

time: Fri Jan 16 04:08:53 2015
elapsed time: 22 seconds

