#
# A fatal error has been detected by the Java Runtime Environment:
#
#  EXCEPTION_ACCESS_VIOLATION (0xc0000005) at pc=0x000000006b8d4db2, pid=1876, tid=3256
#
# JRE version: Java(TM) SE Runtime Environment (8.0_11-b12) (build 1.8.0_11-b12)
# Java VM: Java HotSpot(TM) 64-Bit Server VM (25.11-b03 mixed mode windows-amd64 compressed oops)
# Problematic frame:
# V  [jvm.dll+0x424db2]
#
# Failed to write core dump. Minidumps are not enabled by default on client versions of Windows
#
# If you would like to submit a bug report, please visit:
#   http://bugreport.sun.com/bugreport/crash.jsp
#

---------------  T H R E A D  ---------------

Current thread (0x0000000016a39000):  JavaThread "C2 CompilerThread1" daemon [_thread_in_native, id=3256, stack(0x0000000016fd0000,0x00000000170d0000)]

siginfo: ExceptionCode=0xc0000005, reading address 0x0000000000000000

Registers:
RAX=0x000000001b2f6e78, RBX=0x0000000000000600, RCX=0x0000000000000000, RDX=0x000000001b391e20
RSP=0x00000000170cc1f0, RBP=0x00000000000000c0, RSI=0x00000000000000b8, RDI=0x0000000000000000
R8 =0x000000006b4b0000, R9 =0x00000000170cc510, R10=0x00000000ffffffff, R11=0x0000000016a46870
R12=0x000000001b2f7580, R13=0x000000001f1c3fb8, R14=0x0000000000000008, R15=0x000000001f1c3fb8
RIP=0x000000006b8d4db2, EFLAGS=0x0000000000010206

Top of Stack: (sp=0x00000000170cc1f0)
0x00000000170cc1f0:   00000000000000da 00000000000000b0
0x00000000170cc200:   000000000000000a 00000000213afa78
0x00000000170cc210:   0000000000000001 0000000000000600
0x00000000170cc220:   0000000000000180 00000000000000c0
0x00000000170cc230:   0000000019e5b310 0000000016a2fea0
0x00000000170cc240:   00000000000007d8 000000001b38daf0
0x00000000170cc250:   00000000170cc510 000000001b2f3ff0
0x00000000170cc260:   0000000000000020 0000000000000009
0x00000000170cc270:   000000001b2f7550 00000000000000da
0x00000000170cc280:   000000001f1c3fb8 000000006b8d598d
0x00000000170cc290:   000000001b2f7550 000000000000001c
0x00000000170cc2a0:   00000000000000da 00000000170cc510
0x00000000170cc2b0:   000000001b391e20 00000000000000da
0x00000000170cc2c0:   000000001b2f3ff0 0000000000000020
0x00000000170cc2d0:   0000000019ce5228 00000000170ce880
0x00000000170cc2e0:   0000000019ce5858 000000001b2f7550 

Instructions: (pc=0x000000006b8d4db2)
0x000000006b8d4d92:   c6 48 63 f0 48 03 f1 eb 04 48 83 ce ff 48 8b 84
0x000000006b8d4da2:   24 a0 00 00 00 48 8b 40 08 48 8b 3c 03 48 8b cf
0x000000006b8d4db2:   48 8b 07 ff 50 28 4c 8d 05 41 b2 bd ff 48 63 50
0x000000006b8d4dc2:   10 4c 8b d8 48 8b ca 48 c1 e1 05 42 80 bc 01 c0 


Register to memory mapping:

RAX=0x000000001b2f6e78 is an unknown value
RBX=0x0000000000000600 is an unknown value
RCX=0x0000000000000000 is an unknown value
RDX=0x000000001b391e20 is an unknown value
RSP=0x00000000170cc1f0 is pointing into the stack for thread: 0x0000000016a39000
RBP=0x00000000000000c0 is an unknown value
RSI=0x00000000000000b8 is an unknown value
RDI=0x0000000000000000 is an unknown value
R8 =0x000000006b4b0000 is an unknown value
R9 =0x00000000170cc510 is pointing into the stack for thread: 0x0000000016a39000
R10=0x00000000ffffffff is an unknown value
R11=0x0000000016a46870 is an unknown value
R12=0x000000001b2f7580 is an unknown value
R13=0x000000001f1c3fb8 is an unknown value
R14=0x0000000000000008 is an unknown value
R15=0x000000001f1c3fb8 is an unknown value


Stack: [0x0000000016fd0000,0x00000000170d0000],  sp=0x00000000170cc1f0,  free space=1008k
Native frames: (J=compiled Java code, j=interpreted, Vv=VM code, C=native code)
V  [jvm.dll+0x424db2]
V  [jvm.dll+0x42598d]
V  [jvm.dll+0x425ecf]
V  [jvm.dll+0x4c5a84]
V  [jvm.dll+0x4415bc]
V  [jvm.dll+0x443a29]
V  [jvm.dll+0x427722]
V  [jvm.dll+0x96982]
V  [jvm.dll+0x97173]
V  [jvm.dll+0x2234b4]
V  [jvm.dll+0x27bcca]
C  [msvcr100.dll+0x21d9f]
C  [msvcr100.dll+0x21e3b]
C  [KERNEL32.DLL+0x16ad]
C  [ntdll.dll+0x734a5]


Current CompileTask:
C2:  18787 6366       4       groovy.lang.MetaClassImpl::findPropertyMethod (356 bytes)


---------------  P R O C E S S  ---------------

Java Threads: ( => current thread )
  0x000000001d0c4800 JavaThread "com.zola.gym.Role.data" daemon [_thread_blocked, id=7044, stack(0x0000000020f40000,0x0000000021040000)]
  0x000000001d0c3800 JavaThread "net.sf.ehcache.CacheManager@728c63a8" daemon [_thread_blocked, id=4384, stack(0x0000000020c60000,0x0000000020d60000)]
  0x000000001d0c3000 JavaThread "PoolCleaner[1828757865:1421382270009]" daemon [_thread_blocked, id=3656, stack(0x000000001ea90000,0x000000001eb90000)]
  0x000000001a328800 JavaThread "FileSystemWatcher: files=#473 cl=groovy.lang.GroovyClassLoader@6d00a169" daemon [_thread_blocked, id=1568, stack(0x000000001c0d0000,0x000000001c1d0000)]
  0x000000001a501000 JavaThread "Thread-4" daemon [_thread_in_native, id=1344, stack(0x000000001ad90000,0x000000001ae90000)]
  0x000000001a427800 JavaThread "localhost-startStop-1" daemon [_thread_in_Java, id=1408, stack(0x000000001c2f0000,0x000000001c3f0000)]
  0x000000001a883000 JavaThread "Tomcat-startStop-1" daemon [_thread_blocked, id=1404, stack(0x000000001c1f0000,0x000000001c2f0000)]
  0x0000000018d27800 JavaThread "Thread-3" [_thread_in_native, id=4244, stack(0x000000001ac90000,0x000000001ad90000)]
  0x0000000019ec2800 JavaThread "Thread-2" [_thread_blocked, id=1928, stack(0x00000000181a0000,0x00000000182a0000)]
  0x00000000179d5800 JavaThread "NonBlockingInputStreamThread" daemon [_thread_blocked, id=6292, stack(0x00000000180a0000,0x00000000181a0000)]
  0x0000000016ada800 JavaThread "Service Thread" daemon [_thread_blocked, id=6804, stack(0x00000000172d0000,0x00000000173d0000)]
  0x0000000016a5e000 JavaThread "C1 CompilerThread3" daemon [_thread_blocked, id=1220, stack(0x00000000171d0000,0x00000000172d0000)]
  0x000000001490d000 JavaThread "C2 CompilerThread2" daemon [_thread_in_native, id=4996, stack(0x00000000170d0000,0x00000000171d0000)]
=>0x0000000016a39000 JavaThread "C2 CompilerThread1" daemon [_thread_in_native, id=3256, stack(0x0000000016fd0000,0x00000000170d0000)]
  0x000000001490c000 JavaThread "C2 CompilerThread0" daemon [_thread_in_native, id=5012, stack(0x0000000016ed0000,0x0000000016fd0000)]
  0x0000000016900000 JavaThread "Attach Listener" daemon [_thread_blocked, id=2744, stack(0x0000000016dd0000,0x0000000016ed0000)]
  0x00000000168ff800 JavaThread "Signal Dispatcher" daemon [_thread_blocked, id=5836, stack(0x0000000016cd0000,0x0000000016dd0000)]
  0x00000000148fb800 JavaThread "Finalizer" daemon [_thread_blocked, id=3540, stack(0x00000000167d0000,0x00000000168d0000)]
  0x00000000148fa800 JavaThread "Reference Handler" daemon [_thread_blocked, id=4752, stack(0x00000000166d0000,0x00000000167d0000)]
  0x0000000002645000 JavaThread "main" [_thread_blocked, id=1516, stack(0x0000000002300000,0x0000000002400000)]

Other Threads:
  0x00000000148f6800 VMThread [stack: 0x00000000165d0000,0x00000000166d0000] [id=1504]
  0x0000000016c05000 WatcherThread [stack: 0x00000000173d0000,0x00000000174d0000] [id=176]

VM state:not at safepoint (normal execution)

VM Mutex/Monitor currently owned by a thread: None

Heap:
 PSYoungGen      total 202752K, used 70249K [0x00000000f0000000, 0x0000000100000000, 0x0000000100000000)
  eden space 159744K, 17% used [0x00000000f0000000,0x00000000f1a9fed8,0x00000000f9c00000)
  from space 43008K, 99% used [0x00000000fd600000,0x00000000ffffa8e8,0x0000000100000000)
  to   space 51200K, 0% used [0x00000000f9c00000,0x00000000f9c00000,0x00000000fce00000)
 ParOldGen       total 137728K, used 116949K [0x00000000d0000000, 0x00000000d8680000, 0x00000000f0000000)
  object space 137728K, 84% used [0x00000000d0000000,0x00000000d72357b8,0x00000000d8680000)
 Metaspace       used 70139K, capacity 71774K, committed 71936K, reserved 1114112K
  class space    used 6890K, capacity 7384K, committed 7424K, reserved 1048576K

Card table byte_map: [0x0000000011b00000,0x0000000011c90000] byte_map_base: 0x0000000011480000

Marking Bits: (ParMarkBitMap*) 0x000000006bc612b0
 Begin Bits: [0x0000000012590000, 0x0000000013190000)
 End Bits:   [0x0000000013190000, 0x0000000013d90000)

Polling page: 0x0000000002280000

CodeCache: size=245760Kb used=22447Kb max_used=22447Kb free=223312Kb
 bounds [0x0000000002740000, 0x0000000003d50000, 0x0000000011740000]
 total_blobs=6519 nmethods=5776 adapters=653
 compilation: enabled

Compilation events (10 events):
Event: 18.752 Thread 0x0000000016a5e000 6380       2       groovy.lang.MetaClassImpl::findMatchingMethod (93 bytes)
Event: 18.752 Thread 0x0000000016a5e000 nmethod 6380 0x000000000303c510 code [0x000000000303c6a0, 0x000000000303c9d8]
Event: 18.754 Thread 0x0000000016a5e000 6381       3       groovy.lang.MetaClassImpl$1MOPIter::methodNameAction (482 bytes)
Event: 18.756 Thread 0x0000000016a39000 nmethod 6217 0x0000000003d2fb10 code [0x0000000003d302a0, 0x0000000003d340e0]
Event: 18.757 Thread 0x0000000016a5e000 nmethod 6381 0x0000000003d2b510 code [0x0000000003d2b960, 0x0000000003d2e288]
Event: 18.758 Thread 0x0000000016a39000 6366       4       groovy.lang.MetaClassImpl::findPropertyMethod (356 bytes)
Event: 18.770 Thread 0x0000000016a5e000 6387 %     3       java.util.concurrent.ConcurrentHashMap$CollectionView::toArray @ 44 (145 bytes)
Event: 18.771 Thread 0x0000000016a5e000 nmethod 6387% 0x0000000003d24cd0 code [0x0000000003d24f00, 0x0000000003d25cd8]
Event: 18.772 Thread 0x0000000016a5e000 6388       2       org.springsource.loaded.ReloadableType::hasFieldChangedInHierarchy (148 bytes)
Event: 18.772 Thread 0x0000000016a5e000 nmethod 6388 0x0000000002d9b7d0 code [0x0000000002d9b9c0, 0x0000000002d9bef8]

GC Heap History (10 events):
Event: 15.571 GC heap before
{Heap before GC invocations=62 (full 7):
 PSYoungGen      total 219648K, used 213882K [0x00000000f0000000, 0x0000000100000000, 0x0000000100000000)
  eden space 194560K, 97% used [0x00000000f0000000,0x00000000fb8661b0,0x00000000fbe00000)
  from space 25088K, 99% used [0x00000000fe780000,0x00000000ffff8868,0x0000000100000000)
  to   space 33792K, 0% used [0x00000000fbe00000,0x00000000fbe00000,0x00000000fdf00000)
 ParOldGen       total 115200K, used 102757K [0x00000000d0000000, 0x00000000d7080000, 0x00000000f0000000)
  object space 115200K, 89% used [0x00000000d0000000,0x00000000d6459798,0x00000000d7080000)
 Metaspace       used 65092K, capacity 66602K, committed 66816K, reserved 1110016K
  class space    used 6360K, capacity 6844K, committed 6912K, reserved 1048576K
Event: 15.597 GC heap after
Heap after GC invocations=62 (full 7):
 PSYoungGen      total 226304K, used 31358K [0x00000000f0000000, 0x0000000100000000, 0x0000000100000000)
  eden space 194560K, 0% used [0x00000000f0000000,0x00000000f0000000,0x00000000fbe00000)
  from space 31744K, 98% used [0x00000000fbe00000,0x00000000fdc9fbc8,0x00000000fdd00000)
  to   space 35840K, 0% used [0x00000000fdd00000,0x00000000fdd00000,0x0000000100000000)
 ParOldGen       total 115200K, used 106206K [0x00000000d0000000, 0x00000000d7080000, 0x00000000f0000000)
  object space 115200K, 92% used [0x00000000d0000000,0x00000000d67b78f0,0x00000000d7080000)
 Metaspace       used 65092K, capacity 66602K, committed 66816K, reserved 1110016K
  class space    used 6360K, capacity 6844K, committed 6912K, reserved 1048576K
}
Event: 15.597 GC heap before
{Heap before GC invocations=63 (full 8):
 PSYoungGen      total 226304K, used 31358K [0x00000000f0000000, 0x0000000100000000, 0x0000000100000000)
  eden space 194560K, 0% used [0x00000000f0000000,0x00000000f0000000,0x00000000fbe00000)
  from space 31744K, 98% used [0x00000000fbe00000,0x00000000fdc9fbc8,0x00000000fdd00000)
  to   space 35840K, 0% used [0x00000000fdd00000,0x00000000fdd00000,0x0000000100000000)
 ParOldGen       total 115200K, used 106206K [0x00000000d0000000, 0x00000000d7080000, 0x00000000f0000000)
  object space 115200K, 92% used [0x00000000d0000000,0x00000000d67b78f0,0x00000000d7080000)
 Metaspace       used 65092K, capacity 66602K, committed 66816K, reserved 1110016K
  class space    used 6360K, capacity 6844K, committed 6912K, reserved 1048576K
Event: 16.473 GC heap after
Heap after GC invocations=63 (full 8):
 PSYoungGen      total 226304K, used 21279K [0x00000000f0000000, 0x0000000100000000, 0x0000000100000000)
  eden space 194560K, 0% used [0x00000000f0000000,0x00000000f0000000,0x00000000fbe00000)
  from space 31744K, 67% used [0x00000000fbe00000,0x00000000fd2c7e80,0x00000000fdd00000)
  to   space 35840K, 0% used [0x00000000fdd00000,0x00000000fdd00000,0x0000000100000000)
 ParOldGen       total 137728K, used 114740K [0x00000000d0000000, 0x00000000d8680000, 0x00000000f0000000)
  object space 137728K, 83% used [0x00000000d0000000,0x00000000d700d208,0x00000000d8680000)
 Metaspace       used 65092K, capacity 66602K, committed 66816K, reserved 1110016K
  class space    used 6360K, capacity 6844K, committed 6912K, reserved 1048576K
}
Event: 17.185 GC heap before
{Heap before GC invocations=64 (full 8):
 PSYoungGen      total 226304K, used 215839K [0x00000000f0000000, 0x0000000100000000, 0x0000000100000000)
  eden space 194560K, 100% used [0x00000000f0000000,0x00000000fbe00000,0x00000000fbe00000)
  from space 31744K, 67% used [0x00000000fbe00000,0x00000000fd2c7e80,0x00000000fdd00000)
  to   space 35840K, 0% used [0x00000000fdd00000,0x00000000fdd00000,0x0000000100000000)
 ParOldGen       total 137728K, used 114740K [0x00000000d0000000, 0x00000000d8680000, 0x00000000f0000000)
  object space 137728K, 83% used [0x00000000d0000000,0x00000000d700d208,0x00000000d8680000)
 Metaspace       used 66275K, capacity 67754K, committed 67968K, reserved 1110016K
  class space    used 6488K, capacity 6952K, committed 7040K, reserved 1048576K
Event: 17.215 GC heap after
Heap after GC invocations=64 (full 8):
 PSYoungGen      total 218112K, used 27583K [0x00000000f0000000, 0x0000000100000000, 0x0000000100000000)
  eden space 182272K, 0% used [0x00000000f0000000,0x00000000f0000000,0x00000000fb200000)
  from space 35840K, 76% used [0x00000000fdd00000,0x00000000ff7eff90,0x0000000100000000)
  to   space 39936K, 0% used [0x00000000fb200000,0x00000000fb200000,0x00000000fd900000)
 ParOldGen       total 137728K, used 114748K [0x00000000d0000000, 0x00000000d8680000, 0x00000000f0000000)
  object space 137728K, 83% used [0x00000000d0000000,0x00000000d700f208,0x00000000d8680000)
 Metaspace       used 66275K, capacity 67754K, committed 67968K, reserved 1110016K
  class space    used 6488K, capacity 6952K, committed 7040K, reserved 1048576K
}
Event: 17.848 GC heap before
{Heap before GC invocations=65 (full 8):
 PSYoungGen      total 218112K, used 209855K [0x00000000f0000000, 0x0000000100000000, 0x0000000100000000)
  eden space 182272K, 100% used [0x00000000f0000000,0x00000000fb200000,0x00000000fb200000)
  from space 35840K, 76% used [0x00000000fdd00000,0x00000000ff7eff90,0x0000000100000000)
  to   space 39936K, 0% used [0x00000000fb200000,0x00000000fb200000,0x00000000fd900000)
 ParOldGen       total 137728K, used 114748K [0x00000000d0000000, 0x00000000d8680000, 0x00000000f0000000)
  object space 137728K, 83% used [0x00000000d0000000,0x00000000d700f208,0x00000000d8680000)
 Metaspace       used 67985K, capacity 69468K, committed 69760K, reserved 1112064K
  class space    used 6720K, capacity 7179K, committed 7296K, reserved 1048576K
Event: 17.869 GC heap after
Heap after GC invocations=65 (full 8):
 PSYoungGen      total 219136K, used 36660K [0x00000000f0000000, 0x0000000100000000, 0x0000000100000000)
  eden space 182272K, 0% used [0x00000000f0000000,0x00000000f0000000,0x00000000fb200000)
  from space 36864K, 99% used [0x00000000fb200000,0x00000000fd5cd158,0x00000000fd600000)
  to   space 43008K, 0% used [0x00000000fd600000,0x00000000fd600000,0x0000000100000000)
 ParOldGen       total 137728K, used 114756K [0x00000000d0000000, 0x00000000d8680000, 0x00000000f0000000)
  object space 137728K, 83% used [0x00000000d0000000,0x00000000d7011208,0x00000000d8680000)
 Metaspace       used 67985K, capacity 69468K, committed 69760K, reserved 1112064K
  class space    used 6720K, capacity 7179K, committed 7296K, reserved 1048576K
}
Event: 18.685 GC heap before
{Heap before GC invocations=66 (full 8):
 PSYoungGen      total 219136K, used 218932K [0x00000000f0000000, 0x0000000100000000, 0x0000000100000000)
  eden space 182272K, 100% used [0x00000000f0000000,0x00000000fb200000,0x00000000fb200000)
  from space 36864K, 99% used [0x00000000fb200000,0x00000000fd5cd158,0x00000000fd600000)
  to   space 43008K, 0% used [0x00000000fd600000,0x00000000fd600000,0x0000000100000000)
 ParOldGen       total 137728K, used 114756K [0x00000000d0000000, 0x00000000d8680000, 0x00000000f0000000)
  object space 137728K, 83% used [0x00000000d0000000,0x00000000d7011208,0x00000000d8680000)
 Metaspace       used 69873K, capacity 71486K, committed 71680K, reserved 1114112K
  class space    used 6867K, capacity 7372K, committed 7424K, reserved 1048576K
Event: 18.706 GC heap after
Heap after GC invocations=66 (full 8):
 PSYoungGen      total 202752K, used 42986K [0x00000000f0000000, 0x0000000100000000, 0x0000000100000000)
  eden space 159744K, 0% used [0x00000000f0000000,0x00000000f0000000,0x00000000f9c00000)
  from space 43008K, 99% used [0x00000000fd600000,0x00000000ffffa8e8,0x0000000100000000)
  to   space 51200K, 0% used [0x00000000f9c00000,0x00000000f9c00000,0x00000000fce00000)
 ParOldGen       total 137728K, used 116949K [0x00000000d0000000, 0x00000000d8680000, 0x00000000f0000000)
  object space 137728K, 84% used [0x00000000d0000000,0x00000000d72357b8,0x00000000d8680000)
 Metaspace       used 69873K, capacity 71486K, committed 71680K, reserved 1114112K
  class space    used 6867K, capacity 7372K, committed 7424K, reserved 1048576K
}

Deoptimization events (10 events):
Event: 13.911 Thread 0x000000001a427800 Uncommon trap: reason=bimorphic action=maybe_recompile pc=0x00000000038d95e8 method=groovy.lang.MetaClassImpl$1MOPIter.methodNameAction(Ljava/lang/Class;Lorg/codehaus/groovy/runtime/metaclass/MetaMethodIndex$Entry;)V @ 62
Event: 14.932 Thread 0x000000001a427800 Uncommon trap: reason=null_check action=make_not_entrant pc=0x00000000039f4540 method=java.beans.PropertyDescriptor.findPropertyType(Ljava/lang/reflect/Method;Ljava/lang/reflect/Method;)Ljava/lang/Class; @ 157
Event: 16.542 Thread 0x000000001a427800 Uncommon trap: reason=unreached action=reinterpret pc=0x00000000035be5b0 method=sl.org.objectweb.asm.ByteVector.putByteArray([BII)Lsl/org/objectweb/asm/ByteVector; @ 20
Event: 16.555 Thread 0x000000001a427800 Uncommon trap: reason=unloaded action=reinterpret pc=0x00000000039ea2bc method=org.springframework.core.BridgeMethodResolver.findBridgedMethod(Ljava/lang/reflect/Method;)Ljava/lang/reflect/Method; @ 13
Event: 16.863 Thread 0x000000001a427800 Uncommon trap: reason=unreached action=reinterpret pc=0x00000000039eb1c8 method=org.springframework.beans.factory.support.AbstractAutowireCapableBeanFactory.predictBeanType(Ljava/lang/String;Lorg/springframework/beans/factory/support/RootBeanDefinition;[LjCÿ/1@
Event: 17.051 Thread 0x000000001a427800 Uncommon trap: reason=class_check action=maybe_recompile pc=0x000000000386394c method=sun.reflect.generics.scope.AbstractScope.lookup(Ljava/lang/String;)Ljava/lang/reflect/TypeVariable; @ 60
Event: 17.051 Thread 0x000000001a427800 Uncommon trap: reason=class_check action=maybe_recompile pc=0x000000000386394c method=sun.reflect.generics.scope.AbstractScope.lookup(Ljava/lang/String;)Ljava/lang/reflect/TypeVariable; @ 60
Event: 18.371 Thread 0x000000001a427800 Uncommon trap: reason=class_check action=maybe_recompile pc=0x000000000386394c method=sun.reflect.generics.scope.AbstractScope.lookup(Ljava/lang/String;)Ljava/lang/reflect/TypeVariable; @ 60
Event: 18.371 Thread 0x000000001a427800 Uncommon trap: reason=class_check action=maybe_recompile pc=0x000000000386394c method=sun.reflect.generics.scope.AbstractScope.lookup(Ljava/lang/String;)Ljava/lang/reflect/TypeVariable; @ 60
Event: 18.379 Thread 0x000000001a427800 Uncommon trap: reason=unreached action=reinterpret pc=0x0000000003a2fd34 method=groovy.lang.MetaClassImpl$1MOPIter.methodNameAction(Ljava/lang/Class;Lorg/codehaus/groovy/runtime/metaclass/MetaMethodIndex$Entry;)V @ 259

Internal exceptions (10 events):
Event: 18.767 Thread 0x000000001a427800 Exception <a 'java/security/PrivilegedActionException'> (0x00000000f16c8518) thrown at [C:\re\workspace\8-2-build-windows-amd64-cygwin\jdk8u11\648\hotspot\src\share\vm\prims\jvm.cpp, line 1248]
Event: 18.767 Thread 0x000000001a427800 Exception <a 'java/security/PrivilegedActionException'> (0x00000000f16d98e8) thrown at [C:\re\workspace\8-2-build-windows-amd64-cygwin\jdk8u11\648\hotspot\src\share\vm\prims\jvm.cpp, line 1248]
Event: 18.767 Thread 0x000000001a427800 Exception <a 'java/security/PrivilegedActionException'> (0x00000000f16ef808) thrown at [C:\re\workspace\8-2-build-windows-amd64-cygwin\jdk8u11\648\hotspot\src\share\vm\prims\jvm.cpp, line 1248]
Event: 18.767 Thread 0x000000001a427800 Exception <a 'java/security/PrivilegedActionException'> (0x00000000f16f4218) thrown at [C:\re\workspace\8-2-build-windows-amd64-cygwin\jdk8u11\648\hotspot\src\share\vm\prims\jvm.cpp, line 1248]
Event: 18.767 Thread 0x000000001a427800 Exception <a 'java/security/PrivilegedActionException'> (0x00000000f17055e8) thrown at [C:\re\workspace\8-2-build-windows-amd64-cygwin\jdk8u11\648\hotspot\src\share\vm\prims\jvm.cpp, line 1248]
Event: 18.768 Thread 0x000000001a427800 Exception <a 'java/security/PrivilegedActionException'> (0x00000000f172b978) thrown at [C:\re\workspace\8-2-build-windows-amd64-cygwin\jdk8u11\648\hotspot\src\share\vm\prims\jvm.cpp, line 1248]
Event: 18.768 Thread 0x000000001a427800 Exception <a 'java/lang/ClassNotFoundException': org/grails/plugin/resource/mapper/ResourceMapper$_closure1Customizer> (0x00000000f172c8b0) thrown at [C:\re\workspace\8-2-build-windows-amd64-cygwin\jdk8u11\648\hotspot\src\share\vm\classfile\systemDictionarƒsVØÄ2@
Event: 18.769 Thread 0x000000001a427800 Exception <a 'java/security/PrivilegedActionException'> (0x00000000f175ae48) thrown at [C:\re\workspace\8-2-build-windows-amd64-cygwin\jdk8u11\648\hotspot\src\share\vm\prims\jvm.cpp, line 1248]
Event: 18.773 Thread 0x000000001a427800 Exception <a 'java/security/PrivilegedActionException'> (0x00000000f17c1d48) thrown at [C:\re\workspace\8-2-build-windows-amd64-cygwin\jdk8u11\648\hotspot\src\share\vm\prims\jvm.cpp, line 1248]
Event: 18.773 Thread 0x000000001a427800 Exception <a 'java/security/PrivilegedActionException'> (0x00000000f17c7018) thrown at [C:\re\workspace\8-2-build-windows-amd64-cygwin\jdk8u11\648\hotspot\src\share\vm\prims\jvm.cpp, line 1248]

Events (10 events):
Event: 18.767 loading class org/grails/plugin/resource/mapper/ResourceMapper$_closure1Customizer
Event: 18.767 loading class org/grails/plugin/resource/mapper/ResourceMapper$_closure1Customizer done
Event: 18.767 loading class org/grails/plugin/resource/mapper/ResourceMapper$_closure1Customizer
Event: 18.767 loading class org/grails/plugin/resource/mapper/ResourceMapper$_closure1Customizer done
Event: 18.768 loading class org/grails/plugin/resource/mapper/ResourceMapper$_closure1Customizer
Event: 18.768 loading class org/grails/plugin/resource/mapper/ResourceMapper$_closure1Customizer done
Event: 18.769 loading class org/codehaus/groovy/runtime/GroovyCategorySupport$CategoryMethodList
Event: 18.769 loading class org/codehaus/groovy/runtime/GroovyCategorySupport$CategoryMethodList done
Event: 18.773 loading class org/grails/plugin/resource/mapper/ResourceMappersFactory$_createResourceMappers_closure3
Event: 18.773 loading class org/grails/plugin/resource/mapper/ResourceMappersFactory$_createResourceMappers_closure3 done


Dynamic libraries:
0x00007ff737ac0000 - 0x00007ff737af4000 	C:\Program Files\Java\jdk1.8.0_11\bin\java.exe
0x00007ff8a1d20000 - 0x00007ff8a1eca000 	C:\Windows\SYSTEM32\ntdll.dll
0x00007ff89f710000 - 0x00007ff89f84a000 	C:\Windows\system32\KERNEL32.DLL
0x00007ff89f1b0000 - 0x00007ff89f2bf000 	C:\Windows\system32\KERNELBASE.dll
0x00007ff89cad0000 - 0x00007ff89cb58000 	C:\Windows\system32\apphelp.dll
0x00007ff892a00000 - 0x00007ff892a4f000 	C:\Windows\AppPatch\AppPatch64\AcGenral.DLL
0x00007ff89fc50000 - 0x00007ff89fcf7000 	C:\Windows\system32\msvcrt.dll
0x00007ff89ef40000 - 0x00007ff89ef6b000 	C:\Windows\SYSTEM32\SspiCli.dll
0x00007ff8a0150000 - 0x00007ff8a01a1000 	C:\Windows\system32\SHLWAPI.dll
0x00007ff89f850000 - 0x00007ff89f9c1000 	C:\Windows\system32\USER32.dll
0x00007ff89fa30000 - 0x00007ff89fba8000 	C:\Windows\system32\ole32.dll
0x00007ff8a0900000 - 0x00007ff8a1d20000 	C:\Windows\system32\SHELL32.dll
0x00007ff89e700000 - 0x00007ff89e71e000 	C:\Windows\SYSTEM32\USERENV.dll
0x00007ff8a0850000 - 0x00007ff8a08f5000 	C:\Windows\system32\ADVAPI32.dll
0x00007ff8985f0000 - 0x00007ff89860b000 	C:\Windows\SYSTEM32\MPR.dll
0x00007ff8a05c0000 - 0x00007ff8a06f7000 	C:\Windows\system32\RPCRT4.dll
0x00007ff89fbb0000 - 0x00007ff89fc07000 	C:\Windows\SYSTEM32\sechost.dll
0x00007ff8a01b0000 - 0x00007ff8a0386000 	C:\Windows\SYSTEM32\combase.dll
0x00007ff8a0700000 - 0x00007ff8a0844000 	C:\Windows\system32\GDI32.dll
0x00007ff89f090000 - 0x00007ff89f0a4000 	C:\Windows\SYSTEM32\profapi.dll
0x00007ff89dc90000 - 0x00007ff89dd2f000 	C:\Windows\SYSTEM32\SHCORE.dll
0x00007ff8a0390000 - 0x00007ff8a03c4000 	C:\Windows\system32\IMM32.DLL
0x00007ff89fd00000 - 0x00007ff89fe39000 	C:\Windows\system32\MSCTF.dll
0x00007ff89d5d0000 - 0x00007ff89d82a000 	C:\Windows\WinSxS\amd64_microsoft.windows.common-controls_6595b64144ccf1df_6.0.9600.17031_none_6242a4b3ecbb55a1\COMCTL32.dll
0x000000006c230000 - 0x000000006c302000 	C:\Program Files\Java\jdk1.8.0_11\jre\bin\msvcr100.dll
0x000000006b4b0000 - 0x000000006bcda000 	C:\Program Files\Java\jdk1.8.0_11\jre\bin\server\jvm.dll
0x00007ff897790000 - 0x00007ff897799000 	C:\Windows\SYSTEM32\WSOCK32.dll
0x00007ff89d830000 - 0x00007ff89d84f000 	C:\Windows\SYSTEM32\WINMM.dll
0x00007ff8a03d0000 - 0x00007ff8a03d7000 	C:\Windows\system32\PSAPI.DLL
0x00007ff89f6b0000 - 0x00007ff89f708000 	C:\Windows\system32\WS2_32.dll
0x00007ff89d570000 - 0x00007ff89d59a000 	C:\Windows\SYSTEM32\WINMMBASE.dll
0x00007ff89fc10000 - 0x00007ff89fc19000 	C:\Windows\system32\NSI.dll
0x00007ff89f2c0000 - 0x00007ff89f30a000 	C:\Windows\SYSTEM32\cfgmgr32.dll
0x00007ff89df20000 - 0x00007ff89df46000 	C:\Windows\SYSTEM32\DEVOBJ.dll
0x000000006c1e0000 - 0x000000006c1ef000 	C:\Program Files\Java\jdk1.8.0_11\jre\bin\verify.dll
0x000000006c1b0000 - 0x000000006c1d8000 	C:\Program Files\Java\jdk1.8.0_11\jre\bin\java.dll
0x000000006be70000 - 0x000000006be93000 	C:\Program Files\Java\jdk1.8.0_11\jre\bin\instrument.dll
0x000000006c190000 - 0x000000006c1a6000 	C:\Program Files\Java\jdk1.8.0_11\jre\bin\zip.dll
0x00007ff89e9d0000 - 0x00007ff89e9ee000 	C:\Windows\SYSTEM32\CRYPTSP.dll
0x00007ff89e5f0000 - 0x00007ff89e625000 	C:\Windows\system32\rsaenh.dll
0x00007ff89ec50000 - 0x00007ff89ec76000 	C:\Windows\SYSTEM32\bcrypt.dll
0x00007ff89ef70000 - 0x00007ff89efd0000 	C:\Windows\system32\bcryptprimitives.dll
0x00007ff89efd0000 - 0x00007ff89efda000 	C:\Windows\SYSTEM32\CRYPTBASE.dll
0x000000006c170000 - 0x000000006c18a000 	C:\Program Files\Java\jdk1.8.0_11\jre\bin\net.dll
0x00007ff89e950000 - 0x00007ff89e9a8000 	C:\Windows\system32\mswsock.dll
0x00007ff899310000 - 0x00007ff899339000 	C:\Windows\SYSTEM32\IPHLPAPI.DLL
0x00007ff8992e0000 - 0x00007ff8992ea000 	C:\Windows\SYSTEM32\WINNSI.DLL
0x00007ff8991b0000 - 0x00007ff8991c4000 	C:\Windows\SYSTEM32\dhcpcsvc6.DLL
0x00007ff899130000 - 0x00007ff899149000 	C:\Windows\SYSTEM32\dhcpcsvc.DLL
0x000000006c150000 - 0x000000006c161000 	C:\Program Files\Java\jdk1.8.0_11\jre\bin\nio.dll
0x00007ff899d60000 - 0x00007ff899d6a000 	C:\Users\kegara\AppData\Local\Temp\jansi-64-2893044082639235548.dll
0x000000006bf00000 - 0x000000006bf0d000 	C:\Program Files\Java\jdk1.8.0_11\jre\bin\management.dll
0x00007ff896330000 - 0x00007ff896344000 	C:\Windows\system32\napinsp.dll
0x00007ff8962d0000 - 0x00007ff8962e9000 	C:\Windows\system32\pnrpnsp.dll
0x00007ff89a220000 - 0x00007ff89a239000 	C:\Windows\system32\NLAapi.dll
0x00007ff89e760000 - 0x00007ff89e803000 	C:\Windows\SYSTEM32\DNSAPI.dll
0x00007ff896260000 - 0x00007ff89626c000 	C:\Windows\System32\winrnr.dll
0x00007ff896fb0000 - 0x00007ff896fb9000 	C:\Windows\System32\rasadhlp.dll
0x00007ff899070000 - 0x00007ff8990d8000 	C:\Windows\System32\fwpuclnt.dll
0x00007ff8965a0000 - 0x00007ff896728000 	C:\Windows\SYSTEM32\dbghelp.dll

VM Arguments:
jvm_args: -Dfile.encoding=UTF-8 -Xmx768M -Xms64M -Dgrails.fork.parent.process.port=4618 -Dgrails.fork.active=true -Dgrails.build.execution.context=C:\Users\kegara\AppData\Local\Temp\GymApp2929837865712577692grails-execution-context -Dgrails.home=C:\Users\kegara\Documents\grails-2.3.11\grails-2.3.11 -javaagent:C:\Users\kegara\Documents\grails-2.3.11\grails-2.3.11\lib\org.springframework\springloaded\jars\springloaded-1.2.0.RELEASE.jar -Xverify:none -Dspringloaded.synchronize=true -Djdk.reflect.allowGetCallerClass=true -Dspringloaded=profile=grails;cacheDir=C:\Users\kegara/.grails/2.3.11/ 
java_command: org.grails.plugins.tomcat.fork.ForkedTomcatServer
java_class_path (initial): C:\Program Files\Java\jdk1.8.0_11\lib\tools.jar;C:\Users\kegara\Documents\grails-2.3.11\grails-2.3.11\lib\org.codehaus.groovy\groovy-all\jars\groovy-all-2.1.9.jar;C:\Users\kegara\Documents\grails-2.3.11\grails-2.3.11\lib\org.slf4j\jcl-over-slf4j\jars\jcl-over-slf4j-1.7.5.jar;C:\Users\kegara\Documents\grails-2.3.11\grails-2.3.11\lib\org.codehaus.gant\gant_groovy1.8\jars\gant_groovy1.8-1.9.6.jar;C:\Users\kegara\Documents\grails-2.3.11\grails-2.3.11\lib\org.apache.tomcat.embed\tomcat-embed-logging-log4j\jars\tomcat-embed-logging-log4j-7.0.50.jar;C:\Users\kegara\Documents\grails-2.3.11\grails-2.3.11\dist\grails-plugin-log4j-2.3.11.jar;C:\Users\kegara\Documents\grails-2.3.11\grails-2.3.11\lib\log4j\log4j\jars\log4j-1.2.17.jar;C:\Users\kegara\Documents\grails-2.3.11\grails-2.3.11\dist\grails-bootstrap-2.3.11.jar;C:\Users\kegara\Documents\grails-2.3.11\grails-2.3.11\lib\org.slf4j\slf4j-api\jars\slf4j-api-1.7.5.jar;C:\Users\kegara\Documents\grails-2.3.11\grails-2.3.11\lib\jline\jline\jars\jline-2.12.jar;C:\Users\kegara\Documents\grails-2.3.11\grails-2.3.11\lib\org.apache.ant\ant\jars\ant-1.8.4.jar;C:\Users\kegara\Documents\grails-2.3.11\grails-2.3.11\lib\org.apache.ant\ant-launcher\jars\ant-launcher-1.8.4.jar;C:\Users\kegara\Documents\grails-2.3.11\grails-2.3.11\lib\org.apache.ant\ant-trax\jars\ant-trax-1.7.1.jar;C:\Users\kegara\Documents\grails-2.3.11\grails-2.3.11\lib\org.apache.ant\ant-junit\jars\ant-junit-1.8.4.jar;C:\Users\kegara\Documents\grails-2.3.11\grails-2.3.11\lib\org.apache.ivy\ivy\jars\ivy-2.3.0.jar;C:\Users\kegara\Documents\grails-2.3.11\grails-2.3.11\lib\org.fusesource.jansi\jansi\jars\jansi-1.11.jar;C:\Users\kegara\.m2\repository\org\eclipse\jdt\core\compiler\ecj\3.7.2\ecj-3.7.2.jar;C:\Users\kegara\Documents\Netbeans Projects\GymApp\target\work\plugins\tomcat-7.0.54\grails-plugin-tomcat-7.0.54.jar;C:\Users\kegara\.m2\repository\org\apache\tomcat\embed\tomcat-embed-websocket\7.0.53\tomcat-embed-websocket-7.0.53.jar;C:\Users\kegar
Launcher Type: SUN_STANDARD

Environment Variables:
JAVA_HOME=C:\Program Files\Java\jdk1.8.0_11
PATH=C:\ProgramData\Oracle\Java\javapath;C:\Program Files (x86)\Intel\iCLS Client\;C:\Program Files\Intel\iCLS Client\;C:\Windows\system32;C:\Windows;C:\Windows\System32\Wbem;C:\Windows\System32\WindowsPowerShell\v1.0\;C:\Python34\;C:\Python34\Scripts;C:\Program Files\R\R-3.1.1\bin\x64;C:\Program Files\Java\jdk1.8.0_11\bin;C:\Program Files\Intel\Intel(R) Management Engine Components\DAL;C:\Program Files\Intel\Intel(R) Management Engine Components\IPT;C:\Program Files (x86)\Intel\Intel(R) Management Engine Components\DAL;C:\Program Files (x86)\Intel\Intel(R) Management Engine Components\IPT;C:\Program Files\Common Files\Autodesk Shared\;C:\Program Files (x86)\Autodesk\Backburner\;C:\Program Files (x86)\Windows Kits\8.1\Windows Performance Toolkit\;C:\Program Files\Microsoft SQL Server\110\Tools\Binn\;C:\Program Files (x86)\Microsoft SDKs\TypeScript\1.0\;C:\Program Files (x86)\QuickTime\QTSystem\;C:\Program Files\jEdit;C:\Program Files (x86)\Rational\common;C:\Program Files\MiKTeX 2.9\miktex\bin\x64\;C:\Program Files\MATLAB(Campus)\R2014a\bin;C:\Program Files\MATLAB\R2014a\bin;c:\Program Files (x86)\Microsoft SQL Server\100\Tools\Binn\;c:\Program Files\Microsoft SQL Server\100\Tools\Binn\;c:\Program Files\Microsoft SQL Server\100\DTS\Binn\;M:\SOIProfile\My Documents\Groovy\Groovy-2.3.6\bin;C:\Users\kegara\Documents\grails-2.3.11\grails-2.3.11\bin
USERNAME=kegara
OS=Windows_NT
PROCESSOR_IDENTIFIER=Intel64 Family 6 Model 62 Stepping 4, GenuineIntel



---------------  S Y S T E M  ---------------

OS: Windows 8.1 , 64 bit Build 9600 

CPU:total 8 (4 cores per cpu, 2 threads per core) family 6 model 62 stepping 4, cmov, cx8, fxsr, mmx, sse, sse2, sse3, ssse3, sse4.1, sse4.2, popcnt, avx, aes, clmul, erms, ht, tsc, tscinvbit

Memory: 4k page, physical 16699200k(11178352k free), swap 19189568k(13235972k free)

vm_info: Java HotSpot(TM) 64-Bit Server VM (25.11-b03) for windows-amd64 JRE (1.8.0_11-b12), built on Jun 16 2014 20:57:32 by "java_re" with MS VC++ 10.0 (VS2010)

time: Fri Jan 16 04:24:37 2015
elapsed time: 18 seconds

