#
# A fatal error has been detected by the Java Runtime Environment:
#
#  EXCEPTION_ACCESS_VIOLATION (0xc0000005) at pc=0x0000000052ed4db2, pid=6808, tid=5220
#
# JRE version: Java(TM) SE Runtime Environment (8.0_11-b12) (build 1.8.0_11-b12)
# Java VM: Java HotSpot(TM) 64-Bit Server VM (25.11-b03 mixed mode windows-amd64 compressed oops)
# Problematic frame:
# V  [jvm.dll+0x424db2]
#
# Failed to write core dump. Minidumps are not enabled by default on client versions of Windows
#
# If you would like to submit a bug report, please visit:
#   http://bugreport.sun.com/bugreport/crash.jsp
#

---------------  T H R E A D  ---------------

Current thread (0x000000001695f000):  JavaThread "C2 CompilerThread0" daemon [_thread_in_native, id=5220, stack(0x0000000016e00000,0x0000000016f00000)]

siginfo: ExceptionCode=0xc0000005, reading address 0x0000000000000000

Registers:
RAX=0x0000000016a6def8, RBX=0x0000000000000600, RCX=0x0000000000000000, RDX=0x0000000019a767f0
RSP=0x0000000016efc100, RBP=0x00000000000000c0, RSI=0x00000000000000b8, RDI=0x0000000000000000
R8 =0x0000000052ab0000, R9 =0x0000000016efc420, R10=0x00000000ffffffff, R11=0x0000000016991940
R12=0x0000000016a6e600, R13=0x0000000018871a48, R14=0x0000000000000008, R15=0x0000000018871a48
RIP=0x0000000052ed4db2, EFLAGS=0x0000000000010206

Top of Stack: (sp=0x0000000016efc100)
0x0000000016efc100:   00000000000000da 0000000019a72210
0x0000000016efc110:   0000000000000000 0000000018e92bc0
0x0000000016efc120:   0000000000000001 0000000000000600
0x0000000016efc130:   0000000000000180 00000000000000c0
0x0000000016efc140:   000000001d5cd550 0000000016966540
0x0000000016efc150:   00000000000006a8 0000000019a72210
0x0000000016efc160:   0000000016efc420 0000000016a6b090
0x0000000016efc170:   0000000000000020 0000000000000009
0x0000000016efc180:   0000000016a6e5d0 00000000000000da
0x0000000016efc190:   0000000018871a48 0000000052ed598d
0x0000000016efc1a0:   0000000016a6e5d0 000000000000001c
0x0000000016efc1b0:   00000000000000da 0000000016efc420
0x0000000016efc1c0:   0000000019a767f0 00000000000000da
0x0000000016efc1d0:   0000000016a6b090 0000000000000020
0x0000000016efc1e0:   000000001dc42630 0000000016efe790
0x0000000016efc1f0:   000000001dc42c60 0000000016a6e5d0 

Instructions: (pc=0x0000000052ed4db2)
0x0000000052ed4d92:   c6 48 63 f0 48 03 f1 eb 04 48 83 ce ff 48 8b 84
0x0000000052ed4da2:   24 a0 00 00 00 48 8b 40 08 48 8b 3c 03 48 8b cf
0x0000000052ed4db2:   48 8b 07 ff 50 28 4c 8d 05 41 b2 bd ff 48 63 50
0x0000000052ed4dc2:   10 4c 8b d8 48 8b ca 48 c1 e1 05 42 80 bc 01 c0 


Register to memory mapping:

RAX=0x0000000016a6def8 is an unknown value
RBX=0x0000000000000600 is an unknown value
RCX=0x0000000000000000 is an unknown value
RDX=0x0000000019a767f0 is an unknown value
RSP=0x0000000016efc100 is pointing into the stack for thread: 0x000000001695f000
RBP=0x00000000000000c0 is an unknown value
RSI=0x00000000000000b8 is an unknown value
RDI=0x0000000000000000 is an unknown value
R8 =0x0000000052ab0000 is an unknown value
R9 =0x0000000016efc420 is pointing into the stack for thread: 0x000000001695f000
R10=0x00000000ffffffff is an unknown value
R11=0x0000000016991940 is an unknown value
R12=0x0000000016a6e600 is an unknown value
R13=0x0000000018871a48 is an unknown value
R14=0x0000000000000008 is an unknown value
R15=0x0000000018871a48 is an unknown value


Stack: [0x0000000016e00000,0x0000000016f00000],  sp=0x0000000016efc100,  free space=1008k
Native frames: (J=compiled Java code, j=interpreted, Vv=VM code, C=native code)
V  [jvm.dll+0x424db2]
V  [jvm.dll+0x42598d]
V  [jvm.dll+0x425ecf]
V  [jvm.dll+0x4c5a84]
V  [jvm.dll+0x4415bc]
V  [jvm.dll+0x443a29]
V  [jvm.dll+0x427722]
V  [jvm.dll+0x96982]
V  [jvm.dll+0x97173]
V  [jvm.dll+0x2234b4]
V  [jvm.dll+0x27bcca]
C  [msvcr100.dll+0x21d9f]
C  [msvcr100.dll+0x21e3b]
C  [KERNEL32.DLL+0x16ad]
C  [ntdll.dll+0x734a5]


Current CompileTask:
C2:  17140 6258       4       groovy.lang.MetaClassImpl::findPropertyMethod (356 bytes)


---------------  P R O C E S S  ---------------

Java Threads: ( => current thread )
  0x000000001db0f800 JavaThread "com.zola.gym.Role.data" daemon [_thread_blocked, id=10176, stack(0x000000001fbc0000,0x000000001fcc0000)]
  0x000000001db10800 JavaThread "net.sf.ehcache.CacheManager@190aab38" daemon [_thread_blocked, id=7200, stack(0x000000001c550000,0x000000001c650000)]
  0x000000001db0d800 JavaThread "PoolCleaner[465051273:1421184125705]" daemon [_thread_blocked, id=3728, stack(0x000000001d190000,0x000000001d290000)]
  0x000000001aea5800 JavaThread "FileSystemWatcher: files=#524 cl=groovy.lang.GroovyClassLoader@1bb81e89" daemon [_thread_blocked, id=7052, stack(0x000000001c890000,0x000000001c990000)]
  0x000000001aa35000 JavaThread "Thread-4" daemon [_thread_in_native, id=4988, stack(0x000000001c450000,0x000000001c550000)]
  0x000000001ad56800 JavaThread "localhost-startStop-1" daemon [_thread_in_Java, id=5052, stack(0x000000001c350000,0x000000001c450000)]
  0x000000001ad5a800 JavaThread "Tomcat-startStop-1" daemon [_thread_blocked, id=2316, stack(0x000000001bfe0000,0x000000001c0e0000)]
  0x000000001a5a8800 JavaThread "Thread-3" [_thread_in_native, id=6616, stack(0x000000001bee0000,0x000000001bfe0000)]
  0x0000000019119000 JavaThread "Thread-2" [_thread_blocked, id=8012, stack(0x000000001bbe0000,0x000000001bce0000)]
  0x00000000177e0000 JavaThread "NonBlockingInputStreamThread" daemon [_thread_blocked, id=5636, stack(0x0000000017fd0000,0x00000000180d0000)]
  0x0000000016b26800 JavaThread "Service Thread" daemon [_thread_blocked, id=8844, stack(0x0000000017200000,0x0000000017300000)]
  0x0000000016964800 JavaThread "C1 CompilerThread3" daemon [_thread_blocked, id=1992, stack(0x0000000017100000,0x0000000017200000)]
  0x0000000016960800 JavaThread "C2 CompilerThread2" daemon [_thread_in_native, id=6120, stack(0x0000000017000000,0x0000000017100000)]
  0x0000000016960000 JavaThread "C2 CompilerThread1" daemon [_thread_in_native, id=4932, stack(0x0000000016f00000,0x0000000017000000)]
=>0x000000001695f000 JavaThread "C2 CompilerThread0" daemon [_thread_in_native, id=5220, stack(0x0000000016e00000,0x0000000016f00000)]
  0x0000000016830000 JavaThread "Attach Listener" daemon [_thread_blocked, id=8848, stack(0x0000000016d00000,0x0000000016e00000)]
  0x000000001682f800 JavaThread "Signal Dispatcher" daemon [_thread_blocked, id=9040, stack(0x0000000016c00000,0x0000000016d00000)]
  0x000000000267c000 JavaThread "Finalizer" daemon [_thread_blocked, id=4724, stack(0x0000000016700000,0x0000000016800000)]
  0x000000001483a800 JavaThread "Reference Handler" daemon [_thread_blocked, id=3752, stack(0x0000000016600000,0x0000000016700000)]
  0x0000000002585000 JavaThread "main" [_thread_blocked, id=6188, stack(0x0000000002380000,0x0000000002480000)]

Other Threads:
  0x0000000014836800 VMThread [stack: 0x0000000016500000,0x0000000016600000] [id=8312]
  0x0000000016b27000 WatcherThread [stack: 0x0000000017300000,0x0000000017400000] [id=5556]

VM state:not at safepoint (normal execution)

VM Mutex/Monitor currently owned by a thread: None

Heap:
 PSYoungGen      total 183808K, used 140990K [0x00000000f0000000, 0x0000000100000000, 0x0000000100000000)
  eden space 118784K, 64% used [0x00000000f0000000,0x00000000f4a977f0,0x00000000f7400000)
  from space 65024K, 99% used [0x00000000f7400000,0x00000000fb318108,0x00000000fb380000)
  to   space 78336K, 0% used [0x00000000fb380000,0x00000000fb380000,0x0000000100000000)
 ParOldGen       total 111104K, used 95848K [0x00000000d0000000, 0x00000000d6c80000, 0x00000000f0000000)
  object space 111104K, 86% used [0x00000000d0000000,0x00000000d5d9a078,0x00000000d6c80000)
 Metaspace       used 71750K, capacity 74130K, committed 74368K, reserved 1116160K
  class space    used 7182K, capacity 7959K, committed 8064K, reserved 1048576K

Card table byte_map: [0x0000000011a40000,0x0000000011bd0000] byte_map_base: 0x00000000113c0000

Marking Bits: (ParMarkBitMap*) 0x00000000532612b0
 Begin Bits: [0x00000000124d0000, 0x00000000130d0000)
 End Bits:   [0x00000000130d0000, 0x0000000013cd0000)

Polling page: 0x0000000000a90000

CodeCache: size=245760Kb used=19342Kb max_used=21755Kb free=226417Kb
 bounds [0x0000000002680000, 0x0000000003bd0000, 0x0000000011680000]
 total_blobs=6240 nmethods=5497 adapters=653
 compilation: enabled

Compilation events (10 events):
Event: 17.108 Thread 0x0000000016964800 6582   !   2       java_util_Map$size$8::call (34 bytes)
Event: 17.108 Thread 0x0000000016964800 nmethod 6582 0x0000000002e769d0 code [0x0000000002e76b80, 0x0000000002e76e58]
Event: 17.109 Thread 0x0000000016964800 6583       2       org.codehaus.groovy.runtime.callsite.StaticMetaMethodSite::checkCall (46 bytes)
Event: 17.109 Thread 0x0000000016964800 nmethod 6583 0x0000000002e6fa50 code [0x0000000002e6fbc0, 0x0000000002e6fde8]
Event: 17.109 Thread 0x0000000016964800 6584   !   2       sun.reflect.GeneratedMethodAccessor194::invoke (61 bytes)
Event: 17.109 Thread 0x0000000016964800 nmethod 6584 0x0000000002b38d50 code [0x0000000002b38f20, 0x0000000002b39358]
Event: 17.110 Thread 0x0000000016964800 6585   !   2       sun.reflect.GeneratedMethodAccessor231::invoke (65 bytes)
Event: 17.110 Thread 0x0000000016964800 nmethod 6585 0x0000000002b383d0 code [0x0000000002b385a0, 0x0000000002b389f8]
Event: 17.112 Thread 0x0000000016964800 6586       2       java.util.Calendar::getSetStateFields (36 bytes)
Event: 17.112 Thread 0x0000000016964800 nmethod 6586 0x00000000034833d0 code [0x0000000003483540, 0x0000000003483730]

GC Heap History (10 events):
Event: 14.114 GC heap before
{Heap before GC invocations=74 (full 7):
 PSYoungGen      total 210432K, used 195207K [0x00000000f0000000, 0x0000000100000000, 0x0000000100000000)
  eden space 162816K, 100% used [0x00000000f0000000,0x00000000f9f00000,0x00000000f9f00000)
  from space 47616K, 68% used [0x00000000fd080000,0x00000000ff021ea8,0x00000000fff00000)
  to   space 49664K, 0% used [0x00000000f9f00000,0x00000000f9f00000,0x00000000fcf80000)
 ParOldGen       total 111104K, used 94227K [0x00000000d0000000, 0x00000000d6c80000, 0x00000000f0000000)
  object space 111104K, 84% used [0x00000000d0000000,0x00000000d5c04c80,0x00000000d6c80000)
 Metaspace       used 63966K, capacity 65492K, committed 65792K, reserved 1107968K
  class space    used 6376K, capacity 6869K, committed 6912K, reserved 1048576K
Event: 14.131 GC heap after
Heap after GC invocations=74 (full 7):
 PSYoungGen      total 200192K, used 36933K [0x00000000f0000000, 0x0000000100000000, 0x0000000100000000)
  eden space 162816K, 0% used [0x00000000f0000000,0x00000000f0000000,0x00000000f9f00000)
  from space 37376K, 98% used [0x00000000f9f00000,0x00000000fc311490,0x00000000fc380000)
  to   space 52224K, 0% used [0x00000000fcd00000,0x00000000fcd00000,0x0000000100000000)
 ParOldGen       total 111104K, used 94235K [0x00000000d0000000, 0x00000000d6c80000, 0x00000000f0000000)
  object space 111104K, 84% used [0x00000000d0000000,0x00000000d5c06c80,0x00000000d6c80000)
 Metaspace       used 63966K, capacity 65492K, committed 65792K, reserved 1107968K
  class space    used 6376K, capacity 6869K, committed 6912K, reserved 1048576K
}
Event: 14.613 GC heap before
{Heap before GC invocations=75 (full 7):
 PSYoungGen      total 200192K, used 199749K [0x00000000f0000000, 0x0000000100000000, 0x0000000100000000)
  eden space 162816K, 100% used [0x00000000f0000000,0x00000000f9f00000,0x00000000f9f00000)
  from space 37376K, 98% used [0x00000000f9f00000,0x00000000fc311490,0x00000000fc380000)
  to   space 52224K, 0% used [0x00000000fcd00000,0x00000000fcd00000,0x0000000100000000)
 ParOldGen       total 111104K, used 94235K [0x00000000d0000000, 0x00000000d6c80000, 0x00000000f0000000)
  object space 111104K, 84% used [0x00000000d0000000,0x00000000d5c06c80,0x00000000d6c80000)
 Metaspace       used 65498K, capacity 66924K, committed 67328K, reserved 1110016K
  class space    used 6594K, capacity 7066K, committed 7168K, reserved 1048576K
Event: 14.632 GC heap after
Heap after GC invocations=75 (full 7):
 PSYoungGen      total 199680K, used 44481K [0x00000000f0000000, 0x0000000100000000, 0x0000000100000000)
  eden space 147456K, 0% used [0x00000000f0000000,0x00000000f0000000,0x00000000f9000000)
  from space 52224K, 85% used [0x00000000fcd00000,0x00000000ff870530,0x0000000100000000)
  to   space 57344K, 0% used [0x00000000f9000000,0x00000000f9000000,0x00000000fc800000)
 ParOldGen       total 111104K, used 94243K [0x00000000d0000000, 0x00000000d6c80000, 0x00000000f0000000)
  object space 111104K, 84% used [0x00000000d0000000,0x00000000d5c08c80,0x00000000d6c80000)
 Metaspace       used 65498K, capacity 66924K, committed 67328K, reserved 1110016K
  class space    used 6594K, capacity 7066K, committed 7168K, reserved 1048576K
}
Event: 15.174 GC heap before
{Heap before GC invocations=76 (full 7):
 PSYoungGen      total 199680K, used 191937K [0x00000000f0000000, 0x0000000100000000, 0x0000000100000000)
  eden space 147456K, 100% used [0x00000000f0000000,0x00000000f9000000,0x00000000f9000000)
  from space 52224K, 85% used [0x00000000fcd00000,0x00000000ff870530,0x0000000100000000)
  to   space 57344K, 0% used [0x00000000f9000000,0x00000000f9000000,0x00000000fc800000)
 ParOldGen       total 111104K, used 94243K [0x00000000d0000000, 0x00000000d6c80000, 0x00000000f0000000)
  object space 111104K, 84% used [0x00000000d0000000,0x00000000d5c08c80,0x00000000d6c80000)
 Metaspace       used 67140K, capacity 68768K, committed 68992K, reserved 1112064K
  class space    used 6710K, capacity 7227K, committed 7296K, reserved 1048576K
Event: 15.202 GC heap after
Heap after GC invocations=76 (full 7):
 PSYoungGen      total 199168K, used 51542K [0x00000000f0000000, 0x0000000100000000, 0x0000000100000000)
  eden space 147456K, 0% used [0x00000000f0000000,0x00000000f0000000,0x00000000f9000000)
  from space 51712K, 99% used [0x00000000f9000000,0x00000000fc255920,0x00000000fc280000)
  to   space 62976K, 0% used [0x00000000fc280000,0x00000000fc280000,0x0000000100000000)
 ParOldGen       total 111104K, used 94251K [0x00000000d0000000, 0x00000000d6c80000, 0x00000000f0000000)
  object space 111104K, 84% used [0x00000000d0000000,0x00000000d5c0ac80,0x00000000d6c80000)
 Metaspace       used 67140K, capacity 68768K, committed 68992K, reserved 1112064K
  class space    used 6710K, capacity 7227K, committed 7296K, reserved 1048576K
}
Event: 15.713 GC heap before
{Heap before GC invocations=77 (full 7):
 PSYoungGen      total 199168K, used 198998K [0x00000000f0000000, 0x0000000100000000, 0x0000000100000000)
  eden space 147456K, 100% used [0x00000000f0000000,0x00000000f9000000,0x00000000f9000000)
  from space 51712K, 99% used [0x00000000f9000000,0x00000000fc255920,0x00000000fc280000)
  to   space 62976K, 0% used [0x00000000fc280000,0x00000000fc280000,0x0000000100000000)
 ParOldGen       total 111104K, used 94251K [0x00000000d0000000, 0x00000000d6c80000, 0x00000000f0000000)
  object space 111104K, 84% used [0x00000000d0000000,0x00000000d5c0ac80,0x00000000d6c80000)
 Metaspace       used 68713K, capacity 70356K, committed 70400K, reserved 1112064K
  class space    used 6842K, capacity 7387K, committed 7424K, reserved 1048576K
Event: 15.743 GC heap after
Heap after GC invocations=77 (full 7):
 PSYoungGen      total 181760K, used 57622K [0x00000000f0000000, 0x0000000100000000, 0x0000000100000000)
  eden space 118784K, 0% used [0x00000000f0000000,0x00000000f0000000,0x00000000f7400000)
  from space 62976K, 91% used [0x00000000fc280000,0x00000000ffac5850,0x0000000100000000)
  to   space 71680K, 0% used [0x00000000f7400000,0x00000000f7400000,0x00000000fba00000)
 ParOldGen       total 111104K, used 95460K [0x00000000d0000000, 0x00000000d6c80000, 0x00000000f0000000)
  object space 111104K, 85% used [0x00000000d0000000,0x00000000d5d39120,0x00000000d6c80000)
 Metaspace       used 68713K, capacity 70356K, committed 70400K, reserved 1112064K
  class space    used 6842K, capacity 7387K, committed 7424K, reserved 1048576K
}
Event: 16.211 GC heap before
{Heap before GC invocations=78 (full 7):
 PSYoungGen      total 181760K, used 176406K [0x00000000f0000000, 0x0000000100000000, 0x0000000100000000)
  eden space 118784K, 100% used [0x00000000f0000000,0x00000000f7400000,0x00000000f7400000)
  from space 62976K, 91% used [0x00000000fc280000,0x00000000ffac5850,0x0000000100000000)
  to   space 71680K, 0% used [0x00000000f7400000,0x00000000f7400000,0x00000000fba00000)
 ParOldGen       total 111104K, used 95460K [0x00000000d0000000, 0x00000000d6c80000, 0x00000000f0000000)
  object space 111104K, 85% used [0x00000000d0000000,0x00000000d5d39120,0x00000000d6c80000)
 Metaspace       used 70909K, capacity 73038K, committed 73088K, reserved 1114112K
  class space    used 7081K, capacity 7768K, committed 7808K, reserved 1048576K
Event: 16.243 GC heap after
Heap after GC invocations=78 (full 7):
 PSYoungGen      total 183808K, used 64608K [0x00000000f0000000, 0x0000000100000000, 0x0000000100000000)
  eden space 118784K, 0% used [0x00000000f0000000,0x00000000f0000000,0x00000000f7400000)
  from space 65024K, 99% used [0x00000000f7400000,0x00000000fb318108,0x00000000fb380000)
  to   space 78336K, 0% used [0x00000000fb380000,0x00000000fb380000,0x0000000100000000)
 ParOldGen       total 111104K, used 95848K [0x00000000d0000000, 0x00000000d6c80000, 0x00000000f0000000)
  object space 111104K, 86% used [0x00000000d0000000,0x00000000d5d9a078,0x00000000d6c80000)
 Metaspace       used 70909K, capacity 73038K, committed 73088K, reserved 1114112K
  class space    used 7081K, capacity 7768K, committed 7808K, reserved 1048576K
}

Deoptimization events (10 events):
Event: 13.809 Thread 0x000000001ad56800 Uncommon trap: reason=null_check action=make_not_entrant pc=0x0000000003945cb0 method=java.util.concurrent.ConcurrentHashMap$TreeBin.<init>(Ljava/util/concurrent/ConcurrentHashMap$TreeNode;)V @ 26
Event: 13.899 Thread 0x000000001ad56800 Uncommon trap: reason=unreached action=reinterpret pc=0x000000000393f088 method=org.springframework.beans.factory.support.AbstractAutowireCapableBeanFactory.predictBeanType(Ljava/lang/String;Lorg/springframework/beans/factory/support/RootBeanDefinition;[Ljíž×<²,@
Event: 14.031 Thread 0x000000001ad56800 Uncommon trap: reason=unreached action=reinterpret pc=0x0000000003907ad0 method=java.lang.reflect.Method.equals(Ljava/lang/Object;)Z @ 49
Event: 14.070 Thread 0x000000001ad56800 Uncommon trap: reason=unloaded action=reinterpret pc=0x0000000003a36c20 method=com.sun.beans.TypeResolver.resolve(Ljava/lang/reflect/Type;Ljava/lang/reflect/Type;)Ljava/lang/reflect/Type; @ 175
Event: 14.088 Thread 0x000000001ad56800 Uncommon trap: reason=class_check action=maybe_recompile pc=0x0000000003645964 method=sl.org.objectweb.asm.ClassReader.a(Lsl/org/objectweb/asm/MethodVisitor;Lsl/org/objectweb/asm/Context;I)V @ 1945
Event: 14.244 Thread 0x000000001ad56800 Uncommon trap: reason=null_check action=make_not_entrant pc=0x0000000003a5aa10 method=org.springframework.beans.ExtendedBeanInfo.isCandidateWriteMethod(Ljava/lang/reflect/Method;)Z @ 47
Event: 14.509 Thread 0x000000001ad56800 Uncommon trap: reason=unreached action=reinterpret pc=0x0000000002d8ae2c method=org.springframework.util.ObjectUtils.nullSafeEquals(Ljava/lang/Object;Ljava/lang/Object;)Z @ 8
Event: 15.168 Thread 0x000000001ad56800 Uncommon trap: reason=unreached action=reinterpret pc=0x000000000391885c method=groovy.lang.MetaClassImpl$1MOPIter.methodNameAction(Ljava/lang/Class;Lorg/codehaus/groovy/runtime/metaclass/MetaMethodIndex$Entry;)V @ 259
Event: 15.860 Thread 0x000000001ad56800 Uncommon trap: reason=bimorphic action=maybe_recompile pc=0x0000000002785d64 method=java.util.regex.Pattern$Branch.match(Ljava/util/regex/Matcher;ILjava/lang/CharSequence;)Z @ 32
Event: 16.057 Thread 0x000000001ad56800 Uncommon trap: reason=unreached action=reinterpret pc=0x00000000037c0ca8 method=sun.util.calendar.ZoneInfo.getOffsets(J[II)I @ 4

Internal exceptions (10 events):
Event: 17.052 Thread 0x000000001ad56800 Exception <a 'java/security/PrivilegedActionException'> (0x00000000f42ff158) thrown at [C:\re\workspace\8-2-build-windows-amd64-cygwin\jdk8u11\648\hotspot\src\share\vm\prims\jvm.cpp, line 1248]
Event: 17.052 Thread 0x000000001ad56800 Exception <a 'java/lang/ClassNotFoundException': org/grails/plugin/resource/AggregatedResourceMeta$_buildAggregateResource_closure3_closure4BeanInfo> (0x00000000f4300a30) thrown at [C:\re\workspace\8-2-build-windows-amd64-cygwin\jdk8u11\648\hotspot\src\sha²×­:1@
Event: 17.052 Thread 0x000000001ad56800 Exception <a 'java/security/PrivilegedActionException'> (0x00000000f4302628) thrown at [C:\re\workspace\8-2-build-windows-amd64-cygwin\jdk8u11\648\hotspot\src\share\vm\prims\jvm.cpp, line 1248]
Event: 17.052 Thread 0x000000001ad56800 Exception <a 'java/security/PrivilegedActionException'> (0x00000000f4308b50) thrown at [C:\re\workspace\8-2-build-windows-amd64-cygwin\jdk8u11\648\hotspot\src\share\vm\prims\jvm.cpp, line 1248]
Event: 17.052 Thread 0x000000001ad56800 Exception <a 'java/security/PrivilegedActionException'> (0x00000000f431fda8) thrown at [C:\re\workspace\8-2-build-windows-amd64-cygwin\jdk8u11\648\hotspot\src\share\vm\prims\jvm.cpp, line 1248]
Event: 17.052 Thread 0x000000001ad56800 Exception <a 'java/security/PrivilegedActionException'> (0x00000000f433ced0) thrown at [C:\re\workspace\8-2-build-windows-amd64-cygwin\jdk8u11\648\hotspot\src\share\vm\prims\jvm.cpp, line 1248]
Event: 17.052 Thread 0x000000001ad56800 Exception <a 'java/security/PrivilegedActionException'> (0x00000000f43433f8) thrown at [C:\re\workspace\8-2-build-windows-amd64-cygwin\jdk8u11\648\hotspot\src\share\vm\prims\jvm.cpp, line 1248]
Event: 17.052 Thread 0x000000001ad56800 Exception <a 'java/security/PrivilegedActionException'> (0x00000000f435a650) thrown at [C:\re\workspace\8-2-build-windows-amd64-cygwin\jdk8u11\648\hotspot\src\share\vm\prims\jvm.cpp, line 1248]
Event: 17.053 Thread 0x000000001ad56800 Exception <a 'java/security/PrivilegedActionException'> (0x00000000f438d1b8) thrown at [C:\re\workspace\8-2-build-windows-amd64-cygwin\jdk8u11\648\hotspot\src\share\vm\prims\jvm.cpp, line 1248]
Event: 17.053 Thread 0x000000001ad56800 Exception <a 'java/lang/ClassNotFoundException': org/grails/plugin/resource/AggregatedResourceMeta$_buildAggregateResource_closure3_closure4Customizer> (0x00000000f438ea98) thrown at [C:\re\workspace\8-2-build-windows-amd64-cygwin\jdk8u11\648\hotspot\src\s{æä01@

Events (10 events):
Event: 17.052 loading class org/grails/plugin/resource/AggregatedResourceMeta$_buildAggregateResource_closure3_closure4Customizer
Event: 17.052 loading class org/grails/plugin/resource/AggregatedResourceMeta$_buildAggregateResource_closure3_closure4Customizer done
Event: 17.052 loading class org/grails/plugin/resource/AggregatedResourceMeta$_buildAggregateResource_closure3_closure4Customizer
Event: 17.052 loading class org/grails/plugin/resource/AggregatedResourceMeta$_buildAggregateResource_closure3_closure4Customizer done
Event: 17.053 loading class org/grails/plugin/resource/AggregatedResourceMeta$_buildAggregateResource_closure3_closure4Customizer
Event: 17.053 loading class org/grails/plugin/resource/AggregatedResourceMeta$_buildAggregateResource_closure3_closure4Customizer done
Event: 17.105 Thread 0x000000001ad56800 DEOPT PACKING pc=0x00000000027f47ab sp=0x000000001c4494a0
Event: 17.105 Thread 0x000000001ad56800 DEOPT UNPACKING pc=0x00000000026c7604 sp=0x000000001c449258 mode 0
Event: 17.124 Thread 0x000000001ad56800 DEOPT PACKING pc=0x00000000027f47ab sp=0x000000001c449b90
Event: 17.124 Thread 0x000000001ad56800 DEOPT UNPACKING pc=0x00000000026c7604 sp=0x000000001c449948 mode 0


Dynamic libraries:
0x00007ff7a61d0000 - 0x00007ff7a6204000 	C:\Program Files\Java\jdk1.8.0_11\bin\java.exe
0x00007ffc233e0000 - 0x00007ffc2358a000 	C:\Windows\SYSTEM32\ntdll.dll
0x00007ffc21510000 - 0x00007ffc2164a000 	C:\Windows\system32\KERNEL32.DLL
0x00007ffc20920000 - 0x00007ffc20a2f000 	C:\Windows\system32\KERNELBASE.dll
0x00007ffc1dd00000 - 0x00007ffc1dd88000 	C:\Windows\system32\apphelp.dll
0x00007ffc1e240000 - 0x00007ffc1e28f000 	C:\Windows\AppPatch\AppPatch64\AcGenral.DLL
0x00007ffc22ad0000 - 0x00007ffc22b77000 	C:\Windows\system32\msvcrt.dll
0x00007ffc20710000 - 0x00007ffc2073b000 	C:\Windows\SYSTEM32\SspiCli.dll
0x00007ffc21650000 - 0x00007ffc216a1000 	C:\Windows\system32\SHLWAPI.dll
0x00007ffc21390000 - 0x00007ffc21501000 	C:\Windows\system32\USER32.dll
0x00007ffc22e50000 - 0x00007ffc22fc8000 	C:\Windows\system32\ole32.dll
0x00007ffc216b0000 - 0x00007ffc22ad0000 	C:\Windows\system32\SHELL32.dll
0x00007ffc1fde0000 - 0x00007ffc1fdfe000 	C:\Windows\SYSTEM32\USERENV.dll
0x00007ffc212e0000 - 0x00007ffc21385000 	C:\Windows\system32\ADVAPI32.dll
0x00007ffc190c0000 - 0x00007ffc190db000 	C:\Windows\SYSTEM32\MPR.dll
0x00007ffc211a0000 - 0x00007ffc212d7000 	C:\Windows\system32\RPCRT4.dll
0x00007ffc23360000 - 0x00007ffc233b7000 	C:\Windows\SYSTEM32\sechost.dll
0x00007ffc20e50000 - 0x00007ffc21026000 	C:\Windows\SYSTEM32\combase.dll
0x00007ffc22fd0000 - 0x00007ffc23114000 	C:\Windows\system32\GDI32.dll
0x00007ffc20750000 - 0x00007ffc20764000 	C:\Windows\SYSTEM32\profapi.dll
0x00007ffc1f350000 - 0x00007ffc1f3ef000 	C:\Windows\SYSTEM32\SHCORE.dll
0x00007ffc23320000 - 0x00007ffc23354000 	C:\Windows\system32\IMM32.DLL
0x00007ffc20d10000 - 0x00007ffc20e49000 	C:\Windows\system32\MSCTF.dll
0x00007ffc1ec90000 - 0x00007ffc1eeea000 	C:\Windows\WinSxS\amd64_microsoft.windows.common-controls_6595b64144ccf1df_6.0.9600.17031_none_6242a4b3ecbb55a1\COMCTL32.dll
0x00000000529d0000 - 0x0000000052aa2000 	C:\Program Files\Java\jdk1.8.0_11\jre\bin\msvcr100.dll
0x0000000052ab0000 - 0x00000000532da000 	C:\Program Files\Java\jdk1.8.0_11\jre\bin\server\jvm.dll
0x00007ffc182c0000 - 0x00007ffc182c9000 	C:\Windows\SYSTEM32\WSOCK32.dll
0x00007ffc1eef0000 - 0x00007ffc1ef0f000 	C:\Windows\SYSTEM32\WINMM.dll
0x00007ffc22b90000 - 0x00007ffc22b97000 	C:\Windows\system32\PSAPI.DLL
0x00007ffc23120000 - 0x00007ffc23178000 	C:\Windows\system32\WS2_32.dll
0x00007ffc1ec30000 - 0x00007ffc1ec5a000 	C:\Windows\SYSTEM32\WINMMBASE.dll
0x00007ffc21030000 - 0x00007ffc21039000 	C:\Windows\system32\NSI.dll
0x00007ffc20c10000 - 0x00007ffc20c5a000 	C:\Windows\SYSTEM32\cfgmgr32.dll
0x00007ffc1f5d0000 - 0x00007ffc1f5f6000 	C:\Windows\SYSTEM32\DEVOBJ.dll
0x0000000052980000 - 0x000000005298f000 	C:\Program Files\Java\jdk1.8.0_11\jre\bin\verify.dll
0x0000000052950000 - 0x0000000052978000 	C:\Program Files\Java\jdk1.8.0_11\jre\bin\java.dll
0x0000000053540000 - 0x0000000053563000 	C:\Program Files\Java\jdk1.8.0_11\jre\bin\instrument.dll
0x0000000052930000 - 0x0000000052946000 	C:\Program Files\Java\jdk1.8.0_11\jre\bin\zip.dll
0x00007ffc200e0000 - 0x00007ffc200fe000 	C:\Windows\SYSTEM32\CRYPTSP.dll
0x00007ffc1fcd0000 - 0x00007ffc1fd05000 	C:\Windows\system32\rsaenh.dll
0x00007ffc20310000 - 0x00007ffc20336000 	C:\Windows\SYSTEM32\bcrypt.dll
0x00007ffc20600000 - 0x00007ffc20660000 	C:\Windows\system32\bcryptprimitives.dll
0x00007ffc20740000 - 0x00007ffc2074a000 	C:\Windows\SYSTEM32\CRYPTBASE.dll
0x0000000052910000 - 0x000000005292a000 	C:\Program Files\Java\jdk1.8.0_11\jre\bin\net.dll
0x00007ffc20080000 - 0x00007ffc200d8000 	C:\Windows\system32\mswsock.dll
0x00007ffc1a8a0000 - 0x00007ffc1a8c9000 	C:\Windows\SYSTEM32\IPHLPAPI.DLL
0x00007ffc1a870000 - 0x00007ffc1a87a000 	C:\Windows\SYSTEM32\WINNSI.DLL
0x00007ffc1a4e0000 - 0x00007ffc1a4f4000 	C:\Windows\SYSTEM32\dhcpcsvc6.DLL
0x00007ffc1a4c0000 - 0x00007ffc1a4d9000 	C:\Windows\SYSTEM32\dhcpcsvc.DLL
0x00000000528f0000 - 0x0000000052901000 	C:\Program Files\Java\jdk1.8.0_11\jre\bin\nio.dll
0x00007ffc1f060000 - 0x00007ffc1f06a000 	C:\Users\kegara\AppData\Local\Temp\jansi-64-2844641274482202252.dll
0x00000000535e0000 - 0x00000000535ed000 	C:\Program Files\Java\jdk1.8.0_11\jre\bin\management.dll
0x00007ffc16c50000 - 0x00007ffc16c64000 	C:\Windows\system32\napinsp.dll
0x00007ffc16be0000 - 0x00007ffc16bf9000 	C:\Windows\system32\pnrpnsp.dll
0x00007ffc1d760000 - 0x00007ffc1d779000 	C:\Windows\system32\NLAapi.dll
0x00007ffc1fe90000 - 0x00007ffc1ff33000 	C:\Windows\SYSTEM32\DNSAPI.dll
0x00007ffc16b70000 - 0x00007ffc16b7c000 	C:\Windows\System32\winrnr.dll
0x00007ffc17b60000 - 0x00007ffc17b69000 	C:\Windows\System32\rasadhlp.dll
0x00007ffc19f70000 - 0x00007ffc19fd8000 	C:\Windows\System32\fwpuclnt.dll
0x00007ffc16fb0000 - 0x00007ffc17138000 	C:\Windows\SYSTEM32\dbghelp.dll

VM Arguments:
jvm_args: -Dfile.encoding=UTF-8 -Xmx768M -Xms64M -Dgrails.fork.parent.process.port=33757 -Dgrails.fork.active=true -Dgrails.build.execution.context=C:\Users\kegara\AppData\Local\Temp\GymApp6437403897863365647grails-execution-context -Dgrails.home=C:\Users\kegara\Documents\grails-2.3.11\grails-2.3.11 -javaagent:C:\Users\kegara\Documents\grails-2.3.11\grails-2.3.11\lib\org.springframework\springloaded\jars\springloaded-1.2.0.RELEASE.jar -Xverify:none -Dspringloaded.synchronize=true -Djdk.reflect.allowGetCallerClass=true -Dspringloaded=profile=grails;cacheDir=C:\Users\kegara/.grails/2.3.11/ 
java_command: org.grails.plugins.tomcat.fork.ForkedTomcatServer
java_class_path (initial): C:\Program Files\Java\jdk1.8.0_11\lib\tools.jar;C:\Users\kegara\Documents\grails-2.3.11\grails-2.3.11\lib\org.codehaus.groovy\groovy-all\jars\groovy-all-2.1.9.jar;C:\Users\kegara\Documents\grails-2.3.11\grails-2.3.11\lib\org.slf4j\jcl-over-slf4j\jars\jcl-over-slf4j-1.7.5.jar;C:\Users\kegara\Documents\grails-2.3.11\grails-2.3.11\lib\org.codehaus.gant\gant_groovy1.8\jars\gant_groovy1.8-1.9.6.jar;C:\Users\kegara\Documents\grails-2.3.11\grails-2.3.11\lib\org.apache.tomcat.embed\tomcat-embed-logging-log4j\jars\tomcat-embed-logging-log4j-7.0.50.jar;C:\Users\kegara\Documents\grails-2.3.11\grails-2.3.11\dist\grails-plugin-log4j-2.3.11.jar;C:\Users\kegara\Documents\grails-2.3.11\grails-2.3.11\lib\log4j\log4j\jars\log4j-1.2.17.jar;C:\Users\kegara\Documents\grails-2.3.11\grails-2.3.11\dist\grails-bootstrap-2.3.11.jar;C:\Users\kegara\Documents\grails-2.3.11\grails-2.3.11\lib\org.slf4j\slf4j-api\jars\slf4j-api-1.7.5.jar;C:\Users\kegara\Documents\grails-2.3.11\grails-2.3.11\lib\jline\jline\jars\jline-2.12.jar;C:\Users\kegara\Documents\grails-2.3.11\grails-2.3.11\lib\org.apache.ant\ant\jars\ant-1.8.4.jar;C:\Users\kegara\Documents\grails-2.3.11\grails-2.3.11\lib\org.apache.ant\ant-launcher\jars\ant-launcher-1.8.4.jar;C:\Users\kegara\Documents\grails-2.3.11\grails-2.3.11\lib\org.apache.ant\ant-trax\jars\ant-trax-1.7.1.jar;C:\Users\kegara\Documents\grails-2.3.11\grails-2.3.11\lib\org.apache.ant\ant-junit\jars\ant-junit-1.8.4.jar;C:\Users\kegara\Documents\grails-2.3.11\grails-2.3.11\lib\org.apache.ivy\ivy\jars\ivy-2.3.0.jar;C:\Users\kegara\Documents\grails-2.3.11\grails-2.3.11\lib\org.fusesource.jansi\jansi\jars\jansi-1.11.jar;C:\Users\kegara\.m2\repository\org\eclipse\jdt\core\compiler\ecj\3.7.2\ecj-3.7.2.jar;C:\Users\kegara\Documents\Netbeans Projects\GymApp\target\work\plugins\tomcat-7.0.54\grails-plugin-tomcat-7.0.54.jar;C:\Users\kegara\.m2\repository\org\apache\tomcat\embed\tomcat-embed-websocket\7.0.53\tomcat-embed-websocket-7.0.53.jar;C:\Users\kegar
Launcher Type: SUN_STANDARD

Environment Variables:
JAVA_HOME=C:\Program Files\Java\jdk1.8.0_11
PATH=C:\ProgramData\Oracle\Java\javapath;C:\Program Files (x86)\Intel\iCLS Client\;C:\Program Files\Intel\iCLS Client\;C:\Windows\system32;C:\Windows;C:\Windows\System32\Wbem;C:\Windows\System32\WindowsPowerShell\v1.0\;C:\Python34\;C:\Python34\Scripts;C:\Program Files\R\R-3.1.1\bin\x64;C:\Program Files\Java\jdk1.8.0_11\bin;C:\Program Files\Intel\Intel(R) Management Engine Components\DAL;C:\Program Files\Intel\Intel(R) Management Engine Components\IPT;C:\Program Files (x86)\Intel\Intel(R) Management Engine Components\DAL;C:\Program Files (x86)\Intel\Intel(R) Management Engine Components\IPT;C:\Program Files\Common Files\Autodesk Shared\;C:\Program Files (x86)\Autodesk\Backburner\;C:\Program Files (x86)\Windows Kits\8.1\Windows Performance Toolkit\;C:\Program Files\Microsoft SQL Server\110\Tools\Binn\;C:\Program Files (x86)\Microsoft SDKs\TypeScript\1.0\;C:\Program Files (x86)\QuickTime\QTSystem\;C:\Program Files\jEdit;C:\Program Files (x86)\Rational\common;C:\Program Files\MiKTeX 2.9\miktex\bin\x64\;C:\Program Files\MATLAB(Campus)\R2014a\bin;C:\Program Files\MATLAB\R2014a\bin;c:\Program Files (x86)\Microsoft SQL Server\100\Tools\Binn\;c:\Program Files\Microsoft SQL Server\100\Tools\Binn\;c:\Program Files\Microsoft SQL Server\100\DTS\Binn\;M:\SOIProfile\My Documents\Groovy\Groovy-2.3.6\bin
USERNAME=kegara
OS=Windows_NT
PROCESSOR_IDENTIFIER=Intel64 Family 6 Model 62 Stepping 4, GenuineIntel



---------------  S Y S T E M  ---------------

OS: Windows 8.1 , 64 bit Build 9600 

CPU:total 8 (4 cores per cpu, 2 threads per core) family 6 model 62 stepping 4, cmov, cx8, fxsr, mmx, sse, sse2, sse3, ssse3, sse4.1, sse4.2, popcnt, avx, aes, clmul, erms, ht, tsc, tscinvbit

Memory: 4k page, physical 16699200k(10694920k free), swap 19189568k(12307604k free)

vm_info: Java HotSpot(TM) 64-Bit Server VM (25.11-b03) for windows-amd64 JRE (1.8.0_11-b12), built on Jun 16 2014 20:57:32 by "java_re" with MS VC++ 10.0 (VS2010)

time: Tue Jan 13 21:22:13 2015
elapsed time: 17 seconds

