#
# A fatal error has been detected by the Java Runtime Environment:
#
#  EXCEPTION_ACCESS_VIOLATION (0xc0000005) at pc=0x000000006bf84db2, pid=2148, tid=5348
#
# JRE version: Java(TM) SE Runtime Environment (8.0_11-b12) (build 1.8.0_11-b12)
# Java VM: Java HotSpot(TM) 64-Bit Server VM (25.11-b03 mixed mode windows-amd64 compressed oops)
# Problematic frame:
# V  [jvm.dll+0x424db2]
#
# Failed to write core dump. Minidumps are not enabled by default on client versions of Windows
#
# If you would like to submit a bug report, please visit:
#   http://bugreport.sun.com/bugreport/crash.jsp
#

---------------  T H R E A D  ---------------

Current thread (0x0000000016df7800):  JavaThread "C2 CompilerThread2" daemon [_thread_in_native, id=5348, stack(0x0000000017490000,0x0000000017590000)]

siginfo: ExceptionCode=0xc0000005, reading address 0x0000000000000000

Registers:
RAX=0x0000000019826258, RBX=0x0000000000000600, RCX=0x0000000000000000, RDX=0x000000001db67d50
RSP=0x000000001758c510, RBP=0x00000000000000c0, RSI=0x00000000000000b8, RDI=0x0000000000000000
R8 =0x000000006bb60000, R9 =0x000000001758c830, R10=0x00000000ffffffff, R11=0x0000000016e174f0
R12=0x0000000019826960, R13=0x0000000019515b40, R14=0x0000000000000008, R15=0x0000000019515b40
RIP=0x000000006bf84db2, EFLAGS=0x0000000000010206

Top of Stack: (sp=0x000000001758c510)
0x000000001758c510:   00000000000000da 000000001db638b0
0x000000001758c520:   0000000000000040 0000000000000400
0x000000001758c530:   0000000000000001 0000000000000600
0x000000001758c540:   0000000000000180 00000000000000c0
0x000000001758c550:   0000000018c56690 0000000016def0d0
0x000000001758c560:   00000000000006f8 000000001db638b0
0x000000001758c570:   000000001758c830 0000000019823c80
0x000000001758c580:   0000000000000020 0000000000000008
0x000000001758c590:   0000000019826930 00000000000000da
0x000000001758c5a0:   0000000019515b40 000000006bf8598d
0x000000001758c5b0:   0000000019826930 000000000000001c
0x000000001758c5c0:   00000000000000da 000000001758c830
0x000000001758c5d0:   000000001db67d50 00000000000000da
0x000000001758c5e0:   0000000019823c80 0000000000000020
0x000000001758c5f0:   000000001bae2c78 000000001758eba0
0x000000001758c600:   000000001bae2b28 0000000019826930 

Instructions: (pc=0x000000006bf84db2)
0x000000006bf84d92:   c6 48 63 f0 48 03 f1 eb 04 48 83 ce ff 48 8b 84
0x000000006bf84da2:   24 a0 00 00 00 48 8b 40 08 48 8b 3c 03 48 8b cf
0x000000006bf84db2:   48 8b 07 ff 50 28 4c 8d 05 41 b2 bd ff 48 63 50
0x000000006bf84dc2:   10 4c 8b d8 48 8b ca 48 c1 e1 05 42 80 bc 01 c0 


Register to memory mapping:

RAX=0x0000000019826258 is an unknown value
RBX=0x0000000000000600 is an unknown value
RCX=0x0000000000000000 is an unknown value
RDX=0x000000001db67d50 is an unknown value
RSP=0x000000001758c510 is pointing into the stack for thread: 0x0000000016df7800
RBP=0x00000000000000c0 is an unknown value
RSI=0x00000000000000b8 is an unknown value
RDI=0x0000000000000000 is an unknown value
R8 =0x000000006bb60000 is an unknown value
R9 =0x000000001758c830 is pointing into the stack for thread: 0x0000000016df7800
R10=0x00000000ffffffff is an unknown value
R11=0x0000000016e174f0 is an unknown value
R12=0x0000000019826960 is an unknown value
R13=0x0000000019515b40 is an unknown value
R14=0x0000000000000008 is an unknown value
R15=0x0000000019515b40 is an unknown value


Stack: [0x0000000017490000,0x0000000017590000],  sp=0x000000001758c510,  free space=1009k
Native frames: (J=compiled Java code, j=interpreted, Vv=VM code, C=native code)
V  [jvm.dll+0x424db2]
V  [jvm.dll+0x42598d]
V  [jvm.dll+0x425ecf]
V  [jvm.dll+0x4c5a84]
V  [jvm.dll+0x4415bc]
V  [jvm.dll+0x443a29]
V  [jvm.dll+0x427722]
V  [jvm.dll+0x96982]
V  [jvm.dll+0x97173]
V  [jvm.dll+0x2234b4]
V  [jvm.dll+0x27bcca]
C  [msvcr100.dll+0x21d9f]
C  [msvcr100.dll+0x21e3b]
C  [KERNEL32.DLL+0x16ad]
C  [ntdll.dll+0x734a5]


Current CompileTask:
C2:  18235 6724       4       groovy.lang.MetaClassImpl::findPropertyMethod (356 bytes)


---------------  P R O C E S S  ---------------

Java Threads: ( => current thread )
  0x000000001b0d6800 JavaThread "com.zola.gym.Role.data" daemon [_thread_blocked, id=6404, stack(0x000000001f630000,0x000000001f730000)]
  0x000000001b0d8000 JavaThread "net.sf.ehcache.CacheManager@38d869b9" daemon [_thread_blocked, id=5252, stack(0x000000001d130000,0x000000001d230000)]
  0x000000001b0d3800 JavaThread "PoolCleaner[133972007:1421455434644]" daemon [_thread_blocked, id=5604, stack(0x000000001d6d0000,0x000000001d7d0000)]
  0x000000001b0d4800 JavaThread "FileSystemWatcher: files=#547 cl=groovy.lang.GroovyClassLoader@7fc4027" daemon [_thread_blocked, id=5012, stack(0x000000001c8c0000,0x000000001c9c0000)]
  0x0000000017c4a000 JavaThread "Thread-4" daemon [_thread_in_native, id=6048, stack(0x000000001ca30000,0x000000001cb30000)]
  0x0000000017c4a800 JavaThread "localhost-startStop-1" daemon [_thread_in_vm, id=1736, stack(0x000000001c520000,0x000000001c620000)]
  0x0000000017c49000 JavaThread "Tomcat-startStop-1" daemon [_thread_blocked, id=2128, stack(0x000000001c420000,0x000000001c520000)]
  0x0000000017c48800 JavaThread "Thread-3" [_thread_in_native, id=1056, stack(0x000000001c320000,0x000000001c420000)]
  0x0000000017c44000 JavaThread "Thread-2" [_thread_blocked, id=3580, stack(0x0000000018470000,0x0000000018570000)]
  0x0000000017ad4800 JavaThread "NonBlockingInputStreamThread" daemon [_thread_blocked, id=3760, stack(0x0000000018370000,0x0000000018470000)]
  0x0000000016e87800 JavaThread "Service Thread" daemon [_thread_blocked, id=6876, stack(0x0000000017690000,0x0000000017790000)]
  0x0000000016dfc000 JavaThread "C1 CompilerThread3" daemon [_thread_blocked, id=1184, stack(0x0000000017590000,0x0000000017690000)]
=>0x0000000016df7800 JavaThread "C2 CompilerThread2" daemon [_thread_in_native, id=5348, stack(0x0000000017490000,0x0000000017590000)]
  0x0000000016df6800 JavaThread "C2 CompilerThread1" daemon [_thread_in_native, id=3500, stack(0x0000000017390000,0x0000000017490000)]
  0x0000000014cbe000 JavaThread "C2 CompilerThread0" daemon [_thread_in_native, id=2672, stack(0x0000000017290000,0x0000000017390000)]
  0x0000000016cc1000 JavaThread "Attach Listener" daemon [_thread_blocked, id=3700, stack(0x0000000017190000,0x0000000017290000)]
  0x0000000016cbf800 JavaThread "Signal Dispatcher" daemon [_thread_blocked, id=6584, stack(0x0000000017090000,0x0000000017190000)]
  0x0000000014cac000 JavaThread "Finalizer" daemon [_thread_blocked, id=3856, stack(0x0000000016b90000,0x0000000016c90000)]
  0x0000000014caa800 JavaThread "Reference Handler" daemon [_thread_blocked, id=1568, stack(0x0000000016a90000,0x0000000016b90000)]
  0x00000000028f5000 JavaThread "main" [_thread_blocked, id=5544, stack(0x0000000002650000,0x0000000002750000)]

Other Threads:
  0x0000000014ca6800 VMThread [stack: 0x0000000016990000,0x0000000016a90000] [id=3560]
  0x0000000016fa3000 WatcherThread [stack: 0x0000000017790000,0x0000000017890000] [id=3784]

VM state:not at safepoint (normal execution)

VM Mutex/Monitor currently owned by a thread: None

Heap:
 PSYoungGen      total 185856K, used 167474K [0x00000000f0000000, 0x0000000100000000, 0x0000000100000000)
  eden space 123904K, 85% used [0x00000000f0000000,0x00000000f6755840,0x00000000f7900000)
  from space 61952K, 99% used [0x00000000f7900000,0x00000000fb537098,0x00000000fb580000)
  to   space 76288K, 0% used [0x00000000fb580000,0x00000000fb580000,0x0000000100000000)
 ParOldGen       total 113664K, used 103519K [0x00000000d0000000, 0x00000000d6f00000, 0x00000000f0000000)
  object space 113664K, 91% used [0x00000000d0000000,0x00000000d6517fb0,0x00000000d6f00000)
 Metaspace       used 73257K, capacity 75454K, committed 75520K, reserved 1116160K
  class space    used 7183K, capacity 7903K, committed 7936K, reserved 1048576K

Card table byte_map: [0x0000000011eb0000,0x0000000012040000] byte_map_base: 0x0000000011830000

Marking Bits: (ParMarkBitMap*) 0x000000006c3112b0
 Begin Bits: [0x0000000012940000, 0x0000000013540000)
 End Bits:   [0x0000000013540000, 0x0000000014140000)

Polling page: 0x0000000000ce0000

CodeCache: size=245760Kb used=21405Kb max_used=23863Kb free=224354Kb
 bounds [0x0000000002af0000, 0x0000000004250000, 0x0000000011af0000]
 total_blobs=6418 nmethods=5674 adapters=653
 compilation: enabled

Compilation events (10 events):
Event: 18.199 Thread 0x0000000016dfc000 6729       2       groovyjarjarasm.asm.ClassWriter::a (77 bytes)
Event: 18.199 Thread 0x0000000016dfc000 nmethod 6729 0x0000000002c8b410 code [0x0000000002c8b5e0, 0x0000000002c8b958]
Event: 18.200 Thread 0x0000000016dfc000 6730   !   2       sun.net.www.protocol.jar.JarFileFactory::get (216 bytes)
Event: 18.200 Thread 0x0000000016df7800 nmethod 6632% 0x0000000003306810 code [0x0000000003306ae0, 0x00000000033090c8]
Event: 18.201 Thread 0x0000000016df7800 6724       4       groovy.lang.MetaClassImpl::findPropertyMethod (356 bytes)
Event: 18.202 Thread 0x0000000016dfc000 nmethod 6730 0x00000000033a8610 code [0x00000000033a8920, 0x00000000033a9898]
Event: 18.211 Thread 0x0000000016dfc000 6731       3       sun.misc.URLClassPath$1::nextElement (5 bytes)
Event: 18.212 Thread 0x0000000016dfc000 nmethod 6731 0x0000000003179390 code [0x0000000003179520, 0x00000000031797f8]
Event: 18.213 Thread 0x0000000016dfc000 6732       3       sun.misc.URLClassPath$1::nextElement (27 bytes)
Event: 18.213 Thread 0x0000000016dfc000 nmethod 6732 0x0000000002cdcb90 code [0x0000000002cdcd00, 0x0000000002cdcf78]

GC Heap History (10 events):
Event: 15.189 GC heap before
{Heap before GC invocations=65 (full 6):
 PSYoungGen      total 207872K, used 198733K [0x00000000f0000000, 0x0000000100000000, 0x0000000100000000)
  eden space 160768K, 100% used [0x00000000f0000000,0x00000000f9d00000,0x00000000f9d00000)
  from space 47104K, 80% used [0x00000000fcf00000,0x00000000ff413668,0x00000000ffd00000)
  to   space 50688K, 0% used [0x00000000f9d00000,0x00000000f9d00000,0x00000000fce80000)
 ParOldGen       total 113664K, used 96118K [0x00000000d0000000, 0x00000000d6f00000, 0x00000000f0000000)
  object space 113664K, 84% used [0x00000000d0000000,0x00000000d5dddbe0,0x00000000d6f00000)
 Metaspace       used 65512K, capacity 66922K, committed 67072K, reserved 1110016K
  class space    used 6425K, capacity 6908K, committed 6912K, reserved 1048576K
Event: 15.211 GC heap after
Heap after GC invocations=65 (full 6):
 PSYoungGen      total 200192K, used 38991K [0x00000000f0000000, 0x0000000100000000, 0x0000000100000000)
  eden space 160768K, 0% used [0x00000000f0000000,0x00000000f0000000,0x00000000f9d00000)
  from space 39424K, 98% used [0x00000000f9d00000,0x00000000fc313ce0,0x00000000fc380000)
  to   space 53760K, 0% used [0x00000000fcb80000,0x00000000fcb80000,0x0000000100000000)
 ParOldGen       total 113664K, used 98686K [0x00000000d0000000, 0x00000000d6f00000, 0x00000000f0000000)
  object space 113664K, 86% used [0x00000000d0000000,0x00000000d605fbe0,0x00000000d6f00000)
 Metaspace       used 65512K, capacity 66922K, committed 67072K, reserved 1110016K
  class space    used 6425K, capacity 6908K, committed 6912K, reserved 1048576K
}
Event: 15.926 GC heap before
{Heap before GC invocations=66 (full 6):
 PSYoungGen      total 200192K, used 198635K [0x00000000f0000000, 0x0000000100000000, 0x0000000100000000)
  eden space 160768K, 99% used [0x00000000f0000000,0x00000000f9be70b0,0x00000000f9d00000)
  from space 39424K, 98% used [0x00000000f9d00000,0x00000000fc313ce0,0x00000000fc380000)
  to   space 53760K, 0% used [0x00000000fcb80000,0x00000000fcb80000,0x0000000100000000)
 ParOldGen       total 113664K, used 98686K [0x00000000d0000000, 0x00000000d6f00000, 0x00000000f0000000)
  object space 113664K, 86% used [0x00000000d0000000,0x00000000d605fbe0,0x00000000d6f00000)
 Metaspace       used 66397K, capacity 67908K, committed 68224K, reserved 1110016K
  class space    used 6506K, capacity 6982K, committed 7040K, reserved 1048576K
Event: 15.943 GC heap after
Heap after GC invocations=66 (full 6):
 PSYoungGen      total 201216K, used 42051K [0x00000000f0000000, 0x0000000100000000, 0x0000000100000000)
  eden space 147456K, 0% used [0x00000000f0000000,0x00000000f0000000,0x00000000f9000000)
  from space 53760K, 78% used [0x00000000fcb80000,0x00000000ff490fb8,0x0000000100000000)
  to   space 57344K, 0% used [0x00000000f9000000,0x00000000f9000000,0x00000000fc800000)
 ParOldGen       total 113664K, used 101522K [0x00000000d0000000, 0x00000000d6f00000, 0x00000000f0000000)
  object space 113664K, 89% used [0x00000000d0000000,0x00000000d63248c8,0x00000000d6f00000)
 Metaspace       used 66397K, capacity 67908K, committed 68224K, reserved 1110016K
  class space    used 6506K, capacity 6982K, committed 7040K, reserved 1048576K
}
Event: 16.449 GC heap before
{Heap before GC invocations=67 (full 6):
 PSYoungGen      total 201216K, used 189507K [0x00000000f0000000, 0x0000000100000000, 0x0000000100000000)
  eden space 147456K, 100% used [0x00000000f0000000,0x00000000f9000000,0x00000000f9000000)
  from space 53760K, 78% used [0x00000000fcb80000,0x00000000ff490fb8,0x0000000100000000)
  to   space 57344K, 0% used [0x00000000f9000000,0x00000000f9000000,0x00000000fc800000)
 ParOldGen       total 113664K, used 101522K [0x00000000d0000000, 0x00000000d6f00000, 0x00000000f0000000)
  object space 113664K, 89% used [0x00000000d0000000,0x00000000d63248c8,0x00000000d6f00000)
 Metaspace       used 67921K, capacity 69398K, committed 69760K, reserved 1112064K
  class space    used 6711K, capacity 7177K, committed 7296K, reserved 1048576K
Event: 16.468 GC heap after
Heap after GC invocations=67 (full 6):
 PSYoungGen      total 196608K, used 48892K [0x00000000f0000000, 0x0000000100000000, 0x0000000100000000)
  eden space 147456K, 0% used [0x00000000f0000000,0x00000000f0000000,0x00000000f9000000)
  from space 49152K, 99% used [0x00000000f9000000,0x00000000fbfbf1b8,0x00000000fc000000)
  to   space 62464K, 0% used [0x00000000fc300000,0x00000000fc300000,0x0000000100000000)
 ParOldGen       total 113664K, used 102537K [0x00000000d0000000, 0x00000000d6f00000, 0x00000000f0000000)
  object space 113664K, 90% used [0x00000000d0000000,0x00000000d6422740,0x00000000d6f00000)
 Metaspace       used 67921K, capacity 69398K, committed 69760K, reserved 1112064K
  class space    used 6711K, capacity 7177K, committed 7296K, reserved 1048576K
}
Event: 17.268 GC heap before
{Heap before GC invocations=68 (full 6):
 PSYoungGen      total 196608K, used 196348K [0x00000000f0000000, 0x0000000100000000, 0x0000000100000000)
  eden space 147456K, 100% used [0x00000000f0000000,0x00000000f9000000,0x00000000f9000000)
  from space 49152K, 99% used [0x00000000f9000000,0x00000000fbfbf1b8,0x00000000fc000000)
  to   space 62464K, 0% used [0x00000000fc300000,0x00000000fc300000,0x0000000100000000)
 ParOldGen       total 113664K, used 102537K [0x00000000d0000000, 0x00000000d6f00000, 0x00000000f0000000)
  object space 113664K, 90% used [0x00000000d0000000,0x00000000d6422740,0x00000000d6f00000)
 Metaspace       used 69649K, capacity 71256K, committed 71424K, reserved 1114112K
  class space    used 6832K, capacity 7314K, committed 7424K, reserved 1048576K
Event: 17.290 GC heap after
Heap after GC invocations=68 (full 6):
 PSYoungGen      total 186368K, used 55835K [0x00000000f0000000, 0x0000000100000000, 0x0000000100000000)
  eden space 123904K, 0% used [0x00000000f0000000,0x00000000f0000000,0x00000000f7900000)
  from space 62464K, 89% used [0x00000000fc300000,0x00000000ff986c30,0x0000000100000000)
  to   space 69120K, 0% used [0x00000000f7900000,0x00000000f7900000,0x00000000fbc80000)
 ParOldGen       total 113664K, used 103292K [0x00000000d0000000, 0x00000000d6f00000, 0x00000000f0000000)
  object space 113664K, 90% used [0x00000000d0000000,0x00000000d64df078,0x00000000d6f00000)
 Metaspace       used 69649K, capacity 71256K, committed 71424K, reserved 1114112K
  class space    used 6832K, capacity 7314K, committed 7424K, reserved 1048576K
}
Event: 17.667 GC heap before
{Heap before GC invocations=69 (full 6):
 PSYoungGen      total 186368K, used 179739K [0x00000000f0000000, 0x0000000100000000, 0x0000000100000000)
  eden space 123904K, 100% used [0x00000000f0000000,0x00000000f7900000,0x00000000f7900000)
  from space 62464K, 89% used [0x00000000fc300000,0x00000000ff986c30,0x0000000100000000)
  to   space 69120K, 0% used [0x00000000f7900000,0x00000000f7900000,0x00000000fbc80000)
 ParOldGen       total 113664K, used 103292K [0x00000000d0000000, 0x00000000d6f00000, 0x00000000f0000000)
  object space 113664K, 90% used [0x00000000d0000000,0x00000000d64df078,0x00000000d6f00000)
 Metaspace       used 71098K, capacity 72764K, committed 72832K, reserved 1114112K
  class space    used 6956K, capacity 7497K, committed 7552K, reserved 1048576K
Event: 17.703 GC heap after
Heap after GC invocations=69 (full 6):
 PSYoungGen      total 185856K, used 61660K [0x00000000f0000000, 0x0000000100000000, 0x0000000100000000)
  eden space 123904K, 0% used [0x00000000f0000000,0x00000000f0000000,0x00000000f7900000)
  from space 61952K, 99% used [0x00000000f7900000,0x00000000fb537098,0x00000000fb580000)
  to   space 76288K, 0% used [0x00000000fb580000,0x00000000fb580000,0x0000000100000000)
 ParOldGen       total 113664K, used 103519K [0x00000000d0000000, 0x00000000d6f00000, 0x00000000f0000000)
  object space 113664K, 91% used [0x00000000d0000000,0x00000000d6517fb0,0x00000000d6f00000)
 Metaspace       used 71098K, capacity 72764K, committed 72832K, reserved 1114112K
  class space    used 6956K, capacity 7497K, committed 7552K, reserved 1048576K
}

Deoptimization events (10 events):
Event: 17.604 Thread 0x0000000017c4a800 Uncommon trap: reason=unreached action=reinterpret pc=0x000000000422c438 method=groovy.lang.ExpandoMetaClass.hasOverrideGetProperty(Ljava/lang/String;)Z @ 4
Event: 17.610 Thread 0x0000000017c4a800 Uncommon trap: reason=null_check action=make_not_entrant pc=0x0000000004230a70 method=org.springsource.loaded.ri.ReloadableTypeMethodProvider.getMethod(Ljava/lang/String;[Ljava/lang/Class;)Lorg/springsource/loaded/ri/Invoker; @ 28
Event: 17.611 Thread 0x0000000017c4a800 Uncommon trap: reason=unreached action=reinterpret pc=0x00000000041dc010 method=org.codehaus.groovy.runtime.callsite.PogoMetaMethodSite.checkCall(Ljava/lang/Object;[Ljava/lang/Object;)Z @ 19
Event: 17.617 Thread 0x0000000017c4a800 Uncommon trap: reason=unreached action=reinterpret pc=0x00000000041b0ba8 method=org.codehaus.groovy.runtime.callsite.PogoMetaMethodSite.checkCall(Ljava/lang/Object;[Ljava/lang/Object;)Z @ 19
Event: 17.826 Thread 0x0000000017c4a800 Uncommon trap: reason=class_check action=maybe_recompile pc=0x0000000003193cd4 method=groovy.lang.MetaClassImpl.isGenericGetMethod(Lgroovy/lang/MetaMethod;)Z @ 14
Event: 17.826 Thread 0x0000000017c4a800 Uncommon trap: reason=class_check action=maybe_recompile pc=0x0000000003193d00 method=org.codehaus.groovy.runtime.MetaClassHelper.isGenericSetMethod(Lgroovy/lang/MetaMethod;)Z @ 14
Event: 17.827 Thread 0x0000000017c4a800 Uncommon trap: reason=class_check action=maybe_recompile pc=0x0000000003193cd4 method=groovy.lang.MetaClassImpl.isGenericGetMethod(Lgroovy/lang/MetaMethod;)Z @ 14
Event: 17.827 Thread 0x0000000017c4a800 Uncommon trap: reason=class_check action=maybe_recompile pc=0x000000000341955c method=org.codehaus.groovy.runtime.MetaClassHelper.isGenericSetMethod(Lgroovy/lang/MetaMethod;)Z @ 14
Event: 17.852 Thread 0x0000000017c4a800 Uncommon trap: reason=bimorphic action=maybe_recompile pc=0x000000000367ee7c method=java.util.regex.Pattern$Branch.match(Ljava/util/regex/Matcher;ILjava/lang/CharSequence;)Z @ 32
Event: 17.906 Thread 0x0000000017c4a800 Uncommon trap: reason=unreached action=reinterpret pc=0x00000000041456b8 method=org.codehaus.groovy.runtime.MetaClassHelper.sameClasses([Ljava/lang/Class;[Ljava/lang/Object;)Z @ 29

Internal exceptions (10 events):
Event: 18.209 Thread 0x0000000017c4a800 Exception <a 'java/security/PrivilegedActionException'> (0x00000000f639c120) thrown at [C:\re\workspace\8-2-build-windows-amd64-cygwin\jdk8u11\648\hotspot\src\share\vm\prims\jvm.cpp, line 1248]
Event: 18.209 Thread 0x0000000017c4a800 Exception <a 'java/security/PrivilegedActionException'> (0x00000000f63a17f0) thrown at [C:\re\workspace\8-2-build-windows-amd64-cygwin\jdk8u11\648\hotspot\src\share\vm\prims\jvm.cpp, line 1248]
Event: 18.209 Thread 0x0000000017c4a800 Exception <a 'java/security/PrivilegedActionException'> (0x00000000f63b51a0) thrown at [C:\re\workspace\8-2-build-windows-amd64-cygwin\jdk8u11\648\hotspot\src\share\vm\prims\jvm.cpp, line 1248]
Event: 18.209 Thread 0x0000000017c4a800 Exception <a 'java/security/PrivilegedActionException'> (0x00000000f63cda20) thrown at [C:\re\workspace\8-2-build-windows-amd64-cygwin\jdk8u11\648\hotspot\src\share\vm\prims\jvm.cpp, line 1248]
Event: 18.209 Thread 0x0000000017c4a800 Exception <a 'java/security/PrivilegedActionException'> (0x00000000f63d30f0) thrown at [C:\re\workspace\8-2-build-windows-amd64-cygwin\jdk8u11\648\hotspot\src\share\vm\prims\jvm.cpp, line 1248]
Event: 18.210 Thread 0x0000000017c4a800 Exception <a 'java/security/PrivilegedActionException'> (0x00000000f63e6aa0) thrown at [C:\re\workspace\8-2-build-windows-amd64-cygwin\jdk8u11\648\hotspot\src\share\vm\prims\jvm.cpp, line 1248]
Event: 18.210 Thread 0x0000000017c4a800 Exception <a 'java/security/PrivilegedActionException'> (0x00000000f6411670) thrown at [C:\re\workspace\8-2-build-windows-amd64-cygwin\jdk8u11\648\hotspot\src\share\vm\prims\jvm.cpp, line 1248]
Event: 18.210 Thread 0x0000000017c4a800 Exception <a 'java/lang/ClassNotFoundException': org/grails/plugin/resource/CSSPreprocessorResourceMapper$_map_closure1Customizer> (0x00000000f6412f20) thrown at [C:\re\workspace\8-2-build-windows-amd64-cygwin\jdk8u11\648\hotspot\src\share\vm\classfile\sys7WLÂ62@
Event: 18.214 Thread 0x0000000017c4a800 Exception <a 'java/security/PrivilegedActionException'> (0x00000000f649bfc0) thrown at [C:\re\workspace\8-2-build-windows-amd64-cygwin\jdk8u11\648\hotspot\src\share\vm\prims\jvm.cpp, line 1248]
Event: 18.221 Thread 0x0000000017c4a800 Exception <a 'java/security/PrivilegedActionException'> (0x00000000f64a9470) thrown at [C:\re\workspace\8-2-build-windows-amd64-cygwin\jdk8u11\648\hotspot\src\share\vm\prims\jvm.cpp, line 1248]

Events (10 events):
Event: 18.209 loading class org/grails/plugin/resource/CSSPreprocessorResourceMapper$_map_closure1Customizer
Event: 18.209 loading class org/grails/plugin/resource/CSSPreprocessorResourceMapper$_map_closure1Customizer done
Event: 18.209 loading class org/grails/plugin/resource/CSSPreprocessorResourceMapper$_map_closure1Customizer
Event: 18.209 loading class org/grails/plugin/resource/CSSPreprocessorResourceMapper$_map_closure1Customizer done
Event: 18.210 loading class org/grails/plugin/resource/CSSPreprocessorResourceMapper$_map_closure1Customizer
Event: 18.210 loading class org/grails/plugin/resource/CSSPreprocessorResourceMapper$_map_closure1Customizer done
Event: 18.214 loading class org/codehaus/groovy/runtime/dgm$823
Event: 18.214 loading class org/codehaus/groovy/runtime/dgm$823 done
Event: 18.221 loading class org/codehaus/groovy/runtime/dgm$788
Event: 18.221 loading class org/codehaus/groovy/runtime/dgm$788 done


Dynamic libraries:
0x00007ff6386f0000 - 0x00007ff638724000 	C:\Program Files\Java\jdk1.8.0_11\bin\java.exe
0x00007ff8a1d20000 - 0x00007ff8a1eca000 	C:\Windows\SYSTEM32\ntdll.dll
0x00007ff89f710000 - 0x00007ff89f84a000 	C:\Windows\system32\KERNEL32.DLL
0x00007ff89f1b0000 - 0x00007ff89f2bf000 	C:\Windows\system32\KERNELBASE.dll
0x00007ff89cad0000 - 0x00007ff89cb58000 	C:\Windows\system32\apphelp.dll
0x00007ff89d8e0000 - 0x00007ff89d92f000 	C:\Windows\AppPatch\AppPatch64\AcGenral.DLL
0x00007ff89fc50000 - 0x00007ff89fcf7000 	C:\Windows\system32\msvcrt.dll
0x00007ff89ef40000 - 0x00007ff89ef6b000 	C:\Windows\SYSTEM32\SspiCli.dll
0x00007ff8a0150000 - 0x00007ff8a01a1000 	C:\Windows\system32\SHLWAPI.dll
0x00007ff89f850000 - 0x00007ff89f9c1000 	C:\Windows\system32\USER32.dll
0x00007ff89fa30000 - 0x00007ff89fba8000 	C:\Windows\system32\ole32.dll
0x00007ff8a0900000 - 0x00007ff8a1d20000 	C:\Windows\system32\SHELL32.dll
0x00007ff89e700000 - 0x00007ff89e71e000 	C:\Windows\SYSTEM32\USERENV.dll
0x00007ff8a0850000 - 0x00007ff8a08f5000 	C:\Windows\system32\ADVAPI32.dll
0x00007ff8985f0000 - 0x00007ff89860b000 	C:\Windows\SYSTEM32\MPR.dll
0x00007ff8a05c0000 - 0x00007ff8a06f7000 	C:\Windows\system32\RPCRT4.dll
0x00007ff89fbb0000 - 0x00007ff89fc07000 	C:\Windows\SYSTEM32\sechost.dll
0x00007ff8a01b0000 - 0x00007ff8a0386000 	C:\Windows\SYSTEM32\combase.dll
0x00007ff8a0700000 - 0x00007ff8a0844000 	C:\Windows\system32\GDI32.dll
0x00007ff89f090000 - 0x00007ff89f0a4000 	C:\Windows\SYSTEM32\profapi.dll
0x00007ff89dc90000 - 0x00007ff89dd2f000 	C:\Windows\SYSTEM32\SHCORE.dll
0x00007ff8a0390000 - 0x00007ff8a03c4000 	C:\Windows\system32\IMM32.DLL
0x00007ff89fd00000 - 0x00007ff89fe39000 	C:\Windows\system32\MSCTF.dll
0x00007ff89d5d0000 - 0x00007ff89d82a000 	C:\Windows\WinSxS\amd64_microsoft.windows.common-controls_6595b64144ccf1df_6.0.9600.17031_none_6242a4b3ecbb55a1\COMCTL32.dll
0x000000006ba80000 - 0x000000006bb52000 	C:\Program Files\Java\jdk1.8.0_11\jre\bin\msvcr100.dll
0x000000006bb60000 - 0x000000006c38a000 	C:\Program Files\Java\jdk1.8.0_11\jre\bin\server\jvm.dll
0x00007ff897790000 - 0x00007ff897799000 	C:\Windows\SYSTEM32\WSOCK32.dll
0x00007ff89d830000 - 0x00007ff89d84f000 	C:\Windows\SYSTEM32\WINMM.dll
0x00007ff8a03d0000 - 0x00007ff8a03d7000 	C:\Windows\system32\PSAPI.DLL
0x00007ff89f6b0000 - 0x00007ff89f708000 	C:\Windows\system32\WS2_32.dll
0x00007ff89d570000 - 0x00007ff89d59a000 	C:\Windows\SYSTEM32\WINMMBASE.dll
0x00007ff89fc10000 - 0x00007ff89fc19000 	C:\Windows\system32\NSI.dll
0x00007ff89f2c0000 - 0x00007ff89f30a000 	C:\Windows\SYSTEM32\cfgmgr32.dll
0x00007ff89df20000 - 0x00007ff89df46000 	C:\Windows\SYSTEM32\DEVOBJ.dll
0x000000006c3d0000 - 0x000000006c3df000 	C:\Program Files\Java\jdk1.8.0_11\jre\bin\verify.dll
0x000000006ba10000 - 0x000000006ba38000 	C:\Program Files\Java\jdk1.8.0_11\jre\bin\java.dll
0x000000006b6e0000 - 0x000000006b703000 	C:\Program Files\Java\jdk1.8.0_11\jre\bin\instrument.dll
0x000000006b9f0000 - 0x000000006ba06000 	C:\Program Files\Java\jdk1.8.0_11\jre\bin\zip.dll
0x00007ff89e9d0000 - 0x00007ff89e9ee000 	C:\Windows\SYSTEM32\CRYPTSP.dll
0x00007ff89e5f0000 - 0x00007ff89e625000 	C:\Windows\system32\rsaenh.dll
0x00007ff89ec50000 - 0x00007ff89ec76000 	C:\Windows\SYSTEM32\bcrypt.dll
0x00007ff89ef70000 - 0x00007ff89efd0000 	C:\Windows\system32\bcryptprimitives.dll
0x00007ff89efd0000 - 0x00007ff89efda000 	C:\Windows\SYSTEM32\CRYPTBASE.dll
0x000000006b9d0000 - 0x000000006b9ea000 	C:\Program Files\Java\jdk1.8.0_11\jre\bin\net.dll
0x00007ff89e950000 - 0x00007ff89e9a8000 	C:\Windows\system32\mswsock.dll
0x00007ff899310000 - 0x00007ff899339000 	C:\Windows\SYSTEM32\IPHLPAPI.DLL
0x00007ff8992e0000 - 0x00007ff8992ea000 	C:\Windows\SYSTEM32\WINNSI.DLL
0x00007ff8991b0000 - 0x00007ff8991c4000 	C:\Windows\SYSTEM32\dhcpcsvc6.DLL
0x00007ff899130000 - 0x00007ff899149000 	C:\Windows\SYSTEM32\dhcpcsvc.DLL
0x000000006b9b0000 - 0x000000006b9c1000 	C:\Program Files\Java\jdk1.8.0_11\jre\bin\nio.dll
0x00007ff89d8a0000 - 0x00007ff89d8aa000 	C:\Users\kegara\AppData\Local\Temp\jansi-64-7534414585469883191.dll
0x000000006c3c0000 - 0x000000006c3cd000 	C:\Program Files\Java\jdk1.8.0_11\jre\bin\management.dll
0x00007ff896330000 - 0x00007ff896344000 	C:\Windows\system32\napinsp.dll
0x00007ff8962d0000 - 0x00007ff8962e9000 	C:\Windows\system32\pnrpnsp.dll
0x00007ff89a220000 - 0x00007ff89a239000 	C:\Windows\system32\NLAapi.dll
0x00007ff89e760000 - 0x00007ff89e803000 	C:\Windows\SYSTEM32\DNSAPI.dll
0x00007ff896260000 - 0x00007ff89626c000 	C:\Windows\System32\winrnr.dll
0x00007ff896fb0000 - 0x00007ff896fb9000 	C:\Windows\System32\rasadhlp.dll
0x00007ff899070000 - 0x00007ff8990d8000 	C:\Windows\System32\fwpuclnt.dll
0x00007ff8965a0000 - 0x00007ff896728000 	C:\Windows\SYSTEM32\dbghelp.dll

VM Arguments:
jvm_args: -Dfile.encoding=UTF-8 -Xmx768M -Xms64M -Dgrails.fork.parent.process.port=13935 -Dgrails.fork.active=true -Dgrails.build.execution.context=C:\Users\kegara\AppData\Local\Temp\GymApp5573891548872083573grails-execution-context -Dgrails.home=C:\Users\kegara\Documents\grails-2.3.11\grails-2.3.11 -javaagent:C:\Users\kegara\Documents\grails-2.3.11\grails-2.3.11\lib\org.springframework\springloaded\jars\springloaded-1.2.0.RELEASE.jar -Xverify:none -Dspringloaded.synchronize=true -Djdk.reflect.allowGetCallerClass=true -Dspringloaded=profile=grails;cacheDir=C:\Users\kegara/.grails/2.3.11/ 
java_command: org.grails.plugins.tomcat.fork.ForkedTomcatServer
java_class_path (initial): C:\Program Files\Java\jdk1.8.0_11\lib\tools.jar;C:\Users\kegara\Documents\grails-2.3.11\grails-2.3.11\lib\org.codehaus.groovy\groovy-all\jars\groovy-all-2.1.9.jar;C:\Users\kegara\Documents\grails-2.3.11\grails-2.3.11\lib\org.slf4j\jcl-over-slf4j\jars\jcl-over-slf4j-1.7.5.jar;C:\Users\kegara\Documents\grails-2.3.11\grails-2.3.11\lib\org.codehaus.gant\gant_groovy1.8\jars\gant_groovy1.8-1.9.6.jar;C:\Users\kegara\Documents\grails-2.3.11\grails-2.3.11\lib\org.apache.tomcat.embed\tomcat-embed-logging-log4j\jars\tomcat-embed-logging-log4j-7.0.50.jar;C:\Users\kegara\Documents\grails-2.3.11\grails-2.3.11\dist\grails-plugin-log4j-2.3.11.jar;C:\Users\kegara\Documents\grails-2.3.11\grails-2.3.11\lib\log4j\log4j\jars\log4j-1.2.17.jar;C:\Users\kegara\Documents\grails-2.3.11\grails-2.3.11\dist\grails-bootstrap-2.3.11.jar;C:\Users\kegara\Documents\grails-2.3.11\grails-2.3.11\lib\org.slf4j\slf4j-api\jars\slf4j-api-1.7.5.jar;C:\Users\kegara\Documents\grails-2.3.11\grails-2.3.11\lib\jline\jline\jars\jline-2.12.jar;C:\Users\kegara\Documents\grails-2.3.11\grails-2.3.11\lib\org.apache.ant\ant\jars\ant-1.8.4.jar;C:\Users\kegara\Documents\grails-2.3.11\grails-2.3.11\lib\org.apache.ant\ant-launcher\jars\ant-launcher-1.8.4.jar;C:\Users\kegara\Documents\grails-2.3.11\grails-2.3.11\lib\org.apache.ant\ant-trax\jars\ant-trax-1.7.1.jar;C:\Users\kegara\Documents\grails-2.3.11\grails-2.3.11\lib\org.apache.ant\ant-junit\jars\ant-junit-1.8.4.jar;C:\Users\kegara\Documents\grails-2.3.11\grails-2.3.11\lib\org.apache.ivy\ivy\jars\ivy-2.3.0.jar;C:\Users\kegara\Documents\grails-2.3.11\grails-2.3.11\lib\org.fusesource.jansi\jansi\jars\jansi-1.11.jar;C:\Users\kegara\.m2\repository\org\eclipse\jdt\core\compiler\ecj\3.7.2\ecj-3.7.2.jar;C:\Users\kegara\Documents\Netbeans Projects\GymApp\target\work\plugins\tomcat-7.0.54\grails-plugin-tomcat-7.0.54.jar;C:\Users\kegara\.m2\repository\org\apache\tomcat\embed\tomcat-embed-websocket\7.0.53\tomcat-embed-websocket-7.0.53.jar;C:\Users\kegar
Launcher Type: SUN_STANDARD

Environment Variables:
JAVA_HOME=C:\Program Files\Java\jdk1.8.0_11
PATH=C:\ProgramData\Oracle\Java\javapath;C:\Program Files (x86)\Intel\iCLS Client\;C:\Program Files\Intel\iCLS Client\;C:\Windows\system32;C:\Windows;C:\Windows\System32\Wbem;C:\Windows\System32\WindowsPowerShell\v1.0\;C:\Python34\;C:\Python34\Scripts;C:\Program Files\R\R-3.1.1\bin\x64;C:\Program Files\Java\jdk1.8.0_11\bin;C:\Program Files\Intel\Intel(R) Management Engine Components\DAL;C:\Program Files\Intel\Intel(R) Management Engine Components\IPT;C:\Program Files (x86)\Intel\Intel(R) Management Engine Components\DAL;C:\Program Files (x86)\Intel\Intel(R) Management Engine Components\IPT;C:\Program Files\Common Files\Autodesk Shared\;C:\Program Files (x86)\Autodesk\Backburner\;C:\Program Files (x86)\Windows Kits\8.1\Windows Performance Toolkit\;C:\Program Files\Microsoft SQL Server\110\Tools\Binn\;C:\Program Files (x86)\Microsoft SDKs\TypeScript\1.0\;C:\Program Files (x86)\QuickTime\QTSystem\;C:\Program Files\jEdit;C:\Program Files (x86)\Rational\common;C:\Program Files\MiKTeX 2.9\miktex\bin\x64\;C:\Program Files\MATLAB(Campus)\R2014a\bin;C:\Program Files\MATLAB\R2014a\bin;c:\Program Files (x86)\Microsoft SQL Server\100\Tools\Binn\;c:\Program Files\Microsoft SQL Server\100\Tools\Binn\;c:\Program Files\Microsoft SQL Server\100\DTS\Binn\;M:\SOIProfile\My Documents\Groovy\Groovy-2.3.6\bin;C:\Users\kegara\Documents\grails-2.3.11\grails-2.3.11\bin
USERNAME=kegara
OS=Windows_NT
PROCESSOR_IDENTIFIER=Intel64 Family 6 Model 62 Stepping 4, GenuineIntel



---------------  S Y S T E M  ---------------

OS: Windows 8.1 , 64 bit Build 9600 

CPU:total 8 (4 cores per cpu, 2 threads per core) family 6 model 62 stepping 4, cmov, cx8, fxsr, mmx, sse, sse2, sse3, ssse3, sse4.1, sse4.2, popcnt, avx, aes, clmul, erms, ht, tsc, tscinvbit

Memory: 4k page, physical 16699200k(11508608k free), swap 19189568k(13284332k free)

vm_info: Java HotSpot(TM) 64-Bit Server VM (25.11-b03) for windows-amd64 JRE (1.8.0_11-b12), built on Jun 16 2014 20:57:32 by "java_re" with MS VC++ 10.0 (VS2010)

time: Sat Jan 17 00:44:02 2015
elapsed time: 18 seconds

